      :-) GROMACS - gmx mdrun, 2022.5-plumed_2.9.0 (double precision) (-:

Copyright 1991-2022 The GROMACS Authors.
GROMACS is free software; you can redistribute it and/or modify it
under the terms of the GNU Lesser General Public License
as published by the Free Software Foundation; either version 2.1
of the License, or (at your option) any later version.

                         Current GROMACS contributors:
       Mark Abraham           Andrey Alekseenko           Cathrine Bergh      
      Christian Blau            Eliane Briand               Kevin Boyd        
     Oliver Fleetwood         Stefan Fleischmann           Vytas Gapsys       
       Gaurav Garg           Gilles Gouaillardet            Alan Gray         
      Victor Holanda           M. Eric Irrgang              Joe Jordan        
    Christoph Junghans        Prashanth Kanduri           Sebastian Kehl      
     Sebastian Keller          Carsten Kutzner           Magnus Lundborg      
       Pascal Merz              Dmitry Morozov             Szilard Pall       
      Roland Schulz             Michael Shirts         David van der Spoel    
     Alessandra Villa      Sebastian Wingbermuehle        Artem Zhmurov       

                         Previous GROMACS contributors:
        Emile Apol             Rossen Apostolov           James Barnett       
  Herman J.C. Berendsen          Par Bjelkmar           Viacheslav Bolnykh    
    Aldert van Buuren          Carlo Camilloni           Rudi van Drunen      
      Anton Feenstra           Gerrit Groenhof            Bert de Groot       
      Anca Hamuraru           Vincent Hindriksen         Aleksei Iupinov      
   Dimitrios Karkoulis           Peter Kasson               Jiri Kraus        
       Per Larsson             Justin A. Lemkul           Viveca Lindahl      
      Erik Marklund           Pieter Meulenhoff           Vedran Miletic      
      Teemu Murtola              Sander Pronk            Alexey Shvetsov      
      Alfons Sijbers            Peter Tieleman             Jon Vincent        
     Teemu Virolainen         Christian Wennberg           Maarten Wolf       

                  Coordinated by the GROMACS project leaders:
                    Paul Bauer, Berk Hess, and Erik Lindahl

GROMACS:      gmx mdrun, version 2022.5-plumed_2.9.0 (double precision)
Executable:   /home/zcbtar9/software/gromacs-2022.5-plumed-2.9.0/bin/gmx_mpi_d
Data prefix:  /home/zcbtar9/software/gromacs-2022.5-plumed-2.9.0
Working dir:  /lustre/scratch/zcbtar9/AB42_alone/system/simulations/confirmation23
Process ID:   41565
Command line:
  gmx_mpi_d mdrun -s em_input.tpr -multidir system/simulations/confirmation0 system/simulations/confirmation1 system/simulations/confirmation2 system/simulations/confirmation3 system/simulations/confirmation4 system/simulations/confirmation5 system/simulations/confirmation6 system/simulations/confirmation7 system/simulations/confirmation8 system/simulations/confirmation9 system/simulations/confirmation10 system/simulations/confirmation11 system/simulations/confirmation12 system/simulations/confirmation13 system/simulations/confirmation14 system/simulations/confirmation15 system/simulations/confirmation16 system/simulations/confirmation17 system/simulations/confirmation18 system/simulations/confirmation19 system/simulations/confirmation20 system/simulations/confirmation21 system/simulations/confirmation22 system/simulations/confirmation23 system/simulations/confirmation24 system/simulations/confirmation25 system/simulations/confirmation26 system/simulations/confirmation27 system/simulations/confirmation28 system/simulations/confirmation29 system/simulations/confirmation30 system/simulations/confirmation31 system/simulations/confirmation32 system/simulations/confirmation33 system/simulations/confirmation34 system/simulations/confirmation35 system/simulations/confirmation36 system/simulations/confirmation37 system/simulations/confirmation38 system/simulations/confirmation39 system/simulations/confirmation40 system/simulations/confirmation41 system/simulations/confirmation42 system/simulations/confirmation43 system/simulations/confirmation44 system/simulations/confirmation45 system/simulations/confirmation46 system/simulations/confirmation47 -v -maxh 10 -cpi state -noappend -cpt 60 -cpnum -ntomp 1

GROMACS version:    2022.5-plumed_2.9.0
Precision:          double
Memory model:       64 bit
MPI library:        MPI
OpenMP support:     enabled (GMX_OPENMP_MAX_THREADS = 128)
GPU support:        disabled
SIMD instructions:  AVX_512
CPU FFT library:    fftpack (built-in)
GPU FFT library:    none
RDTSCP usage:       enabled
TNG support:        enabled
Hwloc support:      disabled
Tracing support:    disabled
C compiler:         /shared/ucl/apps/gcc/10.2.0-p95889/bin/gcc GNU 10.2.0
C compiler flags:   -mavx512f -mfma -mavx512vl -mavx512dq -mavx512bw -Wno-missing-field-initializers -fexcess-precision=fast -funroll-all-loops -pthread -O3 -DNDEBUG
C++ compiler:       /shared/ucl/apps/gcc/10.2.0-p95889/bin/g++ GNU 10.2.0
C++ compiler flags: -mavx512f -mfma -mavx512vl -mavx512dq -mavx512bw -pthread -Wno-missing-field-initializers -fexcess-precision=fast -funroll-all-loops -pthread -fopenmp -O3 -DNDEBUG


Running on 2 nodes with total 80 cores, 80 processing units
  Cores per node:           40
  Logical processing units per node:   -40 - 40
  OS CPU Limit / recommended threads to start per node:   40
Hardware detected on host node-c11a-133 (the node of MPI rank 23):
  CPU info:
    Vendor: Intel
    Brand:  Intel(R) Xeon(R) Gold 6248 CPU @ 2.50GHz
    Family: 6   Model: 85   Stepping: 7
    Features: aes apic avx avx2 avx512f avx512cd avx512bw avx512vl avx512secondFMA clfsh cmov cx8 cx16 f16c fma hle htt intel lahf mmx msr nonstop_tsc pcid pclmuldq pdcm pdpe1gb popcnt pse rdrnd rdtscp rtm sse2 sse3 sse4.1 sse4.2 ssse3 tdt x2apic
    Number of AVX-512 FMA units: 2
  Hardware topology: Basic
    Packages, cores, and logical processors:
    [indices refer to OS logical processors]
      Package  0: [   0] [   1] [   2] [   3] [   4] [   5] [   6] [   7] [   8] [   9] [  10] [  11] [  12] [  13] [  14] [  15] [  16] [  17] [  18] [  19]
      Package  1: [  20] [  21] [  22] [  23] [  24] [  25] [  26] [  27] [  28] [  29] [  30] [  31] [  32] [  33] [  34] [  35] [  36] [  37] [  38] [  39]
    CPU limit set by OS: -1   Recommended max number of threads: 40


++++ PLEASE READ AND CITE THE FOLLOWING REFERENCE ++++
M. J. Abraham, T. Murtola, R. Schulz, S. Páll, J. C. Smith, B. Hess, E.
Lindahl
GROMACS: High performance molecular simulations through multi-level
parallelism from laptops to supercomputers
SoftwareX 1 (2015) pp. 19-25
-------- -------- --- Thank You --- -------- --------


++++ PLEASE READ AND CITE THE FOLLOWING REFERENCE ++++
S. Páll, M. J. Abraham, C. Kutzner, B. Hess, E. Lindahl
Tackling Exascale Software Challenges in Molecular Dynamics Simulations with
GROMACS
In S. Markidis & E. Laure (Eds.), Solving Software Challenges for Exascale 8759 (2015) pp. 3-27
-------- -------- --- Thank You --- -------- --------


++++ PLEASE READ AND CITE THE FOLLOWING REFERENCE ++++
S. Pronk, S. Páll, R. Schulz, P. Larsson, P. Bjelkmar, R. Apostolov, M. R.
Shirts, J. C. Smith, P. M. Kasson, D. van der Spoel, B. Hess, and E. Lindahl
GROMACS 4.5: a high-throughput and highly parallel open source molecular
simulation toolkit
Bioinformatics 29 (2013) pp. 845-54
-------- -------- --- Thank You --- -------- --------


++++ PLEASE READ AND CITE THE FOLLOWING REFERENCE ++++
B. Hess and C. Kutzner and D. van der Spoel and E. Lindahl
GROMACS 4: Algorithms for highly efficient, load-balanced, and scalable
molecular simulation
J. Chem. Theory Comput. 4 (2008) pp. 435-447
-------- -------- --- Thank You --- -------- --------


++++ PLEASE READ AND CITE THE FOLLOWING REFERENCE ++++
D. van der Spoel, E. Lindahl, B. Hess, G. Groenhof, A. E. Mark and H. J. C.
Berendsen
GROMACS: Fast, Flexible and Free
J. Comp. Chem. 26 (2005) pp. 1701-1719
-------- -------- --- Thank You --- -------- --------


++++ PLEASE READ AND CITE THE FOLLOWING REFERENCE ++++
E. Lindahl and B. Hess and D. van der Spoel
GROMACS 3.0: A package for molecular simulation and trajectory analysis
J. Mol. Mod. 7 (2001) pp. 306-317
-------- -------- --- Thank You --- -------- --------


++++ PLEASE READ AND CITE THE FOLLOWING REFERENCE ++++
H. J. C. Berendsen, D. van der Spoel and R. van Drunen
GROMACS: A message-passing parallel molecular dynamics implementation
Comp. Phys. Comm. 91 (1995) pp. 43-56
-------- -------- --- Thank You --- -------- --------


The number of OpenMP threads was set by environment variable OMP_NUM_THREADS to 1 (and the command-line setting agreed with that)

Input Parameters:
   integrator                     = steep
   tinit                          = 0
   dt                             = 0.002
   nsteps                         = -1
   init-step                      = 0
   simulation-part                = 1
   mts                            = false
   comm-mode                      = Linear
   nstcomm                        = 1
   bd-fric                        = 0
   ld-seed                        = -161784995
   emtol                          = 1000
   emstep                         = 0.01
   niter                          = 20
   fcstep                         = 0
   nstcgsteep                     = 1000
   nbfgscorr                      = 10
   rtpi                           = 0.05
   nstxout                        = 10
   nstvout                        = 0
   nstfout                        = 0
   nstlog                         = 1000
   nstcalcenergy                  = -1
   nstenergy                      = 1000
   nstxout-compressed             = 1
   compressed-x-precision         = 1000
   cutoff-scheme                  = Verlet
   nstlist                        = 1
   pbc                            = xyz
   periodic-molecules             = false
   verlet-buffer-tolerance        = 0.005
   rlist                          = 1
   coulombtype                    = PME
   coulomb-modifier               = Potential-shift
   rcoulomb-switch                = 0
   rcoulomb                       = 1
   epsilon-r                      = 1
   epsilon-rf                     = 1
   vdw-type                       = Cut-off
   vdw-modifier                   = Potential-shift
   rvdw-switch                    = 0
   rvdw                           = 1
   DispCorr                       = No
   table-extension                = 1
   fourierspacing                 = 0.12
   fourier-nx                     = 72
   fourier-ny                     = 72
   fourier-nz                     = 72
   pme-order                      = 4
   ewald-rtol                     = 1e-05
   ewald-rtol-lj                  = 0.001
   lj-pme-comb-rule               = Geometric
   ewald-geometry                 = 3d
   epsilon-surface                = 0
   tcoupl                         = No
   nsttcouple                     = -1
   nh-chain-length                = 0
   print-nose-hoover-chain-variables = false
   pcoupl                         = No
   pcoupltype                     = Isotropic
   nstpcouple                     = -1
   tau-p                          = 1
   compressibility (3x3):
      compressibility[    0]={ 0.00000e+00,  0.00000e+00,  0.00000e+00}
      compressibility[    1]={ 0.00000e+00,  0.00000e+00,  0.00000e+00}
      compressibility[    2]={ 0.00000e+00,  0.00000e+00,  0.00000e+00}
   ref-p (3x3):
      ref-p[    0]={ 0.00000e+00,  0.00000e+00,  0.00000e+00}
      ref-p[    1]={ 0.00000e+00,  0.00000e+00,  0.00000e+00}
      ref-p[    2]={ 0.00000e+00,  0.00000e+00,  0.00000e+00}
   refcoord-scaling               = No
   posres-com (3):
      posres-com[0]= 0.00000e+00
      posres-com[1]= 0.00000e+00
      posres-com[2]= 0.00000e+00
   posres-comB (3):
      posres-comB[0]= 0.00000e+00
      posres-comB[1]= 0.00000e+00
      posres-comB[2]= 0.00000e+00
   QMMM                           = false
qm-opts:
   ngQM                           = 0
   constraint-algorithm           = Lincs
   continuation                   = false
   Shake-SOR                      = false
   shake-tol                      = 0.0001
   lincs-order                    = 6
   lincs-iter                     = 8
   lincs-warnangle                = 30
   nwall                          = 0
   wall-type                      = 9-3
   wall-r-linpot                  = -1
   wall-atomtype[0]               = -1
   wall-atomtype[1]               = -1
   wall-density[0]                = 0
   wall-density[1]                = 0
   wall-ewald-zfac                = 3
   pull                           = false
   awh                            = false
   rotation                       = false
   interactiveMD                  = false
   disre                          = No
   disre-weighting                = Conservative
   disre-mixed                    = false
   dr-fc                          = 1000
   dr-tau                         = 0
   nstdisreout                    = 100
   orire-fc                       = 0
   orire-tau                      = 0
   nstorireout                    = 100
   free-energy                    = no
   cos-acceleration               = 0
   deform (3x3):
      deform[    0]={ 0.00000e+00,  0.00000e+00,  0.00000e+00}
      deform[    1]={ 0.00000e+00,  0.00000e+00,  0.00000e+00}
      deform[    2]={ 0.00000e+00,  0.00000e+00,  0.00000e+00}
   simulated-tempering            = false
   swapcoords                     = no
   userint1                       = 0
   userint2                       = 0
   userint3                       = 0
   userint4                       = 0
   userreal1                      = 0
   userreal2                      = 0
   userreal3                      = 0
   userreal4                      = 0
   applied-forces:
     electric-field:
       x:
         E0                       = 0
         omega                    = 0
         t0                       = 0
         sigma                    = 0
       y:
         E0                       = 0
         omega                    = 0
         t0                       = 0
         sigma                    = 0
       z:
         E0                       = 0
         omega                    = 0
         t0                       = 0
         sigma                    = 0
     density-guided-simulation:
       active                     = false
       group                      = protein
       similarity-measure         = inner-product
       atom-spreading-weight      = unity
       force-constant             = 1e+09
       gaussian-transform-spreading-width = 0.2
       gaussian-transform-spreading-range-in-multiples-of-width = 4
       reference-density-filename = reference.mrc
       nst                        = 1
       normalize-densities        = true
       adaptive-force-scaling     = false
       adaptive-force-scaling-time-constant = 4
       shift-vector               = 
       transformation-matrix      = 
     qmmm-cp2k:
       active                     = false
       qmgroup                    = System
       qmmethod                   = PBE
       qmfilenames                = 
       qmcharge                   = 0
       qmmultiplicity             = 1
grpopts:
   nrdf:       72093
   ref-t:           0
   tau-t:           0
annealing:          No
annealing-npoints:           0
   acc:	           0           0           0
   nfreeze:           N           N           N
   energygrp-flags[  0]: 0


Initializing Domain Decomposition on 1 ranks
NOTE: disabling dynamic load balancing as it is only supported with dynamics, not with integrator 'steep'.
Dynamic load balancing: off
Using update groups, nr 12331, average size 2.9 atoms, max. radius 0.078 nm
Minimum cell size due to atom displacement: 0.000 nm
Initial maximum distances in bonded interactions:
    two-body bonded interactions: 0.402 nm, LJ-14, atoms 275 281
  multi-body bonded interactions: 0.463 nm, CMAP Dih., atoms 491 500
Minimum cell size due to bonded interactions: 0.509 nm
Using 0 separate PME ranks because: there are too few total ranks for efficient splitting
Optimizing the DD grid for 1 cells with a minimum initial size of 0.509 nm
The maximum allowed number of cells is: X 12 Y 12 Z 11
Domain decomposition grid 1 x 1 x 1, separate PME ranks 0
PME domain decomposition: 1 x 1 x 1

The initial number of communication pulses is:
The initial domain decomposition cell size is:

The maximum allowed distance for atom groups involved in interactions is:
                 non-bonded interactions           1.156 nm
            two-body bonded interactions  (-rdd)   1.156 nm
          multi-body bonded interactions  (-rdd)   1.156 nm

This is simulation 23 out of 48 running as a composite GROMACS
multi-simulation job. Setup for this simulation:

Using 1 MPI process

Non-default thread affinity set, disabling internal thread affinity

Using 1 OpenMP thread 

System total charge: 0.000
Will do PME sum in reciprocal space for electrostatic interactions.

++++ PLEASE READ AND CITE THE FOLLOWING REFERENCE ++++
U. Essmann, L. Perera, M. L. Berkowitz, T. Darden, H. Lee and L. G. Pedersen 
A smooth particle mesh Ewald method
J. Chem. Phys. 103 (1995) pp. 8577-8592
-------- -------- --- Thank You --- -------- --------

Using a Gaussian width (1/beta) of 0.320163 nm for Ewald
Potential shift: LJ r^-12: -1.000e+00 r^-6: -1.000e+00, Ewald -1.000e-05
Initialized non-bonded Coulomb Ewald tables, spacing: 9.33e-04 size: 1073

Generated table with 4000 data points for 1-4 COUL.
Tabscale = 2000 points/nm
Generated table with 4000 data points for 1-4 LJ6.
Tabscale = 2000 points/nm
Generated table with 4000 data points for 1-4 LJ12.
Tabscale = 2000 points/nm


Using SIMD 4x8 nonbonded short-range kernels

Using a 4x8 pair-list setup:
  updated every 1 steps, buffer 0.000 nm, rlist 1.000 nm

Using Lorentz-Berthelot Lennard-Jones combination rule
Removing pbc first time

Linking all bonded interactions to atoms


++++ PLEASE READ AND CITE THE FOLLOWING REFERENCE ++++
S. Miyamoto and P. A. Kollman
SETTLE: An Analytical Version of the SHAKE and RATTLE Algorithms for Rigid
Water Models
J. Comp. Chem. 13 (1992) pp. 952-962
-------- -------- --- Thank You --- -------- --------


Note that activating steepest-descent energy minimization via the integrator .mdp option and the command gmx mdrun may be available in a different form in a future version of GROMACS, e.g. gmx minimize and an .mdp option.
Initiating Steepest Descents

Atom distribution over 1 domains: av 35733 stddev 0 min 35733 max 35733
Started Steepest Descents on rank 0 Fri Jul 21 07:02:48 2023


Steepest Descents:
   Tolerance (Fmax)   =  1.00000e+03
   Number of steps    =           -1
           Step           Time
              0        0.00000

   Energies (kJ/mol)
           Bond            U-B    Proper Dih.  Improper Dih.      CMAP Dih.
    4.15851e+02    1.31309e+03    2.13939e+02    7.81718e+01   -1.23200e+02
          LJ-14     Coulomb-14        LJ (SR)   Coulomb (SR)   Coul. recip.
    4.40303e+02    1.07359e+04    7.78119e+04   -5.75811e+05    3.53265e+03
      Potential Pressure (bar)
   -4.81392e+05   -1.17360e+03

           Step           Time
              1        1.00000

   Energies (kJ/mol)
           Bond            U-B    Proper Dih.  Improper Dih.      CMAP Dih.
    7.56958e+02    8.98493e+02    1.75662e+02    3.26856e+01   -1.23100e+02
          LJ-14     Coulomb-14        LJ (SR)   Coulomb (SR)   Coul. recip.
    4.36515e+02    1.07093e+04    7.57848e+04   -5.78889e+05    3.20528e+03
      Potential Pressure (bar)
   -4.87013e+05   -1.73763e+03

           Step           Time
              2        2.00000

   Energies (kJ/mol)
           Bond            U-B    Proper Dih.  Improper Dih.      CMAP Dih.
    3.11143e+02    8.12693e+02    1.65536e+02    2.92642e+01   -1.23300e+02
          LJ-14     Coulomb-14        LJ (SR)   Coulomb (SR)   Coul. recip.
    4.26994e+02    1.07101e+04    7.49782e+04   -5.80300e+05    3.07086e+03
      Potential Pressure (bar)
   -4.89918e+05   -2.02176e+03

           Step           Time
              3        3.00000

   Energies (kJ/mol)
           Bond            U-B    Proper Dih.  Improper Dih.      CMAP Dih.
    6.81736e+02    7.91498e+02    1.52254e+02    2.44313e+01   -1.23651e+02
          LJ-14     Coulomb-14        LJ (SR)   Coulomb (SR)   Coul. recip.
    4.25348e+02    1.06923e+04    7.38060e+04   -5.82390e+05    2.88183e+03
      Potential Pressure (bar)
   -4.93058e+05   -2.37957e+03

           Step           Time
              4        4.00000

   Energies (kJ/mol)
           Bond            U-B    Proper Dih.  Improper Dih.      CMAP Dih.
    4.76840e+02    7.37503e+02    1.50109e+02    2.27461e+01   -1.23453e+02
          LJ-14     Coulomb-14        LJ (SR)   Coulomb (SR)   Coul. recip.
    4.20613e+02    1.07015e+04    7.31782e+04   -5.83602e+05    2.77965e+03
      Potential Pressure (bar)
   -4.95258e+05   -2.61596e+03

           Step           Time
              5        5.00000

   Energies (kJ/mol)
           Bond            U-B    Proper Dih.  Improper Dih.      CMAP Dih.
    1.03204e+03    7.91680e+02    1.39827e+02    2.11291e+01   -1.23967e+02
          LJ-14     Coulomb-14        LJ (SR)   Coulomb (SR)   Coul. recip.
    4.20358e+02    1.06801e+04    7.23848e+04   -5.85186e+05    2.65587e+03
      Potential Pressure (bar)
   -4.97185e+05   -2.86551e+03

           Step           Time
              6        6.00000

   Energies (kJ/mol)
           Bond            U-B    Proper Dih.  Improper Dih.      CMAP Dih.
    9.18278e+02    7.76875e+02    1.41874e+02    1.99764e+01   -1.23463e+02
          LJ-14     Coulomb-14        LJ (SR)   Coulomb (SR)   Coul. recip.
    4.16157e+02    1.06978e+04    7.18616e+04   -5.86292e+05    2.57356e+03
      Potential Pressure (bar)
   -4.99009e+05   -3.08616e+03

           Step           Time
              7        7.00000

   Energies (kJ/mol)
           Bond            U-B    Proper Dih.  Improper Dih.      CMAP Dih.
    1.78471e+03    8.96553e+02    1.31462e+02    1.95229e+01   -1.24141e+02
          LJ-14     Coulomb-14        LJ (SR)   Coulomb (SR)   Coul. recip.
    4.17720e+02    1.06694e+04    7.12784e+04   -5.87570e+05    2.48694e+03
      Potential Pressure (bar)
   -5.00010e+05   -3.26947e+03

           Step           Time
              8        8.00000

   Energies (kJ/mol)
           Bond            U-B    Proper Dih.  Improper Dih.      CMAP Dih.
    1.89192e+03    9.70108e+02    1.37776e+02    1.88796e+01   -1.23273e+02
          LJ-14     Coulomb-14        LJ (SR)   Coulomb (SR)   Coul. recip.
    4.13374e+02    1.06975e+04    7.08380e+04   -5.88585e+05    2.42027e+03
      Potential Pressure (bar)
   -5.01321e+05   -3.49321e+03

           Step           Time
              9        9.00000

   Energies (kJ/mol)
           Bond            U-B    Proper Dih.  Improper Dih.      CMAP Dih.
    3.32429e+03    1.16682e+03    1.25460e+02    1.89911e+01   -1.24220e+02
          LJ-14     Coulomb-14        LJ (SR)   Coulomb (SR)   Coul. recip.
    4.17027e+02    1.06576e+04    7.03846e+04   -5.89664e+05    2.35716e+03
      Potential Pressure (bar)
   -5.01337e+05   -3.63521e+03

           Step           Time
             10       10.00000

   Energies (kJ/mol)
           Bond            U-B    Proper Dih.  Improper Dih.      CMAP Dih.
    3.94319e+03    1.45915e+03    1.37578e+02    1.93282e+01   -1.22725e+02
          LJ-14     Coulomb-14        LJ (SR)   Coulomb (SR)   Coul. recip.
    4.12892e+02    1.06996e+04    7.00144e+04   -5.90596e+05    2.30335e+03
      Potential Pressure (bar)
   -5.01730e+05   -3.88498e+03

           Step           Time
             11       11.00000

           Step           Time
             12       12.00000

   Energies (kJ/mol)
           Bond            U-B    Proper Dih.  Improper Dih.      CMAP Dih.
    2.02968e+02    5.30372e+02    1.24309e+02    1.57891e+01   -1.24151e+02
          LJ-14     Coulomb-14        LJ (SR)   Coulomb (SR)   Coul. recip.
    4.09629e+02    1.06762e+04    6.98154e+04   -5.91065e+05    2.27254e+03
      Potential Pressure (bar)
   -5.07142e+05   -3.76394e+03

           Step           Time
             13       13.00000

           Step           Time
             14       14.00000

   Energies (kJ/mol)
           Bond            U-B    Proper Dih.  Improper Dih.      CMAP Dih.
    1.22793e+03    7.43962e+02    1.25407e+02    1.69979e+01   -1.23764e+02
          LJ-14     Coulomb-14        LJ (SR)   Coulomb (SR)   Coul. recip.
    4.06753e+02    1.06892e+04    6.90387e+04   -5.93117e+05    2.16649e+03
      Potential Pressure (bar)
   -5.08825e+05   -4.12617e+03

           Step           Time
             15       15.00000

   Energies (kJ/mol)
           Bond            U-B    Proper Dih.  Improper Dih.      CMAP Dih.
    3.81171e+02    5.38109e+02    1.18353e+02    1.55204e+01   -1.24395e+02
          LJ-14     Coulomb-14        LJ (SR)   Coulomb (SR)   Coul. recip.
    4.06918e+02    1.06707e+04    6.88468e+04   -5.93643e+05    2.14093e+03
      Potential Pressure (bar)
   -5.10649e+05   -4.13122e+03

           Step           Time
             16       16.00000

           Step           Time
             17       17.00000

   Energies (kJ/mol)
           Bond            U-B    Proper Dih.  Improper Dih.      CMAP Dih.
    3.25227e+02    5.24876e+02    1.19969e+02    1.51999e+01   -1.24089e+02
          LJ-14     Coulomb-14        LJ (SR)   Coulomb (SR)   Coul. recip.
    4.04680e+02    1.06824e+04    6.86152e+04   -5.94318e+05    2.11064e+03
      Potential Pressure (bar)
   -5.11644e+05   -4.24338e+03

           Step           Time
             18       18.00000

   Energies (kJ/mol)
           Bond            U-B    Proper Dih.  Improper Dih.      CMAP Dih.
    5.88088e+02    5.68524e+02    1.15287e+02    1.50088e+01   -1.24499e+02
          LJ-14     Coulomb-14        LJ (SR)   Coulomb (SR)   Coul. recip.
    4.05710e+02    1.06677e+04    6.83321e+04   -5.95159e+05    2.07523e+03
      Potential Pressure (bar)
   -5.12515e+05   -4.33842e+03

           Step           Time
             19       19.00000

   Energies (kJ/mol)
           Bond            U-B    Proper Dih.  Improper Dih.      CMAP Dih.
    5.95822e+02    5.75478e+02    1.18375e+02    1.49520e+01   -1.24007e+02
          LJ-14     Coulomb-14        LJ (SR)   Coulomb (SR)   Coul. recip.
    4.03047e+02    1.06848e+04    6.81202e+04   -5.95820e+05    2.04832e+03
      Potential Pressure (bar)
   -5.13383e+05   -4.45747e+03

           Step           Time
             20       20.00000

   Energies (kJ/mol)
           Bond            U-B    Proper Dih.  Improper Dih.      CMAP Dih.
    1.01210e+03    6.46178e+02    1.12578e+02    1.47705e+01   -1.24603e+02
          LJ-14     Coulomb-14        LJ (SR)   Coulomb (SR)   Coul. recip.
    4.05111e+02    1.06636e+04    6.78904e+04   -5.96548e+05    2.02093e+03
      Potential Pressure (bar)
   -5.13907e+05   -4.52864e+03

           Step           Time
             21       21.00000

   Energies (kJ/mol)
           Bond            U-B    Proper Dih.  Improper Dih.      CMAP Dih.
    1.17922e+03    7.04338e+02    1.17839e+02    1.50267e+01   -1.23813e+02
          LJ-14     Coulomb-14        LJ (SR)   Coulomb (SR)   Coul. recip.
    4.02001e+02    1.06883e+04    6.76998e+04   -5.97186e+05    1.99735e+03
      Potential Pressure (bar)
   -5.14506e+05   -4.66088e+03

           Step           Time
             22       22.00000

   Energies (kJ/mol)
           Bond            U-B    Proper Dih.  Improper Dih.      CMAP Dih.
    1.88882e+03    8.15361e+02    1.10245e+02    1.47837e+01   -1.24677e+02
          LJ-14     Coulomb-14        LJ (SR)   Coulomb (SR)   Coul. recip.
    4.05395e+02    1.06576e+04    6.75066e+04   -5.97839e+05    1.97559e+03
      Potential Pressure (bar)
   -5.14589e+05   -4.71474e+03

           Step           Time
             23       23.00000

   Energies (kJ/mol)
           Bond            U-B    Proper Dih.  Improper Dih.      CMAP Dih.
    2.40611e+03    1.00020e+03    1.18882e+02    1.56798e+01   -1.23371e+02
          LJ-14     Coulomb-14        LJ (SR)   Coulomb (SR)   Coul. recip.
    4.02036e+02    1.06930e+04    6.73379e+04   -5.98447e+05    1.95522e+03
      Potential Pressure (bar)
   -5.14641e+05   -4.87242e+03

           Step           Time
             24       24.00000

           Step           Time
             25       25.00000

   Energies (kJ/mol)
           Bond            U-B    Proper Dih.  Improper Dih.      CMAP Dih.
    1.60404e+02    4.57727e+02    1.10622e+02    1.35067e+01   -1.24541e+02
          LJ-14     Coulomb-14        LJ (SR)   Coulomb (SR)   Coul. recip.
    4.00685e+02    1.06736e+04    6.72462e+04   -5.98744e+05    1.94267e+03
      Potential Pressure (bar)
   -5.17863e+05   -4.78868e+03

           Step           Time
             26       26.00000

           Step           Time
             27       27.00000

   Energies (kJ/mol)
           Bond            U-B    Proper Dih.  Improper Dih.      CMAP Dih.
    8.28347e+02    5.97404e+02    1.11930e+02    1.45578e+01   -1.24199e+02
          LJ-14     Coulomb-14        LJ (SR)   Coulomb (SR)   Coul. recip.
    3.98998e+02    1.06862e+04    6.68318e+04   -6.00291e+05    1.89454e+03
      Potential Pressure (bar)
   -5.19051e+05   -5.01969e+03

           Step           Time
             28       28.00000

   Energies (kJ/mol)
           Bond            U-B    Proper Dih.  Improper Dih.      CMAP Dih.
    2.59418e+02    4.68713e+02    1.07487e+02    1.35087e+01   -1.24760e+02
          LJ-14     Coulomb-14        LJ (SR)   Coulomb (SR)   Coul. recip.
    3.99394e+02    1.06716e+04    6.67421e+04   -6.00636e+05    1.88393e+03
      Potential Pressure (bar)
   -5.20215e+05   -5.01345e+03

           Step           Time
             29       29.00000

           Step           Time
             30       30.00000

   Energies (kJ/mol)
           Bond            U-B    Proper Dih.  Improper Dih.      CMAP Dih.
    2.63937e+02    4.66047e+02    1.08758e+02    1.35196e+01   -1.24473e+02
          LJ-14     Coulomb-14        LJ (SR)   Coulomb (SR)   Coul. recip.
    3.97880e+02    1.06812e+04    6.66215e+04   -6.01127e+05    1.87009e+03
      Potential Pressure (bar)
   -5.20829e+05   -5.08564e+03

           Step           Time
             31       31.00000

   Energies (kJ/mol)
           Bond            U-B    Proper Dih.  Improper Dih.      CMAP Dih.
    3.79960e+02    4.90569e+02    1.05838e+02    1.32704e+01   -1.24854e+02
          LJ-14     Coulomb-14        LJ (SR)   Coulomb (SR)   Coul. recip.
    3.98860e+02    1.06701e+04    6.64915e+04   -6.01670e+05    1.85559e+03
      Potential Pressure (bar)
   -5.21389e+05   -5.13294e+03

           Step           Time
             32       32.00000

   Energies (kJ/mol)
           Bond            U-B    Proper Dih.  Improper Dih.      CMAP Dih.
    4.36831e+02    5.00389e+02    1.08024e+02    1.34745e+01   -1.24407e+02
          LJ-14     Coulomb-14        LJ (SR)   Coulomb (SR)   Coul. recip.
    3.96973e+02    1.06838e+04    6.63798e+04   -6.02154e+05    1.84283e+03
      Potential Pressure (bar)
   -5.21916e+05   -5.21103e+03

           Step           Time
             33       33.00000

   Energies (kJ/mol)
           Bond            U-B    Proper Dih.  Improper Dih.      CMAP Dih.
    6.32297e+02    5.41156e+02    1.04256e+02    1.31527e+01   -1.24957e+02
          LJ-14     Coulomb-14        LJ (SR)   Coulomb (SR)   Coul. recip.
    3.98676e+02    1.06676e+04    6.62684e+04   -6.02650e+05    1.83059e+03
      Potential Pressure (bar)
   -5.22319e+05   -5.24712e+03

           Step           Time
             34       34.00000

   Energies (kJ/mol)
           Bond            U-B    Proper Dih.  Improper Dih.      CMAP Dih.
    8.05064e+02    5.81673e+02    1.07818e+02    1.35993e+01   -1.24247e+02
          LJ-14     Coulomb-14        LJ (SR)   Coulomb (SR)   Coul. recip.
    3.96339e+02    1.06871e+04    6.61667e+04   -6.03119e+05    1.81902e+03
      Potential Pressure (bar)
   -5.22666e+05   -5.33517e+03

           Step           Time
             35       35.00000

   Energies (kJ/mol)
           Bond            U-B    Proper Dih.  Improper Dih.      CMAP Dih.
    1.16306e+03    6.49961e+02    1.02809e+02    1.31505e+01   -1.25043e+02
          LJ-14     Coulomb-14        LJ (SR)   Coulomb (SR)   Coul. recip.
    3.99052e+02    1.06635e+04    6.60697e+04   -6.03583e+05    1.80859e+03
      Potential Pressure (bar)
   -5.22838e+05   -5.36196e+03

           Step           Time
             36       36.00000

           Step           Time
             37       37.00000

   Energies (kJ/mol)
           Bond            U-B    Proper Dih.  Improper Dih.      CMAP Dih.
    1.38169e+02    4.27528e+02    1.04268e+02    1.27897e+01   -1.24760e+02
          LJ-14     Coulomb-14        LJ (SR)   Coulomb (SR)   Coul. recip.
    3.95821e+02    1.06786e+04    6.60201e+04   -6.03807e+05    1.80187e+03
      Potential Pressure (bar)
   -5.24353e+05   -5.36980e+03

           Step           Time
             38       38.00000

   Energies (kJ/mol)
           Bond            U-B    Proper Dih.  Improper Dih.      CMAP Dih.
    1.78087e+03    7.72334e+02    9.92222e+01    1.36809e+01   -1.25379e+02
          LJ-14     Coulomb-14        LJ (SR)   Coulomb (SR)   Coul. recip.
    3.98477e+02    1.06615e+04    6.55243e+04   -6.06415e+05    1.74524e+03
      Potential Pressure (bar)
   -5.25544e+05   -5.67810e+03

           Step           Time
             39       39.00000

   Energies (kJ/mol)
           Bond            U-B    Proper Dih.  Improper Dih.      CMAP Dih.
    2.94958e+02    4.49378e+02    1.01561e+02    1.27955e+01   -1.24775e+02
          LJ-14     Coulomb-14        LJ (SR)   Coulomb (SR)   Coul. recip.
    3.93404e+02    1.06835e+04    6.54805e+04   -6.06639e+05    1.73874e+03
      Potential Pressure (bar)
   -5.27609e+05   -5.67200e+03

           Step           Time
             40       40.00000

           Step           Time
             41       41.00000

   Energies (kJ/mol)
           Bond            U-B    Proper Dih.  Improper Dih.      CMAP Dih.
    5.04422e+02    5.02962e+02    9.87819e+01    1.24575e+01   -1.25262e+02
          LJ-14     Coulomb-14        LJ (SR)   Coulomb (SR)   Coul. recip.
    3.94941e+02    1.06713e+04    6.54136e+04   -6.07069e+05    1.73105e+03
      Potential Pressure (bar)
   -5.27865e+05   -5.70752e+03

           Step           Time
             42       42.00000

   Energies (kJ/mol)
           Bond            U-B    Proper Dih.  Improper Dih.      CMAP Dih.
    5.19394e+02    4.96147e+02    1.01213e+02    1.27373e+01   -1.24654e+02
          LJ-14     Coulomb-14        LJ (SR)   Coulomb (SR)   Coul. recip.
    3.92862e+02    1.06860e+04    6.53595e+04   -6.07407e+05    1.72453e+03
      Potential Pressure (bar)
   -5.28239e+05   -5.75653e+03

           Step           Time
             43       43.00000

   Energies (kJ/mol)
           Bond            U-B    Proper Dih.  Improper Dih.      CMAP Dih.
    8.77281e+02    5.84490e+02    9.77168e+01    1.24515e+01   -1.25361e+02
          LJ-14     Coulomb-14        LJ (SR)   Coulomb (SR)   Coul. recip.
    3.95302e+02    1.06682e+04    6.53037e+04   -6.07804e+05    1.71803e+03
      Potential Pressure (bar)
   -5.28273e+05   -5.78842e+03

           Step           Time
             44       44.00000

   Energies (kJ/mol)
           Bond            U-B    Proper Dih.  Improper Dih.      CMAP Dih.
    1.00608e+03    6.05001e+02    1.01513e+02    1.29798e+01   -1.24395e+02
          LJ-14     Coulomb-14        LJ (SR)   Coulomb (SR)   Coul. recip.
    3.92647e+02    1.06892e+04    6.52535e+04   -6.08136e+05    1.71184e+03
      Potential Pressure (bar)
   -5.28487e+05   -5.84610e+03

           Step           Time
             45       45.00000

           Step           Time
             46       46.00000

   Energies (kJ/mol)
           Bond            U-B    Proper Dih.  Improper Dih.      CMAP Dih.
    1.48611e+02    4.17461e+02    9.79421e+01    1.20976e+01   -1.25196e+02
          LJ-14     Coulomb-14        LJ (SR)   Coulomb (SR)   Coul. recip.
    3.92798e+02    1.06774e+04    6.52266e+04   -6.08323e+05    1.70779e+03
      Potential Pressure (bar)
   -5.29768e+05   -5.81926e+03

           Step           Time
             47       47.00000

           Step           Time
             48       48.00000

   Energies (kJ/mol)
           Bond            U-B    Proper Dih.  Improper Dih.      CMAP Dih.
    3.95034e+02    4.61660e+02    9.85655e+01    1.25142e+01   -1.24886e+02
          LJ-14     Coulomb-14        LJ (SR)   Coulomb (SR)   Coul. recip.
    3.91818e+02    1.06852e+04    6.51298e+04   -6.09043e+05    1.69545e+03
      Potential Pressure (bar)
   -5.30298e+05   -5.90116e+03

           Step           Time
             49       49.00000

   Energies (kJ/mol)
           Bond            U-B    Proper Dih.  Improper Dih.      CMAP Dih.
    2.03619e+02    4.28631e+02    9.65146e+01    1.21043e+01   -1.25343e+02
          LJ-14     Coulomb-14        LJ (SR)   Coulomb (SR)   Coul. recip.
    3.92461e+02    1.06762e+04    6.51012e+04   -6.09279e+05    1.69142e+03
      Potential Pressure (bar)
   -5.30802e+05   -5.90711e+03

           Step           Time
             50       50.00000

   Energies (kJ/mol)
           Bond            U-B    Proper Dih.  Improper Dih.      CMAP Dih.
    5.99210e+02    5.05224e+02    9.81858e+01    1.25459e+01   -1.24762e+02
          LJ-14     Coulomb-14        LJ (SR)   Coulomb (SR)   Coul. recip.
    3.91299e+02    1.06872e+04    6.50382e+04   -6.09799e+05    1.68307e+03
      Potential Pressure (bar)
   -5.30909e+05   -5.97739e+03

           Step           Time
             51       51.00000

   Energies (kJ/mol)
           Bond            U-B    Proper Dih.  Improper Dih.      CMAP Dih.
    3.46385e+02    4.61272e+02    9.53602e+01    1.19986e+01   -1.25458e+02
          LJ-14     Coulomb-14        LJ (SR)   Coulomb (SR)   Coul. recip.
    3.92418e+02    1.06742e+04    6.50113e+04   -6.10049e+05    1.67897e+03
      Potential Pressure (bar)
   -5.31502e+05   -5.97860e+03

           Step           Time
             52       52.00000

           Step           Time
             53       53.00000

   Energies (kJ/mol)
           Bond            U-B    Proper Dih.  Improper Dih.      CMAP Dih.
    1.80020e+02    4.13623e+02    9.62283e+01    1.20866e+01   -1.25147e+02
          LJ-14     Coulomb-14        LJ (SR)   Coulomb (SR)   Coul. recip.
    3.90999e+02    1.06823e+04    6.49864e+04   -6.10259e+05    1.67529e+03
      Potential Pressure (bar)
   -5.31947e+05   -5.99718e+03

           Step           Time
             54       54.00000

   Energies (kJ/mol)
           Bond            U-B    Proper Dih.  Improper Dih.      CMAP Dih.
    4.98233e+02    4.95123e+02    9.43465e+01    1.20161e+01   -1.25563e+02
          LJ-14     Coulomb-14        LJ (SR)   Coulomb (SR)   Coul. recip.
    3.92408e+02    1.06728e+04    6.49346e+04   -6.10781e+05    1.66756e+03
      Potential Pressure (bar)
   -5.32140e+05   -6.04631e+03

           Step           Time
             55       55.00000

   Energies (kJ/mol)
           Bond            U-B    Proper Dih.  Improper Dih.      CMAP Dih.
    2.86807e+02    4.33482e+02    9.57123e+01    1.21252e+01   -1.25074e+02
          LJ-14     Coulomb-14        LJ (SR)   Coulomb (SR)   Coul. recip.
    3.90401e+02    1.06843e+04    6.49099e+04   -6.11004e+05    1.66370e+03
      Potential Pressure (bar)
   -5.32653e+05   -6.06562e+03

           Step           Time
             56       56.00000

           Step           Time
             57       57.00000

   Energies (kJ/mol)
           Bond            U-B    Proper Dih.  Improper Dih.      CMAP Dih.
    1.70502e+02    4.15802e+02    9.42265e+01    1.18693e+01   -1.25459e+02
          LJ-14     Coulomb-14        LJ (SR)   Coulomb (SR)   Coul. recip.
    3.91013e+02    1.06777e+04    6.48910e+04   -6.11215e+05    1.66048e+03
      Potential Pressure (bar)
   -5.33028e+05   -6.07434e+03

           Step           Time
             58       58.00000

   Energies (kJ/mol)
           Bond            U-B    Proper Dih.  Improper Dih.      CMAP Dih.
    4.01924e+02    4.55854e+02    9.51440e+01    1.21929e+01   -1.25031e+02
          LJ-14     Coulomb-14        LJ (SR)   Coulomb (SR)   Coul. recip.
    3.89978e+02    1.06857e+04    6.48478e+04   -6.11689e+05    1.65345e+03
      Potential Pressure (bar)
   -5.33272e+05   -6.12695e+03

           Step           Time
             59       59.00000

   Energies (kJ/mol)
           Bond            U-B    Proper Dih.  Improper Dih.      CMAP Dih.
    2.51786e+02    4.35013e+02    9.31946e+01    1.18140e+01   -1.25572e+02
          LJ-14     Coulomb-14        LJ (SR)   Coulomb (SR)   Coul. recip.
    3.90894e+02    1.06762e+04    6.48305e+04   -6.11914e+05    1.65013e+03
      Potential Pressure (bar)
   -5.33701e+05   -6.13392e+03

           Step           Time
             60       60.00000

           Step           Time
             61       61.00000

   Energies (kJ/mol)
           Bond            U-B    Proper Dih.  Improper Dih.      CMAP Dih.
    1.59321e+02    4.04793e+02    9.37418e+01    1.18951e+01   -1.25318e+02
          LJ-14     Coulomb-14        LJ (SR)   Coulomb (SR)   Coul. recip.
    3.89839e+02    1.06821e+04    6.48137e+04   -6.12106e+05    1.64713e+03
      Potential Pressure (bar)
   -5.34029e+05   -6.14922e+03

           Step           Time
             62       62.00000

   Energies (kJ/mol)
           Bond            U-B    Proper Dih.  Improper Dih.      CMAP Dih.
    3.39109e+02    4.55039e+02    9.22862e+01    1.17992e+01   -1.25666e+02
          LJ-14     Coulomb-14        LJ (SR)   Coulomb (SR)   Coul. recip.
    3.90785e+02    1.06752e+04    6.47807e+04   -6.12574e+05    1.64069e+03
      Potential Pressure (bar)
   -5.34314e+05   -6.18945e+03

           Step           Time
             63       63.00000

   Energies (kJ/mol)
           Bond            U-B    Proper Dih.  Improper Dih.      CMAP Dih.
    2.22609e+02    4.15342e+02    9.31696e+01    1.19080e+01   -1.25272e+02
          LJ-14     Coulomb-14        LJ (SR)   Coulomb (SR)   Coul. recip.
    3.89300e+02    1.06835e+04    6.47645e+04   -6.12778e+05    1.63753e+03
      Potential Pressure (bar)
   -5.34685e+05   -6.20509e+03

           Step           Time
             64       64.00000

   Energies (kJ/mol)
           Bond            U-B    Proper Dih.  Improper Dih.      CMAP Dih.
    5.06932e+02    4.94562e+02    9.15057e+01    1.17862e+01   -1.25752e+02
          LJ-14     Coulomb-14        LJ (SR)   Coulomb (SR)   Coul. recip.
    3.90898e+02    1.06735e+04    6.47431e+04   -6.13158e+05    1.63269e+03
      Potential Pressure (bar)
   -5.34739e+05   -6.24065e+03

           Step           Time
             65       65.00000

   Energies (kJ/mol)
           Bond            U-B    Proper Dih.  Improper Dih.      CMAP Dih.
    3.74977e+02    4.45514e+02    9.28866e+01    1.19743e+01   -1.25155e+02
          LJ-14     Coulomb-14        LJ (SR)   Coulomb (SR)   Coul. recip.
    3.88861e+02    1.06853e+04    6.47275e+04   -6.13369e+05    1.62942e+03
      Potential Pressure (bar)
   -5.35138e+05   -6.25658e+03

           Step           Time
             66       66.00000

           Step           Time
             67       67.00000

   Energies (kJ/mol)
           Bond            U-B    Proper Dih.  Improper Dih.      CMAP Dih.
    1.57926e+02    4.07751e+02    9.13973e+01    1.16451e+01   -1.25621e+02
          LJ-14     Coulomb-14        LJ (SR)   Coulomb (SR)   Coul. recip.
    3.89439e+02    1.06785e+04    6.47191e+04   -6.13537e+05    1.62704e+03
      Potential Pressure (bar)
   -5.35580e+05   -6.25878e+03

           Step           Time
             68       68.00000

   Energies (kJ/mol)
           Bond            U-B    Proper Dih.  Improper Dih.      CMAP Dih.
    5.35053e+02    4.77504e+02    9.22759e+01    1.21009e+01   -1.25097e+02
          LJ-14     Coulomb-14        LJ (SR)   Coulomb (SR)   Coul. recip.
    3.88512e+02    1.06866e+04    6.46904e+04   -6.14090e+05    1.61980e+03
      Potential Pressure (bar)
   -5.35713e+05   -6.31624e+03

           Step           Time
             69       69.00000

   Energies (kJ/mol)
           Bond            U-B    Proper Dih.  Improper Dih.      CMAP Dih.
    2.39970e+02    4.28141e+02    9.03227e+01    1.16056e+01   -1.25751e+02
          LJ-14     Coulomb-14        LJ (SR)   Coulomb (SR)   Coul. recip.
    3.89344e+02    1.06768e+04    6.46837e+04   -6.14275e+05    1.61725e+03
      Potential Pressure (bar)
   -5.36264e+05   -6.31617e+03

           Step           Time
             70       70.00000

           Step           Time
             71       71.00000

   Energies (kJ/mol)
           Bond            U-B    Proper Dih.  Improper Dih.      CMAP Dih.
    1.92876e+02    4.05407e+02    9.08573e+01    1.17303e+01   -1.25438e+02
          LJ-14     Coulomb-14        LJ (SR)   Coulomb (SR)   Coul. recip.
    3.88279e+02    1.06829e+04    6.46742e+04   -6.14472e+05    1.61452e+03
      Potential Pressure (bar)
   -5.36536e+05   -6.33006e+03

           Step           Time
             72       72.00000

   Energies (kJ/mol)
           Bond            U-B    Proper Dih.  Improper Dih.      CMAP Dih.
    3.34773e+02    4.51026e+02    8.96023e+01    1.15996e+01   -1.25839e+02
          LJ-14     Coulomb-14        LJ (SR)   Coulomb (SR)   Coul. recip.
    3.89361e+02    1.06755e+04    6.46646e+04   -6.14796e+05    1.61059e+03
      Potential Pressure (bar)
   -5.36695e+05   -6.35708e+03

           Step           Time
             73       73.00000

   Energies (kJ/mol)
           Bond            U-B    Proper Dih.  Improper Dih.      CMAP Dih.
    2.88659e+02    4.23315e+02    9.04939e+01    1.17784e+01   -1.25358e+02
          LJ-14     Coulomb-14        LJ (SR)   Coulomb (SR)   Coul. recip.
    3.87869e+02    1.06842e+04    6.46561e+04   -6.14998e+05    1.60780e+03
      Potential Pressure (bar)
   -5.36973e+05   -6.37104e+03

           Step           Time
             74       74.00000

   Energies (kJ/mol)
           Bond            U-B    Proper Dih.  Improper Dih.      CMAP Dih.
    5.24080e+02    4.96944e+02    8.89652e+01    1.16036e+01   -1.25921e+02
          LJ-14     Coulomb-14        LJ (SR)   Coulomb (SR)   Coul. recip.
    3.89602e+02    1.06736e+04    6.46513e+04   -6.15293e+05    1.60450e+03
      Potential Pressure (bar)
   -5.36979e+05   -6.39894e+03

           Step           Time
             75       75.00000

   Energies (kJ/mol)
           Bond            U-B    Proper Dih.  Improper Dih.      CMAP Dih.
    5.04422e+02    4.67442e+02    9.03866e+01    1.18983e+01   -1.25197e+02
          LJ-14     Coulomb-14        LJ (SR)   Coulomb (SR)   Coul. recip.
    3.87564e+02    1.06860e+04    6.46436e+04   -6.15496e+05    1.60171e+03
      Potential Pressure (bar)
   -5.37229e+05   -6.41325e+03

           Step           Time
             76       76.00000

           Step           Time
             77       77.00000

   Energies (kJ/mol)
           Bond            U-B    Proper Dih.  Improper Dih.      CMAP Dih.
    1.46864e+02    4.00804e+02    8.88376e+01    1.14615e+01   -1.25760e+02
          LJ-14     Coulomb-14        LJ (SR)   Coulomb (SR)   Coul. recip.
    3.88044e+02    1.06789e+04    6.46415e+04   -6.15635e+05    1.59979e+03
      Potential Pressure (bar)
   -5.37805e+05   -6.40917e+03

           Step           Time
             78       78.00000

   Energies (kJ/mol)
           Bond            U-B    Proper Dih.  Improper Dih.      CMAP Dih.
    7.30788e+02    5.13218e+02    8.96050e+01    1.21221e+01   -1.25137e+02
          LJ-14     Coulomb-14        LJ (SR)   Coulomb (SR)   Coul. recip.
    3.87287e+02    1.06873e+04    6.46318e+04   -6.16341e+05    1.59155e+03
      Potential Pressure (bar)
   -5.37822e+05   -6.47756e+03

           Step           Time
             79       79.00000

   Energies (kJ/mol)
           Bond            U-B    Proper Dih.  Improper Dih.      CMAP Dih.
    2.29202e+02    4.22117e+02    8.75989e+01    1.14536e+01   -1.25917e+02
          LJ-14     Coulomb-14        LJ (SR)   Coulomb (SR)   Coul. recip.
    3.87924e+02    1.06769e+04    6.46318e+04   -6.16497e+05    1.58940e+03
      Potential Pressure (bar)
   -5.38586e+05   -6.46967e+03

           Step           Time
             80       80.00000

           Step           Time
             81       81.00000

   Energies (kJ/mol)
           Bond            U-B    Proper Dih.  Improper Dih.      CMAP Dih.
    2.48339e+02    4.11393e+02    8.81363e+01    1.16251e+01   -1.25533e+02
          LJ-14     Coulomb-14        LJ (SR)   Coulomb (SR)   Coul. recip.
    3.86863e+02    1.06833e+04    6.46301e+04   -6.16703e+05    1.58687e+03
      Potential Pressure (bar)
   -5.38782e+05   -6.48320e+03

           Step           Time
             82       82.00000

   Energies (kJ/mol)
           Bond            U-B    Proper Dih.  Improper Dih.      CMAP Dih.
    3.33525e+02    4.48251e+02    8.69987e+01    1.14341e+01   -1.26005e+02
          LJ-14     Coulomb-14        LJ (SR)   Coulomb (SR)   Coul. recip.
    3.88017e+02    1.06754e+04    6.46326e+04   -6.16947e+05    1.58423e+03
      Potential Pressure (bar)
   -5.38912e+05   -6.50253e+03

           Step           Time
             83       83.00000

   Energies (kJ/mol)
           Bond            U-B    Proper Dih.  Improper Dih.      CMAP Dih.
    3.91014e+02    4.39564e+02    8.79185e+01    1.17084e+01   -1.25418e+02
          LJ-14     Coulomb-14        LJ (SR)   Coulomb (SR)   Coul. recip.
    3.86550e+02    1.06847e+04    6.46320e+04   -6.17149e+05    1.58179e+03
      Potential Pressure (bar)
   -5.39060e+05   -6.51616e+03

           Step           Time
             84       84.00000

   Energies (kJ/mol)
           Bond            U-B    Proper Dih.  Improper Dih.      CMAP Dih.
    5.51297e+02    5.02315e+02    8.64825e+01    1.14446e+01   -1.26085e+02
          LJ-14     Coulomb-14        LJ (SR)   Coulomb (SR)   Coul. recip.
    3.88372e+02    1.06733e+04    6.46374e+04   -6.17387e+05    1.57940e+03
      Potential Pressure (bar)
   -5.39084e+05   -6.53851e+03

           Step           Time
             85       85.00000

   Energies (kJ/mol)
           Bond            U-B    Proper Dih.  Improper Dih.      CMAP Dih.
    6.97958e+02    5.03420e+02    8.79790e+01    1.18946e+01   -1.25211e+02
          LJ-14     Coulomb-14        LJ (SR)   Coulomb (SR)   Coul. recip.
    3.86392e+02    1.06864e+04    6.46376e+04   -6.17583e+05    1.57708e+03
      Potential Pressure (bar)
   -5.39120e+05   -6.55328e+03

           Step           Time
             86       86.00000

           Step           Time
             87       87.00000

   Energies (kJ/mol)
           Bond            U-B    Proper Dih.  Improper Dih.      CMAP Dih.
    1.37651e+02    3.94549e+02    8.63089e+01    1.12974e+01   -1.25887e+02
          LJ-14     Coulomb-14        LJ (SR)   Coulomb (SR)   Coul. recip.
    3.86684e+02    1.06789e+04    6.46396e+04   -6.17701e+05    1.57538e+03
      Potential Pressure (bar)
   -5.39917e+05   -6.54154e+03

           Step           Time
             88       88.00000

           Step           Time
             89       89.00000

   Energies (kJ/mol)
           Bond            U-B    Proper Dih.  Improper Dih.      CMAP Dih.
    3.05254e+02    4.19132e+02    8.62105e+01    1.16525e+01   -1.25618e+02
          LJ-14     Coulomb-14        LJ (SR)   Coulomb (SR)   Coul. recip.
    3.86018e+02    1.06834e+04    6.46505e+04   -6.18218e+05    1.56971e+03
      Potential Pressure (bar)
   -5.40232e+05   -6.57700e+03

           Step           Time
             90       90.00000

   Energies (kJ/mol)
           Bond            U-B    Proper Dih.  Improper Dih.      CMAP Dih.
    1.69771e+02    4.03266e+02    8.53436e+01    1.13534e+01   -1.26019e+02
          LJ-14     Coulomb-14        LJ (SR)   Coulomb (SR)   Coul. recip.
    3.86529e+02    1.06776e+04    6.46554e+04   -6.18364e+05    1.56806e+03
      Potential Pressure (bar)
   -5.40533e+05   -6.58238e+03

           Step           Time
             91       91.00000

   Energies (kJ/mol)
           Bond            U-B    Proper Dih.  Improper Dih.      CMAP Dih.
    4.15535e+02    4.41175e+02    8.58921e+01    1.16552e+01   -1.25529e+02
          LJ-14     Coulomb-14        LJ (SR)   Coulomb (SR)   Coul. recip.
    3.85654e+02    1.06842e+04    6.46655e+04   -6.18693e+05    1.56463e+03
      Potential Pressure (bar)
   -5.40565e+05   -6.60794e+03

           Step           Time
             92       92.00000

   Energies (kJ/mol)
           Bond            U-B    Proper Dih.  Improper Dih.      CMAP Dih.
    2.53554e+02    4.25663e+02    8.47048e+01    1.12764e+01   -1.26112e+02
          LJ-14     Coulomb-14        LJ (SR)   Coulomb (SR)   Coul. recip.
    3.86557e+02    1.06760e+04    6.46727e+04   -6.18855e+05    1.56286e+03
      Potential Pressure (bar)
   -5.40908e+05   -6.61397e+03

           Step           Time
             93       93.00000

           Step           Time
             94       94.00000

   Energies (kJ/mol)
           Bond            U-B    Proper Dih.  Improper Dih.      CMAP Dih.
    1.60755e+02    3.91248e+02    8.49153e+01    1.13716e+01   -1.25834e+02
          LJ-14     Coulomb-14        LJ (SR)   Coulomb (SR)   Coul. recip.
    3.85579e+02    1.06810e+04    6.46766e+04   -6.18985e+05    1.56135e+03
      Potential Pressure (bar)
   -5.41158e+05   -6.61589e+03

           Step           Time
             95       95.00000

   Energies (kJ/mol)
           Bond            U-B    Proper Dih.  Improper Dih.      CMAP Dih.
    3.40577e+02    4.47667e+02    8.40972e+01    1.13090e+01   -1.26196e+02
          LJ-14     Coulomb-14        LJ (SR)   Coulomb (SR)   Coul. recip.
    3.86595e+02    1.06748e+04    6.46931e+04   -6.19322e+05    1.55804e+03
      Potential Pressure (bar)
   -5.41252e+05   -6.64349e+03

           Step           Time
             96       96.00000

   Energies (kJ/mol)
           Bond            U-B    Proper Dih.  Improper Dih.      CMAP Dih.
    2.17783e+02    4.00641e+02    8.44775e+01    1.14127e+01   -1.25782e+02
          LJ-14     Coulomb-14        LJ (SR)   Coulomb (SR)   Coul. recip.
    3.85199e+02    1.06818e+04    6.46980e+04   -6.19459e+05    1.55643e+03
      Potential Pressure (bar)
   -5.41549e+05   -6.64319e+03

           Step           Time
             97       97.00000

           Step           Time
             98       98.00000

   Energies (kJ/mol)
           Bond            U-B    Proper Dih.  Improper Dih.      CMAP Dih.
    1.54647e+02    3.97175e+02    8.38333e+01    1.12439e+01   -1.26089e+02
          LJ-14     Coulomb-14        LJ (SR)   Coulomb (SR)   Coul. recip.
    3.85682e+02    1.06777e+04    6.47058e+04   -6.19600e+05    1.55498e+03
      Potential Pressure (bar)
   -5.41755e+05   -6.65043e+03

           Step           Time
             99       99.00000

   Energies (kJ/mol)
           Bond            U-B    Proper Dih.  Improper Dih.      CMAP Dih.
    2.76292e+02    4.10999e+02    8.40297e+01    1.14680e+01   -1.25756e+02
          LJ-14     Coulomb-14        LJ (SR)   Coulomb (SR)   Coul. recip.
    3.84929e+02    1.06823e+04    6.47212e+04   -6.19889e+05    1.55208e+03
      Potential Pressure (bar)
   -5.41892e+05   -6.66751e+03

           Step           Time
            100      100.00000

   Energies (kJ/mol)
           Bond            U-B    Proper Dih.  Improper Dih.      CMAP Dih.
    2.02536e+02    4.10559e+02    8.32330e+01    1.12229e+01   -1.26178e+02
          LJ-14     Coulomb-14        LJ (SR)   Coulomb (SR)   Coul. recip.
    3.85646e+02    1.06764e+04    6.47312e+04   -6.20045e+05    1.55052e+03
      Potential Pressure (bar)
   -5.42120e+05   -6.67605e+03

           Step           Time
            101      101.00000

   Energies (kJ/mol)
           Bond            U-B    Proper Dih.  Improper Dih.      CMAP Dih.
    3.88050e+02    4.32538e+02    8.37466e+01    1.15366e+01   -1.25681e+02
          LJ-14     Coulomb-14        LJ (SR)   Coulomb (SR)   Coul. recip.
    3.84686e+02    1.06831e+04    6.47453e+04   -6.20280e+05    1.54825e+03
      Potential Pressure (bar)
   -5.42129e+05   -6.69083e+03

           Step           Time
            102      102.00000

   Energies (kJ/mol)
           Bond            U-B    Proper Dih.  Improper Dih.      CMAP Dih.
    3.12243e+02    4.39712e+02    8.27382e+01    1.11999e+01   -1.26263e+02
          LJ-14     Coulomb-14        LJ (SR)   Coulomb (SR)   Coul. recip.
    3.85788e+02    1.06747e+04    6.47576e+04   -6.20448e+05    1.54663e+03
      Potential Pressure (bar)
   -5.42363e+05   -6.70137e+03

           Step           Time
            103      103.00000

           Step           Time
            104      104.00000

   Energies (kJ/mol)
           Bond            U-B    Proper Dih.  Improper Dih.      CMAP Dih.
    1.46600e+02    3.86961e+02    8.28591e+01    1.12527e+01   -1.25989e+02
          LJ-14     Coulomb-14        LJ (SR)   Coulomb (SR)   Coul. recip.
    3.84675e+02    1.06797e+04    6.47633e+04   -6.20550e+05    1.54544e+03
      Potential Pressure (bar)
   -5.42675e+05   -6.69727e+03

           Step           Time
            105      105.00000

   Energies (kJ/mol)
           Bond            U-B    Proper Dih.  Improper Dih.      CMAP Dih.
    4.19012e+02    4.66599e+02    8.20370e+01    1.12844e+01   -1.26357e+02
          LJ-14     Coulomb-14        LJ (SR)   Coulomb (SR)   Coul. recip.
    3.85830e+02    1.06734e+04    6.47984e+04   -6.21001e+05    1.54136e+03
      Potential Pressure (bar)
   -5.42749e+05   -6.73323e+03

           Step           Time
            106      106.00000

   Energies (kJ/mol)
           Bond            U-B    Proper Dih.  Improper Dih.      CMAP Dih.
    1.93665e+02    3.93763e+02    8.22832e+01    1.12978e+01   -1.25950e+02
          LJ-14     Coulomb-14        LJ (SR)   Coulomb (SR)   Coul. recip.
    3.84230e+02    1.06804e+04    6.48052e+04   -6.21111e+05    1.54007e+03
      Potential Pressure (bar)
   -5.43146e+05   -6.72528e+03

           Step           Time
            107      107.00000

           Step           Time
            108      108.00000

   Energies (kJ/mol)
           Bond            U-B    Proper Dih.  Improper Dih.      CMAP Dih.
    1.79519e+02    4.02733e+02    8.17099e+01    1.11597e+01   -1.26253e+02
          LJ-14     Coulomb-14        LJ (SR)   Coulomb (SR)   Coul. recip.
    3.84804e+02    1.06763e+04    6.48190e+04   -6.21271e+05    1.53859e+03
      Potential Pressure (bar)
   -5.43304e+05   -6.73536e+03

           Step           Time
            109      109.00000

   Energies (kJ/mol)
           Bond            U-B    Proper Dih.  Improper Dih.      CMAP Dih.
    2.45947e+02    4.02714e+02    8.19271e+01    1.13466e+01   -1.25917e+02
          LJ-14     Coulomb-14        LJ (SR)   Coulomb (SR)   Coul. recip.
    3.83988e+02    1.06809e+04    6.48350e+04   -6.21466e+05    1.53679e+03
      Potential Pressure (bar)
   -5.43413e+05   -6.74303e+03

           Step           Time
            110      110.00000

   Energies (kJ/mol)
           Bond            U-B    Proper Dih.  Improper Dih.      CMAP Dih.
    2.43610e+02    4.20387e+02    8.12489e+01    1.11490e+01   -1.26330e+02
          LJ-14     Coulomb-14        LJ (SR)   Coulomb (SR)   Coul. recip.
    3.84842e+02    1.06750e+04    6.48508e+04   -6.21634e+05    1.53529e+03
      Potential Pressure (bar)
   -5.43558e+05   -6.75520e+03

           Step           Time
            111      111.00000

   Energies (kJ/mol)
           Bond            U-B    Proper Dih.  Improper Dih.      CMAP Dih.
    3.49300e+02    4.22124e+02    8.16827e+01    1.14143e+01   -1.25843e+02
          LJ-14     Coulomb-14        LJ (SR)   Coulomb (SR)   Coul. recip.
    3.83758e+02    1.06816e+04    6.48666e+04   -6.21812e+05    1.53370e+03
      Potential Pressure (bar)
   -5.43608e+05   -6.76145e+03

           Step           Time
            112      112.00000

   Energies (kJ/mol)
           Bond            U-B    Proper Dih.  Improper Dih.      CMAP Dih.
    3.78859e+02    4.56174e+02    8.08638e+01    1.11484e+01   -1.26404e+02
          LJ-14     Coulomb-14        LJ (SR)   Coulomb (SR)   Coul. recip.
    3.85060e+02    1.06732e+04    6.48844e+04   -6.21987e+05    1.53222e+03
      Potential Pressure (bar)
   -5.43712e+05   -6.77706e+03

           Step           Time
            113      113.00000

           Step           Time
            114      114.00000

   Energies (kJ/mol)
           Bond            U-B    Proper Dih.  Improper Dih.      CMAP Dih.
    1.36467e+02    3.84160e+02    8.08823e+01    1.11480e+01   -1.26143e+02
          LJ-14     Coulomb-14        LJ (SR)   Coulomb (SR)   Coul. recip.
    3.83815e+02    1.06783e+04    6.48910e+04   -6.22069e+05    1.53125e+03
      Potential Pressure (bar)
   -5.44099e+05   -6.76757e+03

           Step           Time
            115      115.00000

   Energies (kJ/mol)
           Bond            U-B    Proper Dih.  Improper Dih.      CMAP Dih.
    4.95376e+02    4.84987e+02    7.98111e+01    1.13482e+01   -1.26530e+02
          LJ-14     Coulomb-14        LJ (SR)   Coulomb (SR)   Coul. recip.
    3.85002e+02    1.06718e+04    6.49692e+04   -6.22800e+05    1.52516e+03
      Potential Pressure (bar)
   -5.44304e+05   -6.81704e+03

           Step           Time
            116      116.00000

   Energies (kJ/mol)
           Bond            U-B    Proper Dih.  Improper Dih.      CMAP Dih.
    1.75183e+02    3.88313e+02    7.99443e+01    1.12131e+01   -1.26133e+02
          LJ-14     Coulomb-14        LJ (SR)   Coulomb (SR)   Coul. recip.
    3.83198e+02    1.06788e+04    6.49775e+04   -6.22891e+05    1.52410e+03
      Potential Pressure (bar)
   -5.44798e+05   -6.80239e+03

           Step           Time
            117      117.00000

           Step           Time
            118      118.00000

   Energies (kJ/mol)
           Bond            U-B    Proper Dih.  Improper Dih.      CMAP Dih.
    2.05651e+02    4.08642e+02    7.94491e+01    1.10983e+01   -1.26420e+02
          LJ-14     Coulomb-14        LJ (SR)   Coulomb (SR)   Coul. recip.
    3.83830e+02    1.06747e+04    6.49989e+04   -6.23071e+05    1.52265e+03
      Potential Pressure (bar)
   -5.44912e+05   -6.81469e+03

           Step           Time
            119      119.00000

   Energies (kJ/mol)
           Bond            U-B    Proper Dih.  Improper Dih.      CMAP Dih.
    2.24109e+02    3.96294e+02    7.96330e+01    1.12406e+01   -1.26092e+02
          LJ-14     Coulomb-14        LJ (SR)   Coulomb (SR)   Coul. recip.
    3.82950e+02    1.06792e+04    6.50159e+04   -6.23218e+05    1.52142e+03
      Potential Pressure (bar)
   -5.45033e+05   -6.81626e+03

           Step           Time
            120      120.00000

   Energies (kJ/mol)
           Bond            U-B    Proper Dih.  Improper Dih.      CMAP Dih.
    2.80007e+02    4.28995e+02    7.90701e+01    1.10901e+01   -1.26486e+02
          LJ-14     Coulomb-14        LJ (SR)   Coulomb (SR)   Coul. recip.
    3.83898e+02    1.06734e+04    6.50381e+04   -6.23395e+05    1.52007e+03
      Potential Pressure (bar)
   -5.45107e+05   -6.83097e+03

           Step           Time
            121      121.00000

   Energies (kJ/mol)
           Bond            U-B    Proper Dih.  Improper Dih.      CMAP Dih.
    3.24784e+02    4.14658e+02    7.94161e+01    1.13054e+01   -1.26016e+02
          LJ-14     Coulomb-14        LJ (SR)   Coulomb (SR)   Coul. recip.
    3.82723e+02    1.06800e+04    6.50556e+04   -6.23539e+05    1.51891e+03
      Potential Pressure (bar)
   -5.45198e+05   -6.83102e+03

           Step           Time
            122      122.00000

   Energies (kJ/mol)
           Bond            U-B    Proper Dih.  Improper Dih.      CMAP Dih.
    4.30572e+02    4.68859e+02    7.87664e+01    1.11037e+01   -1.26550e+02
          LJ-14     Coulomb-14        LJ (SR)   Coulomb (SR)   Coul. recip.
    3.84154e+02    1.06717e+04    6.50789e+04   -6.23714e+05    1.51765e+03
      Potential Pressure (bar)
   -5.45199e+05   -6.84990e+03

           Step           Time
            123      123.00000

   Energies (kJ/mol)
           Bond            U-B    Proper Dih.  Improper Dih.      CMAP Dih.
    5.31497e+02    4.54619e+02    7.93613e+01    1.14352e+01   -1.25885e+02
          LJ-14     Coulomb-14        LJ (SR)   Coulomb (SR)   Coul. recip.
    3.82577e+02    1.06810e+04    6.50967e+04   -6.23854e+05    1.51659e+03
      Potential Pressure (bar)
   -5.45226e+05   -6.84853e+03

           Step           Time
            124      124.00000

           Step           Time
            125      125.00000

   Energies (kJ/mol)
           Bond            U-B    Proper Dih.  Improper Dih.      CMAP Dih.
    1.36716e+02    3.86768e+02    7.84612e+01    1.09941e+01   -1.26371e+02
          LJ-14     Coulomb-14        LJ (SR)   Coulomb (SR)   Coul. recip.
    3.82879e+02    1.06756e+04    6.51073e+04   -6.23941e+05    1.51562e+03
      Potential Pressure (bar)
   -5.45773e+05   -6.84325e+03

           Step           Time
            126      126.00000

           Step           Time
            127      127.00000

   Energies (kJ/mol)
           Bond            U-B    Proper Dih.  Improper Dih.      CMAP Dih.
    2.51440e+02    3.99427e+02    7.82010e+01    1.12849e+01   -1.26183e+02
          LJ-14     Coulomb-14        LJ (SR)   Coulomb (SR)   Coul. recip.
    3.82377e+02    1.06787e+04    6.51582e+04   -6.24313e+05    1.51284e+03
      Potential Pressure (bar)
   -5.45967e+05   -6.85722e+03

           Step           Time
            128      128.00000

   Energies (kJ/mol)
           Bond            U-B    Proper Dih.  Improper Dih.      CMAP Dih.
    1.56102e+02    3.93012e+02    7.77807e+01    1.10641e+01   -1.26472e+02
          LJ-14     Coulomb-14        LJ (SR)   Coulomb (SR)   Coul. recip.
    3.82758e+02    1.06745e+04    6.51731e+04   -6.24420e+05    1.51196e+03
      Potential Pressure (bar)
   -5.46167e+05   -6.86166e+03

           Step           Time
            129      129.00000

   Energies (kJ/mol)
           Bond            U-B    Proper Dih.  Improper Dih.      CMAP Dih.
    3.27600e+02    4.13575e+02    7.79394e+01    1.12878e+01   -1.26128e+02
          LJ-14     Coulomb-14        LJ (SR)   Coulomb (SR)   Coul. recip.
    3.82094e+02    1.06791e+04    6.52094e+04   -6.24670e+05    1.51026e+03
      Potential Pressure (bar)
   -5.46185e+05   -6.87157e+03

           Step           Time
            130      130.00000

   Energies (kJ/mol)
           Bond            U-B    Proper Dih.  Improper Dih.      CMAP Dih.
    2.07551e+02    4.08125e+02    7.73462e+01    1.10073e+01   -1.26543e+02
          LJ-14     Coulomb-14        LJ (SR)   Coulomb (SR)   Coul. recip.
    3.82750e+02    1.06731e+04    6.52267e+04   -6.24790e+05    1.50929e+03
      Potential Pressure (bar)
   -5.46420e+05   -6.87693e+03

           Step           Time
            131      131.00000

           Step           Time
            132      132.00000

   Energies (kJ/mol)
           Bond            U-B    Proper Dih.  Improper Dih.      CMAP Dih.
    1.55074e+02    3.83339e+02    7.73551e+01    1.10890e+01   -1.26336e+02
          LJ-14     Coulomb-14        LJ (SR)   Coulomb (SR)   Coul. recip.
    3.82063e+02    1.06767e+04    6.52412e+04   -6.24889e+05    1.50853e+03
      Potential Pressure (bar)
   -5.46580e+05   -6.87480e+03

           Step           Time
            133      133.00000

   Energies (kJ/mol)
           Bond            U-B    Proper Dih.  Improper Dih.      CMAP Dih.
    2.60217e+02    4.22343e+02    7.69225e+01    1.10356e+01   -1.26605e+02
          LJ-14     Coulomb-14        LJ (SR)   Coulomb (SR)   Coul. recip.
    3.82750e+02    1.06721e+04    6.52780e+04   -6.25128e+05    1.50689e+03
      Potential Pressure (bar)
   -5.46645e+05   -6.89052e+03

           Step           Time
            134      134.00000

   Energies (kJ/mol)
           Bond            U-B    Proper Dih.  Improper Dih.      CMAP Dih.
    1.96008e+02    3.89332e+02    7.70105e+01    1.11285e+01   -1.26303e+02
          LJ-14     Coulomb-14        LJ (SR)   Coulomb (SR)   Coul. recip.
    3.81784e+02    1.06771e+04    6.52941e+04   -6.25235e+05    1.50611e+03
      Potential Pressure (bar)
   -5.46828e+05   -6.88662e+03

           Step           Time
            135      135.00000

           Step           Time
            136      136.00000

   Energies (kJ/mol)
           Bond            U-B    Proper Dih.  Improper Dih.      CMAP Dih.
    1.44506e+02    3.88382e+02    7.66618e+01    1.10011e+01   -1.26517e+02
          LJ-14     Coulomb-14        LJ (SR)   Coulomb (SR)   Coul. recip.
    3.82116e+02    1.06740e+04    6.53099e+04   -6.25336e+05    1.50534e+03
      Potential Pressure (bar)
   -5.46971e+05   -6.89081e+03

           Step           Time
            137      137.00000

   Energies (kJ/mol)
           Bond            U-B    Proper Dih.  Improper Dih.      CMAP Dih.
    2.37538e+02    3.96070e+02    7.66291e+01    1.11797e+01   -1.26294e+02
          LJ-14     Coulomb-14        LJ (SR)   Coulomb (SR)   Coul. recip.
    3.81568e+02    1.06774e+04    6.53485e+04   -6.25577e+05    1.50377e+03
      Potential Pressure (bar)
   -5.47071e+05   -6.89822e+03

           Step           Time
            138      138.00000

   Energies (kJ/mol)
           Bond            U-B    Proper Dih.  Improper Dih.      CMAP Dih.
    1.71676e+02    3.96950e+02    7.62125e+01    1.09902e+01   -1.26585e+02
          LJ-14     Coulomb-14        LJ (SR)   Coulomb (SR)   Coul. recip.
    3.82050e+02    1.06729e+04    6.53666e+04   -6.25690e+05    1.50292e+03
      Potential Pressure (bar)
   -5.47236e+05   -6.90326e+03

           Step           Time
            139      139.00000

   Energies (kJ/mol)
           Bond            U-B    Proper Dih.  Improper Dih.      CMAP Dih.
    3.14792e+02    4.09857e+02    7.63723e+01    1.12339e+01   -1.26252e+02
          LJ-14     Coulomb-14        LJ (SR)   Coulomb (SR)   Coul. recip.
    3.81373e+02    1.06779e+04    6.53989e+04   -6.25883e+05    1.50177e+03
      Potential Pressure (bar)
   -5.47237e+05   -6.90940e+03

           Step           Time
            140      140.00000

   Energies (kJ/mol)
           Bond            U-B    Proper Dih.  Improper Dih.      CMAP Dih.
    2.36738e+02    4.15492e+02    7.58557e+01    1.09700e+01   -1.26652e+02
          LJ-14     Coulomb-14        LJ (SR)   Coulomb (SR)   Coul. recip.
    3.82104e+02    1.06715e+04    6.54190e+04   -6.26004e+05    1.50085e+03
      Potential Pressure (bar)
   -5.47419e+05   -6.91577e+03

           Step           Time
            141      141.00000

           Step           Time
            142      142.00000

   Energies (kJ/mol)
           Bond            U-B    Proper Dih.  Improper Dih.      CMAP Dih.
    1.47717e+02    3.81593e+02    7.58327e+01    1.10308e+01   -1.26454e+02
          LJ-14     Coulomb-14        LJ (SR)   Coulomb (SR)   Coul. recip.
    3.81365e+02    1.06753e+04    6.54328e+04   -6.26088e+05    1.50026e+03
      Potential Pressure (bar)
   -5.47608e+05   -6.91149e+03

           Step           Time
            143      143.00000

   Energies (kJ/mol)
           Bond            U-B    Proper Dih.  Improper Dih.      CMAP Dih.
    3.00288e+02    4.32266e+02    7.53943e+01    1.10220e+01   -1.26716e+02
          LJ-14     Coulomb-14        LJ (SR)   Coulomb (SR)   Coul. recip.
    3.82103e+02    1.06703e+04    6.54836e+04   -6.26379e+05    1.49842e+03
      Potential Pressure (bar)
   -5.47653e+05   -6.92925e+03

           Step           Time
            144      144.00000

   Energies (kJ/mol)
           Bond            U-B    Proper Dih.  Improper Dih.      CMAP Dih.
    1.85237e+02    3.86579e+02    7.54358e+01    1.10744e+01   -1.26427e+02
          LJ-14     Coulomb-14        LJ (SR)   Coulomb (SR)   Coul. recip.
    3.81058e+02    1.06758e+04    6.54992e+04   -6.26471e+05    1.49779e+03
      Potential Pressure (bar)
   -5.47885e+05   -6.92281e+03

           Step           Time
            145      145.00000

           Step           Time
            146      146.00000

   Energies (kJ/mol)
           Bond            U-B    Proper Dih.  Improper Dih.      CMAP Dih.
    1.55689e+02    3.91334e+02    7.51108e+01    1.09591e+01   -1.26633e+02
          LJ-14     Coulomb-14        LJ (SR)   Coulomb (SR)   Coul. recip.
    3.81422e+02    1.06724e+04    6.55187e+04   -6.26581e+05    1.49702e+03
      Potential Pressure (bar)
   -5.48005e+05   -6.92744e+03

           Step           Time
            147      147.00000

   Energies (kJ/mol)
           Bond            U-B    Proper Dih.  Improper Dih.      CMAP Dih.
    2.25812e+02    3.92996e+02    7.51314e+01    1.11233e+01   -1.26412e+02
          LJ-14     Coulomb-14        LJ (SR)   Coulomb (SR)   Coul. recip.
    3.80870e+02    1.06761e+04    6.55506e+04   -6.26758e+05    1.49600e+03
      Potential Pressure (bar)
   -5.48075e+05   -6.93146e+03

           Step           Time
            148      148.00000

   Energies (kJ/mol)
           Bond            U-B    Proper Dih.  Improper Dih.      CMAP Dih.
    1.91952e+02    4.02215e+02    7.47551e+01    1.09511e+01   -1.26692e+02
          LJ-14     Coulomb-14        LJ (SR)   Coulomb (SR)   Coul. recip.
    3.81403e+02    1.06713e+04    6.55720e+04   -6.26875e+05    1.49518e+03
      Potential Pressure (bar)
   -5.48202e+05   -6.93710e+03

           Step           Time
            149      149.00000

   Energies (kJ/mol)
           Bond            U-B    Proper Dih.  Improper Dih.      CMAP Dih.
    3.03741e+02    4.06646e+02    7.49142e+01    1.11818e+01   -1.26369e+02
          LJ-14     Coulomb-14        LJ (SR)   Coulomb (SR)   Coul. recip.
    3.80694e+02    1.06767e+04    6.56013e+04   -6.27032e+05    1.49436e+03
      Potential Pressure (bar)
   -5.48209e+05   -6.94071e+03

           Step           Time
            150      150.00000

   Energies (kJ/mol)
           Bond            U-B    Proper Dih.  Improper Dih.      CMAP Dih.
    2.72908e+02    4.24643e+02    7.44655e+01    1.09418e+01   -1.26753e+02
          LJ-14     Coulomb-14        LJ (SR)   Coulomb (SR)   Coul. recip.
    3.81499e+02    1.06697e+04    6.56243e+04   -6.27156e+05    1.49348e+03
      Potential Pressure (bar)
   -5.48331e+05   -6.94796e+03

           Step           Time
            151      151.00000

           Step           Time
            152      152.00000

   Energies (kJ/mol)
           Bond            U-B    Proper Dih.  Improper Dih.      CMAP Dih.
    1.41869e+02    3.80410e+02    7.44036e+01    1.09788e+01   -1.26565e+02
          LJ-14     Coulomb-14        LJ (SR)   Coulomb (SR)   Coul. recip.
    3.80703e+02    1.06739e+04    6.56374e+04   -6.27228e+05    1.49299e+03
      Potential Pressure (bar)
   -5.48562e+05   -6.94179e+03

           Step           Time
            153      153.00000

   Energies (kJ/mol)
           Bond            U-B    Proper Dih.  Improper Dih.      CMAP Dih.
    3.48913e+02    4.44129e+02    7.39043e+01    1.10366e+01   -1.26823e+02
          LJ-14     Coulomb-14        LJ (SR)   Coulomb (SR)   Coul. recip.
    3.81480e+02    1.06684e+04    6.57113e+04   -6.27609e+05    1.49075e+03
      Potential Pressure (bar)
   -5.48606e+05   -6.96209e+03

           Step           Time
            154      154.00000

   Energies (kJ/mol)
           Bond            U-B    Proper Dih.  Improper Dih.      CMAP Dih.
    1.75703e+02    3.84268e+02    7.39005e+01    1.10308e+01   -1.26549e+02
          LJ-14     Coulomb-14        LJ (SR)   Coulomb (SR)   Coul. recip.
    3.80346e+02    1.06744e+04    6.57264e+04   -6.27690e+05    1.49022e+03
      Potential Pressure (bar)
   -5.48900e+05   -6.95343e+03

           Step           Time
            155      155.00000

           Step           Time
            156      156.00000

   Energies (kJ/mol)
           Bond            U-B    Proper Dih.  Improper Dih.      CMAP Dih.
    1.70928e+02    3.95377e+02    7.35975e+01    1.09279e+01   -1.26746e+02
          LJ-14     Coulomb-14        LJ (SR)   Coulomb (SR)   Coul. recip.
    3.80739e+02    1.06707e+04    6.57504e+04   -6.27811e+05    1.48944e+03
      Potential Pressure (bar)
   -5.48996e+05   -6.95838e+03

           Step           Time
            157      157.00000

   Energies (kJ/mol)
           Bond            U-B    Proper Dih.  Improper Dih.      CMAP Dih.
    2.15232e+02    3.90286e+02    7.36379e+01    1.10733e+01   -1.26531e+02
          LJ-14     Coulomb-14        LJ (SR)   Coulomb (SR)   Coul. recip.
    3.80169e+02    1.06747e+04    6.57781e+04   -6.27949e+05    1.48873e+03
      Potential Pressure (bar)
   -5.49064e+05   -6.96031e+03

           Step           Time
            158      158.00000

   Energies (kJ/mol)
           Bond            U-B    Proper Dih.  Improper Dih.      CMAP Dih.
    2.17789e+02    4.08840e+02    7.33025e+01    1.09218e+01   -1.26798e+02
          LJ-14     Coulomb-14        LJ (SR)   Coulomb (SR)   Coul. recip.
    3.80750e+02    1.06694e+04    6.58031e+04   -6.28073e+05    1.48792e+03
      Potential Pressure (bar)
   -5.49148e+05   -6.96634e+03

           Step           Time
            159      159.00000

   Energies (kJ/mol)
           Bond            U-B    Proper Dih.  Improper Dih.      CMAP Dih.
    2.94085e+02    4.03792e+02    7.34485e+01    1.11328e+01   -1.26489e+02
          LJ-14     Coulomb-14        LJ (SR)   Coulomb (SR)   Coul. recip.
    3.80006e+02    1.06754e+04    6.58302e+04   -6.28205e+05    1.48733e+03
      Potential Pressure (bar)
   -5.49176e+05   -6.96819e+03

           Step           Time
            160      160.00000

   Energies (kJ/mol)
           Bond            U-B    Proper Dih.  Improper Dih.      CMAP Dih.
    3.17414e+02    4.35663e+02    7.30694e+01    1.09226e+01   -1.26851e+02
          LJ-14     Coulomb-14        LJ (SR)   Coulomb (SR)   Coul. recip.
    3.80883e+02    1.06677e+04    6.58562e+04   -6.28331e+05    1.48649e+03
      Potential Pressure (bar)
   -5.49229e+05   -6.97602e+03

           Step           Time
            161      161.00000

           Step           Time
            162      162.00000

   Energies (kJ/mol)
           Bond            U-B    Proper Dih.  Improper Dih.      CMAP Dih.
    1.37577e+02    3.79742e+02    7.29618e+01    1.09306e+01   -1.26677e+02
          LJ-14     Coulomb-14        LJ (SR)   Coulomb (SR)   Coul. recip.
    3.80027e+02    1.06724e+04    6.58686e+04   -6.28394e+05    1.48606e+03
      Potential Pressure (bar)
   -5.49512e+05   -6.96818e+03

           Step           Time
            163      163.00000

   Energies (kJ/mol)
           Bond            U-B    Proper Dih.  Improper Dih.      CMAP Dih.
    4.07775e+02    4.57798e+02    7.22666e+01    1.11061e+01   -1.26938e+02
          LJ-14     Coulomb-14        LJ (SR)   Coulomb (SR)   Coul. recip.
    3.80797e+02    1.06660e+04    6.59898e+04   -6.28960e+05    1.48295e+03
      Potential Pressure (bar)
   -5.49618e+05   -6.99186e+03

           Step           Time
            164      164.00000

   Energies (kJ/mol)
           Bond            U-B    Proper Dih.  Improper Dih.      CMAP Dih.
    1.67382e+02    3.82274e+02    7.22262e+01    1.10025e+01   -1.26685e+02
          LJ-14     Coulomb-14        LJ (SR)   Coulomb (SR)   Coul. recip.
    3.79566e+02    1.06727e+04    6.60044e+04   -6.29032e+05    1.48251e+03
      Potential Pressure (bar)
   -5.49986e+05   -6.98143e+03

           Step           Time
            165      165.00000

           Step           Time
            166      166.00000

   Energies (kJ/mol)
           Bond            U-B    Proper Dih.  Improper Dih.      CMAP Dih.
    1.91096e+02    4.00567e+02    7.19539e+01    1.09058e+01   -1.26866e+02
          LJ-14     Coulomb-14        LJ (SR)   Coulomb (SR)   Coul. recip.
    3.79975e+02    1.06686e+04    6.60341e+04   -6.29167e+05    1.48170e+03
      Potential Pressure (bar)
   -5.50055e+05   -6.98629e+03

           Step           Time
            167      167.00000

   Energies (kJ/mol)
           Bond            U-B    Proper Dih.  Improper Dih.      CMAP Dih.
    2.05795e+02    3.87843e+02    7.19942e+01    1.10266e+01   -1.26665e+02
          LJ-14     Coulomb-14        LJ (SR)   Coulomb (SR)   Coul. recip.
    3.79391e+02    1.06732e+04    6.60590e+04   -6.29279e+05    1.48121e+03
      Potential Pressure (bar)
   -5.50136e+05   -6.98705e+03

           Step           Time
            168      168.00000

   Energies (kJ/mol)
           Bond            U-B    Proper Dih.  Improper Dih.      CMAP Dih.
    2.50667e+02    4.16936e+02    7.17056e+01    1.09001e+01   -1.26911e+02
          LJ-14     Coulomb-14        LJ (SR)   Coulomb (SR)   Coul. recip.
    3.80007e+02    1.06672e+04    6.60882e+04   -6.29410e+05    1.48041e+03
      Potential Pressure (bar)
   -5.50170e+05   -6.99290e+03

           Step           Time
            169      169.00000

   Energies (kJ/mol)
           Bond            U-B    Proper Dih.  Improper Dih.      CMAP Dih.
    2.86055e+02    4.01204e+02    7.18272e+01    1.10835e+01   -1.26624e+02
          LJ-14     Coulomb-14        LJ (SR)   Coulomb (SR)   Coul. recip.
    3.79241e+02    1.06740e+04    6.61137e+04   -6.29523e+05    1.47999e+03
      Potential Pressure (bar)
   -5.50232e+05   -6.99393e+03

           Step           Time
            170      170.00000

           Step           Time
            171      171.00000

   Energies (kJ/mol)
           Bond            U-B    Proper Dih.  Improper Dih.      CMAP Dih.
    1.35967e+02    3.82485e+02    7.14727e+01    1.08799e+01   -1.26826e+02
          LJ-14     Coulomb-14        LJ (SR)   Coulomb (SR)   Coul. recip.
    3.79424e+02    1.06698e+04    6.61275e+04   -6.29586e+05    1.47943e+03
      Potential Pressure (bar)
   -5.50456e+05   -6.99064e+03

           Step           Time
            172      172.00000

   Energies (kJ/mol)
           Bond            U-B    Proper Dih.  Improper Dih.      CMAP Dih.
    3.63765e+02    4.13906e+02    7.11596e+01    1.12110e+01   -1.26651e+02
          LJ-14     Coulomb-14        LJ (SR)   Coulomb (SR)   Coul. recip.
    3.79019e+02    1.06742e+04    6.62415e+04   -6.30078e+05    1.47714e+03
      Potential Pressure (bar)
   -5.50572e+05   -7.00597e+03

           Step           Time
            173      173.00000

   Energies (kJ/mol)
           Bond            U-B    Proper Dih.  Improper Dih.      CMAP Dih.
    1.58312e+02    3.90423e+02    7.07646e+01    1.08984e+01   -1.26916e+02
          LJ-14     Coulomb-14        LJ (SR)   Coulomb (SR)   Coul. recip.
    3.79218e+02    1.06681e+04    6.62576e+04   -6.30149e+05    1.47644e+03
      Potential Pressure (bar)
   -5.50864e+05   -7.00047e+03

           Step           Time
            174      174.00000

           Step           Time
            175      175.00000

   Energies (kJ/mol)
           Bond            U-B    Proper Dih.  Improper Dih.      CMAP Dih.
    1.84038e+02    3.83929e+02    7.07436e+01    1.09919e+01   -1.26779e+02
          LJ-14     Coulomb-14        LJ (SR)   Coulomb (SR)   Coul. recip.
    3.78844e+02    1.06717e+04    6.62864e+04   -6.30271e+05    1.47593e+03
      Potential Pressure (bar)
   -5.50935e+05   -7.00279e+03

           Step           Time
            176      176.00000

   Energies (kJ/mol)
           Bond            U-B    Proper Dih.  Improper Dih.      CMAP Dih.
    1.88423e+02    3.99243e+02    7.05083e+01    1.08733e+01   -1.26953e+02
          LJ-14     Coulomb-14        LJ (SR)   Coulomb (SR)   Coul. recip.
    3.79184e+02    1.06670e+04    6.63131e+04   -6.30383e+05    1.47525e+03
      Potential Pressure (bar)
   -5.51006e+05   -7.00487e+03

           Step           Time
            177      177.00000

   Energies (kJ/mol)
           Bond            U-B    Proper Dih.  Improper Dih.      CMAP Dih.
    2.33104e+02    3.91527e+02    7.05493e+01    1.10284e+01   -1.26758e+02
          LJ-14     Coulomb-14        LJ (SR)   Coulomb (SR)   Coul. recip.
    3.78691e+02    1.06723e+04    6.63416e+04   -6.30502e+05    1.47483e+03
      Potential Pressure (bar)
   -5.51055e+05   -7.00788e+03

           Step           Time
            178      178.00000

   Energies (kJ/mol)
           Bond            U-B    Proper Dih.  Improper Dih.      CMAP Dih.
    2.52383e+02    4.16529e+02    7.02866e+01    1.08642e+01   -1.26996e+02
          LJ-14     Coulomb-14        LJ (SR)   Coulomb (SR)   Coul. recip.
    3.79226e+02    1.06654e+04    6.63688e+04   -6.30613e+05    1.47411e+03
      Potential Pressure (bar)
   -5.51103e+05   -7.01023e+03

           Step           Time
            179      179.00000

   Energies (kJ/mol)
           Bond            U-B    Proper Dih.  Improper Dih.      CMAP Dih.
    3.32999e+02    4.08575e+02    7.04232e+01    1.10997e+01   -1.26717e+02
          LJ-14     Coulomb-14        LJ (SR)   Coulomb (SR)   Coul. recip.
    3.78579e+02    1.06733e+04    6.63973e+04   -6.30731e+05    1.47381e+03
      Potential Pressure (bar)
   -5.51111e+05   -7.01473e+03

           Step           Time
            180      180.00000

           Step           Time
            181      181.00000

   Energies (kJ/mol)
           Bond            U-B    Proper Dih.  Improper Dih.      CMAP Dih.
    1.34809e+02    3.81227e+02    7.00498e+01    1.08537e+01   -1.26914e+02
          LJ-14     Coulomb-14        LJ (SR)   Coulomb (SR)   Coul. recip.
    3.78671e+02    1.06685e+04    6.64102e+04   -6.30786e+05    1.47323e+03
      Potential Pressure (bar)
   -5.51385e+05   -7.00799e+03


Steepest Descents converged to Fmax < 1000 in 182 steps
Potential Energy  = -5.51385071433641e+05
Maximum force     =  6.91195379554304e+02 on atom 111
Norm of force     =  4.02524327257623e+01

    D O M A I N   D E C O M P O S I T I O N   S T A T I S T I C S

 av. #atoms communicated per step for force:  2 x 0.0

Finished mdrun on rank 0 Fri Jul 21 07:03:15 2023

