      :-) GROMACS - gmx mdrun, 2022.5-plumed_2.9.0 (double precision) (-:

Copyright 1991-2022 The GROMACS Authors.
GROMACS is free software; you can redistribute it and/or modify it
under the terms of the GNU Lesser General Public License
as published by the Free Software Foundation; either version 2.1
of the License, or (at your option) any later version.

                         Current GROMACS contributors:
       Mark Abraham           Andrey Alekseenko           Cathrine Bergh      
      Christian Blau            Eliane Briand               Kevin Boyd        
     Oliver Fleetwood         Stefan Fleischmann           Vytas Gapsys       
       Gaurav Garg           Gilles Gouaillardet            Alan Gray         
      Victor Holanda           M. Eric Irrgang              Joe Jordan        
    Christoph Junghans        Prashanth Kanduri           Sebastian Kehl      
     Sebastian Keller          Carsten Kutzner           Magnus Lundborg      
       Pascal Merz              Dmitry Morozov             Szilard Pall       
      Roland Schulz             Michael Shirts         David van der Spoel    
     Alessandra Villa      Sebastian Wingbermuehle        Artem Zhmurov       

                         Previous GROMACS contributors:
        Emile Apol             Rossen Apostolov           James Barnett       
  Herman J.C. Berendsen          Par Bjelkmar           Viacheslav Bolnykh    
    Aldert van Buuren          Carlo Camilloni           Rudi van Drunen      
      Anton Feenstra           Gerrit Groenhof            Bert de Groot       
      Anca Hamuraru           Vincent Hindriksen         Aleksei Iupinov      
   Dimitrios Karkoulis           Peter Kasson               Jiri Kraus        
       Per Larsson             Justin A. Lemkul           Viveca Lindahl      
      Erik Marklund           Pieter Meulenhoff           Vedran Miletic      
      Teemu Murtola              Sander Pronk            Alexey Shvetsov      
      Alfons Sijbers            Peter Tieleman             Jon Vincent        
     Teemu Virolainen         Christian Wennberg           Maarten Wolf       

                  Coordinated by the GROMACS project leaders:
                    Paul Bauer, Berk Hess, and Erik Lindahl

GROMACS:      gmx mdrun, version 2022.5-plumed_2.9.0 (double precision)
Executable:   /home/zcbtar9/software/gromacs-2022.5-plumed-2.9.0/bin/gmx_mpi_d
Data prefix:  /home/zcbtar9/software/gromacs-2022.5-plumed-2.9.0
Working dir:  /lustre/home/zcbtar9/projects/amyloid-beta-research/AB42_alone/system/simulations/confirmation37
Process ID:   40575
Command line:
  gmx_mpi_d mdrun -s npt_input.tpr -multidir system/simulations/confirmation0 system/simulations/confirmation1 system/simulations/confirmation2 system/simulations/confirmation3 system/simulations/confirmation4 system/simulations/confirmation5 system/simulations/confirmation6 system/simulations/confirmation7 system/simulations/confirmation8 system/simulations/confirmation9 system/simulations/confirmation10 system/simulations/confirmation11 system/simulations/confirmation12 system/simulations/confirmation13 system/simulations/confirmation14 system/simulations/confirmation15 system/simulations/confirmation16 system/simulations/confirmation17 system/simulations/confirmation18 system/simulations/confirmation19 system/simulations/confirmation20 system/simulations/confirmation21 system/simulations/confirmation22 system/simulations/confirmation23 system/simulations/confirmation24 system/simulations/confirmation25 system/simulations/confirmation26 system/simulations/confirmation27 system/simulations/confirmation28 system/simulations/confirmation29 system/simulations/confirmation30 system/simulations/confirmation31 system/simulations/confirmation32 system/simulations/confirmation33 system/simulations/confirmation34 system/simulations/confirmation35 system/simulations/confirmation36 system/simulations/confirmation37 system/simulations/confirmation38 system/simulations/confirmation39 system/simulations/confirmation40 system/simulations/confirmation41 system/simulations/confirmation42 system/simulations/confirmation43 system/simulations/confirmation44 system/simulations/confirmation45 system/simulations/confirmation46 system/simulations/confirmation47 -o npt.trr -x npt.xtc -c npt_output.gro -g npt.log -e npt.edr -v -maxh 10 -ntomp 1

GROMACS version:    2022.5-plumed_2.9.0
Precision:          double
Memory model:       64 bit
MPI library:        MPI
OpenMP support:     enabled (GMX_OPENMP_MAX_THREADS = 128)
GPU support:        disabled
SIMD instructions:  AVX_512
CPU FFT library:    fftpack (built-in)
GPU FFT library:    none
RDTSCP usage:       enabled
TNG support:        enabled
Hwloc support:      disabled
Tracing support:    disabled
C compiler:         /shared/ucl/apps/gcc/10.2.0-p95889/bin/gcc GNU 10.2.0
C compiler flags:   -mavx512f -mfma -mavx512vl -mavx512dq -mavx512bw -Wno-missing-field-initializers -fexcess-precision=fast -funroll-all-loops -pthread -O3 -DNDEBUG
C++ compiler:       /shared/ucl/apps/gcc/10.2.0-p95889/bin/g++ GNU 10.2.0
C++ compiler flags: -mavx512f -mfma -mavx512vl -mavx512dq -mavx512bw -pthread -Wno-missing-field-initializers -fexcess-precision=fast -funroll-all-loops -pthread -fopenmp -O3 -DNDEBUG


Running on 2 nodes with total 80 cores, 80 processing units
  Cores per node:           40
  Logical processing units per node:   -40 - 40
  OS CPU Limit / recommended threads to start per node:   40
Hardware detected on host node-c11a-032 (the node of MPI rank 37):
  CPU info:
    Vendor: Intel
    Brand:  Intel(R) Xeon(R) Gold 6248 CPU @ 2.50GHz
    Family: 6   Model: 85   Stepping: 7
    Features: aes apic avx avx2 avx512f avx512cd avx512bw avx512vl avx512secondFMA clfsh cmov cx8 cx16 f16c fma hle htt intel lahf mmx msr nonstop_tsc pcid pclmuldq pdcm pdpe1gb popcnt pse rdrnd rdtscp rtm sse2 sse3 sse4.1 sse4.2 ssse3 tdt x2apic
    Number of AVX-512 FMA units: 2
  Hardware topology: Basic
    Packages, cores, and logical processors:
    [indices refer to OS logical processors]
      Package  0: [   0] [   1] [   2] [   3] [   4] [   5] [   6] [   7] [   8] [   9] [  10] [  11] [  12] [  13] [  14] [  15] [  16] [  17] [  18] [  19]
      Package  1: [  20] [  21] [  22] [  23] [  24] [  25] [  26] [  27] [  28] [  29] [  30] [  31] [  32] [  33] [  34] [  35] [  36] [  37] [  38] [  39]
    CPU limit set by OS: -1   Recommended max number of threads: 40


++++ PLEASE READ AND CITE THE FOLLOWING REFERENCE ++++
M. J. Abraham, T. Murtola, R. Schulz, S. Páll, J. C. Smith, B. Hess, E.
Lindahl
GROMACS: High performance molecular simulations through multi-level
parallelism from laptops to supercomputers
SoftwareX 1 (2015) pp. 19-25
-------- -------- --- Thank You --- -------- --------


++++ PLEASE READ AND CITE THE FOLLOWING REFERENCE ++++
S. Páll, M. J. Abraham, C. Kutzner, B. Hess, E. Lindahl
Tackling Exascale Software Challenges in Molecular Dynamics Simulations with
GROMACS
In S. Markidis & E. Laure (Eds.), Solving Software Challenges for Exascale 8759 (2015) pp. 3-27
-------- -------- --- Thank You --- -------- --------


++++ PLEASE READ AND CITE THE FOLLOWING REFERENCE ++++
S. Pronk, S. Páll, R. Schulz, P. Larsson, P. Bjelkmar, R. Apostolov, M. R.
Shirts, J. C. Smith, P. M. Kasson, D. van der Spoel, B. Hess, and E. Lindahl
GROMACS 4.5: a high-throughput and highly parallel open source molecular
simulation toolkit
Bioinformatics 29 (2013) pp. 845-54
-------- -------- --- Thank You --- -------- --------


++++ PLEASE READ AND CITE THE FOLLOWING REFERENCE ++++
B. Hess and C. Kutzner and D. van der Spoel and E. Lindahl
GROMACS 4: Algorithms for highly efficient, load-balanced, and scalable
molecular simulation
J. Chem. Theory Comput. 4 (2008) pp. 435-447
-------- -------- --- Thank You --- -------- --------


++++ PLEASE READ AND CITE THE FOLLOWING REFERENCE ++++
D. van der Spoel, E. Lindahl, B. Hess, G. Groenhof, A. E. Mark and H. J. C.
Berendsen
GROMACS: Fast, Flexible and Free
J. Comp. Chem. 26 (2005) pp. 1701-1719
-------- -------- --- Thank You --- -------- --------


++++ PLEASE READ AND CITE THE FOLLOWING REFERENCE ++++
E. Lindahl and B. Hess and D. van der Spoel
GROMACS 3.0: A package for molecular simulation and trajectory analysis
J. Mol. Mod. 7 (2001) pp. 306-317
-------- -------- --- Thank You --- -------- --------


++++ PLEASE READ AND CITE THE FOLLOWING REFERENCE ++++
H. J. C. Berendsen, D. van der Spoel and R. van Drunen
GROMACS: A message-passing parallel molecular dynamics implementation
Comp. Phys. Comm. 91 (1995) pp. 43-56
-------- -------- --- Thank You --- -------- --------


The number of OpenMP threads was set by environment variable OMP_NUM_THREADS to 1 (and the command-line setting agreed with that)

Input Parameters:
   integrator                     = md
   tinit                          = 0
   dt                             = 0.002
   nsteps                         = 250000
   init-step                      = 0
   simulation-part                = 1
   mts                            = false
   comm-mode                      = Linear
   nstcomm                        = 100
   bd-fric                        = 0
   ld-seed                        = -1091043841
   emtol                          = 10
   emstep                         = 0.01
   niter                          = 20
   fcstep                         = 0
   nstcgsteep                     = 1000
   nbfgscorr                      = 10
   rtpi                           = 0.05
   nstxout                        = 5000
   nstvout                        = 5000
   nstfout                        = 0
   nstlog                         = 5000
   nstcalcenergy                  = 100
   nstenergy                      = 2500
   nstxout-compressed             = 5000
   compressed-x-precision         = 1000
   cutoff-scheme                  = Verlet
   nstlist                        = 20
   pbc                            = xyz
   periodic-molecules             = false
   verlet-buffer-tolerance        = 0.001
   rlist                          = 1.073
   coulombtype                    = PME
   coulomb-modifier               = Potential-shift
   rcoulomb-switch                = 0
   rcoulomb                       = 1
   epsilon-r                      = 1
   epsilon-rf                     = 1
   vdw-type                       = Cut-off
   vdw-modifier                   = Potential-shift
   rvdw-switch                    = 0
   rvdw                           = 1
   DispCorr                       = No
   table-extension                = 1
   fourierspacing                 = 0.12
   fourier-nx                     = 72
   fourier-ny                     = 72
   fourier-nz                     = 72
   pme-order                      = 4
   ewald-rtol                     = 1e-05
   ewald-rtol-lj                  = 0.001
   lj-pme-comb-rule               = Geometric
   ewald-geometry                 = 3d
   epsilon-surface                = 0
   tcoupl                         = V-rescale
   nsttcouple                     = 10
   nh-chain-length                = 0
   print-nose-hoover-chain-variables = false
   pcoupl                         = C-rescale
   pcoupltype                     = Isotropic
   nstpcouple                     = 10
   tau-p                          = 5
   compressibility (3x3):
      compressibility[    0]={ 4.50000e-05,  0.00000e+00,  0.00000e+00}
      compressibility[    1]={ 0.00000e+00,  4.50000e-05,  0.00000e+00}
      compressibility[    2]={ 0.00000e+00,  0.00000e+00,  4.50000e-05}
   ref-p (3x3):
      ref-p[    0]={ 1.00000e+00,  0.00000e+00,  0.00000e+00}
      ref-p[    1]={ 0.00000e+00,  1.00000e+00,  0.00000e+00}
      ref-p[    2]={ 0.00000e+00,  0.00000e+00,  1.00000e+00}
   refcoord-scaling               = COM
   posres-com (3):
      posres-com[0]= 4.95244e-01
      posres-com[1]= 6.43301e-01
      posres-com[2]= 4.73260e-01
   posres-comB (3):
      posres-comB[0]= 4.95244e-01
      posres-comB[1]= 6.43301e-01
      posres-comB[2]= 4.73260e-01
   QMMM                           = false
qm-opts:
   ngQM                           = 0
   constraint-algorithm           = Lincs
   continuation                   = false
   Shake-SOR                      = false
   shake-tol                      = 0.0001
   lincs-order                    = 4
   lincs-iter                     = 1
   lincs-warnangle                = 30
   nwall                          = 0
   wall-type                      = 9-3
   wall-r-linpot                  = -1
   wall-atomtype[0]               = -1
   wall-atomtype[1]               = -1
   wall-density[0]                = 0
   wall-density[1]                = 0
   wall-ewald-zfac                = 3
   pull                           = false
   awh                            = false
   rotation                       = false
   interactiveMD                  = false
   disre                          = No
   disre-weighting                = Conservative
   disre-mixed                    = false
   dr-fc                          = 1000
   dr-tau                         = 0
   nstdisreout                    = 100
   orire-fc                       = 0
   orire-tau                      = 0
   nstorireout                    = 100
   free-energy                    = no
   cos-acceleration               = 0
   deform (3x3):
      deform[    0]={ 0.00000e+00,  0.00000e+00,  0.00000e+00}
      deform[    1]={ 0.00000e+00,  0.00000e+00,  0.00000e+00}
      deform[    2]={ 0.00000e+00,  0.00000e+00,  0.00000e+00}
   simulated-tempering            = false
   swapcoords                     = no
   userint1                       = 0
   userint2                       = 0
   userint3                       = 0
   userint4                       = 0
   userreal1                      = 0
   userreal2                      = 0
   userreal3                      = 0
   userreal4                      = 0
   applied-forces:
     electric-field:
       x:
         E0                       = 0
         omega                    = 0
         t0                       = 0
         sigma                    = 0
       y:
         E0                       = 0
         omega                    = 0
         t0                       = 0
         sigma                    = 0
       z:
         E0                       = 0
         omega                    = 0
         t0                       = 0
         sigma                    = 0
     density-guided-simulation:
       active                     = false
       group                      = protein
       similarity-measure         = inner-product
       atom-spreading-weight      = unity
       force-constant             = 1e+09
       gaussian-transform-spreading-width = 0.2
       gaussian-transform-spreading-range-in-multiples-of-width = 4
       reference-density-filename = reference.mrc
       nst                        = 1
       normalize-densities        = true
       adaptive-force-scaling     = false
       adaptive-force-scaling-time-constant = 4
       shift-vector               = 
       transformation-matrix      = 
     qmmm-cp2k:
       active                     = false
       qmgroup                    = System
       qmmethod                   = PBE
       qmfilenames                = 
       qmcharge                   = 0
       qmmultiplicity             = 1
grpopts:
   nrdf:       71785
   ref-t:         278
   tau-t:           1
annealing:          No
annealing-npoints:           0
   acc:	           0           0           0
   nfreeze:           N           N           N
   energygrp-flags[  0]: 0

Changing nstlist from 20 to 25, rlist from 1.073 to 1.099


Initializing Domain Decomposition on 1 ranks
Dynamic load balancing: auto
Using update groups, nr 12023, average size 3.0 atoms, max. radius 0.139 nm
Minimum cell size due to atom displacement: 0.273 nm
Initial maximum distances in bonded interactions:
    two-body bonded interactions: 0.417 nm, LJ-14, atoms 521 529
  multi-body bonded interactions: 0.454 nm, CMAP Dih., atoms 436 445
Minimum cell size due to bonded interactions: 0.499 nm
Using 0 separate PME ranks because: there are too few total ranks for efficient splitting
Optimizing the DD grid for 1 cells with a minimum initial size of 0.499 nm
The maximum allowed number of cells is: X 13 Y 13 Z 11
Domain decomposition grid 1 x 1 x 1, separate PME ranks 0
PME domain decomposition: 1 x 1 x 1

The initial number of communication pulses is:
The initial domain decomposition cell size is:

The maximum allowed distance for atom groups involved in interactions is:
                 non-bonded interactions           1.377 nm
(the following are initial values, they could change due to box deformation)
            two-body bonded interactions  (-rdd)   1.377 nm
          multi-body bonded interactions  (-rdd)   1.377 nm

When dynamic load balancing gets turned on, these settings will change to:
The maximum number of communication pulses is:
The minimum size for domain decomposition cells is 1.377 nm
The requested allowed shrink of DD cells (option -dds) is: 0.80
The allowed shrink of domain decomposition cells is:
The maximum allowed distance for atom groups involved in interactions is:
                 non-bonded interactions           1.377 nm
            two-body bonded interactions  (-rdd)   1.377 nm
          multi-body bonded interactions  (-rdd)   1.377 nm

This is simulation 37 out of 48 running as a composite GROMACS
multi-simulation job. Setup for this simulation:

Using 1 MPI process

Non-default thread affinity set, disabling internal thread affinity

Using 1 OpenMP thread 

System total charge: 0.000
Will do PME sum in reciprocal space for electrostatic interactions.

++++ PLEASE READ AND CITE THE FOLLOWING REFERENCE ++++
U. Essmann, L. Perera, M. L. Berkowitz, T. Darden, H. Lee and L. G. Pedersen 
A smooth particle mesh Ewald method
J. Chem. Phys. 103 (1995) pp. 8577-8592
-------- -------- --- Thank You --- -------- --------

Using a Gaussian width (1/beta) of 0.320163 nm for Ewald
Potential shift: LJ r^-12: -1.000e+00 r^-6: -1.000e+00, Ewald -1.000e-05
Initialized non-bonded Coulomb Ewald tables, spacing: 9.33e-04 size: 1073

Generated table with 4198 data points for 1-4 COUL.
Tabscale = 2000 points/nm
Generated table with 4198 data points for 1-4 LJ6.
Tabscale = 2000 points/nm
Generated table with 4198 data points for 1-4 LJ12.
Tabscale = 2000 points/nm


Using SIMD 4x8 nonbonded short-range kernels

Using a dual 4x8 pair-list setup updated with dynamic pruning:
  outer list: updated every 25 steps, buffer 0.099 nm, rlist 1.099 nm
  inner list: updated every  5 steps, buffer 0.003 nm, rlist 1.003 nm
At tolerance 0.001 kJ/mol/ps per atom, equivalent classical 1x1 list would be:
  outer list: updated every 25 steps, buffer 0.171 nm, rlist 1.171 nm
  inner list: updated every  5 steps, buffer 0.018 nm, rlist 1.018 nm

Using Lorentz-Berthelot Lennard-Jones combination rule
Removing pbc first time

Linking all bonded interactions to atoms


Initializing LINear Constraint Solver

++++ PLEASE READ AND CITE THE FOLLOWING REFERENCE ++++
B. Hess and H. Bekker and H. J. C. Berendsen and J. G. E. M. Fraaije
LINCS: A Linear Constraint Solver for molecular simulations
J. Comp. Chem. 18 (1997) pp. 1463-1472
-------- -------- --- Thank You --- -------- --------

The number of constraints is 308

++++ PLEASE READ AND CITE THE FOLLOWING REFERENCE ++++
S. Miyamoto and P. A. Kollman
SETTLE: An Analytical Version of the SHAKE and RATTLE Algorithms for Rigid
Water Models
J. Comp. Chem. 13 (1992) pp. 952-962
-------- -------- --- Thank You --- -------- --------


++++ PLEASE READ AND CITE THE FOLLOWING REFERENCE ++++
G. Bussi, D. Donadio and M. Parrinello
Canonical sampling through velocity rescaling
J. Chem. Phys. 126 (2007) pp. 014101
-------- -------- --- Thank You --- -------- --------


++++ PLEASE READ AND CITE THE FOLLOWING REFERENCE ++++
M. Bernetti, G. Bussi
Pressure control using stochastic cell rescaling
J. Chem. Phys. 153 (2020) pp. 114107
-------- -------- --- Thank You --- -------- --------

There are: 35733 Atoms

Atom distribution over 1 domains: av 35733 stddev 0 min 35733 max 35733

Constraining the starting coordinates (step 0)

Constraining the coordinates at t0-dt (step 0)
Center of mass motion removal mode is Linear
We have the following groups for center of mass motion removal:
  0:  rest
RMS relative constraint deviation after constraining: 2.04e-06
Initial temperature: 275.996 K

Started mdrun on rank 0 Sat Jul 22 21:08:37 2023

           Step           Time
              0        0.00000

   Energies (kJ/mol)
           Bond            U-B    Proper Dih.  Improper Dih.      CMAP Dih.
    4.68230e+02    1.30512e+03    2.41689e+02    7.51884e+01   -1.34881e+02
          LJ-14     Coulomb-14        LJ (SR)   Coulomb (SR)   Coul. recip.
    4.16979e+02    1.06182e+04    7.86306e+04   -5.76957e+05    2.82198e+03
 Position Rest.      Potential    Kinetic En.   Total Energy  Conserved En.
    1.57520e-04   -4.82514e+05    8.22966e+04   -4.00218e+05   -4.00226e+05
    Temperature Pressure (bar)   Constr. rmsd
    2.75768e+02    1.74951e+02    1.65161e-06

           Step           Time
           5000       10.00000

   Energies (kJ/mol)
           Bond            U-B    Proper Dih.  Improper Dih.      CMAP Dih.
    4.91745e+02    1.31604e+03    2.10833e+02    9.50913e+01   -1.24108e+02
          LJ-14     Coulomb-14        LJ (SR)   Coulomb (SR)   Coul. recip.
    4.45773e+02    1.05416e+04    7.68896e+04   -5.75091e+05    2.84593e+03
 Position Rest.      Potential    Kinetic En.   Total Energy  Conserved En.
    1.74923e+02   -4.82203e+05    8.33270e+04   -3.98876e+05   -4.00204e+05
    Temperature Pressure (bar)   Constr. rmsd
    2.79221e+02    5.59478e+01    2.34063e-06

           Step           Time
          10000       20.00000

   Energies (kJ/mol)
           Bond            U-B    Proper Dih.  Improper Dih.      CMAP Dih.
    5.17225e+02    1.36531e+03    1.96775e+02    4.52515e+01   -1.32307e+02
          LJ-14     Coulomb-14        LJ (SR)   Coulomb (SR)   Coul. recip.
    4.45909e+02    1.05077e+04    7.66153e+04   -5.73818e+05    2.78738e+03
 Position Rest.      Potential    Kinetic En.   Total Energy  Conserved En.
    1.89107e+02   -4.81281e+05    8.31968e+04   -3.98084e+05   -4.00492e+05
    Temperature Pressure (bar)   Constr. rmsd
    2.78785e+02   -1.31167e+02    2.20334e-06

Writing checkpoint, step 11775 at Sat Jul 22 21:23:39 2023


           Step           Time
          15000       30.00000

   Energies (kJ/mol)
           Bond            U-B    Proper Dih.  Improper Dih.      CMAP Dih.
    4.74488e+02    1.39785e+03    2.30611e+02    7.63287e+01   -1.35886e+02
          LJ-14     Coulomb-14        LJ (SR)   Coulomb (SR)   Coul. recip.
    4.23705e+02    1.05840e+04    7.69357e+04   -5.74867e+05    2.83998e+03
 Position Rest.      Potential    Kinetic En.   Total Energy  Conserved En.
    1.97771e+02   -4.81843e+05    8.31576e+04   -3.98685e+05   -4.00178e+05
    Temperature Pressure (bar)   Constr. rmsd
    2.78653e+02   -2.58435e+01    2.41214e-06

           Step           Time
          20000       40.00000

   Energies (kJ/mol)
           Bond            U-B    Proper Dih.  Improper Dih.      CMAP Dih.
    4.85451e+02    1.26323e+03    2.18908e+02    7.09440e+01   -1.32271e+02
          LJ-14     Coulomb-14        LJ (SR)   Coulomb (SR)   Coul. recip.
    4.48530e+02    1.05659e+04    7.73879e+04   -5.76231e+05    2.81023e+03
 Position Rest.      Potential    Kinetic En.   Total Energy  Conserved En.
    1.54533e+02   -4.82958e+05    8.25654e+04   -4.00392e+05   -4.00307e+05
    Temperature Pressure (bar)   Constr. rmsd
    2.76669e+02   -1.74866e+01    2.32836e-06

Writing checkpoint, step 23550 at Sat Jul 22 21:38:38 2023


           Step           Time
          25000       50.00000

   Energies (kJ/mol)
           Bond            U-B    Proper Dih.  Improper Dih.      CMAP Dih.
    5.21670e+02    1.25778e+03    2.22803e+02    9.32893e+01   -1.33451e+02
          LJ-14     Coulomb-14        LJ (SR)   Coulomb (SR)   Coul. recip.
    4.40491e+02    1.05632e+04    7.72294e+04   -5.75581e+05    2.80282e+03
 Position Rest.      Potential    Kinetic En.   Total Energy  Conserved En.
    1.54399e+02   -4.82429e+05    8.30841e+04   -3.99345e+05   -4.00178e+05
    Temperature Pressure (bar)   Constr. rmsd
    2.78407e+02   -4.20855e-01    2.30885e-06

           Step           Time
          30000       60.00000

   Energies (kJ/mol)
           Bond            U-B    Proper Dih.  Improper Dih.      CMAP Dih.
    4.76719e+02    1.34217e+03    2.40417e+02    7.29010e+01   -1.33523e+02
          LJ-14     Coulomb-14        LJ (SR)   Coulomb (SR)   Coul. recip.
    4.44324e+02    1.05346e+04    7.72284e+04   -5.75959e+05    2.81553e+03
 Position Rest.      Potential    Kinetic En.   Total Energy  Conserved En.
    1.44673e+02   -4.82792e+05    8.27311e+04   -4.00061e+05   -3.99903e+05
    Temperature Pressure (bar)   Constr. rmsd
    2.77224e+02   -2.87216e+01    2.59842e-06

           Step           Time
          35000       70.00000

   Energies (kJ/mol)
           Bond            U-B    Proper Dih.  Improper Dih.      CMAP Dih.
    4.61202e+02    1.36111e+03    2.33426e+02    5.61501e+01   -1.27115e+02
          LJ-14     Coulomb-14        LJ (SR)   Coulomb (SR)   Coul. recip.
    4.53261e+02    1.06398e+04    7.77958e+04   -5.76559e+05    2.80282e+03
 Position Rest.      Potential    Kinetic En.   Total Energy  Conserved En.
    1.74692e+02   -4.82708e+05    8.24148e+04   -4.00293e+05   -3.99627e+05
    Temperature Pressure (bar)   Constr. rmsd
    2.76164e+02    9.35905e+01    2.40667e-06

Writing checkpoint, step 35225 at Sat Jul 22 21:53:38 2023


           Step           Time
          40000       80.00000

   Energies (kJ/mol)
           Bond            U-B    Proper Dih.  Improper Dih.      CMAP Dih.
    4.25853e+02    1.25178e+03    1.89757e+02    8.37028e+01   -1.26572e+02
          LJ-14     Coulomb-14        LJ (SR)   Coulomb (SR)   Coul. recip.
    4.39583e+02    1.05738e+04    7.67920e+04   -5.74681e+05    2.83841e+03
 Position Rest.      Potential    Kinetic En.   Total Energy  Conserved En.
    1.73722e+02   -4.82039e+05    8.32650e+04   -3.98774e+05   -4.00026e+05
    Temperature Pressure (bar)   Constr. rmsd
    2.79013e+02   -8.67617e+01    2.66657e-06

           Step           Time
          45000       90.00000

   Energies (kJ/mol)
           Bond            U-B    Proper Dih.  Improper Dih.      CMAP Dih.
    4.30763e+02    1.26841e+03    2.29234e+02    7.36328e+01   -1.21009e+02
          LJ-14     Coulomb-14        LJ (SR)   Coulomb (SR)   Coul. recip.
    4.60922e+02    1.05998e+04    7.74570e+04   -5.75862e+05    2.75433e+03
 Position Rest.      Potential    Kinetic En.   Total Energy  Conserved En.
    1.50168e+02   -4.82559e+05    8.30876e+04   -3.99472e+05   -3.99994e+05
    Temperature Pressure (bar)   Constr. rmsd
    2.78419e+02    2.50085e+01    2.05186e-06

Writing checkpoint, step 46900 at Sat Jul 22 22:08:38 2023


           Step           Time
          50000      100.00000

   Energies (kJ/mol)
           Bond            U-B    Proper Dih.  Improper Dih.      CMAP Dih.
    4.34755e+02    1.26304e+03    2.16457e+02    7.48282e+01   -1.24510e+02
          LJ-14     Coulomb-14        LJ (SR)   Coulomb (SR)   Coul. recip.
    4.56345e+02    1.06328e+04    7.78991e+04   -5.76725e+05    2.79354e+03
 Position Rest.      Potential    Kinetic En.   Total Energy  Conserved En.
    1.43109e+02   -4.82935e+05    8.26001e+04   -4.00335e+05   -3.99812e+05
    Temperature Pressure (bar)   Constr. rmsd
    2.76785e+02    8.04766e+01    2.20792e-06

           Step           Time
          55000      110.00000

   Energies (kJ/mol)
           Bond            U-B    Proper Dih.  Improper Dih.      CMAP Dih.
    4.16700e+02    1.29959e+03    2.57835e+02    9.35342e+01   -1.34714e+02
          LJ-14     Coulomb-14        LJ (SR)   Coulomb (SR)   Coul. recip.
    4.76637e+02    1.06117e+04    7.60092e+04   -5.74150e+05    2.78156e+03
 Position Rest.      Potential    Kinetic En.   Total Energy  Conserved En.
    1.32634e+02   -4.82206e+05    8.32348e+04   -3.98971e+05   -3.99670e+05
    Temperature Pressure (bar)   Constr. rmsd
    2.78912e+02   -6.46819e+01    2.27669e-06

Writing checkpoint, step 58650 at Sat Jul 22 22:23:39 2023


           Step           Time
          60000      120.00000

   Energies (kJ/mol)
           Bond            U-B    Proper Dih.  Improper Dih.      CMAP Dih.
    4.38850e+02    1.30355e+03    2.53334e+02    9.72179e+01   -1.26268e+02
          LJ-14     Coulomb-14        LJ (SR)   Coulomb (SR)   Coul. recip.
    4.55273e+02    1.06235e+04    7.79916e+04   -5.77565e+05    2.87780e+03
 Position Rest.      Potential    Kinetic En.   Total Energy  Conserved En.
    1.77549e+02   -4.83472e+05    8.30725e+04   -4.00400e+05   -3.99402e+05
    Temperature Pressure (bar)   Constr. rmsd
    2.78368e+02    1.23211e+02    2.31524e-06

           Step           Time
          65000      130.00000

   Energies (kJ/mol)
           Bond            U-B    Proper Dih.  Improper Dih.      CMAP Dih.
    5.17361e+02    1.35508e+03    2.38878e+02    8.36181e+01   -1.22546e+02
          LJ-14     Coulomb-14        LJ (SR)   Coulomb (SR)   Coul. recip.
    4.35371e+02    1.04945e+04    7.74396e+04   -5.75941e+05    2.83919e+03
 Position Rest.      Potential    Kinetic En.   Total Energy  Conserved En.
    1.64047e+02   -4.82496e+05    8.29073e+04   -3.99588e+05   -3.99291e+05
    Temperature Pressure (bar)   Constr. rmsd
    2.77815e+02    2.04129e+01    1.94033e-06

           Step           Time
          70000      140.00000

   Energies (kJ/mol)
           Bond            U-B    Proper Dih.  Improper Dih.      CMAP Dih.
    4.95932e+02    1.30678e+03    2.18876e+02    7.49781e+01   -1.21141e+02
          LJ-14     Coulomb-14        LJ (SR)   Coulomb (SR)   Coul. recip.
    4.39332e+02    1.05571e+04    7.69508e+04   -5.74024e+05    2.84637e+03
 Position Rest.      Potential    Kinetic En.   Total Energy  Conserved En.
    1.63141e+02   -4.81092e+05    8.22430e+04   -3.98849e+05   -3.99615e+05
    Temperature Pressure (bar)   Constr. rmsd
    2.75589e+02    3.02670e+00    2.37410e-06

Writing checkpoint, step 70300 at Sat Jul 22 22:38:39 2023


           Step           Time
          75000      150.00000

   Energies (kJ/mol)
           Bond            U-B    Proper Dih.  Improper Dih.      CMAP Dih.
    5.01798e+02    1.24248e+03    2.53530e+02    6.92886e+01   -1.35877e+02
          LJ-14     Coulomb-14        LJ (SR)   Coulomb (SR)   Coul. recip.
    4.39479e+02    1.05648e+04    7.79665e+04   -5.76262e+05    2.80501e+03
 Position Rest.      Potential    Kinetic En.   Total Energy  Conserved En.
    1.66037e+02   -4.82389e+05    8.28914e+04   -3.99498e+05   -3.99834e+05
    Temperature Pressure (bar)   Constr. rmsd
    2.77761e+02    2.05736e+01    2.34987e-06

           Step           Time
          80000      160.00000

   Energies (kJ/mol)
           Bond            U-B    Proper Dih.  Improper Dih.      CMAP Dih.
    4.91154e+02    1.25630e+03    2.65307e+02    8.31003e+01   -1.33408e+02
          LJ-14     Coulomb-14        LJ (SR)   Coulomb (SR)   Coul. recip.
    4.49844e+02    1.05872e+04    7.80919e+04   -5.76171e+05    2.80692e+03
 Position Rest.      Potential    Kinetic En.   Total Energy  Conserved En.
    1.70943e+02   -4.82101e+05    8.28087e+04   -3.99293e+05   -3.99546e+05
    Temperature Pressure (bar)   Constr. rmsd
    2.77484e+02    1.33796e+02    2.42976e-06

Writing checkpoint, step 81950 at Sat Jul 22 22:53:38 2023


           Step           Time
          85000      170.00000

   Energies (kJ/mol)
           Bond            U-B    Proper Dih.  Improper Dih.      CMAP Dih.
    4.76364e+02    1.36730e+03    2.23021e+02    1.00667e+02   -1.26848e+02
          LJ-14     Coulomb-14        LJ (SR)   Coulomb (SR)   Coul. recip.
    4.53743e+02    1.05526e+04    7.68218e+04   -5.75229e+05    2.71003e+03
 Position Rest.      Potential    Kinetic En.   Total Energy  Conserved En.
    1.65685e+02   -4.82485e+05    8.26794e+04   -3.99805e+05   -3.99568e+05
    Temperature Pressure (bar)   Constr. rmsd
    2.77051e+02   -1.13961e+02    1.96622e-06

           Step           Time
          90000      180.00000

   Energies (kJ/mol)
           Bond            U-B    Proper Dih.  Improper Dih.      CMAP Dih.
    4.91964e+02    1.22427e+03    2.23622e+02    8.60255e+01   -1.27937e+02
          LJ-14     Coulomb-14        LJ (SR)   Coulomb (SR)   Coul. recip.
    4.42217e+02    1.06188e+04    7.75051e+04   -5.74944e+05    2.75673e+03
 Position Rest.      Potential    Kinetic En.   Total Energy  Conserved En.
    1.96368e+02   -4.81526e+05    8.25019e+04   -3.99025e+05   -3.99464e+05
    Temperature Pressure (bar)   Constr. rmsd
    2.76456e+02    8.13995e+01    2.46140e-06

Writing checkpoint, step 93625 at Sat Jul 22 23:08:38 2023


           Step           Time
          95000      190.00000

   Energies (kJ/mol)
           Bond            U-B    Proper Dih.  Improper Dih.      CMAP Dih.
    4.40487e+02    1.35801e+03    2.35884e+02    7.88690e+01   -1.25072e+02
          LJ-14     Coulomb-14        LJ (SR)   Coulomb (SR)   Coul. recip.
    4.64911e+02    1.05808e+04    7.65823e+04   -5.75187e+05    2.70621e+03
 Position Rest.      Potential    Kinetic En.   Total Energy  Conserved En.
    1.89924e+02   -4.82675e+05    8.32433e+04   -3.99431e+05   -3.99128e+05
    Temperature Pressure (bar)   Constr. rmsd
    2.78940e+02   -2.73927e+01    2.59477e-06

           Step           Time
         100000      200.00000

   Energies (kJ/mol)
           Bond            U-B    Proper Dih.  Improper Dih.      CMAP Dih.
    4.94398e+02    1.25854e+03    2.08535e+02    8.35852e+01   -1.29802e+02
          LJ-14     Coulomb-14        LJ (SR)   Coulomb (SR)   Coul. recip.
    4.22147e+02    1.04828e+04    7.75004e+04   -5.75556e+05    2.75435e+03
 Position Rest.      Potential    Kinetic En.   Total Energy  Conserved En.
    1.85392e+02   -4.82296e+05    8.37695e+04   -3.98526e+05   -3.98957e+05
    Temperature Pressure (bar)   Constr. rmsd
    2.80704e+02    1.34345e+02    2.23760e-06

           Step           Time
         105000      210.00000

   Energies (kJ/mol)
           Bond            U-B    Proper Dih.  Improper Dih.      CMAP Dih.
    4.64681e+02    1.36938e+03    2.40836e+02    7.24191e+01   -1.30078e+02
          LJ-14     Coulomb-14        LJ (SR)   Coulomb (SR)   Coul. recip.
    4.44997e+02    1.06093e+04    7.65811e+04   -5.74824e+05    2.77490e+03
 Position Rest.      Potential    Kinetic En.   Total Energy  Conserved En.
    1.96663e+02   -4.82200e+05    8.31273e+04   -3.99073e+05   -3.99124e+05
    Temperature Pressure (bar)   Constr. rmsd
    2.78552e+02   -7.59793e+01    2.81574e-06

Writing checkpoint, step 105300 at Sat Jul 22 23:23:39 2023


           Step           Time
         110000      220.00000

   Energies (kJ/mol)
           Bond            U-B    Proper Dih.  Improper Dih.      CMAP Dih.
    4.77138e+02    1.23833e+03    2.27910e+02    8.43356e+01   -1.31636e+02
          LJ-14     Coulomb-14        LJ (SR)   Coulomb (SR)   Coul. recip.
    4.43854e+02    1.05716e+04    7.89904e+04   -5.78638e+05    2.82256e+03
 Position Rest.      Potential    Kinetic En.   Total Energy  Conserved En.
    1.84559e+02   -4.83729e+05    8.31924e+04   -4.00536e+05   -3.99087e+05
    Temperature Pressure (bar)   Constr. rmsd
    2.78770e+02    2.54677e+02    2.44008e-06

           Step           Time
         115000      230.00000

   Energies (kJ/mol)
           Bond            U-B    Proper Dih.  Improper Dih.      CMAP Dih.
    4.85246e+02    1.29072e+03    2.21819e+02    9.09009e+01   -1.34508e+02
          LJ-14     Coulomb-14        LJ (SR)   Coulomb (SR)   Coul. recip.
    4.44422e+02    1.05661e+04    7.74320e+04   -5.76335e+05    2.78734e+03
 Position Rest.      Potential    Kinetic En.   Total Energy  Conserved En.
    1.71730e+02   -4.82979e+05    8.31184e+04   -3.99860e+05   -3.99227e+05
    Temperature Pressure (bar)   Constr. rmsd
    2.78522e+02   -1.21693e+02    2.39569e-06

Writing checkpoint, step 116975 at Sat Jul 22 23:38:39 2023


           Step           Time
         120000      240.00000

   Energies (kJ/mol)
           Bond            U-B    Proper Dih.  Improper Dih.      CMAP Dih.
    4.35388e+02    1.33011e+03    2.25927e+02    8.75750e+01   -1.38546e+02
          LJ-14     Coulomb-14        LJ (SR)   Coulomb (SR)   Coul. recip.
    4.17156e+02    1.05987e+04    7.66653e+04   -5.75431e+05    2.75586e+03
 Position Rest.      Potential    Kinetic En.   Total Energy  Conserved En.
    1.60326e+02   -4.82893e+05    8.31278e+04   -3.99765e+05   -3.98986e+05
    Temperature Pressure (bar)   Constr. rmsd
    2.78553e+02   -1.16144e+02    1.88573e-06

           Step           Time
         125000      250.00000

   Energies (kJ/mol)
           Bond            U-B    Proper Dih.  Improper Dih.      CMAP Dih.
    4.42784e+02    1.34410e+03    2.62539e+02    8.36839e+01   -1.28319e+02
          LJ-14     Coulomb-14        LJ (SR)   Coulomb (SR)   Coul. recip.
    4.07932e+02    1.04870e+04    7.67355e+04   -5.74308e+05    2.80959e+03
 Position Rest.      Potential    Kinetic En.   Total Energy  Conserved En.
    1.60028e+02   -4.81704e+05    8.20502e+04   -3.99653e+05   -3.99217e+05
    Temperature Pressure (bar)   Constr. rmsd
    2.74943e+02   -1.49140e+02    2.20956e-06

Writing checkpoint, step 128650 at Sat Jul 22 23:53:38 2023


           Step           Time
         130000      260.00000

   Energies (kJ/mol)
           Bond            U-B    Proper Dih.  Improper Dih.      CMAP Dih.
    4.36204e+02    1.32481e+03    2.35782e+02    7.78993e+01   -1.34831e+02
          LJ-14     Coulomb-14        LJ (SR)   Coulomb (SR)   Coul. recip.
    4.28069e+02    1.04934e+04    7.69735e+04   -5.75356e+05    2.71585e+03
 Position Rest.      Potential    Kinetic En.   Total Energy  Conserved En.
    1.69934e+02   -4.82635e+05    8.32873e+04   -3.99348e+05   -3.98991e+05
    Temperature Pressure (bar)   Constr. rmsd
    2.79088e+02   -6.41766e+01    2.15654e-06

           Step           Time
         135000      270.00000

   Energies (kJ/mol)
           Bond            U-B    Proper Dih.  Improper Dih.      CMAP Dih.
    4.65755e+02    1.24252e+03    2.44593e+02    7.69450e+01   -1.25740e+02
          LJ-14     Coulomb-14        LJ (SR)   Coulomb (SR)   Coul. recip.
    4.88147e+02    1.05206e+04    7.66519e+04   -5.74975e+05    2.73650e+03
 Position Rest.      Potential    Kinetic En.   Total Energy  Conserved En.
    1.35560e+02   -4.82538e+05    8.24569e+04   -4.00081e+05   -3.98662e+05
    Temperature Pressure (bar)   Constr. rmsd
    2.76305e+02   -1.38494e-01    1.90942e-06

           Step           Time
         140000      280.00000

   Energies (kJ/mol)
           Bond            U-B    Proper Dih.  Improper Dih.      CMAP Dih.
    4.58418e+02    1.22144e+03    2.42563e+02    5.93230e+01   -1.42645e+02
          LJ-14     Coulomb-14        LJ (SR)   Coulomb (SR)   Coul. recip.
    4.49814e+02    1.05612e+04    7.76131e+04   -5.75989e+05    2.77922e+03
 Position Rest.      Potential    Kinetic En.   Total Energy  Conserved En.
    1.97068e+02   -4.82549e+05    8.33194e+04   -3.99230e+05   -3.98855e+05
    Temperature Pressure (bar)   Constr. rmsd
    2.79195e+02    1.48832e+01    2.27049e-06

Writing checkpoint, step 140375 at Sun Jul 23 00:08:39 2023


           Step           Time
         145000      290.00000

   Energies (kJ/mol)
           Bond            U-B    Proper Dih.  Improper Dih.      CMAP Dih.
    4.15564e+02    1.31936e+03    2.19159e+02    6.80981e+01   -1.23522e+02
          LJ-14     Coulomb-14        LJ (SR)   Coulomb (SR)   Coul. recip.
    4.36645e+02    1.07174e+04    7.72946e+04   -5.75591e+05    2.77851e+03
 Position Rest.      Potential    Kinetic En.   Total Energy  Conserved En.
    1.61088e+02   -4.82305e+05    8.36343e+04   -3.98670e+05   -3.98841e+05
    Temperature Pressure (bar)   Constr. rmsd
    2.80251e+02    8.64612e+00    2.68887e-06

           Step           Time
         150000      300.00000

   Energies (kJ/mol)
           Bond            U-B    Proper Dih.  Improper Dih.      CMAP Dih.
    4.03879e+02    1.33620e+03    2.26264e+02    7.55849e+01   -1.27134e+02
          LJ-14     Coulomb-14        LJ (SR)   Coulomb (SR)   Coul. recip.
    4.41342e+02    1.05120e+04    7.73836e+04   -5.75540e+05    2.80626e+03
 Position Rest.      Potential    Kinetic En.   Total Energy  Conserved En.
    1.49163e+02   -4.82333e+05    8.27773e+04   -3.99556e+05   -3.98638e+05
    Temperature Pressure (bar)   Constr. rmsd
    2.77379e+02    7.64470e+01    2.09969e-06

Writing checkpoint, step 152000 at Sun Jul 23 00:23:38 2023


           Step           Time
         155000      310.00000

   Energies (kJ/mol)
           Bond            U-B    Proper Dih.  Improper Dih.      CMAP Dih.
    4.79718e+02    1.24394e+03    2.50681e+02    7.06289e+01   -1.26447e+02
          LJ-14     Coulomb-14        LJ (SR)   Coulomb (SR)   Coul. recip.
    4.55249e+02    1.05556e+04    7.57825e+04   -5.73840e+05    2.76133e+03
 Position Rest.      Potential    Kinetic En.   Total Energy  Conserved En.
    1.50797e+02   -4.82215e+05    8.30566e+04   -3.99159e+05   -3.98630e+05
    Temperature Pressure (bar)   Constr. rmsd
    2.78315e+02   -1.59292e+02    2.87657e-06

           Step           Time
         160000      320.00000

   Energies (kJ/mol)
           Bond            U-B    Proper Dih.  Improper Dih.      CMAP Dih.
    4.22230e+02    1.36256e+03    1.78378e+02    8.17677e+01   -1.30927e+02
          LJ-14     Coulomb-14        LJ (SR)   Coulomb (SR)   Coul. recip.
    4.29171e+02    1.05490e+04    7.85155e+04   -5.76472e+05    2.76640e+03
 Position Rest.      Potential    Kinetic En.   Total Energy  Conserved En.
    1.81310e+02   -4.82116e+05    8.29967e+04   -3.99120e+05   -3.98460e+05
    Temperature Pressure (bar)   Constr. rmsd
    2.78114e+02    2.56582e+02    2.97463e-06

Writing checkpoint, step 163625 at Sun Jul 23 00:38:38 2023


           Step           Time
         165000      330.00000

   Energies (kJ/mol)
           Bond            U-B    Proper Dih.  Improper Dih.      CMAP Dih.
    4.61269e+02    1.25429e+03    2.28945e+02    7.34011e+01   -1.29315e+02
          LJ-14     Coulomb-14        LJ (SR)   Coulomb (SR)   Coul. recip.
    4.50524e+02    1.05588e+04    7.69217e+04   -5.75328e+05    2.69195e+03
 Position Rest.      Potential    Kinetic En.   Total Energy  Conserved En.
    1.49510e+02   -4.82667e+05    8.34061e+04   -3.99260e+05   -3.98498e+05
    Temperature Pressure (bar)   Constr. rmsd
    2.79486e+02   -1.27329e+01    2.00585e-06

           Step           Time
         170000      340.00000

   Energies (kJ/mol)
           Bond            U-B    Proper Dih.  Improper Dih.      CMAP Dih.
    4.63770e+02    1.24971e+03    1.90375e+02    7.73356e+01   -1.39879e+02
          LJ-14     Coulomb-14        LJ (SR)   Coulomb (SR)   Coul. recip.
    4.52484e+02    1.05379e+04    7.69423e+04   -5.74988e+05    2.77743e+03
 Position Rest.      Potential    Kinetic En.   Total Energy  Conserved En.
    1.69770e+02   -4.82267e+05    8.26071e+04   -3.99659e+05   -3.98544e+05
    Temperature Pressure (bar)   Constr. rmsd
    2.76809e+02   -3.32905e+01    2.41327e-06

           Step           Time
         175000      350.00000

   Energies (kJ/mol)
           Bond            U-B    Proper Dih.  Improper Dih.      CMAP Dih.
    4.35545e+02    1.39187e+03    1.87566e+02    7.90046e+01   -1.36914e+02
          LJ-14     Coulomb-14        LJ (SR)   Coulomb (SR)   Coul. recip.
    4.15964e+02    1.04896e+04    7.69813e+04   -5.74773e+05    2.82359e+03
 Position Rest.      Potential    Kinetic En.   Total Energy  Conserved En.
    1.48173e+02   -4.81957e+05    8.31464e+04   -3.98811e+05   -3.98523e+05
    Temperature Pressure (bar)   Constr. rmsd
    2.78616e+02   -7.67725e+01    1.83372e-06

Writing checkpoint, step 175375 at Sun Jul 23 00:53:39 2023


           Step           Time
         180000      360.00000

   Energies (kJ/mol)
           Bond            U-B    Proper Dih.  Improper Dih.      CMAP Dih.
    4.86238e+02    1.24836e+03    2.27251e+02    7.99672e+01   -1.20773e+02
          LJ-14     Coulomb-14        LJ (SR)   Coulomb (SR)   Coul. recip.
    4.68245e+02    1.05503e+04    7.66989e+04   -5.74252e+05    2.86046e+03
 Position Rest.      Potential    Kinetic En.   Total Energy  Conserved En.
    1.23054e+02   -4.81630e+05    8.25256e+04   -3.99104e+05   -3.98641e+05
    Temperature Pressure (bar)   Constr. rmsd
    2.76535e+02   -5.64279e+01    2.18119e-06

           Step           Time
         185000      370.00000

   Energies (kJ/mol)
           Bond            U-B    Proper Dih.  Improper Dih.      CMAP Dih.
    4.82773e+02    1.47716e+03    2.44298e+02    8.60864e+01   -1.23036e+02
          LJ-14     Coulomb-14        LJ (SR)   Coulomb (SR)   Coul. recip.
    4.39425e+02    1.04535e+04    7.84640e+04   -5.76771e+05    2.78077e+03
 Position Rest.      Potential    Kinetic En.   Total Energy  Conserved En.
    1.83754e+02   -4.82282e+05    8.25359e+04   -3.99746e+05   -3.98185e+05
    Temperature Pressure (bar)   Constr. rmsd
    2.76570e+02    2.41908e+02    2.30365e-06

Writing checkpoint, step 187075 at Sun Jul 23 01:08:38 2023


           Step           Time
         190000      380.00000

   Energies (kJ/mol)
           Bond            U-B    Proper Dih.  Improper Dih.      CMAP Dih.
    4.43991e+02    1.38846e+03    2.38459e+02    7.76420e+01   -1.18945e+02
          LJ-14     Coulomb-14        LJ (SR)   Coulomb (SR)   Coul. recip.
    4.66702e+02    1.06504e+04    7.68674e+04   -5.75438e+05    2.85925e+03
 Position Rest.      Potential    Kinetic En.   Total Energy  Conserved En.
    1.71658e+02   -4.82393e+05    8.26778e+04   -3.99715e+05   -3.98332e+05
    Temperature Pressure (bar)   Constr. rmsd
    2.77046e+02   -1.78709e+01    2.12069e-06

           Step           Time
         195000      390.00000

   Energies (kJ/mol)
           Bond            U-B    Proper Dih.  Improper Dih.      CMAP Dih.
    5.11879e+02    1.28750e+03    2.45395e+02    9.69613e+01   -1.31988e+02
          LJ-14     Coulomb-14        LJ (SR)   Coulomb (SR)   Coul. recip.
    4.49347e+02    1.05494e+04    7.79720e+04   -5.76691e+05    2.80925e+03
 Position Rest.      Potential    Kinetic En.   Total Energy  Conserved En.
    1.65355e+02   -4.82736e+05    8.24917e+04   -4.00244e+05   -3.98124e+05
    Temperature Pressure (bar)   Constr. rmsd
    2.76422e+02    7.62629e+01    1.85561e-06

Writing checkpoint, step 198725 at Sun Jul 23 01:23:38 2023


           Step           Time
         200000      400.00000

   Energies (kJ/mol)
           Bond            U-B    Proper Dih.  Improper Dih.      CMAP Dih.
    4.88641e+02    1.20707e+03    2.38914e+02    6.08785e+01   -1.25357e+02
          LJ-14     Coulomb-14        LJ (SR)   Coulomb (SR)   Coul. recip.
    4.48631e+02    1.05831e+04    7.69747e+04   -5.75332e+05    2.81440e+03
 Position Rest.      Potential    Kinetic En.   Total Energy  Conserved En.
    1.60953e+02   -4.82480e+05    8.26425e+04   -3.99838e+05   -3.98198e+05
    Temperature Pressure (bar)   Constr. rmsd
    2.76927e+02   -3.19071e+01    1.83990e-06

           Step           Time
         205000      410.00000

   Energies (kJ/mol)
           Bond            U-B    Proper Dih.  Improper Dih.      CMAP Dih.
    4.99773e+02    1.28162e+03    2.25888e+02    7.53035e+01   -1.24196e+02
          LJ-14     Coulomb-14        LJ (SR)   Coulomb (SR)   Coul. recip.
    4.39229e+02    1.05208e+04    7.71227e+04   -5.76579e+05    2.75308e+03
 Position Rest.      Potential    Kinetic En.   Total Energy  Conserved En.
    1.47051e+02   -4.83638e+05    8.22162e+04   -4.01422e+05   -3.98086e+05
    Temperature Pressure (bar)   Constr. rmsd
    2.75499e+02   -1.14593e+02    1.92376e-06

           Step           Time
         210000      420.00000

   Energies (kJ/mol)
           Bond            U-B    Proper Dih.  Improper Dih.      CMAP Dih.
    4.91360e+02    1.25000e+03    2.20437e+02    6.32145e+01   -1.30437e+02
          LJ-14     Coulomb-14        LJ (SR)   Coulomb (SR)   Coul. recip.
    4.44245e+02    1.06227e+04    7.71643e+04   -5.75751e+05    2.74894e+03
 Position Rest.      Potential    Kinetic En.   Total Energy  Conserved En.
    1.49413e+02   -4.82727e+05    8.29688e+04   -3.99758e+05   -3.97966e+05
    Temperature Pressure (bar)   Constr. rmsd
    2.78021e+02    2.88134e+01    2.07493e-06

Writing checkpoint, step 210400 at Sun Jul 23 01:38:39 2023


           Step           Time
         215000      430.00000

   Energies (kJ/mol)
           Bond            U-B    Proper Dih.  Improper Dih.      CMAP Dih.
    4.82528e+02    1.37409e+03    2.87279e+02    7.76065e+01   -1.30234e+02
          LJ-14     Coulomb-14        LJ (SR)   Coulomb (SR)   Coul. recip.
    4.67518e+02    1.05313e+04    7.70569e+04   -5.75324e+05    2.73266e+03
 Position Rest.      Potential    Kinetic En.   Total Energy  Conserved En.
    1.56868e+02   -4.82288e+05    8.25802e+04   -3.99708e+05   -3.98148e+05
    Temperature Pressure (bar)   Constr. rmsd
    2.76718e+02   -2.93125e+01    2.05355e-06

           Step           Time
         220000      440.00000

   Energies (kJ/mol)
           Bond            U-B    Proper Dih.  Improper Dih.      CMAP Dih.
    5.22572e+02    1.29213e+03    2.46342e+02    9.67149e+01   -1.26861e+02
          LJ-14     Coulomb-14        LJ (SR)   Coulomb (SR)   Coul. recip.
    4.34457e+02    1.05784e+04    7.77748e+04   -5.76472e+05    2.78016e+03
 Position Rest.      Potential    Kinetic En.   Total Energy  Conserved En.
    1.59541e+02   -4.82713e+05    8.28380e+04   -3.99875e+05   -3.98101e+05
    Temperature Pressure (bar)   Constr. rmsd
    2.77582e+02    1.96656e+01    2.06815e-06

Writing checkpoint, step 222075 at Sun Jul 23 01:53:39 2023


           Step           Time
         225000      450.00000

   Energies (kJ/mol)
           Bond            U-B    Proper Dih.  Improper Dih.      CMAP Dih.
    5.57105e+02    1.27444e+03    2.08723e+02    7.80143e+01   -1.31969e+02
          LJ-14     Coulomb-14        LJ (SR)   Coulomb (SR)   Coul. recip.
    4.23950e+02    1.06166e+04    7.72816e+04   -5.76157e+05    2.76913e+03
 Position Rest.      Potential    Kinetic En.   Total Energy  Conserved En.
    2.03623e+02   -4.82875e+05    8.25264e+04   -4.00349e+05   -3.98104e+05
    Temperature Pressure (bar)   Constr. rmsd
    2.76538e+02   -6.33951e+01    2.11070e-06

           Step           Time
         230000      460.00000

   Energies (kJ/mol)
           Bond            U-B    Proper Dih.  Improper Dih.      CMAP Dih.
    4.61445e+02    1.29331e+03    2.34248e+02    7.51945e+01   -1.34242e+02
          LJ-14     Coulomb-14        LJ (SR)   Coulomb (SR)   Coul. recip.
    4.63135e+02    1.06543e+04    7.69694e+04   -5.75544e+05    2.78355e+03
 Position Rest.      Potential    Kinetic En.   Total Energy  Conserved En.
    1.72297e+02   -4.82572e+05    8.29709e+04   -3.99601e+05   -3.97964e+05
    Temperature Pressure (bar)   Constr. rmsd
    2.78028e+02   -6.49394e+01    2.47972e-06

Writing checkpoint, step 233725 at Sun Jul 23 02:08:38 2023


           Step           Time
         235000      470.00000

   Energies (kJ/mol)
           Bond            U-B    Proper Dih.  Improper Dih.      CMAP Dih.
    4.87754e+02    1.35412e+03    2.01854e+02    7.81263e+01   -1.27384e+02
          LJ-14     Coulomb-14        LJ (SR)   Coulomb (SR)   Coul. recip.
    4.49728e+02    1.05868e+04    7.77490e+04   -5.76486e+05    2.76216e+03
 Position Rest.      Potential    Kinetic En.   Total Energy  Conserved En.
    1.44809e+02   -4.82799e+05    8.33152e+04   -3.99483e+05   -3.97792e+05
    Temperature Pressure (bar)   Constr. rmsd
    2.79181e+02    1.00049e+02    2.71840e-06

           Step           Time
         240000      480.00000

   Energies (kJ/mol)
           Bond            U-B    Proper Dih.  Improper Dih.      CMAP Dih.
    4.57459e+02    1.21840e+03    2.09705e+02    1.21966e+02   -1.19859e+02
          LJ-14     Coulomb-14        LJ (SR)   Coulomb (SR)   Coul. recip.
    4.55281e+02    1.05697e+04    7.66637e+04   -5.74208e+05    2.74890e+03
 Position Rest.      Potential    Kinetic En.   Total Energy  Conserved En.
    1.82414e+02   -4.81700e+05    8.31787e+04   -3.98522e+05   -3.97874e+05
    Temperature Pressure (bar)   Constr. rmsd
    2.78724e+02   -5.19073e+01    2.54567e-06

           Step           Time
         245000      490.00000

   Energies (kJ/mol)
           Bond            U-B    Proper Dih.  Improper Dih.      CMAP Dih.
    4.95125e+02    1.22821e+03    2.10575e+02    9.01288e+01   -1.32368e+02
          LJ-14     Coulomb-14        LJ (SR)   Coulomb (SR)   Coul. recip.
    4.15719e+02    1.05272e+04    7.84575e+04   -5.77210e+05    2.82190e+03
 Position Rest.      Potential    Kinetic En.   Total Energy  Conserved En.
    1.44552e+02   -4.82952e+05    8.38754e+04   -3.99076e+05   -3.97616e+05
    Temperature Pressure (bar)   Constr. rmsd
    2.81059e+02    1.49905e+02    1.97890e-06

Writing checkpoint, step 245325 at Sun Jul 23 02:23:39 2023


           Step           Time
         250000      500.00000

Writing checkpoint, step 250000 at Sun Jul 23 02:29:46 2023


   Energies (kJ/mol)
           Bond            U-B    Proper Dih.  Improper Dih.      CMAP Dih.
    4.80695e+02    1.23871e+03    2.03665e+02    6.80909e+01   -1.31552e+02
          LJ-14     Coulomb-14        LJ (SR)   Coulomb (SR)   Coul. recip.
    4.57481e+02    1.06081e+04    7.82850e+04   -5.77191e+05    2.72783e+03
 Position Rest.      Potential    Kinetic En.   Total Energy  Conserved En.
    1.56422e+02   -4.83097e+05    8.28193e+04   -4.00277e+05   -3.97858e+05
    Temperature Pressure (bar)   Constr. rmsd
    2.77520e+02    1.50269e+02    1.97361e-06


Energy conservation over simulation part #1 of length 500 ps, time 0 to 500 ps
  Conserved energy drift: 1.33e-04 kJ/mol/ps per atom


	<======  ###############  ==>
	<====  A V E R A G E S  ====>
	<==  ###############  ======>

	Statistics over 250001 steps using 2501 frames

   Energies (kJ/mol)
           Bond            U-B    Proper Dih.  Improper Dih.      CMAP Dih.
    4.70790e+02    1.30081e+03    2.27312e+02    8.09994e+01   -1.29733e+02
          LJ-14     Coulomb-14        LJ (SR)   Coulomb (SR)   Coul. recip.
    4.43802e+02    1.05664e+04    7.71784e+04   -5.75478e+05    2.79339e+03
 Position Rest.      Potential    Kinetic En.   Total Energy  Conserved En.
    1.66402e+02   -4.82379e+05    8.29645e+04   -3.99415e+05   -3.98983e+05
    Temperature Pressure (bar)   Constr. rmsd
    2.78006e+02    2.02565e+00    0.00000e+00

          Box-X          Box-Y          Box-Z
    7.97174e+00    7.97174e+00    5.63686e+00

   Total Virial (kJ/mol)
    2.76268e+04    2.49157e+01    1.15212e+01
    2.49157e+01    2.76010e+04    5.49511e+01
    1.15212e+01    5.49511e+01    2.76750e+04

   Pressure (bar)
    2.63696e+00   -2.39479e+00   -7.89503e-01
   -2.39479e+00    4.19411e+00   -4.90127e+00
   -7.89503e-01   -4.90127e+00   -7.54108e-01


	M E G A - F L O P S   A C C O U N T I N G

 NB=Group-cutoff nonbonded kernels    NxN=N-by-N cluster Verlet kernels
 RF=Reaction-Field  VdW=Van der Waals  QSTab=quadratic-spline table
 W3=SPC/TIP3p  W4=TIP4p (single or pairs)
 V&F=Potential and force  V=Potential only  F=Force only

 Computing:                               M-Number         M-Flops  % Flops
-----------------------------------------------------------------------------
 Pair Search distance check          149009.547624     1341085.929     0.4
 NxN Ewald Elec. + LJ [F]           2548997.433040   168233830.581    47.1
 NxN Ewald Elec. + LJ [V&F]           25757.198592     2756020.249     0.8
 NxN Ewald Elec. [F]                2420742.425648   147665287.965    41.4
 NxN Ewald Elec. [V&F]                24461.291744     2054748.506     0.6
 1,4 nonbonded interactions             405.001620       36450.146     0.0
 Calc Weights                         26799.857199      964794.859     0.3
 Spread Q Bspline                    571730.286912     1143460.574     0.3
 Gather F Bspline                    571730.286912     3430381.721     1.0
 3D-FFT                             3454381.817472    27635054.540     7.7
 Solve PME                             1296.005184       82944.332     0.0
 Reset In Box                           357.365733        1072.097     0.0
 CG-CoM                                 357.401466        1072.204     0.0
 Bonds                                   81.250325        4793.769     0.0
 Propers                                435.751743       99787.149     0.0
 Impropers                               29.000116        6032.024     0.0
 Pos. Restr.                             79.750319        3987.516     0.0
 Virial                                 894.485778       16100.744     0.0
 Stop-CM                                 89.403966         894.040     0.0
 P-Coupling                             893.360733        5360.164     0.0
 Calc-Ekin                             3573.371466       96481.030     0.0
 Lincs                                   77.000924        4620.055     0.0
 Lincs-Mat                              417.005004        1668.020     0.0
 Constraint-V                          8929.821438       80368.393     0.0
 Constraint-Vir                         885.310411       21247.450     0.0
 Settle                                2925.285103     1082355.488     0.3
 CMAP                                     1.500006        2550.010     0.0
 Urey-Bradley                           284.501138       52063.708     0.0
-----------------------------------------------------------------------------
 Total                                               356824513.264   100.0
-----------------------------------------------------------------------------


    D O M A I N   D E C O M P O S I T I O N   S T A T I S T I C S

 av. #atoms communicated per step for force:  2 x 0.0


     R E A L   C Y C L E   A N D   T I M E   A C C O U N T I N G

On 1 MPI rank

 Computing:          Num   Num      Call    Wall time         Giga-Cycles
                     Ranks Threads  Count      (s)         total sum    %
-----------------------------------------------------------------------------
 Domain decomp.         1    1      10001      89.338        222.821   0.5
 Neighbor search        1    1      10001     694.130       1731.255   3.6
 Force                  1    1     250001   10669.182      26610.400  55.3
 PME mesh               1    1     250001    7239.059      18055.205  37.6
 NB X/F buffer ops.     1    1     490001      90.537        225.811   0.5
 Write traj.            1    1         72     181.354        452.322   0.9
 Update                 1    1     250001     123.164        307.188   0.6
 Constraints            1    1     250003     141.814        353.705   0.7
 Rest                                          47.919        119.518   0.2
-----------------------------------------------------------------------------
 Total                                      19276.498      48078.224 100.0
-----------------------------------------------------------------------------
 Breakdown of PME mesh computation
-----------------------------------------------------------------------------
 PME spread             1    1     250001    1585.517       3954.497   8.2
 PME gather             1    1     250001    1434.562       3577.993   7.4
 PME 3D-FFT             1    1     500002    3973.918       9911.497  20.6
 PME solve Elec         1    1     250001     243.685        607.785   1.3
-----------------------------------------------------------------------------

               Core t (s)   Wall t (s)        (%)
       Time:    19276.497    19276.498      100.0
                         5h21:16
                 (ns/day)    (hour/ns)
Performance:        2.241       10.709
Finished mdrun on rank 0 Sun Jul 23 02:29:54 2023

