      :-) GROMACS - gmx mdrun, 2022.5-plumed_2.9.0 (double precision) (-:

Copyright 1991-2022 The GROMACS Authors.
GROMACS is free software; you can redistribute it and/or modify it
under the terms of the GNU Lesser General Public License
as published by the Free Software Foundation; either version 2.1
of the License, or (at your option) any later version.

                         Current GROMACS contributors:
       Mark Abraham           Andrey Alekseenko           Cathrine Bergh      
      Christian Blau            Eliane Briand               Kevin Boyd        
     Oliver Fleetwood         Stefan Fleischmann           Vytas Gapsys       
       Gaurav Garg           Gilles Gouaillardet            Alan Gray         
      Victor Holanda           M. Eric Irrgang              Joe Jordan        
    Christoph Junghans        Prashanth Kanduri           Sebastian Kehl      
     Sebastian Keller          Carsten Kutzner           Magnus Lundborg      
       Pascal Merz              Dmitry Morozov             Szilard Pall       
      Roland Schulz             Michael Shirts         David van der Spoel    
     Alessandra Villa      Sebastian Wingbermuehle        Artem Zhmurov       

                         Previous GROMACS contributors:
        Emile Apol             Rossen Apostolov           James Barnett       
  Herman J.C. Berendsen          Par Bjelkmar           Viacheslav Bolnykh    
    Aldert van Buuren          Carlo Camilloni           Rudi van Drunen      
      Anton Feenstra           Gerrit Groenhof            Bert de Groot       
      Anca Hamuraru           Vincent Hindriksen         Aleksei Iupinov      
   Dimitrios Karkoulis           Peter Kasson               Jiri Kraus        
       Per Larsson             Justin A. Lemkul           Viveca Lindahl      
      Erik Marklund           Pieter Meulenhoff           Vedran Miletic      
      Teemu Murtola              Sander Pronk            Alexey Shvetsov      
      Alfons Sijbers            Peter Tieleman             Jon Vincent        
     Teemu Virolainen         Christian Wennberg           Maarten Wolf       

                  Coordinated by the GROMACS project leaders:
                    Paul Bauer, Berk Hess, and Erik Lindahl

GROMACS:      gmx mdrun, version 2022.5-plumed_2.9.0 (double precision)
Executable:   /home/zcbtar9/software/gromacs-2022.5-plumed-2.9.0/bin/gmx_mpi_d
Data prefix:  /home/zcbtar9/software/gromacs-2022.5-plumed-2.9.0
Working dir:  /lustre/home/zcbtar9/projects/amyloid-beta-research/AB42_WM/system/simulations/replica28
Process ID:   60071
Command line:
  gmx_mpi_d mdrun -s production_run_input.tpr -multidir ../replica0 ../replica1 ../replica2 ../replica3 ../replica4 ../replica5 ../replica6 ../replica7 ../replica8 ../replica9 ../replica10 ../replica11 ../replica12 ../replica13 ../replica14 ../replica15 ../replica16 ../replica17 ../replica18 ../replica19 ../replica20 ../replica21 ../replica22 ../replica23 ../replica24 ../replica25 ../replica26 ../replica27 ../replica28 ../replica29 ../replica30 ../replica31 ../replica32 ../replica33 ../replica34 ../replica35 ../replica36 ../replica37 ../replica38 ../replica39 ../replica40 ../replica41 ../replica42 ../replica43 ../replica44 ../replica45 ../replica46 ../replica47 -plumed ../../../plumed/plumed.dat -o production_run.trr -x production_run.xtc -c production_run_output.gro -g production_run.log -e production_run.edr -v -npme 1 -noappend -cpt 60 -cpnum -maxh 46 -ntomp 1

GROMACS version:    2022.5-plumed_2.9.0
Precision:          double
Memory model:       64 bit
MPI library:        MPI
OpenMP support:     enabled (GMX_OPENMP_MAX_THREADS = 128)
GPU support:        disabled
SIMD instructions:  AVX_512
CPU FFT library:    fftpack (built-in)
GPU FFT library:    none
RDTSCP usage:       enabled
TNG support:        enabled
Hwloc support:      disabled
Tracing support:    disabled
C compiler:         /shared/ucl/apps/gcc/10.2.0-p95889/bin/gcc GNU 10.2.0
C compiler flags:   -mavx512f -mfma -mavx512vl -mavx512dq -mavx512bw -Wno-missing-field-initializers -fexcess-precision=fast -funroll-all-loops -pthread -O3 -DNDEBUG
C++ compiler:       /shared/ucl/apps/gcc/10.2.0-p95889/bin/g++ GNU 10.2.0
C++ compiler flags: -mavx512f -mfma -mavx512vl -mavx512dq -mavx512bw -pthread -Wno-missing-field-initializers -fexcess-precision=fast -funroll-all-loops -pthread -fopenmp -O3 -DNDEBUG


Running on 6 nodes with total 240 cores, 240 processing units
  Cores per node:           40
  Logical processing units per node:   -40 - 40
  OS CPU Limit / recommended threads to start per node:   40
Hardware detected on host node-c11a-076 (the node of MPI rank 140):
  CPU info:
    Vendor: Intel
    Brand:  Intel(R) Xeon(R) Gold 6248 CPU @ 2.50GHz
    Family: 6   Model: 85   Stepping: 7
    Features: aes apic avx avx2 avx512f avx512cd avx512bw avx512vl avx512secondFMA clfsh cmov cx8 cx16 f16c fma hle htt intel lahf mmx msr nonstop_tsc pcid pclmuldq pdcm pdpe1gb popcnt pse rdrnd rdtscp rtm sse2 sse3 sse4.1 sse4.2 ssse3 tdt x2apic
    Number of AVX-512 FMA units: 2
  Hardware topology: Basic
    Packages, cores, and logical processors:
    [indices refer to OS logical processors]
      Package  0: [   0] [   1] [   2] [   3] [   4] [   5] [   6] [   7] [   8] [   9] [  10] [  11] [  12] [  13] [  14] [  15] [  16] [  17] [  18] [  19]
      Package  1: [  20] [  21] [  22] [  23] [  24] [  25] [  26] [  27] [  28] [  29] [  30] [  31] [  32] [  33] [  34] [  35] [  36] [  37] [  38] [  39]
    CPU limit set by OS: -1   Recommended max number of threads: 40


++++ PLEASE READ AND CITE THE FOLLOWING REFERENCE ++++
M. J. Abraham, T. Murtola, R. Schulz, S. Páll, J. C. Smith, B. Hess, E.
Lindahl
GROMACS: High performance molecular simulations through multi-level
parallelism from laptops to supercomputers
SoftwareX 1 (2015) pp. 19-25
-------- -------- --- Thank You --- -------- --------


++++ PLEASE READ AND CITE THE FOLLOWING REFERENCE ++++
S. Páll, M. J. Abraham, C. Kutzner, B. Hess, E. Lindahl
Tackling Exascale Software Challenges in Molecular Dynamics Simulations with
GROMACS
In S. Markidis & E. Laure (Eds.), Solving Software Challenges for Exascale 8759 (2015) pp. 3-27
-------- -------- --- Thank You --- -------- --------


++++ PLEASE READ AND CITE THE FOLLOWING REFERENCE ++++
S. Pronk, S. Páll, R. Schulz, P. Larsson, P. Bjelkmar, R. Apostolov, M. R.
Shirts, J. C. Smith, P. M. Kasson, D. van der Spoel, B. Hess, and E. Lindahl
GROMACS 4.5: a high-throughput and highly parallel open source molecular
simulation toolkit
Bioinformatics 29 (2013) pp. 845-54
-------- -------- --- Thank You --- -------- --------


++++ PLEASE READ AND CITE THE FOLLOWING REFERENCE ++++
B. Hess and C. Kutzner and D. van der Spoel and E. Lindahl
GROMACS 4: Algorithms for highly efficient, load-balanced, and scalable
molecular simulation
J. Chem. Theory Comput. 4 (2008) pp. 435-447
-------- -------- --- Thank You --- -------- --------


++++ PLEASE READ AND CITE THE FOLLOWING REFERENCE ++++
D. van der Spoel, E. Lindahl, B. Hess, G. Groenhof, A. E. Mark and H. J. C.
Berendsen
GROMACS: Fast, Flexible and Free
J. Comp. Chem. 26 (2005) pp. 1701-1719
-------- -------- --- Thank You --- -------- --------


++++ PLEASE READ AND CITE THE FOLLOWING REFERENCE ++++
E. Lindahl and B. Hess and D. van der Spoel
GROMACS 3.0: A package for molecular simulation and trajectory analysis
J. Mol. Mod. 7 (2001) pp. 306-317
-------- -------- --- Thank You --- -------- --------


++++ PLEASE READ AND CITE THE FOLLOWING REFERENCE ++++
H. J. C. Berendsen, D. van der Spoel and R. van Drunen
GROMACS: A message-passing parallel molecular dynamics implementation
Comp. Phys. Comm. 91 (1995) pp. 43-56
-------- -------- --- Thank You --- -------- --------


The number of OpenMP threads was set by environment variable OMP_NUM_THREADS to 1 (and the command-line setting agreed with that)

Input Parameters:
   integrator                     = md
   tinit                          = 0
   dt                             = 0.002
   nsteps                         = -1
   init-step                      = 0
   simulation-part                = 1
   mts                            = false
   comm-mode                      = Linear
   nstcomm                        = 25
   bd-fric                        = 0
   ld-seed                        = -1233256769
   emtol                          = 10
   emstep                         = 0.01
   niter                          = 20
   fcstep                         = 0
   nstcgsteep                     = 1000
   nbfgscorr                      = 10
   rtpi                           = 0.05
   nstxout                        = 50000
   nstvout                        = 50000
   nstfout                        = 0
   nstlog                         = 10000
   nstcalcenergy                  = 25
   nstenergy                      = 5000
   nstxout-compressed             = 5000
   compressed-x-precision         = 1000
   cutoff-scheme                  = Verlet
   nstlist                        = 25
   pbc                            = xyz
   periodic-molecules             = false
   verlet-buffer-tolerance        = 0.001
   rlist                          = 1.293
   coulombtype                    = PME
   coulomb-modifier               = Potential-shift
   rcoulomb-switch                = 0
   rcoulomb                       = 1.2
   epsilon-r                      = 1
   epsilon-rf                     = 1
   vdw-type                       = Cut-off
   vdw-modifier                   = Potential-shift
   rvdw-switch                    = 0
   rvdw                           = 1.2
   DispCorr                       = EnerPres
   table-extension                = 1
   fourierspacing                 = 0.12
   fourier-nx                     = 72
   fourier-ny                     = 72
   fourier-nz                     = 72
   pme-order                      = 4
   ewald-rtol                     = 1e-05
   ewald-rtol-lj                  = 0.001
   lj-pme-comb-rule               = Geometric
   ewald-geometry                 = 3d
   epsilon-surface                = 0
   tcoupl                         = V-rescale
   nsttcouple                     = 10
   nh-chain-length                = 0
   print-nose-hoover-chain-variables = false
   pcoupl                         = Parrinello-Rahman
   pcoupltype                     = Isotropic
   nstpcouple                     = 10
   tau-p                          = 1
   compressibility (3x3):
      compressibility[    0]={ 4.50000e-05,  0.00000e+00,  0.00000e+00}
      compressibility[    1]={ 0.00000e+00,  4.50000e-05,  0.00000e+00}
      compressibility[    2]={ 0.00000e+00,  0.00000e+00,  4.50000e-05}
   ref-p (3x3):
      ref-p[    0]={ 1.00000e+00,  0.00000e+00,  0.00000e+00}
      ref-p[    1]={ 0.00000e+00,  1.00000e+00,  0.00000e+00}
      ref-p[    2]={ 0.00000e+00,  0.00000e+00,  1.00000e+00}
   refcoord-scaling               = No
   posres-com (3):
      posres-com[0]= 0.00000e+00
      posres-com[1]= 0.00000e+00
      posres-com[2]= 0.00000e+00
   posres-comB (3):
      posres-comB[0]= 0.00000e+00
      posres-comB[1]= 0.00000e+00
      posres-comB[2]= 0.00000e+00
   QMMM                           = false
qm-opts:
   ngQM                           = 0
   constraint-algorithm           = Lincs
   continuation                   = false
   Shake-SOR                      = false
   shake-tol                      = 0.0001
   lincs-order                    = 6
   lincs-iter                     = 2
   lincs-warnangle                = 30
   nwall                          = 0
   wall-type                      = 9-3
   wall-r-linpot                  = -1
   wall-atomtype[0]               = -1
   wall-atomtype[1]               = -1
   wall-density[0]                = 0
   wall-density[1]                = 0
   wall-ewald-zfac                = 3
   pull                           = false
   awh                            = false
   rotation                       = false
   interactiveMD                  = false
   disre                          = No
   disre-weighting                = Conservative
   disre-mixed                    = false
   dr-fc                          = 1000
   dr-tau                         = 0
   nstdisreout                    = 100
   orire-fc                       = 0
   orire-tau                      = 0
   nstorireout                    = 100
   free-energy                    = no
   cos-acceleration               = 0
   deform (3x3):
      deform[    0]={ 0.00000e+00,  0.00000e+00,  0.00000e+00}
      deform[    1]={ 0.00000e+00,  0.00000e+00,  0.00000e+00}
      deform[    2]={ 0.00000e+00,  0.00000e+00,  0.00000e+00}
   simulated-tempering            = false
   swapcoords                     = no
   userint1                       = 0
   userint2                       = 0
   userint3                       = 0
   userint4                       = 0
   userreal1                      = 0
   userreal2                      = 0
   userreal3                      = 0
   userreal4                      = 0
   applied-forces:
     electric-field:
       x:
         E0                       = 0
         omega                    = 0
         t0                       = 0
         sigma                    = 0
       y:
         E0                       = 0
         omega                    = 0
         t0                       = 0
         sigma                    = 0
       z:
         E0                       = 0
         omega                    = 0
         t0                       = 0
         sigma                    = 0
     density-guided-simulation:
       active                     = false
       group                      = protein
       similarity-measure         = inner-product
       atom-spreading-weight      = unity
       force-constant             = 1e+09
       gaussian-transform-spreading-width = 0.2
       gaussian-transform-spreading-range-in-multiples-of-width = 4
       reference-density-filename = reference.mrc
       nst                        = 1
       normalize-densities        = true
       adaptive-force-scaling     = false
       adaptive-force-scaling-time-constant = 4
       shift-vector               = 
       transformation-matrix      = 
     qmmm-cp2k:
       active                     = false
       qmgroup                    = System
       qmmethod                   = PBE
       qmfilenames                = 
       qmcharge                   = 0
       qmmultiplicity             = 1
grpopts:
   nrdf:       71614
   ref-t:         278
   tau-t:         0.2
annealing:          No
annealing-npoints:           0
   acc:	           0           0           0
   nfreeze:           N           N           N
   energygrp-flags[  0]: 0

Changing nstlist from 25 to 40, rlist from 1.293 to 1.354


Initializing Domain Decomposition on 5 ranks
Dynamic load balancing: auto
Using update groups, nr 12023, average size 3.0 atoms, max. radius 0.139 nm
Minimum cell size due to atom displacement: 0.340 nm
Initial maximum distances in bonded interactions:
    two-body bonded interactions: 0.422 nm, LJ-14, atoms 521 529
  multi-body bonded interactions: 0.447 nm, CMAP Dih., atoms 436 445
Minimum cell size due to bonded interactions: 0.492 nm
Scaling the initial minimum size with 1/0.8 (option -dds) = 1.25
Using 1 separate PME ranks, as requested with -npme option
Optimizing the DD grid for 4 cells with a minimum initial size of 0.615 nm
The maximum allowed number of cells is: X 10 Y 10 Z 9
Domain decomposition grid 4 x 1 x 1, separate PME ranks 1
PME domain decomposition: 1 x 1 x 1
Interleaving PP and PME ranks
This rank does only particle-particle work.
Domain decomposition rank 0, coordinates 0 0 0

The initial number of communication pulses is: X 2
The initial domain decomposition cell size is: X 1.63 nm

The maximum allowed distance for atom groups involved in interactions is:
                 non-bonded interactions           1.632 nm
(the following are initial values, they could change due to box deformation)
            two-body bonded interactions  (-rdd)   1.632 nm
          multi-body bonded interactions  (-rdd)   1.625 nm

When dynamic load balancing gets turned on, these settings will change to:
The maximum number of communication pulses is: X 2
The minimum size for domain decomposition cells is 1.059 nm
The requested allowed shrink of D