      :-) GROMACS - gmx mdrun, 2022.5-plumed_2.9.0 (double precision) (-:

Copyright 1991-2022 The GROMACS Authors.
GROMACS is free software; you can redistribute it and/or modify it
under the terms of the GNU Lesser General Public License
as published by the Free Software Foundation; either version 2.1
of the License, or (at your option) any later version.

                         Current GROMACS contributors:
       Mark Abraham           Andrey Alekseenko           Cathrine Bergh      
      Christian Blau            Eliane Briand               Kevin Boyd        
     Oliver Fleetwood         Stefan Fleischmann           Vytas Gapsys       
       Gaurav Garg           Gilles Gouaillardet            Alan Gray         
      Victor Holanda           M. Eric Irrgang              Joe Jordan        
    Christoph Junghans        Prashanth Kanduri           Sebastian Kehl      
     Sebastian Keller          Carsten Kutzner           Magnus Lundborg      
       Pascal Merz              Dmitry Morozov             Szilard Pall       
      Roland Schulz             Michael Shirts         David van der Spoel    
     Alessandra Villa      Sebastian Wingbermuehle        Artem Zhmurov       

                         Previous GROMACS contributors:
        Emile Apol             Rossen Apostolov           James Barnett       
  Herman J.C. Berendsen          Par Bjelkmar           Viacheslav Bolnykh    
    Aldert van Buuren          Carlo Camilloni           Rudi van Drunen      
      Anton Feenstra           Gerrit Groenhof            Bert de Groot       
      Anca Hamuraru           Vincent Hindriksen         Aleksei Iupinov      
   Dimitrios Karkoulis           Peter Kasson               Jiri Kraus        
       Per Larsson             Justin A. Lemkul           Viveca Lindahl      
      Erik Marklund           Pieter Meulenhoff           Vedran Miletic      
      Teemu Murtola              Sander Pronk            Alexey Shvetsov      
      Alfons Sijbers            Peter Tieleman             Jon Vincent        
     Teemu Virolainen         Christian Wennberg           Maarten Wolf       

                  Coordinated by the GROMACS project leaders:
                    Paul Bauer, Berk Hess, and Erik Lindahl

GROMACS:      gmx mdrun, version 2022.5-plumed_2.9.0 (double precision)
Executable:   /home/zcbtar9/software/gromacs-2022.5-plumed-2.9.0/bin/gmx_mpi_d
Data prefix:  /home/zcbtar9/software/gromacs-2022.5-plumed-2.9.0
Working dir:  /lustre/home/zcbtar9/projects/amyloid-beta-research/AB42_WM/system/simulations/replica2
Process ID:   22520
Command line:
  gmx_mpi_d mdrun -s nvt_input.tpr -multidir system/simulations/replica0 system/simulations/replica1 system/simulations/replica2 system/simulations/replica3 system/simulations/replica4 system/simulations/replica5 system/simulations/replica6 system/simulations/replica7 system/simulations/replica8 system/simulations/replica9 system/simulations/replica10 system/simulations/replica11 system/simulations/replica12 system/simulations/replica13 system/simulations/replica14 system/simulations/replica15 system/simulations/replica16 system/simulations/replica17 system/simulations/replica18 system/simulations/replica19 system/simulations/replica20 system/simulations/replica21 system/simulations/replica22 system/simulations/replica23 system/simulations/replica24 system/simulations/replica25 system/simulations/replica26 system/simulations/replica27 system/simulations/replica28 system/simulations/replica29 system/simulations/replica30 system/simulations/replica31 system/simulations/replica32 system/simulations/replica33 system/simulations/replica34 system/simulations/replica35 system/simulations/replica36 system/simulations/replica37 system/simulations/replica38 system/simulations/replica39 system/simulations/replica40 system/simulations/replica41 system/simulations/replica42 system/simulations/replica43 system/simulations/replica44 system/simulations/replica45 system/simulations/replica46 system/simulations/replica47 -o nvt.trr -x nvt.xtc -c nvt_output.gro -g nvt.log -e nvt.edr -v -maxh 10 -ntomp 1

GROMACS version:    2022.5-plumed_2.9.0
Precision:          double
Memory model:       64 bit
MPI library:        MPI
OpenMP support:     enabled (GMX_OPENMP_MAX_THREADS = 128)
GPU support:        disabled
SIMD instructions:  AVX_512
CPU FFT library:    fftpack (built-in)
GPU FFT library:    none
RDTSCP usage:       enabled
TNG support:        enabled
Hwloc support:      disabled
Tracing support:    disabled
C compiler:         /shared/ucl/apps/gcc/10.2.0-p95889/bin/gcc GNU 10.2.0
C compiler flags:   -mavx512f -mfma -mavx512vl -mavx512dq -mavx512bw -Wno-missing-field-initializers -fexcess-precision=fast -funroll-all-loops -pthread -O3 -DNDEBUG
C++ compiler:       /shared/ucl/apps/gcc/10.2.0-p95889/bin/g++ GNU 10.2.0
C++ compiler flags: -mavx512f -mfma -mavx512vl -mavx512dq -mavx512bw -pthread -Wno-missing-field-initializers -fexcess-precision=fast -funroll-all-loops -pthread -fopenmp -O3 -DNDEBUG


Running on 2 nodes with total 80 cores, 80 processing units
  Cores per node:           40
  Logical processing units per node:   -40 - 40
  OS CPU Limit / recommended threads to start per node:   40
Hardware detected on host node-c11a-111 (the node of MPI rank 2):
  CPU info:
    Vendor: Intel
    Brand:  Intel(R) Xeon(R) Gold 6248 CPU @ 2.50GHz
    Family: 6   Model: 85   Stepping: 7
    Features: aes apic avx avx2 avx512f avx512cd avx512bw avx512vl avx512secondFMA clfsh cmov cx8 cx16 f16c fma hle htt intel lahf mmx msr nonstop_tsc pcid pclmuldq pdcm pdpe1gb popcnt pse rdrnd rdtscp rtm sse2 sse3 sse4.1 sse4.2 ssse3 tdt x2apic
    Number of AVX-512 FMA units: 2
  Hardware topology: Basic
    Packages, cores, and logical processors:
    [indices refer to OS logical processors]
      Package  0: [   0] [   1] [   2] [   3] [   4] [   5] [   6] [   7] [   8] [   9] [  10] [  11] [  12] [  13] [  14] [  15] [  16] [  17] [  18] [  19]
      Package  1: [  20] [  21] [  22] [  23] [  24] [  25] [  26] [  27] [  28] [  29] [  30] [  31] [  32] [  33] [  34] [  35] [  36] [  37] [  38] [  39]
    CPU limit set by OS: -1   Recommended max number of threads: 40


++++ PLEASE READ AND CITE THE FOLLOWING REFERENCE ++++
M. J. Abraham, T. Murtola, R. Schulz, S. Páll, J. C. Smith, B. Hess, E.
Lindahl
GROMACS: High performance molecular simulations through multi-level
parallelism from laptops to supercomputers
SoftwareX 1 (2015) pp. 19-25
-------- -------- --- Thank You --- -------- --------


++++ PLEASE READ AND CITE THE FOLLOWING REFERENCE ++++
S. Páll, M. J. Abraham, C. Kutzner, B. Hess, E. Lindahl
Tackling Exascale Software Challenges in Molecular Dynamics Simulations with
GROMACS
In S. Markidis & E. Laure (Eds.), Solving Software Challenges for Exascale 8759 (2015) pp. 3-27
-------- -------- --- Thank You --- -------- --------


++++ PLEASE READ AND CITE THE FOLLOWING REFERENCE ++++
S. Pronk, S. Páll, R. Schulz, P. Larsson, P. Bjelkmar, R. Apostolov, M. R.
Shirts, J. C. Smith, P. M. Kasson, D. van der Spoel, B. Hess, and E. Lindahl
GROMACS 4.5: a high-throughput and highly parallel open source molecular
simulation toolkit
Bioinformatics 29 (2013) pp. 845-54
-------- -------- --- Thank You --- -------- --------


++++ PLEASE READ AND CITE THE FOLLOWING REFERENCE ++++
B. Hess and C. Kutzner and D. van der Spoel and E. Lindahl
GROMACS 4: Algorithms for highly efficient, load-balanced, and scalable
molecular simulation
J. Chem. Theory Comput. 4 (2008) pp. 435-447
-------- -------- --- Thank You --- -------- --------


++++ PLEASE READ AND CITE THE FOLLOWING REFERENCE ++++
D. van der Spoel, E. Lindahl, B. Hess, G. Groenhof, A. E. Mark and H. J. C.
Berendsen
GROMACS: Fast, Flexible and Free
J. Comp. Chem. 26 (2005) pp. 1701-1719
-------- -------- --- Thank You --- -------- --------


++++ PLEASE READ AND CITE THE FOLLOWING REFERENCE ++++
E. Lindahl and B. Hess and D. van der Spoel
GROMACS 3.0: A package for molecular simulation and trajectory analysis
J. Mol. Mod. 7 (2001) pp. 306-317
-------- -------- --- Thank You --- -------- --------


++++ PLEASE READ AND CITE THE FOLLOWING REFERENCE ++++
H. J. C. Berendsen, D. van der Spoel and R. van Drunen
GROMACS: A message-passing parallel molecular dynamics implementation
Comp. Phys. Comm. 91 (1995) pp. 43-56
-------- -------- --- Thank You --- -------- --------


The number of OpenMP threads was set by environment variable OMP_NUM_THREADS to 1 (and the command-line setting agreed with that)

Input Parameters:
   integrator                     = md
   tinit                          = 0
   dt                             = 0.002
   nsteps                         = 250000
   init-step                      = 0
   simulation-part                = 1
   mts                            = false
   comm-mode                      = Linear
   nstcomm                        = 100
   bd-fric                        = 0
   ld-seed                        = 1474952954
   emtol                          = 10
   emstep                         = 0.01
   niter                          = 20
   fcstep                         = 0
   nstcgsteep                     = 1000
   nbfgscorr                      = 10
   rtpi                           = 0.05
   nstxout                        = 5000
   nstvout                        = 5000
   nstfout                        = 0
   nstlog                         = 5000
   nstcalcenergy                  = 100
   nstenergy                      = 2500
   nstxout-compressed             = 5000
   compressed-x-precision         = 1000
   cutoff-scheme                  = Verlet
   nstlist                        = 20
   pbc                            = xyz
   periodic-molecules             = false
   verlet-buffer-tolerance        = 0.001
   rlist                          = 1.073
   coulombtype                    = PME
   coulomb-modifier               = Potential-shift
   rcoulomb-switch                = 0
   rcoulomb                       = 1
   epsilon-r                      = 1
   epsilon-rf                     = 1
   vdw-type                       = Cut-off
   vdw-modifier                   = Potential-shift
   rvdw-switch                    = 0
   rvdw                           = 1
   DispCorr                       = No
   table-extension                = 1
   fourierspacing                 = 0.12
   fourier-nx                     = 72
   fourier-ny                     = 72
   fourier-nz                     = 72
   pme-order                      = 4
   ewald-rtol                     = 1e-05
   ewald-rtol-lj                  = 0.001
   lj-pme-comb-rule               = Geometric
   ewald-geometry                 = 3d
   epsilon-surface                = 0
   tcoupl                         = V-rescale
   nsttcouple                     = 10
   nh-chain-length                = 0
   print-nose-hoover-chain-variables = false
   pcoupl                         = No
   pcoupltype                     = Isotropic
   nstpcouple                     = -1
   tau-p                          = 1
   compressibility (3x3):
      compressibility[    0]={ 0.00000e+00,  0.00000e+00,  0.00000e+00}
      compressibility[    1]={ 0.00000e+00,  0.00000e+00,  0.00000e+00}
      compressibility[    2]={ 0.00000e+00,  0.00000e+00,  0.00000e+00}
   ref-p (3x3):
      ref-p[    0]={ 0.00000e+00,  0.00000e+00,  0.00000e+00}
      ref-p[    1]={ 0.00000e+00,  0.00000e+00,  0.00000e+00}
      ref-p[    2]={ 0.00000e+00,  0.00000e+00,  0.00000e+00}
   refcoord-scaling               = No
   posres-com (3):
      posres-com[0]= 0.00000e+00
      posres-com[1]= 0.00000e+00
      posres-com[2]= 0.00000e+00
   posres-comB (3):
      posres-comB[0]= 0.00000e+00
      posres-comB[1]= 0.00000e+00
      posres-comB[2]= 0.00000e+00
   QMMM                           = false
qm-opts:
   ngQM                           = 0
   constraint-algorithm           = Lincs
   continuation                   = false
   Shake-SOR                      = false
   shake-tol                      = 0.0001
   lincs-order                    = 4
   lincs-iter                     = 1
   lincs-warnangle                = 30
   nwall                          = 0
   wall-type                      = 9-3
   wall-r-linpot                  = -1
   wall-atomtype[0]               = -1
   wall-atomtype[1]               = -1
   wall-density[0]                = 0
   wall-density[1]                = 0
   wall-ewald-zfac                = 3
   pull                           = false
   awh                            = false
   rotation                       = false
   interactiveMD                  = false
   disre                          = No
   disre-weighting                = Conservative
   disre-mixed                    = false
   dr-fc                          = 1000
   dr-tau                         = 0
   nstdisreout                    = 100
   orire-fc                       = 0
   orire-tau                      = 0
   nstorireout                    = 100
   free-energy                    = no
   cos-acceleration               = 0
   deform (3x3):
      deform[    0]={ 0.00000e+00,  0.00000e+00,  0.00000e+00}
      deform[    1]={ 0.00000e+00,  0.00000e+00,  0.00000e+00}
      deform[    2]={ 0.00000e+00,  0.00000e+00,  0.00000e+00}
   simulated-tempering            = false
   swapcoords                     = no
   userint1                       = 0
   userint2                       = 0
   userint3                       = 0
   userint4                       = 0
   userreal1                      = 0
   userreal2                      = 0
   userreal3                      = 0
   userreal4                      = 0
   applied-forces:
     electric-field:
       x:
         E0                       = 0
         omega                    = 0
         t0                       = 0
         sigma                    = 0
       y:
         E0                       = 0
         omega                    = 0
         t0                       = 0
         sigma                    = 0
       z:
         E0                       = 0
         omega                    = 0
         t0                       = 0
         sigma                    = 0
     density-guided-simulation:
       active                     = false
       group                      = protein
       similarity-measure         = inner-product
       atom-spreading-weight      = unity
       force-constant             = 1e+09
       gaussian-transform-spreading-width = 0.2
       gaussian-transform-spreading-range-in-multiples-of-width = 4
       reference-density-filename = reference.mrc
       nst                        = 1
       normalize-densities        = true
       adaptive-force-scaling     = false
       adaptive-force-scaling-time-constant = 4
       shift-vector               = 
       transformation-matrix      = 
     qmmm-cp2k:
       active                     = false
       qmgroup                    = System
       qmmethod                   = PBE
       qmfilenames                = 
       qmcharge                   = 0
       qmmultiplicity             = 1
grpopts:
   nrdf:       71608
   ref-t:         278
   tau-t:           1
annealing:          No
annealing-npoints:           0
   acc:	           0           0           0
   nfreeze:           N           N           N
   energygrp-flags[  0]: 0

Changing nstlist from 20 to 25, rlist from 1.073 to 1.099


Initializing Domain Decomposition on 1 ranks
Dynamic load balancing: auto
Using update groups, nr 12023, average size 3.0 atoms, max. radius 0.139 nm
Minimum cell size due to atom displacement: 0.273 nm
Initial maximum distances in bonded interactions:
    two-body bonded interactions: 0.415 nm, LJ-14, atoms 523 530
  multi-body bonded interactions: 0.443 nm, CMAP Dih., atoms 436 445
Minimum cell size due to bonded interactions: 0.488 nm
Using 0 separate PME ranks because: there are too few total ranks for efficient splitting
Optimizing the DD grid for 1 cells with a minimum initial size of 0.488 nm
The maximum allowed number of cells is: X 13 Y 13 Z 11
Domain decomposition grid 1 x 1 x 1, separate PME ranks 0
PME domain decomposition: 1 x 1 x 1

The initial number of communication pulses is:
The initial domain decomposition cell size is:

The maximum allowed distance for atom groups involved in interactions is:
                 non-bonded interactions           1.377 nm
            two-body bonded interactions  (-rdd)   1.377 nm
          multi-body bonded interactions  (-rdd)   1.377 nm

When dynamic load balancing gets turned on, these settings will change to:
The maximum number of communication pulses is:
The minimum size for domain decomposition cells is 1.377 nm
The requested allowed shrink of DD cells (option -dds) is: 0.80
The allowed shrink of domain decomposition cells is:
The maximum allowed distance for atom groups involved in interactions is:
                 non-bonded interactions           1.377 nm
            two-body bonded interactions  (-rdd)   1.377 nm
          multi-body bonded interactions  (-rdd)   1.377 nm

This is simulation 2 out of 48 running as a composite GROMACS
multi-simulation job. Setup for this simulation:

Using 1 MPI process

Non-default thread affinity set, disabling internal thread affinity

Using 1 OpenMP thread 

System total charge: -3.000
Will do PME sum in reciprocal space for electrostatic interactions.

++++ PLEASE READ AND CITE THE FOLLOWING REFERENCE ++++
U. Essmann, L. Perera, M. L. Berkowitz, T. Darden, H. Lee and L. G. Pedersen 
A smooth particle mesh Ewald method
J. Chem. Phys. 103 (1995) pp. 8577-8592
-------- -------- --- Thank You --- -------- --------

Using a Gaussian width (1/beta) of 0.320163 nm for Ewald
Potential shift: LJ r^-12: -1.000e+00 r^-6: -1.000e+00, Ewald -1.000e-05
Initialized non-bonded Coulomb Ewald tables, spacing: 9.33e-04 size: 1073

Generated table with 4198 data points for 1-4 COUL.
Tabscale = 2000 points/nm
Generated table with 4198 data points for 1-4 LJ6.
Tabscale = 2000 points/nm
Generated table with 4198 data points for 1-4 LJ12.
Tabscale = 2000 points/nm


Using SIMD 4x8 nonbonded short-range kernels

Using a dual 4x8 pair-list setup updated with dynamic pruning:
  outer list: updated every 25 steps, buffer 0.099 nm, rlist 1.099 nm
  inner list: updated every  5 steps, buffer 0.003 nm, rlist 1.003 nm
At tolerance 0.001 kJ/mol/ps per atom, equivalent classical 1x1 list would be:
  outer list: updated every 25 steps, buffer 0.171 nm, rlist 1.171 nm
  inner list: updated every  5 steps, buffer 0.018 nm, rlist 1.018 nm

Using Lorentz-Berthelot Lennard-Jones combination rule
Removing pbc first time

Linking all bonded interactions to atoms


Initializing LINear Constraint Solver

++++ PLEASE READ AND CITE THE FOLLOWING REFERENCE ++++
B. Hess and H. Bekker and H. J. C. Berendsen and J. G. E. M. Fraaije
LINCS: A Linear Constraint Solver for molecular simulations
J. Comp. Chem. 18 (1997) pp. 1463-1472
-------- -------- --- Thank You --- -------- --------

The number of constraints is 308

++++ PLEASE READ AND CITE THE FOLLOWING REFERENCE ++++
S. Miyamoto and P. A. Kollman
SETTLE: An Analytical Version of the SHAKE and RATTLE Algorithms for Rigid
Water Models
J. Comp. Chem. 13 (1992) pp. 952-962
-------- -------- --- Thank You --- -------- --------


++++ PLEASE READ AND CITE THE FOLLOWING REFERENCE ++++
G. Bussi, D. Donadio and M. Parrinello
Canonical sampling through velocity rescaling
J. Chem. Phys. 126 (2007) pp. 014101
-------- -------- --- Thank You --- -------- --------

There are: 35615 Atoms

Atom distribution over 1 domains: av 35615 stddev 0 min 35615 max 35615

Constraining the starting coordinates (step 0)

Constraining the coordinates at t0-dt (step 0)
Center of mass motion removal mode is Linear
We have the following groups for center of mass motion removal:
  0:  rest
RMS relative constraint deviation after constraining: 2.11e-15
Initial temperature: 1.51741e-20 K

Started mdrun on rank 0 Thu Aug 17 18:01:40 2023

           Step           Time
              0        0.00000

   Energies (kJ/mol)
           Bond            U-B    Proper Dih.  Improper Dih.      CMAP Dih.
    1.36868e+02    4.13883e+02    5.16950e+01    1.49140e+01   -1.26715e+02
          LJ-14     Coulomb-14        LJ (SR)   Coulomb (SR)   Coul. recip.
    3.77967e+02    1.08014e+04    7.68190e+04   -6.49977e+05    2.10203e+03
 Position Rest.      Potential    Kinetic En.   Total Energy  Conserved En.
    2.47297e-04   -5.59386e+05    1.28769e+01   -5.59373e+05   -5.59373e+05
    Temperature Pressure (bar)   Constr. rmsd
    4.32558e-02   -5.11710e+03    9.75910e-11

           Step           Time
           5000       10.00000

   Energies (kJ/mol)
           Bond            U-B    Proper Dih.  Improper Dih.      CMAP Dih.
    4.49212e+02    1.21205e+03    1.78068e+02    8.74689e+01   -1.43649e+02
          LJ-14     Coulomb-14        LJ (SR)   Coulomb (SR)   Coul. recip.
    4.21826e+02    1.07980e+04    7.83760e+04   -6.01545e+05    2.81017e+03
 Position Rest.      Potential    Kinetic En.   Total Energy  Conserved En.
    1.48735e+02   -5.07208e+05    8.14854e+04   -4.25722e+05   -5.58987e+05
    Temperature Pressure (bar)   Constr. rmsd
    2.73725e+02   -3.86363e+02    2.19146e-06

           Step           Time
          10000       20.00000

   Energies (kJ/mol)
           Bond            U-B    Proper Dih.  Improper Dih.      CMAP Dih.
    5.04806e+02    1.30848e+03    2.16779e+02    8.43488e+01   -1.29700e+02
          LJ-14     Coulomb-14        LJ (SR)   Coulomb (SR)   Coul. recip.
    4.25305e+02    1.07734e+04    7.81545e+04   -5.98287e+05    2.88716e+03
 Position Rest.      Potential    Kinetic En.   Total Energy  Conserved En.
    1.63514e+02   -5.03898e+05    8.22396e+04   -4.21659e+05   -5.58950e+05
    Temperature Pressure (bar)   Constr. rmsd
    2.76258e+02    1.01364e+02    2.09050e-06

Writing checkpoint, step 11650 at Thu Aug 17 18:16:41 2023


           Step           Time
          15000       30.00000

   Energies (kJ/mol)
           Bond            U-B    Proper Dih.  Improper Dih.      CMAP Dih.
    4.97944e+02    1.23299e+03    2.20584e+02    1.00994e+02   -1.25763e+02
          LJ-14     Coulomb-14        LJ (SR)   Coulomb (SR)   Coul. recip.
    4.46692e+02    1.07771e+04    7.74100e+04   -5.97305e+05    2.89410e+03
 Position Rest.      Potential    Kinetic En.   Total Energy  Conserved En.
    1.61874e+02   -5.03688e+05    8.24093e+04   -4.21279e+05   -5.58930e+05
    Temperature Pressure (bar)   Constr. rmsd
    2.76828e+02   -1.23327e+02    1.72735e-06

           Step           Time
          20000       40.00000

   Energies (kJ/mol)
           Bond            U-B    Proper Dih.  Improper Dih.      CMAP Dih.
    4.80488e+02    1.29344e+03    2.11908e+02    7.16922e+01   -1.27496e+02
          LJ-14     Coulomb-14        LJ (SR)   Coulomb (SR)   Coul. recip.
    4.40198e+02    1.07983e+04    7.83547e+04   -5.99282e+05    2.96207e+03
 Position Rest.      Potential    Kinetic En.   Total Energy  Conserved En.
    1.42943e+02   -5.04654e+05    8.28231e+04   -4.21831e+05   -5.58901e+05
    Temperature Pressure (bar)   Constr. rmsd
    2.78218e+02    1.69353e+02    2.24372e-06

Writing checkpoint, step 23225 at Thu Aug 17 18:31:40 2023


           Step           Time
          25000       50.00000

   Energies (kJ/mol)
           Bond            U-B    Proper Dih.  Improper Dih.      CMAP Dih.
    4.42697e+02    1.37846e+03    2.01827e+02    7.47161e+01   -1.29277e+02
          LJ-14     Coulomb-14        LJ (SR)   Coulomb (SR)   Coul. recip.
    4.52398e+02    1.07477e+04    7.80680e+04   -5.97920e+05    2.92603e+03
 Position Rest.      Potential    Kinetic En.   Total Energy  Conserved En.
    1.41612e+02   -5.03615e+05    8.34508e+04   -4.20165e+05   -5.58892e+05
    Temperature Pressure (bar)   Constr. rmsd
    2.80327e+02   -4.02133e+00    2.26792e-06

           Step           Time
          30000       60.00000

   Energies (kJ/mol)
           Bond            U-B    Proper Dih.  Improper Dih.      CMAP Dih.
    4.57234e+02    1.36165e+03    2.19367e+02    8.24190e+01   -1.18605e+02
          LJ-14     Coulomb-14        LJ (SR)   Coulomb (SR)   Coul. recip.
    4.31822e+02    1.07646e+04    7.69402e+04   -5.97069e+05    2.95367e+03
 Position Rest.      Potential    Kinetic En.   Total Energy  Conserved En.
    1.55220e+02   -5.03822e+05    8.27632e+04   -4.21058e+05   -5.58861e+05
    Temperature Pressure (bar)   Constr. rmsd
    2.78017e+02   -2.53528e+02    2.29783e-06

Writing checkpoint, step 34650 at Thu Aug 17 18:46:41 2023


           Step           Time
          35000       70.00000

   Energies (kJ/mol)
           Bond            U-B    Proper Dih.  Improper Dih.      CMAP Dih.
    4.84544e+02    1.23756e+03    1.95164e+02    7.36091e+01   -1.20044e+02
          LJ-14     Coulomb-14        LJ (SR)   Coulomb (SR)   Coul. recip.
    4.01555e+02    1.07594e+04    7.83499e+04   -5.98581e+05    2.92662e+03
 Position Rest.      Potential    Kinetic En.   Total Energy  Conserved En.
    1.52640e+02   -5.04120e+05    8.23833e+04   -4.21736e+05   -5.58838e+05
    Temperature Pressure (bar)   Constr. rmsd
    2.76741e+02   -3.53637e+01    1.63967e-06

           Step           Time
          40000       80.00000

   Energies (kJ/mol)
           Bond            U-B    Proper Dih.  Improper Dih.      CMAP Dih.
    4.48239e+02    1.20991e+03    2.37071e+02    9.39330e+01   -1.19509e+02
          LJ-14     Coulomb-14        LJ (SR)   Coulomb (SR)   Coul. recip.
    4.48836e+02    1.08889e+04    7.90252e+04   -5.99146e+05    2.92868e+03
 Position Rest.      Potential    Kinetic En.   Total Energy  Conserved En.
    1.51103e+02   -5.03833e+05    8.22933e+04   -4.21540e+05   -5.58806e+05
    Temperature Pressure (bar)   Constr. rmsd
    2.76439e+02    1.26181e+02    2.19508e-06

           Step           Time
          45000       90.00000

   Energies (kJ/mol)
           Bond            U-B    Proper Dih.  Improper Dih.      CMAP Dih.
    4.35484e+02    1.27098e+03    2.01641e+02    1.13119e+02   -1.41265e+02
          LJ-14     Coulomb-14        LJ (SR)   Coulomb (SR)   Coul. recip.
    4.80688e+02    1.07595e+04    7.78416e+04   -5.98137e+05    2.96292e+03
 Position Rest.      Potential    Kinetic En.   Total Energy  Conserved En.
    1.41997e+02   -5.04071e+05    8.30694e+04   -4.21001e+05   -5.58790e+05
    Temperature Pressure (bar)   Constr. rmsd
    2.79046e+02   -1.48972e+02    1.74115e-06

Writing checkpoint, step 46300 at Thu Aug 17 19:01:41 2023


           Step           Time
          50000      100.00000

   Energies (kJ/mol)
           Bond            U-B    Proper Dih.  Improper Dih.      CMAP Dih.
    4.86675e+02    1.27667e+03    1.94775e+02    8.70532e+01   -1.25464e+02
          LJ-14     Coulomb-14        LJ (SR)   Coulomb (SR)   Coul. recip.
    4.39169e+02    1.07758e+04    7.80913e+04   -5.96816e+05    2.94481e+03
 Position Rest.      Potential    Kinetic En.   Total Energy  Conserved En.
    1.45495e+02   -5.02499e+05    8.35709e+04   -4.18928e+05   -5.58762e+05
    Temperature Pressure (bar)   Constr. rmsd
    2.80730e+02    3.87684e+01    2.18325e-06

           Step           Time
          55000      110.00000

   Energies (kJ/mol)
           Bond            U-B    Proper Dih.  Improper Dih.      CMAP Dih.
    4.43846e+02    1.29146e+03    2.22651e+02    6.80457e+01   -1.28176e+02
          LJ-14     Coulomb-14        LJ (SR)   Coulomb (SR)   Coul. recip.
    4.54311e+02    1.08108e+04    7.70203e+04   -5.96613e+05    2.93525e+03
 Position Rest.      Potential    Kinetic En.   Total Energy  Conserved En.
    1.47945e+02   -5.03347e+05    8.16261e+04   -4.21721e+05   -5.58725e+05
    Temperature Pressure (bar)   Constr. rmsd
    2.74197e+02   -2.18118e+02    1.92244e-06

Writing checkpoint, step 57950 at Thu Aug 17 19:16:40 2023


           Step           Time
          60000      120.00000

   Energies (kJ/mol)
           Bond            U-B    Proper Dih.  Improper Dih.      CMAP Dih.
    4.95504e+02    1.28776e+03    2.17867e+02    7.22465e+01   -1.23460e+02
          LJ-14     Coulomb-14        LJ (SR)   Coulomb (SR)   Coul. recip.
    4.36909e+02    1.07832e+04    7.79928e+04   -5.98004e+05    2.87269e+03
 Position Rest.      Potential    Kinetic En.   Total Energy  Conserved En.
    1.41812e+02   -5.03827e+05    8.24659e+04   -4.21361e+05   -5.58706e+05
    Temperature Pressure (bar)   Constr. rmsd
    2.77018e+02   -1.38286e+00    1.87621e-06

           Step           Time
          65000      130.00000

   Energies (kJ/mol)
           Bond            U-B    Proper Dih.  Improper Dih.      CMAP Dih.
    4.66346e+02    1.27769e+03    2.23963e+02    8.74661e+01   -1.25789e+02
          LJ-14     Coulomb-14        LJ (SR)   Coulomb (SR)   Coul. recip.
    4.32183e+02    1.07687e+04    7.77423e+04   -5.97670e+05    2.94870e+03
 Position Rest.      Potential    Kinetic En.   Total Energy  Conserved En.
    1.38566e+02   -5.03709e+05    8.33466e+04   -4.20363e+05   -5.58690e+05
    Temperature Pressure (bar)   Constr. rmsd
    2.79977e+02   -4.18193e+01    1.69065e-06

Writing checkpoint, step 69800 at Thu Aug 17 19:31:41 2023


           Step           Time
          70000      140.00000

   Energies (kJ/mol)
           Bond            U-B    Proper Dih.  Improper Dih.      CMAP Dih.
    4.67327e+02    1.36015e+03    2.09323e+02    8.91003e+01   -1.24593e+02
          LJ-14     Coulomb-14        LJ (SR)   Coulomb (SR)   Coul. recip.
    4.46317e+02    1.07386e+04    7.79801e+04   -5.97733e+05    2.91890e+03
 Position Rest.      Potential    Kinetic En.   Total Energy  Conserved En.
    1.54336e+02   -5.03494e+05    8.20660e+04   -4.21428e+05   -5.58648e+05
    Temperature Pressure (bar)   Constr. rmsd
    2.75675e+02   -3.28072e+02    2.12209e-06

           Step           Time
          75000      150.00000

   Energies (kJ/mol)
           Bond            U-B    Proper Dih.  Improper Dih.      CMAP Dih.
    4.68755e+02    1.28619e+03    2.29129e+02    9.98175e+01   -1.22964e+02
          LJ-14     Coulomb-14        LJ (SR)   Coulomb (SR)   Coul. recip.
    4.55139e+02    1.07334e+04    7.80571e+04   -5.99900e+05    2.93020e+03
 Position Rest.      Potential    Kinetic En.   Total Energy  Conserved En.
    1.55771e+02   -5.05608e+05    8.26081e+04   -4.23000e+05   -5.58628e+05
    Temperature Pressure (bar)   Constr. rmsd
    2.77496e+02   -4.23832e+02    2.40499e-06

           Step           Time
          80000      160.00000

   Energies (kJ/mol)
           Bond            U-B    Proper Dih.  Improper Dih.      CMAP Dih.
    4.66404e+02    1.29800e+03    1.99606e+02    8.10172e+01   -1.27275e+02
          LJ-14     Coulomb-14        LJ (SR)   Coulomb (SR)   Coul. recip.
    4.21057e+02    1.07419e+04    7.76262e+04   -5.98979e+05    2.95137e+03
 Position Rest.      Potential    Kinetic En.   Total Energy  Conserved En.
    1.23657e+02   -5.05197e+05    8.21361e+04   -4.23061e+05   -5.58614e+05
    Temperature Pressure (bar)   Constr. rmsd
    2.75910e+02   -3.00539e+02    1.60551e-06

Writing checkpoint, step 81450 at Thu Aug 17 19:46:40 2023


           Step           Time
          85000      170.00000

   Energies (kJ/mol)
           Bond            U-B    Proper Dih.  Improper Dih.      CMAP Dih.
    4.79805e+02    1.28970e+03    2.00001e+02    7.93393e+01   -1.26707e+02
          LJ-14     Coulomb-14        LJ (SR)   Coulomb (SR)   Coul. recip.
    4.54225e+02    1.07189e+04    7.80836e+04   -5.98864e+05    2.90506e+03
 Position Rest.      Potential    Kinetic En.   Total Energy  Conserved En.
    1.45834e+02   -5.04634e+05    8.30335e+04   -4.21600e+05   -5.58591e+05
    Temperature Pressure (bar)   Constr. rmsd
    2.78925e+02   -2.62157e+02    2.92426e-06

           Step           Time
          90000      180.00000

   Energies (kJ/mol)
           Bond            U-B    Proper Dih.  Improper Dih.      CMAP Dih.
    4.76079e+02    1.26417e+03    1.85921e+02    7.50413e+01   -1.24496e+02
          LJ-14     Coulomb-14        LJ (SR)   Coulomb (SR)   Coul. recip.
    4.35111e+02    1.07522e+04    7.75594e+04   -5.98659e+05    2.88513e+03
 Position Rest.      Potential    Kinetic En.   Total Energy  Conserved En.
    1.38577e+02   -5.05012e+05    8.25593e+04   -4.22453e+05   -5.58572e+05
    Temperature Pressure (bar)   Constr. rmsd
    2.77332e+02   -2.48030e+02    1.54226e-06

Writing checkpoint, step 93050 at Thu Aug 17 20:01:41 2023


           Step           Time
          95000      190.00000

   Energies (kJ/mol)
           Bond            U-B    Proper Dih.  Improper Dih.      CMAP Dih.
    5.10456e+02    1.42071e+03    2.08992e+02    6.01110e+01   -1.20942e+02
          LJ-14     Coulomb-14        LJ (SR)   Coulomb (SR)   Coul. recip.
    4.19004e+02    1.07194e+04    7.72887e+04   -5.97475e+05    3.01816e+03
 Position Rest.      Potential    Kinetic En.   Total Energy  Conserved En.
    1.64818e+02   -5.03786e+05    8.25166e+04   -4.21269e+05   -5.58522e+05
    Temperature Pressure (bar)   Constr. rmsd
    2.77189e+02   -2.06232e+02    2.43728e-06

           Step           Time
         100000      200.00000

   Energies (kJ/mol)
           Bond            U-B    Proper Dih.  Improper Dih.      CMAP Dih.
    5.42840e+02    1.25764e+03    2.51279e+02    6.52964e+01   -1.21845e+02
          LJ-14     Coulomb-14        LJ (SR)   Coulomb (SR)   Coul. recip.
    4.09506e+02    1.07599e+04    7.80495e+04   -5.98325e+05    2.85617e+03
 Position Rest.      Potential    Kinetic En.   Total Energy  Conserved En.
    1.48579e+02   -5.04106e+05    8.23968e+04   -4.21709e+05   -5.58510e+05
    Temperature Pressure (bar)   Constr. rmsd
    2.76786e+02   -8.00322e+01    3.02775e-06

Writing checkpoint, step 104650 at Thu Aug 17 20:16:40 2023


           Step           Time
         105000      210.00000

   Energies (kJ/mol)
           Bond            U-B    Proper Dih.  Improper Dih.      CMAP Dih.
    5.19363e+02    1.28196e+03    1.91563e+02    6.67978e+01   -1.17535e+02
          LJ-14     Coulomb-14        LJ (SR)   Coulomb (SR)   Coul. recip.
    4.26652e+02    1.08064e+04    7.92452e+04   -5.98946e+05    2.98789e+03
 Position Rest.      Potential    Kinetic En.   Total Energy  Conserved En.
    1.43179e+02   -5.03395e+05    8.27120e+04   -4.20683e+05   -5.58483e+05
    Temperature Pressure (bar)   Constr. rmsd
    2.77845e+02    1.56447e+02    2.10362e-06

           Step           Time
         110000      220.00000

   Energies (kJ/mol)
           Bond            U-B    Proper Dih.  Improper Dih.      CMAP Dih.
    4.72888e+02    1.37054e+03    2.28232e+02    7.95062e+01   -1.35108e+02
          LJ-14     Coulomb-14        LJ (SR)   Coulomb (SR)   Coul. recip.
    4.17145e+02    1.07648e+04    7.90411e+04   -5.99081e+05    2.92390e+03
 Position Rest.      Potential    Kinetic En.   Total Energy  Conserved En.
    1.46427e+02   -5.03771e+05    8.26606e+04   -4.21111e+05   -5.58450e+05
    Temperature Pressure (bar)   Constr. rmsd
    2.77673e+02    5.32029e+01    1.53096e-06

           Step           Time
         115000      230.00000

   Energies (kJ/mol)
           Bond            U-B    Proper Dih.  Improper Dih.      CMAP Dih.
    4.80941e+02    1.23102e+03    2.00256e+02    7.14581e+01   -1.25335e+02
          LJ-14     Coulomb-14        LJ (SR)   Coulomb (SR)   Coul. recip.
    4.46121e+02    1.07446e+04    7.81457e+04   -5.99550e+05    2.96266e+03
 Position Rest.      Potential    Kinetic En.   Total Energy  Conserved En.
    1.73370e+02   -5.05219e+05    8.31889e+04   -4.22031e+05   -5.58448e+05
    Temperature Pressure (bar)   Constr. rmsd
    2.79447e+02   -4.39949e+01    2.29729e-06

Writing checkpoint, step 116275 at Thu Aug 17 20:31:41 2023


           Step           Time
         120000      240.00000

   Energies (kJ/mol)
           Bond            U-B    Proper Dih.  Improper Dih.      CMAP Dih.
    4.67124e+02    1.33621e+03    2.47172e+02    7.68180e+01   -1.32685e+02
          LJ-14     Coulomb-14        LJ (SR)   Coulomb (SR)   Coul. recip.
    4.33386e+02    1.07663e+04    7.89015e+04   -5.98769e+05    3.12356e+03
 Position Rest.      Potential    Kinetic En.   Total Energy  Conserved En.
    1.60873e+02   -5.03389e+05    8.30773e+04   -4.20312e+05   -5.58417e+05
    Temperature Pressure (bar)   Constr. rmsd
    2.79072e+02    1.10344e+02    2.20602e-06

           Step           Time
         125000      250.00000

   Energies (kJ/mol)
           Bond            U-B    Proper Dih.  Improper Dih.      CMAP Dih.
    4.59501e+02    1.26766e+03    1.69759e+02    9.67778e+01   -1.35623e+02
          LJ-14     Coulomb-14        LJ (SR)   Coulomb (SR)   Coul. recip.
    4.34368e+02    1.07987e+04    7.69334e+04   -5.97058e+05    2.90149e+03
 Position Rest.      Potential    Kinetic En.   Total Energy  Conserved En.
    1.38946e+02   -5.03993e+05    8.27618e+04   -4.21231e+05   -5.58393e+05
    Temperature Pressure (bar)   Constr. rmsd
    2.78012e+02   -1.47050e+02    1.86585e-06

Writing checkpoint, step 127925 at Thu Aug 17 20:46:41 2023


           Step           Time
         130000      260.00000

   Energies (kJ/mol)
           Bond            U-B    Proper Dih.  Improper Dih.      CMAP Dih.
    4.93731e+02    1.31634e+03    1.93912e+02    6.43829e+01   -1.27708e+02
          LJ-14     Coulomb-14        LJ (SR)   Coulomb (SR)   Coul. recip.
    4.47859e+02    1.08118e+04    7.80257e+04   -5.97299e+05    2.94697e+03
 Position Rest.      Potential    Kinetic En.   Total Energy  Conserved En.
    1.62402e+02   -5.02964e+05    8.25873e+04   -4.20376e+05   -5.58361e+05
    Temperature Pressure (bar)   Constr. rmsd
    2.77426e+02   -1.94541e+02    2.21614e-06

           Step           Time
         135000      270.00000

   Energies (kJ/mol)
           Bond            U-B    Proper Dih.  Improper Dih.      CMAP Dih.
    4.44166e+02    1.24760e+03    2.23835e+02    1.01500e+02   -1.31116e+02
          LJ-14     Coulomb-14        LJ (SR)   Coulomb (SR)   Coul. recip.
    4.31622e+02    1.08808e+04    7.77596e+04   -5.98970e+05    2.95518e+03
 Position Rest.      Potential    Kinetic En.   Total Energy  Conserved En.
    1.28606e+02   -5.04928e+05    8.30008e+04   -4.21927e+05   -5.58344e+05
    Temperature Pressure (bar)   Constr. rmsd
    2.78815e+02   -3.47437e+02    2.16145e-06

Writing checkpoint, step 138825 at Thu Aug 17 21:01:40 2023


           Step           Time
         140000      280.00000

   Energies (kJ/mol)
           Bond            U-B    Proper Dih.  Improper Dih.      CMAP Dih.
    5.03030e+02    1.20757e+03    2.18235e+02    7.22688e+01   -1.22761e+02
          LJ-14     Coulomb-14        LJ (SR)   Coulomb (SR)   Coul. recip.
    4.52538e+02    1.06914e+04    7.72445e+04   -5.97178e+05    2.86377e+03
 Position Rest.      Potential    Kinetic En.   Total Energy  Conserved En.
    1.57662e+02   -5.03890e+05    8.30096e+04   -4.20880e+05   -5.58318e+05
    Temperature Pressure (bar)   Constr. rmsd
    2.78845e+02    3.28389e+01    1.99392e-06

           Step           Time
         145000      290.00000

   Energies (kJ/mol)
           Bond            U-B    Proper Dih.  Improper Dih.      CMAP Dih.
    4.73480e+02    1.16603e+03    2.17211e+02    7.61003e+01   -1.27525e+02
          LJ-14     Coulomb-14        LJ (SR)   Coulomb (SR)   Coul. recip.
    4.36673e+02    1.07900e+04    7.76165e+04   -5.97683e+05    2.87881e+03
 Position Rest.      Potential    Kinetic En.   Total Energy  Conserved En.
    1.54793e+02   -5.04001e+05    8.30963e+04   -4.20905e+05   -5.58305e+05
    Temperature Pressure (bar)   Constr. rmsd
    2.79136e+02   -2.09179e+02    2.03194e-06

           Step           Time
         150000      300.00000

   Energies (kJ/mol)
           Bond            U-B    Proper Dih.  Improper Dih.      CMAP Dih.
    4.47578e+02    1.21990e+03    2.00499e+02    9.91760e+01   -1.12537e+02
          LJ-14     Coulomb-14        LJ (SR)   Coulomb (SR)   Coul. recip.
    4.49200e+02    1.08297e+04    7.75407e+04   -5.98077e+05    2.92648e+03
 Position Rest.      Potential    Kinetic En.   Total Energy  Conserved En.
    1.36355e+02   -5.04339e+05    8.30505e+04   -4.21289e+05   -5.58280e+05
    Temperature Pressure (bar)   Constr. rmsd
    2.78982e+02   -1.34399e+02    2.55198e-06

Writing checkpoint, step 150250 at Thu Aug 17 21:16:41 2023


           Step           Time
         155000      310.00000

   Energies (kJ/mol)
           Bond            U-B    Proper Dih.  Improper Dih.      CMAP Dih.
    4.99424e+02    1.23743e+03    1.90104e+02    8.32674e+01   -1.18326e+02
          LJ-14     Coulomb-14        LJ (SR)   Coulomb (SR)   Coul. recip.
    4.31305e+02    1.07856e+04    7.76309e+04   -5.98744e+05    2.87279e+03
 Position Rest.      Potential    Kinetic En.   Total Energy  Conserved En.
    1.35429e+02   -5.04996e+05    8.28812e+04   -4.22115e+05   -5.58255e+05
    Temperature Pressure (bar)   Constr. rmsd
    2.78413e+02   -3.16482e+02    2.37465e-06

           Step           Time
         160000      320.00000

   Energies (kJ/mol)
           Bond            U-B    Proper Dih.  Improper Dih.      CMAP Dih.
    4.62458e+02    1.31364e+03    1.99693e+02    6.99163e+01   -1.27389e+02
          LJ-14     Coulomb-14        LJ (SR)   Coulomb (SR)   Coul. recip.
    4.50140e+02    1.08260e+04    7.92085e+04   -5.99961e+05    3.00282e+03
 Position Rest.      Potential    Kinetic En.   Total Energy  Conserved En.
    1.42269e+02   -5.04413e+05    8.26382e+04   -4.21775e+05   -5.58211e+05
    Temperature Pressure (bar)   Constr. rmsd
    2.77597e+02    1.30472e+02    2.08713e-06

Writing checkpoint, step 161825 at Thu Aug 17 21:31:40 2023


           Step           Time
         165000      330.00000

   Energies (kJ/mol)
           Bond            U-B    Proper Dih.  Improper Dih.      CMAP Dih.
    4.78030e+02    1.36241e+03    2.37299e+02    8.67236e+01   -1.30938e+02
          LJ-14     Coulomb-14        LJ (SR)   Coulomb (SR)   Coul. recip.
    4.10023e+02    1.07107e+04    7.88722e+04   -6.00010e+05    2.90413e+03
 Position Rest.      Potential    Kinetic En.   Total Energy  Conserved En.
    1.32226e+02   -5.04947e+05    8.27332e+04   -4.22214e+05   -5.58198e+05
    Temperature Pressure (bar)   Constr. rmsd
    2.77916e+02   -9.33753e+01    1.92757e-06

           Step           Time
         170000      340.00000

   Energies (kJ/mol)
           Bond            U-B    Proper Dih.  Improper Dih.      CMAP Dih.
    5.11659e+02    1.19739e+03    1.79921e+02    6.90212e+01   -1.29753e+02
          LJ-14     Coulomb-14        LJ (SR)   Coulomb (SR)   Coul. recip.
    4.14364e+02    1.08396e+04    7.97886e+04   -6.00680e+05    2.95672e+03
 Position Rest.      Potential    Kinetic En.   Total Energy  Conserved En.
    1.44610e+02   -5.04708e+05    8.29551e+04   -4.21753e+05   -5.58158e+05
    Temperature Pressure (bar)   Constr. rmsd
    2.78662e+02    1.69988e+02    2.56976e-06

Writing checkpoint, step 173550 at Thu Aug 17 21:46:42 2023


           Step           Time
         175000      350.00000

   Energies (kJ/mol)
           Bond            U-B    Proper Dih.  Improper Dih.      CMAP Dih.
    4.84809e+02    1.31823e+03    1.88359e+02    6.63566e+01   -1.34709e+02
          LJ-14     Coulomb-14        LJ (SR)   Coulomb (SR)   Coul. recip.
    4.45129e+02    1.07017e+04    7.74000e+04   -5.98258e+05    2.92299e+03
 Position Rest.      Potential    Kinetic En.   Total Energy  Conserved En.
    1.61997e+02   -5.04703e+05    8.27483e+04   -4.21955e+05   -5.58144e+05
    Temperature Pressure (bar)   Constr. rmsd
    2.77967e+02   -2.20783e+02    2.40956e-06

           Step           Time
         180000      360.00000

   Energies (kJ/mol)
           Bond            U-B    Proper Dih.  Improper Dih.      CMAP Dih.
    4.83316e+02    1.37467e+03    1.99439e+02    5.62816e+01   -1.32887e+02
          LJ-14     Coulomb-14        LJ (SR)   Coulomb (SR)   Coul. recip.
    4.59923e+02    1.06933e+04    7.84833e+04   -5.97855e+05    2.95148e+03
 Position Rest.      Potential    Kinetic En.   Total Energy  Conserved En.
    1.42817e+02   -5.03144e+05    8.36479e+04   -4.19496e+05   -5.58135e+05
    Temperature Pressure (bar)   Constr. rmsd
    2.80989e+02    3.08198e+01    2.35408e-06

           Step           Time
         185000      370.00000

   Energies (kJ/mol)
           Bond            U-B    Proper Dih.  Improper Dih.      CMAP Dih.
    4.59899e+02    1.30743e+03    2.35863e+02    8.92078e+01   -1.25594e+02
          LJ-14     Coulomb-14        LJ (SR)   Coulomb (SR)   Coul. recip.
    4.55079e+02    1.08341e+04    7.68265e+04   -5.97085e+05    2.88762e+03
 Position Rest.      Potential    Kinetic En.   Total Energy  Conserved En.
    1.42818e+02   -5.03972e+05    8.25940e+04   -4.21378e+05   -5.58093e+05
    Temperature Pressure (bar)   Constr. rmsd
    2.77449e+02   -3.51833e+02    2.09328e-06

Writing checkpoint, step 185175 at Thu Aug 17 22:01:41 2023


           Step           Time
         190000      380.00000

   Energies (kJ/mol)
           Bond            U-B    Proper Dih.  Improper Dih.      CMAP Dih.
    4.49225e+02    1.25923e+03    1.94530e+02    9.43900e+01   -1.22919e+02
          LJ-14     Coulomb-14        LJ (SR)   Coulomb (SR)   Coul. recip.
    4.30926e+02    1.08530e+04    7.86505e+04   -5.99020e+05    2.99009e+03
 Position Rest.      Potential    Kinetic En.   Total Energy  Conserved En.
    1.53147e+02   -5.04068e+05    8.26454e+04   -4.21423e+05   -5.58056e+05
    Temperature Pressure (bar)   Constr. rmsd
    2.77621e+02   -3.25422e+01    1.66112e-06

           Step           Time
         195000      390.00000

   Energies (kJ/mol)
           Bond            U-B    Proper Dih.  Improper Dih.      CMAP Dih.
    4.78257e+02    1.32526e+03    2.46138e+02    7.70058e+01   -1.23907e+02
          LJ-14     Coulomb-14        LJ (SR)   Coulomb (SR)   Coul. recip.
    4.41086e+02    1.08944e+04    7.76019e+04   -5.97330e+05    2.90719e+03
 Position Rest.      Potential    Kinetic En.   Total Energy  Conserved En.
    1.61922e+02   -5.03321e+05    8.23509e+04   -4.20970e+05   -5.58041e+05
    Temperature Pressure (bar)   Constr. rmsd
    2.76632e+02   -8.47577e+01    2.39184e-06

Writing checkpoint, step 196600 at Thu Aug 17 22:16:41 2023


           Step           Time
         200000      400.00000

   Energies (kJ/mol)
           Bond            U-B    Proper Dih.  Improper Dih.      CMAP Dih.
    4.81484e+02    1.32887e+03    2.21759e+02    8.58082e+01   -1.23855e+02
          LJ-14     Coulomb-14        LJ (SR)   Coulomb (SR)   Coul. recip.
    4.30023e+02    1.07816e+04    7.71620e+04   -5.97174e+05    2.91540e+03
 Position Rest.      Potential    Kinetic En.   Total Energy  Conserved En.
    1.45774e+02   -5.03745e+05    8.27007e+04   -4.21044e+05   -5.58006e+05
    Temperature Pressure (bar)   Constr. rmsd
    2.77807e+02   -1.57412e+02    2.04053e-06

           Step           Time
         205000      410.00000

   Energies (kJ/mol)
           Bond            U-B    Proper Dih.  Improper Dih.      CMAP Dih.
    4.81164e+02    1.30082e+03    1.97295e+02    7.59694e+01   -1.19114e+02
          LJ-14     Coulomb-14        LJ (SR)   Coulomb (SR)   Coul. recip.
    4.42926e+02    1.07558e+04    7.91074e+04   -5.98807e+05    2.95985e+03
 Position Rest.      Potential    Kinetic En.   Total Energy  Conserved En.
    1.46184e+02   -5.03459e+05    8.21537e+04   -4.21305e+05   -5.57989e+05
    Temperature Pressure (bar)   Constr. rmsd
    2.75970e+02    3.09426e+02    1.75066e-06

Writing checkpoint, step 208000 at Thu Aug 17 22:31:40 2023


           Step           Time
         210000      420.00000

   Energies (kJ/mol)
           Bond            U-B    Proper Dih.  Improper Dih.      CMAP Dih.
    4.33958e+02    1.23460e+03    2.38980e+02    7.36567e+01   -1.36519e+02
          LJ-14     Coulomb-14        LJ (SR)   Coulomb (SR)   Coul. recip.
    4.39819e+02    1.08169e+04    7.96475e+04   -5.99436e+05    3.00467e+03
 Position Rest.      Potential    Kinetic En.   Total Energy  Conserved En.
    1.71421e+02   -5.03511e+05    8.25171e+04   -4.20994e+05   -5.57977e+05
    Temperature Pressure (bar)   Constr. rmsd
    2.77190e+02    1.65026e+02    2.00116e-06

           Step           Time
         215000      430.00000

   Energies (kJ/mol)
           Bond            U-B    Proper Dih.  Improper Dih.      CMAP Dih.
    4.66368e+02    1.44323e+03    1.99723e+02    8.69257e+01   -1.34536e+02
          LJ-14     Coulomb-14        LJ (SR)   Coulomb (SR)   Coul. recip.
    4.48305e+02    1.07906e+04    7.74277e+04   -5.96757e+05    2.93533e+03
 Position Rest.      Potential    Kinetic En.   Total Energy  Conserved En.
    1.30749e+02   -5.02962e+05    8.35743e+04   -4.19388e+05   -5.57939e+05
    Temperature Pressure (bar)   Constr. rmsd
    2.80742e+02   -2.61603e+01    1.99110e-06

Writing checkpoint, step 219625 at Thu Aug 17 22:46:42 2023


           Step           Time
         220000      440.00000

   Energies (kJ/mol)
           Bond            U-B    Proper Dih.  Improper Dih.      CMAP Dih.
    4.43791e+02    1.39920e+03    2.33214e+02    7.01372e+01   -1.24036e+02
          LJ-14     Coulomb-14        LJ (SR)   Coulomb (SR)   Coul. recip.
    3.97724e+02    1.07743e+04    7.81431e+04   -5.98358e+05    2.88378e+03
 Position Rest.      Potential    Kinetic En.   Total Energy  Conserved En.
    1.25975e+02   -5.04010e+05    8.28628e+04   -4.21148e+05   -5.57922e+05
    Temperature Pressure (bar)   Constr. rmsd
    2.78352e+02   -1.39971e+02    2.40767e-06

           Step           Time
         225000      450.00000

   Energies (kJ/mol)
           Bond            U-B    Proper Dih.  Improper Dih.      CMAP Dih.
    4.55599e+02    1.33936e+03    2.20257e+02    1.03554e+02   -1.24862e+02
          LJ-14     Coulomb-14        LJ (SR)   Coulomb (SR)   Coul. recip.
    4.74900e+02    1.06954e+04    7.79547e+04   -5.98522e+05    2.86243e+03
 Position Rest.      Potential    Kinetic En.   Total Energy  Conserved En.
    1.72004e+02   -5.04368e+05    8.29158e+04   -4.21453e+05   -5.57892e+05
    Temperature Pressure (bar)   Constr. rmsd
    2.78530e+02    1.55779e+01    1.82811e-06

           Step           Time
         230000      460.00000

   Energies (kJ/mol)
           Bond            U-B    Proper Dih.  Improper Dih.      CMAP Dih.
    4.54105e+02    1.32475e+03    2.08011e+02    1.06841e+02   -1.21321e+02
          LJ-14     Coulomb-14        LJ (SR)   Coulomb (SR)   Coul. recip.
    4.50150e+02    1.08434e+04    7.78662e+04   -5.97517e+05    2.98973e+03
 Position Rest.      Potential    Kinetic En.   Total Energy  Conserved En.
    1.33708e+02   -5.03261e+05    8.35775e+04   -4.19684e+05   -5.57865e+05
    Temperature Pressure (bar)   Constr. rmsd
    2.80753e+02   -4.10209e+01    2.61812e-06

Writing checkpoint, step 231325 at Thu Aug 17 23:01:40 2023


           Step           Time
         235000      470.00000

   Energies (kJ/mol)
           Bond            U-B    Proper Dih.  Improper Dih.      CMAP Dih.
    4.64606e+02    1.38171e+03    2.00310e+02    9.32876e+01   -1.23872e+02
          LJ-14     Coulomb-14        LJ (SR)   Coulomb (SR)   Coul. recip.
    4.58675e+02    1.07031e+04    7.68814e+04   -5.96996e+05    2.86163e+03
 Position Rest.      Potential    Kinetic En.   Total Energy  Conserved En.
    1.43935e+02   -5.03931e+05    8.27750e+04   -4.21156e+05   -5.57843e+05
    Temperature Pressure (bar)   Constr. rmsd
    2.78057e+02   -3.06823e+02    1.54787e-06

           Step           Time
         240000      480.00000

   Energies (kJ/mol)
           Bond            U-B    Proper Dih.  Improper Dih.      CMAP Dih.
    4.23454e+02    1.30651e+03    2.16952e+02    1.03993e+02   -1.14535e+02
          LJ-14     Coulomb-14        LJ (SR)   Coulomb (SR)   Coul. recip.
    4.57548e+02    1.07670e+04    7.83740e+04   -5.99342e+05    2.78600e+03
 Position Rest.      Potential    Kinetic En.   Total Energy  Conserved En.
    1.51710e+02   -5.04869e+05    8.31409e+04   -4.21728e+05   -5.57828e+05
    Temperature Pressure (bar)   Constr. rmsd
    2.79286e+02   -1.61406e+02    2.36879e-06

Writing checkpoint, step 242900 at Thu Aug 17 23:16:40 2023


           Step           Time
         245000      490.00000

   Energies (kJ/mol)
           Bond            U-B    Proper Dih.  Improper Dih.      CMAP Dih.
    4.49347e+02    1.31528e+03    2.19815e+02    8.09684e+01   -1.24293e+02
          LJ-14     Coulomb-14        LJ (SR)   Coulomb (SR)   Coul. recip.
    4.50840e+02    1.07437e+04    7.67503e+04   -5.97438e+05    2.91868e+03
 Position Rest.      Potential    Kinetic En.   Total Energy  Conserved En.
    1.39205e+02   -5.04494e+05    8.27619e+04   -4.21732e+05   -5.57792e+05
    Temperature Pressure (bar)   Constr. rmsd
    2.78013e+02   -1.81301e+02    2.23316e-06

           Step           Time
         250000      500.00000

Writing checkpoint, step 250000 at Thu Aug 17 23:25:37 2023


   Energies (kJ/mol)
           Bond            U-B    Proper Dih.  Improper Dih.      CMAP Dih.
    4.43358e+02    1.33559e+03    2.01772e+02    7.95305e+01   -1.21500e+02
          LJ-14     Coulomb-14        LJ (SR)   Coulomb (SR)   Coul. recip.
    4.19497e+02    1.06988e+04    7.80150e+04   -5.98123e+05    2.98910e+03
 Position Rest.      Potential    Kinetic En.   Total Energy  Conserved En.
    1.40973e+02   -5.03921e+05    8.16984e+04   -4.22223e+05   -5.57757e+05
    Temperature Pressure (bar)   Constr. rmsd
    2.74440e+02   -3.29267e+02    2.07816e-06


Energy conservation over simulation part #1 of length 500 ps, time 0 to 500 ps
  Conserved energy drift: 9.08e-05 kJ/mol/ps per atom


	<======  ###############  ==>
	<====  A V E R A G E S  ====>
	<==  ###############  ======>

	Statistics over 250001 steps using 2501 frames

   Energies (kJ/mol)
           Bond            U-B    Proper Dih.  Improper Dih.      CMAP Dih.
    4.70738e+02    1.29134e+03    2.10222e+02    7.99533e+01   -1.26689e+02
          LJ-14     Coulomb-14        LJ (SR)   Coulomb (SR)   Coul. recip.
    4.39109e+02    1.07754e+04    7.81267e+04   -5.98753e+05    2.91908e+03
 Position Rest.      Potential    Kinetic En.   Total Energy  Conserved En.
    1.44291e+02   -5.04423e+05    8.24700e+04   -4.21953e+05   -5.58388e+05
    Temperature Pressure (bar)   Constr. rmsd
    2.77032e+02   -9.85297e+01    0.00000e+00

   Total Virial (kJ/mol)
    2.85601e+04    1.99169e+01    2.02777e+01
    1.99169e+01    2.84768e+04    3.17968e+01
    2.02777e+01    3.17968e+01    2.86244e+04

   Pressure (bar)
   -9.88935e+01   -2.99570e+00   -1.83519e+00
   -2.99570e+00   -9.15935e+01   -2.54335e+00
   -1.83519e+00   -2.54335e+00   -1.05102e+02


	M E G A - F L O P S   A C C O U N T I N G

 NB=Group-cutoff nonbonded kernels    NxN=N-by-N cluster Verlet kernels
 RF=Reaction-Field  VdW=Van der Waals  QSTab=quadratic-spline table
 W3=SPC/TIP3p  W4=TIP4p (single or pairs)
 V&F=Potential and force  V=Potential only  F=Force only

 Computing:                               M-Number         M-Flops  % Flops
-----------------------------------------------------------------------------
 Pair Search distance check          148004.927898     1332044.351     0.4
 NxN Ewald Elec. + LJ [F]           2529183.353456   166926101.328    47.1
 NxN Ewald Elec. + LJ [V&F]           25558.746144     2734785.837     0.8
 NxN Ewald Elec. [F]                2404635.131600   146682743.028    41.4
 NxN Ewald Elec. [V&F]                24299.815392     2041184.493     0.6
 1,4 nonbonded interactions             405.001620       36450.146     0.0
 Calc Weights                         26711.356845      961608.846     0.3
 Spread Q Bspline                    569842.279360     1139684.559     0.3
 Gather F Bspline                    569842.279360     3419053.676     1.0
 3D-FFT                             3454381.817472    27635054.540     7.8
 Solve PME                             1296.005184       82944.332     0.0
 Reset In Box                           356.185615        1068.557     0.0
 CG-CoM                                 356.221230        1068.664     0.0
 Bonds                                   81.250325        4793.769     0.0
 Propers                                435.751743       99787.149     0.0
 Impropers                               29.000116        6032.024     0.0
 Pos. Restr.                             79.750319        3987.516     0.0
 Virial                                  89.185660        1605.342     0.0
 Stop-CM                                 89.108730         891.087     0.0
 Calc-Ekin                             3561.571230       96162.423     0.0
 Lincs                                   77.000924        4620.055     0.0
 Lincs-Mat                              417.005004        1668.020     0.0
 Constraint-V                          8885.571084       79970.140     0.0
 Constraint-Vir                          88.120234        2114.886     0.0
 Settle                                2910.534926     1076897.923     0.3
 CMAP                                     1.500006        2550.010     0.0
 Urey-Bradley                           284.501138       52063.708     0.0
-----------------------------------------------------------------------------
 Total                                               354426936.409   100.0
-----------------------------------------------------------------------------


    D O M A I N   D E C O M P O S I T I O N   S T A T I S T I C S

 av. #atoms communicated per step for force:  2 x 0.0


     R E A L   C Y C L E   A N D   T I M E   A C C O U N T I N G

On 1 MPI rank

 Computing:          Num   Num      Call    Wall time         Giga-Cycles
                     Ranks Threads  Count      (s)         total sum    %
-----------------------------------------------------------------------------
 Domain decomp.         1    1      10001      90.721        226.269   0.5
 Neighbor search        1    1      10001     697.258       1739.043   3.6
 Force                  1    1     250001   10750.674      26813.434  55.3
 PME mesh               1    1     250001    7235.515      18046.217  37.2
 NB X/F buffer ops.     1    1     490001      90.102        224.724   0.5
 Write traj.            1    1         72     282.394        704.325   1.5
 Update                 1    1     250001     125.596        313.252   0.6
 Constraints            1    1     250003     138.700        345.934   0.7
 Rest                                          31.728         79.134   0.2
-----------------------------------------------------------------------------
 Total                                      19442.689      48492.330 100.0
-----------------------------------------------------------------------------
 Breakdown of PME mesh computation
-----------------------------------------------------------------------------
 PME spread             1    1     250001    1578.963       3938.119   8.1
 PME gather             1    1     250001    1437.222       3584.599   7.4
 PME 3D-FFT             1    1     500002    4006.206       9991.945  20.6
 PME solve Elec         1    1     250001     211.730        528.079   1.1
-----------------------------------------------------------------------------

               Core t (s)   Wall t (s)        (%)
       Time:    19442.688    19442.689      100.0
                         5h24:02
                 (ns/day)    (hour/ns)
Performance:        2.222       10.801
Finished mdrun on rank 0 Thu Aug 17 23:25:42 2023

