      :-) GROMACS - gmx mdrun, 2022.5-plumed_2.9.0 (double precision) (-:

Copyright 1991-2022 The GROMACS Authors.
GROMACS is free software; you can redistribute it and/or modify it
under the terms of the GNU Lesser General Public License
as published by the Free Software Foundation; either version 2.1
of the License, or (at your option) any later version.

                         Current GROMACS contributors:
       Mark Abraham           Andrey Alekseenko           Cathrine Bergh      
      Christian Blau            Eliane Briand               Kevin Boyd        
     Oliver Fleetwood         Stefan Fleischmann           Vytas Gapsys       
       Gaurav Garg           Gilles Gouaillardet            Alan Gray         
      Victor Holanda           M. Eric Irrgang              Joe Jordan        
    Christoph Junghans        Prashanth Kanduri           Sebastian Kehl      
     Sebastian Keller          Carsten Kutzner           Magnus Lundborg      
       Pascal Merz              Dmitry Morozov             Szilard Pall       
      Roland Schulz             Michael Shirts         David van der Spoel    
     Alessandra Villa      Sebastian Wingbermuehle        Artem Zhmurov       

                         Previous GROMACS contributors:
        Emile Apol             Rossen Apostolov           James Barnett       
  Herman J.C. Berendsen          Par Bjelkmar           Viacheslav Bolnykh    
    Aldert van Buuren          Carlo Camilloni           Rudi van Drunen      
      Anton Feenstra           Gerrit Groenhof            Bert de Groot       
      Anca Hamuraru           Vincent Hindriksen         Aleksei Iupinov      
   Dimitrios Karkoulis           Peter Kasson               Jiri Kraus        
       Per Larsson             Justin A. Lemkul           Viveca Lindahl      
      Erik Marklund           Pieter Meulenhoff           Vedran Miletic      
      Teemu Murtola              Sander Pronk            Alexey Shvetsov      
      Alfons Sijbers            Peter Tieleman             Jon Vincent        
     Teemu Virolainen         Christian Wennberg           Maarten Wolf       

                  Coordinated by the GROMACS project leaders:
                    Paul Bauer, Berk Hess, and Erik Lindahl

GROMACS:      gmx mdrun, version 2022.5-plumed_2.9.0 (double precision)
Executable:   /home/zcbtar9/software/gromacs-2022.5-plumed-2.9.0/bin/gmx_mpi_d
Data prefix:  /home/zcbtar9/software/gromacs-2022.5-plumed-2.9.0
Working dir:  /lustre/home/zcbtar9/projects/amyloid-beta-research/AB42_WM/system/simulations/replica18
Process ID:   22538
Command line:
  gmx_mpi_d mdrun -s nvt_input.tpr -multidir system/simulations/replica0 system/simulations/replica1 system/simulations/replica2 system/simulations/replica3 system/simulations/replica4 system/simulations/replica5 system/simulations/replica6 system/simulations/replica7 system/simulations/replica8 system/simulations/replica9 system/simulations/replica10 system/simulations/replica11 system/simulations/replica12 system/simulations/replica13 system/simulations/replica14 system/simulations/replica15 system/simulations/replica16 system/simulations/replica17 system/simulations/replica18 system/simulations/replica19 system/simulations/replica20 system/simulations/replica21 system/simulations/replica22 system/simulations/replica23 system/simulations/replica24 system/simulations/replica25 system/simulations/replica26 system/simulations/replica27 system/simulations/replica28 system/simulations/replica29 system/simulations/replica30 system/simulations/replica31 system/simulations/replica32 system/simulations/replica33 system/simulations/replica34 system/simulations/replica35 system/simulations/replica36 system/simulations/replica37 system/simulations/replica38 system/simulations/replica39 system/simulations/replica40 system/simulations/replica41 system/simulations/replica42 system/simulations/replica43 system/simulations/replica44 system/simulations/replica45 system/simulations/replica46 system/simulations/replica47 -o nvt.trr -x nvt.xtc -c nvt_output.gro -g nvt.log -e nvt.edr -v -maxh 10 -ntomp 1

GROMACS version:    2022.5-plumed_2.9.0
Precision:          double
Memory model:       64 bit
MPI library:        MPI
OpenMP support:     enabled (GMX_OPENMP_MAX_THREADS = 128)
GPU support:        disabled
SIMD instructions:  AVX_512
CPU FFT library:    fftpack (built-in)
GPU FFT library:    none
RDTSCP usage:       enabled
TNG support:        enabled
Hwloc support:      disabled
Tracing support:    disabled
C compiler:         /shared/ucl/apps/gcc/10.2.0-p95889/bin/gcc GNU 10.2.0
C compiler flags:   -mavx512f -mfma -mavx512vl -mavx512dq -mavx512bw -Wno-missing-field-initializers -fexcess-precision=fast -funroll-all-loops -pthread -O3 -DNDEBUG
C++ compiler:       /shared/ucl/apps/gcc/10.2.0-p95889/bin/g++ GNU 10.2.0
C++ compiler flags: -mavx512f -mfma -mavx512vl -mavx512dq -mavx512bw -pthread -Wno-missing-field-initializers -fexcess-precision=fast -funroll-all-loops -pthread -fopenmp -O3 -DNDEBUG


Running on 2 nodes with total 80 cores, 80 processing units
  Cores per node:           40
  Logical processing units per node:   -40 - 40
  OS CPU Limit / recommended threads to start per node:   40
Hardware detected on host node-c11a-111 (the node of MPI rank 18):
  CPU info:
    Vendor: Intel
    Brand:  Intel(R) Xeon(R) Gold 6248 CPU @ 2.50GHz
    Family: 6   Model: 85   Stepping: 7
    Features: aes apic avx avx2 avx512f avx512cd avx512bw avx512vl avx512secondFMA clfsh cmov cx8 cx16 f16c fma hle htt intel lahf mmx msr nonstop_tsc pcid pclmuldq pdcm pdpe1gb popcnt pse rdrnd rdtscp rtm sse2 sse3 sse4.1 sse4.2 ssse3 tdt x2apic
    Number of AVX-512 FMA units: 2
  Hardware topology: Basic
    Packages, cores, and logical processors:
    [indices refer to OS logical processors]
      Package  0: [   0] [   1] [   2] [   3] [   4] [   5] [   6] [   7] [   8] [   9] [  10] [  11] [  12] [  13] [  14] [  15] [  16] [  17] [  18] [  19]
      Package  1: [  20] [  21] [  22] [  23] [  24] [  25] [  26] [  27] [  28] [  29] [  30] [  31] [  32] [  33] [  34] [  35] [  36] [  37] [  38] [  39]
    CPU limit set by OS: -1   Recommended max number of threads: 40


++++ PLEASE READ AND CITE THE FOLLOWING REFERENCE ++++
M. J. Abraham, T. Murtola, R. Schulz, S. Páll, J. C. Smith, B. Hess, E.
Lindahl
GROMACS: High performance molecular simulations through multi-level
parallelism from laptops to supercomputers
SoftwareX 1 (2015) pp. 19-25
-------- -------- --- Thank You --- -------- --------


++++ PLEASE READ AND CITE THE FOLLOWING REFERENCE ++++
S. Páll, M. J. Abraham, C. Kutzner, B. Hess, E. Lindahl
Tackling Exascale Software Challenges in Molecular Dynamics Simulations with
GROMACS
In S. Markidis & E. Laure (Eds.), Solving Software Challenges for Exascale 8759 (2015) pp. 3-27
-------- -------- --- Thank You --- -------- --------


++++ PLEASE READ AND CITE THE FOLLOWING REFERENCE ++++
S. Pronk, S. Páll, R. Schulz, P. Larsson, P. Bjelkmar, R. Apostolov, M. R.
Shirts, J. C. Smith, P. M. Kasson, D. van der Spoel, B. Hess, and E. Lindahl
GROMACS 4.5: a high-throughput and highly parallel open source molecular
simulation toolkit
Bioinformatics 29 (2013) pp. 845-54
-------- -------- --- Thank You --- -------- --------


++++ PLEASE READ AND CITE THE FOLLOWING REFERENCE ++++
B. Hess and C. Kutzner and D. van der Spoel and E. Lindahl
GROMACS 4: Algorithms for highly efficient, load-balanced, and scalable
molecular simulation
J. Chem. Theory Comput. 4 (2008) pp. 435-447
-------- -------- --- Thank You --- -------- --------


++++ PLEASE READ AND CITE THE FOLLOWING REFERENCE ++++
D. van der Spoel, E. Lindahl, B. Hess, G. Groenhof, A. E. Mark and H. J. C.
Berendsen
GROMACS: Fast, Flexible and Free
J. Comp. Chem. 26 (2005) pp. 1701-1719
-------- -------- --- Thank You --- -------- --------


++++ PLEASE READ AND CITE THE FOLLOWING REFERENCE ++++
E. Lindahl and B. Hess and D. van der Spoel
GROMACS 3.0: A package for molecular simulation and trajectory analysis
J. Mol. Mod. 7 (2001) pp. 306-317
-------- -------- --- Thank You --- -------- --------


++++ PLEASE READ AND CITE THE FOLLOWING REFERENCE ++++
H. J. C. Berendsen, D. van der Spoel and R. van Drunen
GROMACS: A message-passing parallel molecular dynamics implementation
Comp. Phys. Comm. 91 (1995) pp. 43-56
-------- -------- --- Thank You --- -------- --------


The number of OpenMP threads was set by environment variable OMP_NUM_THREADS to 1 (and the command-line setting agreed with that)

Input Parameters:
   integrator                     = md
   tinit                          = 0
   dt                             = 0.002
   nsteps                         = 250000
   init-step                      = 0
   simulation-part                = 1
   mts                            = false
   comm-mode                      = Linear
   nstcomm                        = 100
   bd-fric                        = 0
   ld-seed                        = -1076371523
   emtol                          = 10
   emstep                         = 0.01
   niter                          = 20
   fcstep                         = 0
   nstcgsteep                     = 1000
   nbfgscorr                      = 10
   rtpi                           = 0.05
   nstxout                        = 5000
   nstvout                        = 5000
   nstfout                        = 0
   nstlog                         = 5000
   nstcalcenergy                  = 100
   nstenergy                      = 2500
   nstxout-compressed             = 5000
   compressed-x-precision         = 1000
   cutoff-scheme                  = Verlet
   nstlist                        = 20
   pbc                            = xyz
   periodic-molecules             = false
   verlet-buffer-tolerance        = 0.001
   rlist                          = 1.073
   coulombtype                    = PME
   coulomb-modifier               = Potential-shift
   rcoulomb-switch                = 0
   rcoulomb                       = 1
   epsilon-r                      = 1
   epsilon-rf                     = 1
   vdw-type                       = Cut-off
   vdw-modifier                   = Potential-shift
   rvdw-switch                    = 0
   rvdw                           = 1
   DispCorr                       = No
   table-extension                = 1
   fourierspacing                 = 0.12
   fourier-nx                     = 72
   fourier-ny                     = 72
   fourier-nz                     = 72
   pme-order                      = 4
   ewald-rtol                     = 1e-05
   ewald-rtol-lj                  = 0.001
   lj-pme-comb-rule               = Geometric
   ewald-geometry                 = 3d
   epsilon-surface                = 0
   tcoupl                         = V-rescale
   nsttcouple                     = 10
   nh-chain-length                = 0
   print-nose-hoover-chain-variables = false
   pcoupl                         = No
   pcoupltype                     = Isotropic
   nstpcouple                     = -1
   tau-p                          = 1
   compressibility (3x3):
      compressibility[    0]={ 0.00000e+00,  0.00000e+00,  0.00000e+00}
      compressibility[    1]={ 0.00000e+00,  0.00000e+00,  0.00000e+00}
      compressibility[    2]={ 0.00000e+00,  0.00000e+00,  0.00000e+00}
   ref-p (3x3):
      ref-p[    0]={ 0.00000e+00,  0.00000e+00,  0.00000e+00}
      ref-p[    1]={ 0.00000e+00,  0.00000e+00,  0.00000e+00}
      ref-p[    2]={ 0.00000e+00,  0.00000e+00,  0.00000e+00}
   refcoord-scaling               = No
   posres-com (3):
      posres-com[0]= 0.00000e+00
      posres-com[1]= 0.00000e+00
      posres-com[2]= 0.00000e+00
   posres-comB (3):
      posres-comB[0]= 0.00000e+00
      posres-comB[1]= 0.00000e+00
      posres-comB[2]= 0.00000e+00
   QMMM                           = false
qm-opts:
   ngQM                           = 0
   constraint-algorithm           = Lincs
   continuation                   = false
   Shake-SOR                      = false
   shake-tol                      = 0.0001
   lincs-order                    = 4
   lincs-iter                     = 1
   lincs-warnangle                = 30
   nwall                          = 0
   wall-type                      = 9-3
   wall-r-linpot                  = -1
   wall-atomtype[0]               = -1
   wall-atomtype[1]               = -1
   wall-density[0]                = 0
   wall-density[1]                = 0
   wall-ewald-zfac                = 3
   pull                           = false
   awh                            = false
   rotation                       = false
   interactiveMD                  = false
   disre                          = No
   disre-weighting                = Conservative
   disre-mixed                    = false
   dr-fc                          = 1000
   dr-tau                         = 0
   nstdisreout                    = 100
   orire-fc                       = 0
   orire-tau                      = 0
   nstorireout                    = 100
   free-energy                    = no
   cos-acceleration               = 0
   deform (3x3):
      deform[    0]={ 0.00000e+00,  0.00000e+00,  0.00000e+00}
      deform[    1]={ 0.00000e+00,  0.00000e+00,  0.00000e+00}
      deform[    2]={ 0.00000e+00,  0.00000e+00,  0.00000e+00}
   simulated-tempering            = false
   swapcoords                     = no
   userint1                       = 0
   userint2                       = 0
   userint3                       = 0
   userint4                       = 0
   userreal1                      = 0
   userreal2                      = 0
   userreal3                      = 0
   userreal4                      = 0
   applied-forces:
     electric-field:
       x:
         E0                       = 0
         omega                    = 0
         t0                       = 0
         sigma                    = 0
       y:
         E0                       = 0
         omega                    = 0
         t0                       = 0
         sigma                    = 0
       z:
         E0                       = 0
         omega                    = 0
         t0                       = 0
         sigma                    = 0
     density-guided-simulation:
       active                     = false
       group                      = protein
       similarity-measure         = inner-product
       atom-spreading-weight      = unity
       force-constant             = 1e+09
       gaussian-transform-spreading-width = 0.2
       gaussian-transform-spreading-range-in-multiples-of-width = 4
       reference-density-filename = reference.mrc
       nst                        = 1
       normalize-densities        = true
       adaptive-force-scaling     = false
       adaptive-force-scaling-time-constant = 4
       shift-vector               = 
       transformation-matrix      = 
     qmmm-cp2k:
       active                     = false
       qmgroup                    = System
       qmmethod                   = PBE
       qmfilenames                = 
       qmcharge                   = 0
       qmmultiplicity             = 1
grpopts:
   nrdf:       71614
   ref-t:         278
   tau-t:           1
annealing:          No
annealing-npoints:           0
   acc:	           0           0           0
   nfreeze:           N           N           N
   energygrp-flags[  0]: 0

Changing nstlist from 20 to 25, rlist from 1.073 to 1.099


Initializing Domain Decomposition on 1 ranks
Dynamic load balancing: auto
Using update groups, nr 12023, average size 3.0 atoms, max. radius 0.139 nm
Minimum cell size due to atom displacement: 0.273 nm
Initial maximum distances in bonded interactions:
    two-body bonded interactions: 0.411 nm, LJ-14, atoms 523 530
  multi-body bonded interactions: 0.459 nm, CMAP Dih., atoms 122 131
Minimum cell size due to bonded interactions: 0.505 nm
Using 0 separate PME ranks because: there are too few total ranks for efficient splitting
Optimizing the DD grid for 1 cells with a minimum initial size of 0.505 nm
The maximum allowed number of cells is: X 12 Y 12 Z 11
Domain decomposition grid 1 x 1 x 1, separate PME ranks 0
PME domain decomposition: 1 x 1 x 1

The initial number of communication pulses is:
The initial domain decomposition cell size is:

The maximum allowed distance for atom groups involved in interactions is:
                 non-bonded interactions           1.377 nm
            two-body bonded interactions  (-rdd)   1.377 nm
          multi-body bonded interactions  (-rdd)   1.377 nm

When dynamic load balancing gets turned on, these settings will change to:
The maximum number of communication pulses is:
The minimum size for domain decomposition cells is 1.377 nm
The requested allowed shrink of DD cells (option -dds) is: 0.80
The allowed shrink of domain decomposition cells is:
The maximum allowed distance for atom groups involved in interactions is:
                 non-bonded interactions           1.377 nm
            two-body bonded interactions  (-rdd)   1.377 nm
          multi-body bonded interactions  (-rdd)   1.377 nm

This is simulation 18 out of 48 running as a composite GROMACS
multi-simulation job. Setup for this simulation:

Using 1 MPI process

Non-default thread affinity set, disabling internal thread affinity

Using 1 OpenMP thread 

System total charge: -3.000
Will do PME sum in reciprocal space for electrostatic interactions.

++++ PLEASE READ AND CITE THE FOLLOWING REFERENCE ++++
U. Essmann, L. Perera, M. L. Berkowitz, T. Darden, H. Lee and L. G. Pedersen 
A smooth particle mesh Ewald method
J. Chem. Phys. 103 (1995) pp. 8577-8592
-------- -------- --- Thank You --- -------- --------

Using a Gaussian width (1/beta) of 0.320163 nm for Ewald
Potential shift: LJ r^-12: -1.000e+00 r^-6: -1.000e+00, Ewald -1.000e-05
Initialized non-bonded Coulomb Ewald tables, spacing: 9.33e-04 size: 1073

Generated table with 4198 data points for 1-4 COUL.
Tabscale = 2000 points/nm
Generated table with 4198 data points for 1-4 LJ6.
Tabscale = 2000 points/nm
Generated table with 4198 data points for 1-4 LJ12.
Tabscale = 2000 points/nm


Using SIMD 4x8 nonbonded short-range kernels

Using a dual 4x8 pair-list setup updated with dynamic pruning:
  outer list: updated every 25 steps, buffer 0.099 nm, rlist 1.099 nm
  inner list: updated every  5 steps, buffer 0.003 nm, rlist 1.003 nm
At tolerance 0.001 kJ/mol/ps per atom, equivalent classical 1x1 list would be:
  outer list: updated every 25 steps, buffer 0.171 nm, rlist 1.171 nm
  inner list: updated every  5 steps, buffer 0.018 nm, rlist 1.018 nm

Using Lorentz-Berthelot Lennard-Jones combination rule
Removing pbc first time

Linking all bonded interactions to atoms


Initializing LINear Constraint Solver

++++ PLEASE READ AND CITE THE FOLLOWING REFERENCE ++++
B. Hess and H. Bekker and H. J. C. Berendsen and J. G. E. M. Fraaije
LINCS: A Linear Constraint Solver for molecular simulations
J. Comp. Chem. 18 (1997) pp. 1463-1472
-------- -------- --- Thank You --- -------- --------

The number of constraints is 308

++++ PLEASE READ AND CITE THE FOLLOWING REFERENCE ++++
S. Miyamoto and P. A. Kollman
SETTLE: An Analytical Version of the SHAKE and RATTLE Algorithms for Rigid
Water Models
J. Comp. Chem. 13 (1992) pp. 952-962
-------- -------- --- Thank You --- -------- --------


++++ PLEASE READ AND CITE THE FOLLOWING REFERENCE ++++
G. Bussi, D. Donadio and M. Parrinello
Canonical sampling through velocity rescaling
J. Chem. Phys. 126 (2007) pp. 014101
-------- -------- --- Thank You --- -------- --------

There are: 35619 Atoms

Atom distribution over 1 domains: av 35619 stddev 0 min 35619 max 35619

Constraining the starting coordinates (step 0)

Constraining the coordinates at t0-dt (step 0)
Center of mass motion removal mode is Linear
We have the following groups for center of mass motion removal:
  0:  rest
RMS relative constraint deviation after constraining: 2.00e-15
Initial temperature: 1.30841e-20 K

Started mdrun on rank 0 Thu Aug 17 18:01:40 2023

           Step           Time
              0        0.00000

   Energies (kJ/mol)
           Bond            U-B    Proper Dih.  Improper Dih.      CMAP Dih.
    1.31520e+02    3.71021e+02    2.06147e+01    1.61026e+01   -1.17731e+02
          LJ-14     Coulomb-14        LJ (SR)   Coulomb (SR)   Coul. recip.
    3.78570e+02    1.08740e+04    7.64138e+04   -6.48786e+05    2.16911e+03
 Position Rest.      Potential    Kinetic En.   Total Energy  Conserved En.
    2.55268e-04   -5.58529e+05    1.26259e+01   -5.58516e+05   -5.58516e+05
    Temperature Pressure (bar)   Constr. rmsd
    4.24091e-02   -5.12311e+03    1.09357e-10

           Step           Time
           5000       10.00000

   Energies (kJ/mol)
           Bond            U-B    Proper Dih.  Improper Dih.      CMAP Dih.
    4.33913e+02    1.11533e+03    1.91318e+02    1.14758e+02   -1.05544e+02
          LJ-14     Coulomb-14        LJ (SR)   Coulomb (SR)   Coul. recip.
    4.41817e+02    1.08862e+04    7.95969e+04   -6.02095e+05    2.87854e+03
 Position Rest.      Potential    Kinetic En.   Total Energy  Conserved En.
    1.49821e+02   -5.06392e+05    8.12299e+04   -4.25162e+05   -5.58136e+05
    Temperature Pressure (bar)   Constr. rmsd
    2.72844e+02    1.90261e+01    2.03515e-06

           Step           Time
          10000       20.00000

   Energies (kJ/mol)
           Bond            U-B    Proper Dih.  Improper Dih.      CMAP Dih.
    4.03279e+02    1.24206e+03    1.99639e+02    8.61078e+01   -1.07711e+02
          LJ-14     Coulomb-14        LJ (SR)   Coulomb (SR)   Coul. recip.
    4.54068e+02    1.08619e+04    7.78189e+04   -5.97205e+05    3.02548e+03
 Position Rest.      Potential    Kinetic En.   Total Energy  Conserved En.
    1.44994e+02   -5.03076e+05    8.28272e+04   -4.20249e+05   -5.58105e+05
    Temperature Pressure (bar)   Constr. rmsd
    2.78209e+02   -2.34803e+02    2.18719e-06

Writing checkpoint, step 11675 at Thu Aug 17 18:16:41 2023


           Step           Time
          15000       30.00000

   Energies (kJ/mol)
           Bond            U-B    Proper Dih.  Improper Dih.      CMAP Dih.
    4.89797e+02    1.25858e+03    2.22354e+02    6.61205e+01   -1.20787e+02
          LJ-14     Coulomb-14        LJ (SR)   Coulomb (SR)   Coul. recip.
    4.28409e+02    1.09335e+04    7.76652e+04   -5.97666e+05    2.97289e+03
 Position Rest.      Potential    Kinetic En.   Total Energy  Conserved En.
    1.72392e+02   -5.03577e+05    8.36806e+04   -4.19897e+05   -5.58081e+05
    Temperature Pressure (bar)   Constr. rmsd
    2.81075e+02   -1.73360e+02    2.33450e-06

           Step           Time
          20000       40.00000

   Energies (kJ/mol)
           Bond            U-B    Proper Dih.  Improper Dih.      CMAP Dih.
    4.44040e+02    1.29348e+03    1.95809e+02    8.91383e+01   -1.20719e+02
          LJ-14     Coulomb-14        LJ (SR)   Coulomb (SR)   Coul. recip.
    4.57860e+02    1.07960e+04    7.80555e+04   -5.98087e+05    3.00561e+03
 Position Rest.      Potential    Kinetic En.   Total Energy  Conserved En.
    1.72721e+02   -5.03698e+05    8.20007e+04   -4.21697e+05   -5.58046e+05
    Temperature Pressure (bar)   Constr. rmsd
    2.75433e+02    8.72225e+01    2.41365e-06

Writing checkpoint, step 23300 at Thu Aug 17 18:31:41 2023


           Step           Time
          25000       50.00000

   Energies (kJ/mol)
           Bond            U-B    Proper Dih.  Improper Dih.      CMAP Dih.
    4.73112e+02    1.21854e+03    2.00631e+02    7.78426e+01   -1.05472e+02
          LJ-14     Coulomb-14        LJ (SR)   Coulomb (SR)   Coul. recip.
    4.37902e+02    1.08832e+04    7.86307e+04   -5.98895e+05    2.92613e+03
 Position Rest.      Potential    Kinetic En.   Total Energy  Conserved En.
    1.43851e+02   -5.04009e+05    8.29544e+04   -4.21054e+05   -5.58035e+05
    Temperature Pressure (bar)   Constr. rmsd
    2.78636e+02    3.06404e+02    2.42535e-06

           Step           Time
          30000       60.00000

   Energies (kJ/mol)
           Bond            U-B    Proper Dih.  Improper Dih.      CMAP Dih.
    4.83917e+02    1.15470e+03    1.98467e+02    9.67929e+01   -1.11874e+02
          LJ-14     Coulomb-14        LJ (SR)   Coulomb (SR)   Coul. recip.
    4.34278e+02    1.09362e+04    7.90054e+04   -5.99735e+05    2.91801e+03
 Position Rest.      Potential    Kinetic En.   Total Energy  Conserved En.
    1.70952e+02   -5.04448e+05    8.23548e+04   -4.22093e+05   -5.58025e+05
    Temperature Pressure (bar)   Constr. rmsd
    2.76622e+02   -3.27791e+00    2.47676e-06

           Step           Time
          35000       70.00000

   Energies (kJ/mol)
           Bond            U-B    Proper Dih.  Improper Dih.      CMAP Dih.
    4.97419e+02    1.29208e+03    1.86020e+02    8.08381e+01   -1.06405e+02
          LJ-14     Coulomb-14        LJ (SR)   Coulomb (SR)   Coul. recip.
    4.15685e+02    1.07940e+04    7.80420e+04   -5.97007e+05    2.92463e+03
 Position Rest.      Potential    Kinetic En.   Total Energy  Conserved En.
    1.59272e+02   -5.02721e+05    8.19668e+04   -4.20754e+05   -5.57982e+05
    Temperature Pressure (bar)   Constr. rmsd
    2.75319e+02   -1.51833e+02    2.03453e-06

Writing checkpoint, step 35025 at Thu Aug 17 18:46:41 2023


           Step           Time
          40000       80.00000

   Energies (kJ/mol)
           Bond            U-B    Proper Dih.  Improper Dih.      CMAP Dih.
    4.64220e+02    1.23201e+03    1.97106e+02    9.37727e+01   -1.06945e+02
          LJ-14     Coulomb-14        LJ (SR)   Coulomb (SR)   Coul. recip.
    4.22589e+02    1.08156e+04    7.89570e+04   -5.98896e+05    2.89926e+03
 Position Rest.      Potential    Kinetic En.   Total Energy  Conserved En.
    1.47802e+02   -5.03774e+05    8.30116e+04   -4.20762e+05   -5.57967e+05
    Temperature Pressure (bar)   Constr. rmsd
    2.78828e+02    4.73011e+01    2.48517e-06

           Step           Time
          45000       90.00000

   Energies (kJ/mol)
           Bond            U-B    Proper Dih.  Improper Dih.      CMAP Dih.
    4.63565e+02    1.23104e+03    2.04368e+02    9.76486e+01   -1.06753e+02
          LJ-14     Coulomb-14        LJ (SR)   Coulomb (SR)   Coul. recip.
    4.21689e+02    1.08885e+04    7.89042e+04   -5.99101e+05    2.86055e+03
 Position Rest.      Potential    Kinetic En.   Total Energy  Conserved En.
    1.36871e+02   -5.03999e+05    8.27877e+04   -4.21211e+05   -5.57948e+05
    Temperature Pressure (bar)   Constr. rmsd
    2.78076e+02   -6.77726e+00    2.48205e-06

Writing checkpoint, step 46475 at Thu Aug 17 19:01:41 2023


           Step           Time
          50000      100.00000

   Energies (kJ/mol)
           Bond            U-B    Proper Dih.  Improper Dih.      CMAP Dih.
    4.76748e+02    1.25387e+03    2.27331e+02    8.45393e+01   -1.13791e+02
          LJ-14     Coulomb-14        LJ (SR)   Coulomb (SR)   Coul. recip.
    4.43950e+02    1.08663e+04    7.83085e+04   -5.97985e+05    2.94987e+03
 Position Rest.      Potential    Kinetic En.   Total Energy  Conserved En.
    1.44114e+02   -5.03343e+05    8.30603e+04   -4.20283e+05   -5.57911e+05
    Temperature Pressure (bar)   Constr. rmsd
    2.78992e+02   -2.01384e+01    2.33055e-06

           Step           Time
          55000      110.00000

   Energies (kJ/mol)
           Bond            U-B    Proper Dih.  Improper Dih.      CMAP Dih.
    5.19583e+02    1.34036e+03    1.99764e+02    7.05467e+01   -1.07535e+02
          LJ-14     Coulomb-14        LJ (SR)   Coulomb (SR)   Coul. recip.
    4.40355e+02    1.08806e+04    7.85105e+04   -5.97316e+05    2.89111e+03
 Position Rest.      Potential    Kinetic En.   Total Energy  Conserved En.
    1.56856e+02   -5.02413e+05    8.25837e+04   -4.19830e+05   -5.57871e+05
    Temperature Pressure (bar)   Constr. rmsd
    2.77391e+02   -8.59637e+01    2.22950e-06

Writing checkpoint, step 58175 at Thu Aug 17 19:16:42 2023


           Step           Time
          60000      120.00000

   Energies (kJ/mol)
           Bond            U-B    Proper Dih.  Improper Dih.      CMAP Dih.
    4.96506e+02    1.20842e+03    1.96870e+02    9.81876e+01   -1.09369e+02
          LJ-14     Coulomb-14        LJ (SR)   Coulomb (SR)   Coul. recip.
    4.66099e+02    1.09186e+04    7.74059e+04   -5.96208e+05    2.90091e+03
 Position Rest.      Potential    Kinetic En.   Total Energy  Conserved En.
    1.20892e+02   -5.02505e+05    8.27596e+04   -4.19745e+05   -5.57852e+05
    Temperature Pressure (bar)   Constr. rmsd
    2.77982e+02    3.17348e+00    2.19143e-06

           Step           Time
          65000      130.00000

   Energies (kJ/mol)
           Bond            U-B    Proper Dih.  Improper Dih.      CMAP Dih.
    4.35697e+02    1.26016e+03    1.92220e+02    8.17240e+01   -1.17904e+02
          LJ-14     Coulomb-14        LJ (SR)   Coulomb (SR)   Coul. recip.
    4.33900e+02    1.08544e+04    7.83003e+04   -5.97106e+05    2.99469e+03
 Position Rest.      Potential    Kinetic En.   Total Energy  Conserved En.
    1.66532e+02   -5.02504e+05    8.20777e+04   -4.20426e+05   -5.57831e+05
    Temperature Pressure (bar)   Constr. rmsd
    2.75691e+02   -2.81402e+02    1.92760e-06

Writing checkpoint, step 68525 at Thu Aug 17 19:31:41 2023


           Step           Time
          70000      140.00000

   Energies (kJ/mol)
           Bond            U-B    Proper Dih.  Improper Dih.      CMAP Dih.
    4.52067e+02    1.27535e+03    1.95207e+02    6.82711e+01   -1.03112e+02
          LJ-14     Coulomb-14        LJ (SR)   Coulomb (SR)   Coul. recip.
    4.55284e+02    1.09408e+04    7.83224e+04   -5.97504e+05    2.94900e+03
 Position Rest.      Potential    Kinetic En.   Total Energy  Conserved En.
    1.42999e+02   -5.02805e+05    8.29781e+04   -4.19827e+05   -5.57811e+05
    Temperature Pressure (bar)   Constr. rmsd
    2.78716e+02    1.12512e+02    2.80102e-06

           Step           Time
          75000      150.00000

   Energies (kJ/mol)
           Bond            U-B    Proper Dih.  Improper Dih.      CMAP Dih.
    4.49566e+02    1.35640e+03    1.81186e+02    8.74048e+01   -1.04123e+02
          LJ-14     Coulomb-14        LJ (SR)   Coulomb (SR)   Coul. recip.
    4.29747e+02    1.08489e+04    7.76576e+04   -5.97819e+05    2.91716e+03
 Position Rest.      Potential    Kinetic En.   Total Energy  Conserved En.
    1.44606e+02   -5.03850e+05    8.20973e+04   -4.21753e+05   -5.57776e+05
    Temperature Pressure (bar)   Constr. rmsd
    2.75757e+02   -4.03132e+01    2.17656e-06

Writing checkpoint, step 79825 at Thu Aug 17 19:46:41 2023


           Step           Time
          80000      160.00000

   Energies (kJ/mol)
           Bond            U-B    Proper Dih.  Improper Dih.      CMAP Dih.
    5.22906e+02    1.31396e+03    1.65472e+02    6.32386e+01   -1.13262e+02
          LJ-14     Coulomb-14        LJ (SR)   Coulomb (SR)   Coul. recip.
    4.26396e+02    1.07624e+04    7.78276e+04   -5.98411e+05    2.86238e+03
 Position Rest.      Potential    Kinetic En.   Total Energy  Conserved En.
    1.56907e+02   -5.04423e+05    8.22644e+04   -4.22159e+05   -5.57756e+05
    Temperature Pressure (bar)   Constr. rmsd
    2.76318e+02   -5.20179e+01    1.83944e-06

           Step           Time
          85000      170.00000

   Energies (kJ/mol)
           Bond            U-B    Proper Dih.  Improper Dih.      CMAP Dih.
    5.47147e+02    1.27440e+03    1.99203e+02    1.03001e+02   -1.09975e+02
          LJ-14     Coulomb-14        LJ (SR)   Coulomb (SR)   Coul. recip.
    4.24281e+02    1.07875e+04    7.86262e+04   -5.97981e+05    2.91825e+03
 Position Rest.      Potential    Kinetic En.   Total Energy  Conserved En.
    1.67973e+02   -5.03043e+05    8.38660e+04   -4.19177e+05   -5.57730e+05
    Temperature Pressure (bar)   Constr. rmsd
    2.81698e+02    1.04160e+02    1.98638e-06

           Step           Time
          90000      180.00000

   Energies (kJ/mol)
           Bond            U-B    Proper Dih.  Improper Dih.      CMAP Dih.
    4.60676e+02    1.27291e+03    2.07857e+02    8.36049e+01   -1.12236e+02
          LJ-14     Coulomb-14        LJ (SR)   Coulomb (SR)   Coul. recip.
    4.46916e+02    1.09110e+04    7.72333e+04   -5.97016e+05    2.86068e+03
 Position Rest.      Potential    Kinetic En.   Total Energy  Conserved En.
    1.62928e+02   -5.03488e+05    8.35012e+04   -4.19987e+05   -5.57712e+05
    Temperature Pressure (bar)   Constr. rmsd
    2.80473e+02   -1.80249e+00    1.78197e-06

Writing checkpoint, step 91275 at Thu Aug 17 20:01:40 2023


           Step           Time
          95000      190.00000

   Energies (kJ/mol)
           Bond            U-B    Proper Dih.  Improper Dih.      CMAP Dih.
    4.65646e+02    1.24055e+03    2.46934e+02    6.77196e+01   -1.13047e+02
          LJ-14     Coulomb-14        LJ (SR)   Coulomb (SR)   Coul. recip.
    4.44367e+02    1.09116e+04    7.62946e+04   -5.95332e+05    2.98693e+03
 Position Rest.      Potential    Kinetic En.   Total Energy  Conserved En.
    1.49522e+02   -5.02637e+05    8.31688e+04   -4.19468e+05   -5.57677e+05
    Temperature Pressure (bar)   Constr. rmsd
    2.79356e+02   -2.52689e+02    1.89229e-06

           Step           Time
         100000      200.00000

   Energies (kJ/mol)
           Bond            U-B    Proper Dih.  Improper Dih.      CMAP Dih.
    5.41940e+02    1.27381e+03    1.67647e+02    7.32787e+01   -1.02224e+02
          LJ-14     Coulomb-14        LJ (SR)   Coulomb (SR)   Coul. recip.
    4.41545e+02    1.07807e+04    7.78936e+04   -5.97738e+05    2.91710e+03
 Position Rest.      Potential    Kinetic En.   Total Energy  Conserved En.
    1.32587e+02   -5.03618e+05    8.25575e+04   -4.21060e+05   -5.57656e+05
    Temperature Pressure (bar)   Constr. rmsd
    2.77303e+02   -1.08156e+02    2.53875e-06

Writing checkpoint, step 102925 at Thu Aug 17 20:16:41 2023


           Step           Time
         105000      210.00000

   Energies (kJ/mol)
           Bond            U-B    Proper Dih.  Improper Dih.      CMAP Dih.
    4.78948e+02    1.23664e+03    2.13564e+02    1.18453e+02   -1.12783e+02
          LJ-14     Coulomb-14        LJ (SR)   Coulomb (SR)   Coul. recip.
    4.41338e+02    1.08249e+04    7.79792e+04   -5.96678e+05    2.83477e+03
 Position Rest.      Potential    Kinetic En.   Total Energy  Conserved En.
    1.44004e+02   -5.02519e+05    8.20313e+04   -4.20488e+05   -5.57624e+05
    Temperature Pressure (bar)   Constr. rmsd
    2.75535e+02    1.12227e+02    1.75782e-06

           Step           Time
         110000      220.00000

   Energies (kJ/mol)
           Bond            U-B    Proper Dih.  Improper Dih.      CMAP Dih.
    4.47623e+02    1.28627e+03    1.82557e+02    7.50132e+01   -1.10679e+02
          LJ-14     Coulomb-14        LJ (SR)   Coulomb (SR)   Coul. recip.
    4.37120e+02    1.08605e+04    7.72092e+04   -5.96704e+05    2.92097e+03
 Position Rest.      Potential    Kinetic En.   Total Energy  Conserved En.
    1.40442e+02   -5.03255e+05    8.32829e+04   -4.19972e+05   -5.57617e+05
    Temperature Pressure (bar)   Constr. rmsd
    2.79739e+02   -1.48329e+02    1.83572e-06

Writing checkpoint, step 114400 at Thu Aug 17 20:31:41 2023


           Step           Time
         115000      230.00000

   Energies (kJ/mol)
           Bond            U-B    Proper Dih.  Improper Dih.      CMAP Dih.
    5.16656e+02    1.18477e+03    1.83883e+02    9.89333e+01   -1.15134e+02
          LJ-14     Coulomb-14        LJ (SR)   Coulomb (SR)   Coul. recip.
    4.25260e+02    1.08689e+04    7.81990e+04   -5.96608e+05    2.90815e+03
 Position Rest.      Potential    Kinetic En.   Total Energy  Conserved En.
    1.33122e+02   -5.02205e+05    8.29839e+04   -4.19221e+05   -5.57583e+05
    Temperature Pressure (bar)   Constr. rmsd
    2.78735e+02   -3.87797e+01    2.11561e-06

           Step           Time
         120000      240.00000

   Energies (kJ/mol)
           Bond            U-B    Proper Dih.  Improper Dih.      CMAP Dih.
    4.99548e+02    1.23434e+03    2.17482e+02    7.57206e+01   -1.15685e+02
          LJ-14     Coulomb-14        LJ (SR)   Coulomb (SR)   Coul. recip.
    4.38613e+02    1.08541e+04    7.84589e+04   -5.97910e+05    2.89766e+03
 Position Rest.      Potential    Kinetic En.   Total Energy  Conserved En.
    1.62442e+02   -5.03187e+05    8.24522e+04   -4.20735e+05   -5.57552e+05
    Temperature Pressure (bar)   Constr. rmsd
    2.76949e+02    5.16578e+00    2.29804e-06

           Step           Time
         125000      250.00000

   Energies (kJ/mol)
           Bond            U-B    Proper Dih.  Improper Dih.      CMAP Dih.
    5.31692e+02    1.13826e+03    2.14303e+02    7.04547e+01   -1.07609e+02
          LJ-14     Coulomb-14        LJ (SR)   Coulomb (SR)   Coul. recip.
    4.31284e+02    1.09713e+04    7.84167e+04   -5.97669e+05    2.95794e+03
 Position Rest.      Potential    Kinetic En.   Total Energy  Conserved En.
    1.35964e+02   -5.02908e+05    8.29137e+04   -4.19995e+05   -5.57532e+05
    Temperature Pressure (bar)   Constr. rmsd
    2.78499e+02   -3.39687e+02    1.86077e-06

Writing checkpoint, step 125775 at Thu Aug 17 20:46:40 2023


           Step           Time
         130000      260.00000

   Energies (kJ/mol)
           Bond            U-B    Proper Dih.  Improper Dih.      CMAP Dih.
    4.46550e+02    1.29049e+03    2.34842e+02    8.47342e+01   -1.11762e+02
          LJ-14     Coulomb-14        LJ (SR)   Coulomb (SR)   Coul. recip.
    4.20079e+02    1.07771e+04    7.75482e+04   -5.96390e+05    3.10930e+03
 Position Rest.      Potential    Kinetic En.   Total Energy  Conserved En.
    1.80087e+02   -5.02411e+05    8.31221e+04   -4.19289e+05   -5.57500e+05
    Temperature Pressure (bar)   Constr. rmsd
    2.79199e+02    1.32669e+01    1.85802e-06

           Step           Time
         135000      270.00000

   Energies (kJ/mol)
           Bond            U-B    Proper Dih.  Improper Dih.      CMAP Dih.
    4.93850e+02    1.17632e+03    1.68999e+02    6.13463e+01   -1.14099e+02
          LJ-14     Coulomb-14        LJ (SR)   Coulomb (SR)   Coul. recip.
    4.33583e+02    1.08650e+04    7.85605e+04   -5.98427e+05    2.89561e+03
 Position Rest.      Potential    Kinetic En.   Total Energy  Conserved En.
    1.48647e+02   -5.03737e+05    8.31805e+04   -4.20556e+05   -5.57491e+05
    Temperature Pressure (bar)   Constr. rmsd
    2.79396e+02   -1.06838e+02    2.12361e-06

Writing checkpoint, step 137450 at Thu Aug 17 21:01:41 2023


           Step           Time
         140000      280.00000

   Energies (kJ/mol)
           Bond            U-B    Proper Dih.  Improper Dih.      CMAP Dih.
    5.31062e+02    1.21577e+03    2.15643e+02    9.38260e+01   -1.09705e+02
          LJ-14     Coulomb-14        LJ (SR)   Coulomb (SR)   Coul. recip.
    4.32398e+02    1.08638e+04    7.76815e+04   -5.97263e+05    2.85245e+03
 Position Rest.      Potential    Kinetic En.   Total Energy  Conserved En.
    1.51011e+02   -5.03335e+05    8.29094e+04   -4.20426e+05   -5.57465e+05
    Temperature Pressure (bar)   Constr. rmsd
    2.78485e+02   -3.48022e+01    2.28865e-06

           Step           Time
         145000      290.00000

   Energies (kJ/mol)
           Bond            U-B    Proper Dih.  Improper Dih.      CMAP Dih.
    4.52777e+02    1.32997e+03    1.93730e+02    9.36029e+01   -1.12570e+02
          LJ-14     Coulomb-14        LJ (SR)   Coulomb (SR)   Coul. recip.
    4.31486e+02    1.07591e+04    7.87623e+04   -5.98675e+05    2.82836e+03
 Position Rest.      Potential    Kinetic En.   Total Energy  Conserved En.
    1.37498e+02   -5.03799e+05    8.29923e+04   -4.20806e+05   -5.57435e+05
    Temperature Pressure (bar)   Constr. rmsd
    2.78763e+02    2.78300e+02    1.95739e-06

Writing checkpoint, step 149100 at Thu Aug 17 21:16:41 2023


           Step           Time
         150000      300.00000

   Energies (kJ/mol)
           Bond            U-B    Proper Dih.  Improper Dih.      CMAP Dih.
    4.29446e+02    1.38597e+03    2.14890e+02    9.82299e+01   -1.13325e+02
          LJ-14     Coulomb-14        LJ (SR)   Coulomb (SR)   Coul. recip.
    4.60815e+02    1.08247e+04    7.79238e+04   -5.97569e+05    2.93176e+03
 Position Rest.      Potential    Kinetic En.   Total Energy  Conserved En.
    1.40745e+02   -5.03272e+05    8.28465e+04   -4.20426e+05   -5.57408e+05
    Temperature Pressure (bar)   Constr. rmsd
    2.78274e+02    6.33451e+01    1.67798e-06

           Step           Time
         155000      310.00000

   Energies (kJ/mol)
           Bond            U-B    Proper Dih.  Improper Dih.      CMAP Dih.
    4.69705e+02    1.24344e+03    1.79889e+02    7.75033e+01   -1.04839e+02
          LJ-14     Coulomb-14        LJ (SR)   Coulomb (SR)   Coul. recip.
    4.20902e+02    1.09212e+04    7.79702e+04   -5.98081e+05    2.83405e+03
 Position Rest.      Potential    Kinetic En.   Total Energy  Conserved En.
    1.21358e+02   -5.03948e+05    8.25699e+04   -4.21378e+05   -5.57384e+05
    Temperature Pressure (bar)   Constr. rmsd
    2.77344e+02   -3.28044e+01    1.71354e-06

           Step           Time
         160000      320.00000

   Energies (kJ/mol)
           Bond            U-B    Proper Dih.  Improper Dih.      CMAP Dih.
    4.55302e+02    1.23888e+03    1.84300e+02    6.59426e+01   -1.12272e+02
          LJ-14     Coulomb-14        LJ (SR)   Coulomb (SR)   Coul. recip.
    4.25890e+02    1.08228e+04    7.76903e+04   -5.96836e+05    3.00702e+03
 Position Rest.      Potential    Kinetic En.   Total Energy  Conserved En.
    1.40510e+02   -5.02917e+05    8.26389e+04   -4.20278e+05   -5.57360e+05
    Temperature Pressure (bar)   Constr. rmsd
    2.77576e+02   -2.13674e+02    1.86581e-06

Writing checkpoint, step 160725 at Thu Aug 17 21:31:41 2023


           Step           Time
         165000      330.00000

   Energies (kJ/mol)
           Bond            U-B    Proper Dih.  Improper Dih.      CMAP Dih.
    4.29686e+02    1.19333e+03    1.76863e+02    6.47399e+01   -1.11716e+02
          LJ-14     Coulomb-14        LJ (SR)   Coulomb (SR)   Coul. recip.
    4.78027e+02    1.09770e+04    7.82186e+04   -5.97954e+05    2.95867e+03
 Position Rest.      Potential    Kinetic En.   Total Energy  Conserved En.
    1.43750e+02   -5.03425e+05    8.23658e+04   -4.21060e+05   -5.57327e+05
    Temperature Pressure (bar)   Constr. rmsd
    2.76659e+02    1.31444e+02    1.74527e-06

           Step           Time
         170000      340.00000

   Energies (kJ/mol)
           Bond            U-B    Proper Dih.  Improper Dih.      CMAP Dih.
    4.87566e+02    1.16260e+03    2.55310e+02    7.49611e+01   -1.15015e+02
          LJ-14     Coulomb-14        LJ (SR)   Coulomb (SR)   Coul. recip.
    4.46868e+02    1.08538e+04    7.88142e+04   -5.99025e+05    2.84150e+03
 Position Rest.      Potential    Kinetic En.   Total Energy  Conserved En.
    1.47884e+02   -5.04055e+05    8.22230e+04   -4.21832e+05   -5.57304e+05
    Temperature Pressure (bar)   Constr. rmsd
    2.76179e+02    4.17799e+01    2.06338e-06

Writing checkpoint, step 172300 at Thu Aug 17 21:46:41 2023


           Step           Time
         175000      350.00000

   Energies (kJ/mol)
           Bond            U-B    Proper Dih.  Improper Dih.      CMAP Dih.
    4.62932e+02    1.22778e+03    1.70552e+02    7.39969e+01   -1.09183e+02
          LJ-14     Coulomb-14        LJ (SR)   Coulomb (SR)   Coul. recip.
    4.56963e+02    1.08806e+04    7.79750e+04   -5.97984e+05    2.95525e+03
 Position Rest.      Potential    Kinetic En.   Total Energy  Conserved En.
    1.29973e+02   -5.03761e+05    8.31327e+04   -4.20628e+05   -5.57286e+05
    Temperature Pressure (bar)   Constr. rmsd
    2.79235e+02   -1.43433e+02    1.85963e-06

           Step           Time
         180000      360.00000

   Energies (kJ/mol)
           Bond            U-B    Proper Dih.  Improper Dih.      CMAP Dih.
    4.59894e+02    1.35741e+03    2.07685e+02    1.04399e+02   -1.19101e+02
          LJ-14     Coulomb-14        LJ (SR)   Coulomb (SR)   Coul. recip.
    4.41160e+02    1.07745e+04    7.88135e+04   -5.98379e+05    2.78584e+03
 Position Rest.      Potential    Kinetic En.   Total Energy  Conserved En.
    1.69290e+02   -5.03384e+05    8.27616e+04   -4.20623e+05   -5.57262e+05
    Temperature Pressure (bar)   Constr. rmsd
    2.77988e+02   -8.11570e+01    2.61869e-06

Writing checkpoint, step 183975 at Thu Aug 17 22:01:41 2023


           Step           Time
         185000      370.00000

   Energies (kJ/mol)
           Bond            U-B    Proper Dih.  Improper Dih.      CMAP Dih.
    4.48819e+02    1.30744e+03    2.06687e+02    7.60453e+01   -1.08356e+02
          LJ-14     Coulomb-14        LJ (SR)   Coulomb (SR)   Coul. recip.
    4.54713e+02    1.08362e+04    7.82985e+04   -5.98141e+05    2.96706e+03
 Position Rest.      Potential    Kinetic En.   Total Energy  Conserved En.
    1.44056e+02   -5.03510e+05    8.23396e+04   -4.21170e+05   -5.57236e+05
    Temperature Pressure (bar)   Constr. rmsd
    2.76571e+02    6.06463e+01    2.64286e-06

           Step           Time
         190000      380.00000

   Energies (kJ/mol)
           Bond            U-B    Proper Dih.  Improper Dih.      CMAP Dih.
    4.32812e+02    1.25931e+03    2.01369e+02    8.33441e+01   -1.08211e+02
          LJ-14     Coulomb-14        LJ (SR)   Coulomb (SR)   Coul. recip.
    4.48604e+02    1.09917e+04    7.80961e+04   -5.96842e+05    2.91544e+03
 Position Rest.      Potential    Kinetic En.   Total Energy  Conserved En.
    1.26935e+02   -5.02395e+05    8.34940e+04   -4.18901e+05   -5.57216e+05
    Temperature Pressure (bar)   Constr. rmsd
    2.80448e+02    3.97038e+01    1.86773e-06

           Step           Time
         195000      390.00000

   Energies (kJ/mol)
           Bond            U-B    Proper Dih.  Improper Dih.      CMAP Dih.
    4.94462e+02    1.24128e+03    1.75063e+02    8.70928e+01   -1.20073e+02
          LJ-14     Coulomb-14        LJ (SR)   Coulomb (SR)   Coul. recip.
    4.27449e+02    1.08542e+04    7.75014e+04   -5.96871e+05    3.05597e+03
 Position Rest.      Potential    Kinetic En.   Total Energy  Conserved En.
    1.15059e+02   -5.03039e+05    8.24955e+04   -4.20544e+05   -5.57186e+05
    Temperature Pressure (bar)   Constr. rmsd
    2.77095e+02   -5.51435e+01    2.33077e-06

Writing checkpoint, step 195325 at Thu Aug 17 22:16:41 2023


           Step           Time
         200000      400.00000

   Energies (kJ/mol)
           Bond            U-B    Proper Dih.  Improper Dih.      CMAP Dih.
    5.49775e+02    1.27560e+03    1.86719e+02    7.10986e+01   -1.09966e+02
          LJ-14     Coulomb-14        LJ (SR)   Coulomb (SR)   Coul. recip.
    4.71452e+02    1.07883e+04    7.93973e+04   -5.99213e+05    2.86114e+03
 Position Rest.      Potential    Kinetic En.   Total Energy  Conserved En.
    1.65916e+02   -5.03556e+05    8.26068e+04   -4.20949e+05   -5.57159e+05
    Temperature Pressure (bar)   Constr. rmsd
    2.77468e+02    4.29530e+02    2.49089e-06

           Step           Time
         205000      410.00000

   Energies (kJ/mol)
           Bond            U-B    Proper Dih.  Improper Dih.      CMAP Dih.
    5.20068e+02    1.21912e+03    1.76231e+02    9.51561e+01   -1.07166e+02
          LJ-14     Coulomb-14        LJ (SR)   Coulomb (SR)   Coul. recip.
    4.24899e+02    1.07979e+04    7.80189e+04   -5.97249e+05    2.93170e+03
 Position Rest.      Potential    Kinetic En.   Total Energy  Conserved En.
    1.45955e+02   -5.03026e+05    8.33132e+04   -4.19713e+05   -5.57147e+05
    Temperature Pressure (bar)   Constr. rmsd
    2.79841e+02   -3.58066e+01    2.10269e-06

Writing checkpoint, step 207000 at Thu Aug 17 22:31:41 2023


           Step           Time
         210000      420.00000

   Energies (kJ/mol)
           Bond            U-B    Proper Dih.  Improper Dih.      CMAP Dih.
    4.99667e+02    1.31306e+03    1.98186e+02    6.56328e+01   -1.09114e+02
          LJ-14     Coulomb-14        LJ (SR)   Coulomb (SR)   Coul. recip.
    4.33438e+02    1.08636e+04    7.82605e+04   -5.96775e+05    2.90516e+03
 Position Rest.      Potential    Kinetic En.   Total Energy  Conserved En.
    1.54700e+02   -5.02190e+05    8.25154e+04   -4.19675e+05   -5.57100e+05
    Temperature Pressure (bar)   Constr. rmsd
    2.77162e+02    1.15177e+02    1.78787e-06

           Step           Time
         215000      430.00000

   Energies (kJ/mol)
           Bond            U-B    Proper Dih.  Improper Dih.      CMAP Dih.
    4.27358e+02    1.34377e+03    2.02553e+02    8.32387e+01   -1.09690e+02
          LJ-14     Coulomb-14        LJ (SR)   Coulomb (SR)   Coul. recip.
    4.63363e+02    1.08544e+04    7.82226e+04   -5.97552e+05    2.90763e+03
 Position Rest.      Potential    Kinetic En.   Total Energy  Conserved En.
    1.59279e+02   -5.02997e+05    8.21397e+04   -4.20858e+05   -5.57066e+05
    Temperature Pressure (bar)   Constr. rmsd
    2.75900e+02   -7.32299e+01    2.48501e-06

Writing checkpoint, step 218625 at Thu Aug 17 22:46:40 2023


           Step           Time
         220000      440.00000

   Energies (kJ/mol)
           Bond            U-B    Proper Dih.  Improper Dih.      CMAP Dih.
    4.49969e+02    1.28815e+03    2.03225e+02    9.18094e+01   -1.14086e+02
          LJ-14     Coulomb-14        LJ (SR)   Coulomb (SR)   Coul. recip.
    4.34011e+02    1.08815e+04    7.74742e+04   -5.96775e+05    2.91496e+03
 Position Rest.      Potential    Kinetic En.   Total Energy  Conserved En.
    1.51643e+02   -5.03000e+05    8.21587e+04   -4.20841e+05   -5.57050e+05
    Temperature Pressure (bar)   Constr. rmsd
    2.75963e+02   -1.10710e+01    1.51963e-06

           Step           Time
         225000      450.00000

   Energies (kJ/mol)
           Bond            U-B    Proper Dih.  Improper Dih.      CMAP Dih.
    4.50509e+02    1.33462e+03    1.98364e+02    8.07298e+01   -1.17754e+02
          LJ-14     Coulomb-14        LJ (SR)   Coulomb (SR)   Coul. recip.
    4.45824e+02    1.08072e+04    7.89565e+04   -5.98526e+05    2.89738e+03
 Position Rest.      Potential    Kinetic En.   Total Energy  Conserved En.
    1.65199e+02   -5.03308e+05    8.29397e+04   -4.20368e+05   -5.57034e+05
    Temperature Pressure (bar)   Constr. rmsd
    2.78587e+02    3.22288e+02    2.23523e-06

           Step           Time
         230000      460.00000

   Energies (kJ/mol)
           Bond            U-B    Proper Dih.  Improper Dih.      CMAP Dih.
    4.69377e+02    1.17161e+03    2.16467e+02    7.34057e+01   -1.19134e+02
          LJ-14     Coulomb-14        LJ (SR)   Coulomb (SR)   Coul. recip.
    4.17204e+02    1.08622e+04    7.85314e+04   -5.98529e+05    2.87482e+03
 Position Rest.      Potential    Kinetic En.   Total Energy  Conserved En.
    1.25628e+02   -5.03906e+05    8.25347e+04   -4.21371e+05   -5.57010e+05
    Temperature Pressure (bar)   Constr. rmsd
    2.77226e+02    1.39924e+02    1.97633e-06

Writing checkpoint, step 230375 at Thu Aug 17 23:01:41 2023


           Step           Time
         235000      470.00000

   Energies (kJ/mol)
           Bond            U-B    Proper Dih.  Improper Dih.      CMAP Dih.
    5.26257e+02    1.19580e+03    1.44679e+02    6.19819e+01   -1.12923e+02
          LJ-14     Coulomb-14        LJ (SR)   Coulomb (SR)   Coul. recip.
    4.15139e+02    1.09087e+04    7.80738e+04   -5.97889e+05    2.98437e+03
 Position Rest.      Potential    Kinetic En.   Total Energy  Conserved En.
    1.23078e+02   -5.03568e+05    8.25253e+04   -4.21043e+05   -5.56977e+05
    Temperature Pressure (bar)   Constr. rmsd
    2.77195e+02   -1.88547e+02    1.84922e-06

           Step           Time
         240000      480.00000

   Energies (kJ/mol)
           Bond            U-B    Proper Dih.  Improper Dih.      CMAP Dih.
    5.35337e+02    1.26905e+03    2.17617e+02    8.43884e+01   -1.08909e+02
          LJ-14     Coulomb-14        LJ (SR)   Coulomb (SR)   Coul. recip.
    4.17455e+02    1.09535e+04    7.76501e+04   -5.97346e+05    2.91733e+03
 Position Rest.      Potential    Kinetic En.   Total Energy  Conserved En.
    1.60368e+02   -5.03250e+05    8.24529e+04   -4.20797e+05   -5.56948e+05
    Temperature Pressure (bar)   Constr. rmsd
    2.76952e+02   -7.35757e+01    2.17129e-06

Writing checkpoint, step 241950 at Thu Aug 17 23:16:41 2023


           Step           Time
         245000      490.00000

   Energies (kJ/mol)
           Bond            U-B    Proper Dih.  Improper Dih.      CMAP Dih.
    4.56667e+02    1.27477e+03    1.75316e+02    8.09401e+01   -1.12753e+02
          LJ-14     Coulomb-14        LJ (SR)   Coulomb (SR)   Coul. recip.
    4.15349e+02    1.08728e+04    7.78443e+04   -5.97302e+05    2.85979e+03
 Position Rest.      Potential    Kinetic En.   Total Energy  Conserved En.
    1.30230e+02   -5.03304e+05    8.27268e+04   -4.20578e+05   -5.56926e+05
    Temperature Pressure (bar)   Constr. rmsd
    2.77872e+02   -1.71962e+02    2.19882e-06

           Step           Time
         250000      500.00000

Writing checkpoint, step 250000 at Thu Aug 17 23:26:39 2023


   Energies (kJ/mol)
           Bond            U-B    Proper Dih.  Improper Dih.      CMAP Dih.
    4.15927e+02    1.16561e+03    2.36215e+02    7.13952e+01   -1.17901e+02
          LJ-14     Coulomb-14        LJ (SR)   Coulomb (SR)   Coul. recip.
    4.22110e+02    1.09090e+04    7.87238e+04   -5.98831e+05    2.91115e+03
 Position Rest.      Potential    Kinetic En.   Total Energy  Conserved En.
    1.55635e+02   -5.03938e+05    8.31618e+04   -4.20776e+05   -5.56914e+05
    Temperature Pressure (bar)   Constr. rmsd
    2.79333e+02   -4.92041e+01    1.71559e-06


Energy conservation over simulation part #1 of length 500 ps, time 0 to 500 ps
  Conserved energy drift: 8.99e-05 kJ/mol/ps per atom


	<======  ###############  ==>
	<====  A V E R A G E S  ====>
	<==  ###############  ======>

	Statistics over 250001 steps using 2501 frames

   Energies (kJ/mol)
           Bond            U-B    Proper Dih.  Improper Dih.      CMAP Dih.
    4.64948e+02    1.26236e+03    1.96387e+02    8.29068e+01   -1.12658e+02
          LJ-14     Coulomb-14        LJ (SR)   Coulomb (SR)   Coul. recip.
    4.33771e+02    1.08520e+04    7.81920e+04   -5.98227e+05    2.91133e+03
 Position Rest.      Potential    Kinetic En.   Total Energy  Conserved En.
    1.45804e+02   -5.03798e+05    8.25072e+04   -4.21291e+05   -5.57534e+05
    Temperature Pressure (bar)   Constr. rmsd
    2.77134e+02   -4.09326e+01    0.00000e+00

   Total Virial (kJ/mol)
    2.79958e+04    8.17350e+01   -3.20861e+01
    8.17350e+01    2.78846e+04   -8.59834e+00
   -3.20861e+01   -8.59834e+00    2.79483e+04

   Pressure (bar)
   -4.46278e+01   -8.06895e+00    3.35963e+00
   -8.06895e+00   -3.55361e+01    9.97871e-01
    3.35963e+00    9.97871e-01   -4.26339e+01


	M E G A - F L O P S   A C C O U N T I N G

 NB=Group-cutoff nonbonded kernels    NxN=N-by-N cluster Verlet kernels
 RF=Reaction-Field  VdW=Van der Waals  QSTab=quadratic-spline table
 W3=SPC/TIP3p  W4=TIP4p (single or pairs)
 V&F=Potential and force  V=Potential only  F=Force only

 Computing:                               M-Number         M-Flops  % Flops
-----------------------------------------------------------------------------
 Pair Search distance check          148410.498832     1335694.489     0.4
 NxN Ewald Elec. + LJ [F]           2535403.613984   167336638.523    47.1
 NxN Ewald Elec. + LJ [V&F]           25619.679296     2741305.685     0.8
 NxN Ewald Elec. [F]                2414807.652800   147303266.821    41.4
 NxN Ewald Elec. [V&F]                24401.864544     2049756.622     0.6
 1,4 nonbonded interactions             405.001620       36450.146     0.0
 Calc Weights                         26714.356857      961716.847     0.3
 Spread Q Bspline                    569906.279616     1139812.559     0.3
 Gather F Bspline                    569906.279616     3419437.678     1.0
 3D-FFT                             3454381.817472    27635054.540     7.8
 Solve PME                             1296.005184       82944.332     0.0
 Reset In Box                           356.225619        1068.677     0.0
 CG-CoM                                 356.261238        1068.784     0.0
 Bonds                                   81.250325        4793.769     0.0
 Propers                                435.751743       99787.149     0.0
 Impropers                               29.000116        6032.024     0.0
 Pos. Restr.                             79.750319        3987.516     0.0
 Virial                                  89.195664        1605.522     0.0
 Stop-CM                                 89.118738         891.187     0.0
 Calc-Ekin                             3561.971238       96173.223     0.0
 Lincs                                   77.000924        4620.055     0.0
 Lincs-Mat                              417.005004        1668.020     0.0
 Constraint-V                          8887.071096       79983.640     0.0
 Constraint-Vir                          88.135240        2115.246     0.0
 Settle                                2911.034932     1077082.925     0.3
 CMAP                                     1.500006        2550.010     0.0
 Urey-Bradley                           284.501138       52063.708     0.0
-----------------------------------------------------------------------------
 Total                                               355477569.697   100.0
-----------------------------------------------------------------------------


    D O M A I N   D E C O M P O S I T I O N   S T A T I S T I C S

 av. #atoms communicated per step for force:  2 x 0.0


     R E A L   C Y C L E   A N D   T I M E   A C C O U N T I N G

On 1 MPI rank

 Computing:          Num   Num      Call    Wall time         Giga-Cycles
                     Ranks Threads  Count      (s)         total sum    %
-----------------------------------------------------------------------------
 Domain decomp.         1    1      10001      91.218        227.509   0.5
 Neighbor search        1    1      10001     697.329       1739.219   3.6
 Force                  1    1     250001   10689.534      26660.944  54.8
 PME mesh               1    1     250001    7252.300      18088.081  37.2
 NB X/F buffer ops.     1    1     490001      91.090        227.188   0.5
 Write traj.            1    1         72     387.101        965.474   2.0
 Update                 1    1     250001     126.497        315.499   0.6
 Constraints            1    1     250003     140.290        349.900   0.7
 Rest                                          31.443         78.422   0.2
-----------------------------------------------------------------------------
 Total                                      19506.802      48652.236 100.0
-----------------------------------------------------------------------------
 Breakdown of PME mesh computation
-----------------------------------------------------------------------------
 PME spread             1    1     250001    1581.203       3943.705   8.1
 PME gather             1    1     250001    1432.923       3573.877   7.3
 PME 3D-FFT             1    1     500002    4020.372      10027.275  20.6
 PME solve Elec         1    1     250001     216.473        539.908   1.1
-----------------------------------------------------------------------------

               Core t (s)   Wall t (s)        (%)
       Time:    19506.801    19506.802      100.0
                         5h25:06
                 (ns/day)    (hour/ns)
Performance:        2.215       10.837
Finished mdrun on rank 0 Thu Aug 17 23:26:46 2023

