      :-) GROMACS - gmx mdrun, 2022.5-plumed_2.9.0 (double precision) (-:

Copyright 1991-2022 The GROMACS Authors.
GROMACS is free software; you can redistribute it and/or modify it
under the terms of the GNU Lesser General Public License
as published by the Free Software Foundation; either version 2.1
of the License, or (at your option) any later version.

                         Current GROMACS contributors:
       Mark Abraham           Andrey Alekseenko           Cathrine Bergh      
      Christian Blau            Eliane Briand               Kevin Boyd        
     Oliver Fleetwood         Stefan Fleischmann           Vytas Gapsys       
       Gaurav Garg           Gilles Gouaillardet            Alan Gray         
      Victor Holanda           M. Eric Irrgang              Joe Jordan        
    Christoph Junghans        Prashanth Kanduri           Sebastian Kehl      
     Sebastian Keller          Carsten Kutzner           Magnus Lundborg      
       Pascal Merz              Dmitry Morozov             Szilard Pall       
      Roland Schulz             Michael Shirts         David van der Spoel    
     Alessandra Villa      Sebastian Wingbermuehle        Artem Zhmurov       

                         Previous GROMACS contributors:
        Emile Apol             Rossen Apostolov           James Barnett       
  Herman J.C. Berendsen          Par Bjelkmar           Viacheslav Bolnykh    
    Aldert van Buuren          Carlo Camilloni           Rudi van Drunen      
      Anton Feenstra           Gerrit Groenhof            Bert de Groot       
      Anca Hamuraru           Vincent Hindriksen         Aleksei Iupinov      
   Dimitrios Karkoulis           Peter Kasson               Jiri Kraus        
       Per Larsson             Justin A. Lemkul           Viveca Lindahl      
      Erik Marklund           Pieter Meulenhoff           Vedran Miletic      
      Teemu Murtola              Sander Pronk            Alexey Shvetsov      
      Alfons Sijbers            Peter Tieleman             Jon Vincent        
     Teemu Virolainen         Christian Wennberg           Maarten Wolf       

                  Coordinated by the GROMACS project leaders:
                    Paul Bauer, Berk Hess, and Erik Lindahl

GROMACS:      gmx mdrun, version 2022.5-plumed_2.9.0 (double precision)
Executable:   /home/zcbtar9/software/gromacs-2022.5-plumed-2.9.0/bin/gmx_mpi_d
Data prefix:  /home/zcbtar9/software/gromacs-2022.5-plumed-2.9.0
Working dir:  /lustre/home/zcbtar9/projects/amyloid-beta-research/AB42_alone/system/simulations/confirmation31
Process ID:   40568
Command line:
  gmx_mpi_d mdrun -s npt_input.tpr -multidir system/simulations/confirmation0 system/simulations/confirmation1 system/simulations/confirmation2 system/simulations/confirmation3 system/simulations/confirmation4 system/simulations/confirmation5 system/simulations/confirmation6 system/simulations/confirmation7 system/simulations/confirmation8 system/simulations/confirmation9 system/simulations/confirmation10 system/simulations/confirmation11 system/simulations/confirmation12 system/simulations/confirmation13 system/simulations/confirmation14 system/simulations/confirmation15 system/simulations/confirmation16 system/simulations/confirmation17 system/simulations/confirmation18 system/simulations/confirmation19 system/simulations/confirmation20 system/simulations/confirmation21 system/simulations/confirmation22 system/simulations/confirmation23 system/simulations/confirmation24 system/simulations/confirmation25 system/simulations/confirmation26 system/simulations/confirmation27 system/simulations/confirmation28 system/simulations/confirmation29 system/simulations/confirmation30 system/simulations/confirmation31 system/simulations/confirmation32 system/simulations/confirmation33 system/simulations/confirmation34 system/simulations/confirmation35 system/simulations/confirmation36 system/simulations/confirmation37 system/simulations/confirmation38 system/simulations/confirmation39 system/simulations/confirmation40 system/simulations/confirmation41 system/simulations/confirmation42 system/simulations/confirmation43 system/simulations/confirmation44 system/simulations/confirmation45 system/simulations/confirmation46 system/simulations/confirmation47 -o npt.trr -x npt.xtc -c npt_output.gro -g npt.log -e npt.edr -v -maxh 10 -ntomp 1

GROMACS version:    2022.5-plumed_2.9.0
Precision:          double
Memory model:       64 bit
MPI library:        MPI
OpenMP support:     enabled (GMX_OPENMP_MAX_THREADS = 128)
GPU support:        disabled
SIMD instructions:  AVX_512
CPU FFT library:    fftpack (built-in)
GPU FFT library:    none
RDTSCP usage:       enabled
TNG support:        enabled
Hwloc support:      disabled
Tracing support:    disabled
C compiler:         /shared/ucl/apps/gcc/10.2.0-p95889/bin/gcc GNU 10.2.0
C compiler flags:   -mavx512f -mfma -mavx512vl -mavx512dq -mavx512bw -Wno-missing-field-initializers -fexcess-precision=fast -funroll-all-loops -pthread -O3 -DNDEBUG
C++ compiler:       /shared/ucl/apps/gcc/10.2.0-p95889/bin/g++ GNU 10.2.0
C++ compiler flags: -mavx512f -mfma -mavx512vl -mavx512dq -mavx512bw -pthread -Wno-missing-field-initializers -fexcess-precision=fast -funroll-all-loops -pthread -fopenmp -O3 -DNDEBUG


Running on 2 nodes with total 80 cores, 80 processing units
  Cores per node:           40
  Logical processing units per node:   -40 - 40
  OS CPU Limit / recommended threads to start per node:   40
Hardware detected on host node-c11a-032 (the node of MPI rank 31):
  CPU info:
    Vendor: Intel
    Brand:  Intel(R) Xeon(R) Gold 6248 CPU @ 2.50GHz
    Family: 6   Model: 85   Stepping: 7
    Features: aes apic avx avx2 avx512f avx512cd avx512bw avx512vl avx512secondFMA clfsh cmov cx8 cx16 f16c fma hle htt intel lahf mmx msr nonstop_tsc pcid pclmuldq pdcm pdpe1gb popcnt pse rdrnd rdtscp rtm sse2 sse3 sse4.1 sse4.2 ssse3 tdt x2apic
    Number of AVX-512 FMA units: 2
  Hardware topology: Basic
    Packages, cores, and logical processors:
    [indices refer to OS logical processors]
      Package  0: [   0] [   1] [   2] [   3] [   4] [   5] [   6] [   7] [   8] [   9] [  10] [  11] [  12] [  13] [  14] [  15] [  16] [  17] [  18] [  19]
      Package  1: [  20] [  21] [  22] [  23] [  24] [  25] [  26] [  27] [  28] [  29] [  30] [  31] [  32] [  33] [  34] [  35] [  36] [  37] [  38] [  39]
    CPU limit set by OS: -1   Recommended max number of threads: 40


++++ PLEASE READ AND CITE THE FOLLOWING REFERENCE ++++
M. J. Abraham, T. Murtola, R. Schulz, S. Páll, J. C. Smith, B. Hess, E.
Lindahl
GROMACS: High performance molecular simulations through multi-level
parallelism from laptops to supercomputers
SoftwareX 1 (2015) pp. 19-25
-------- -------- --- Thank You --- -------- --------


++++ PLEASE READ AND CITE THE FOLLOWING REFERENCE ++++
S. Páll, M. J. Abraham, C. Kutzner, B. Hess, E. Lindahl
Tackling Exascale Software Challenges in Molecular Dynamics Simulations with
GROMACS
In S. Markidis & E. Laure (Eds.), Solving Software Challenges for Exascale 8759 (2015) pp. 3-27
-------- -------- --- Thank You --- -------- --------


++++ PLEASE READ AND CITE THE FOLLOWING REFERENCE ++++
S. Pronk, S. Páll, R. Schulz, P. Larsson, P. Bjelkmar, R. Apostolov, M. R.
Shirts, J. C. Smith, P. M. Kasson, D. van der Spoel, B. Hess, and E. Lindahl
GROMACS 4.5: a high-throughput and highly parallel open source molecular
simulation toolkit
Bioinformatics 29 (2013) pp. 845-54
-------- -------- --- Thank You --- -------- --------


++++ PLEASE READ AND CITE THE FOLLOWING REFERENCE ++++
B. Hess and C. Kutzner and D. van der Spoel and E. Lindahl
GROMACS 4: Algorithms for highly efficient, load-balanced, and scalable
molecular simulation
J. Chem. Theory Comput. 4 (2008) pp. 435-447
-------- -------- --- Thank You --- -------- --------


++++ PLEASE READ AND CITE THE FOLLOWING REFERENCE ++++
D. van der Spoel, E. Lindahl, B. Hess, G. Groenhof, A. E. Mark and H. J. C.
Berendsen
GROMACS: Fast, Flexible and Free
J. Comp. Chem. 26 (2005) pp. 1701-1719
-------- -------- --- Thank You --- -------- --------


++++ PLEASE READ AND CITE THE FOLLOWING REFERENCE ++++
E. Lindahl and B. Hess and D. van der Spoel
GROMACS 3.0: A package for molecular simulation and trajectory analysis
J. Mol. Mod. 7 (2001) pp. 306-317
-------- -------- --- Thank You --- -------- --------


++++ PLEASE READ AND CITE THE FOLLOWING REFERENCE ++++
H. J. C. Berendsen, D. van der Spoel and R. van Drunen
GROMACS: A message-passing parallel molecular dynamics implementation
Comp. Phys. Comm. 91 (1995) pp. 43-56
-------- -------- --- Thank You --- -------- --------


The number of OpenMP threads was set by environment variable OMP_NUM_THREADS to 1 (and the command-line setting agreed with that)

Input Parameters:
   integrator                     = md
   tinit                          = 0
   dt                             = 0.002
   nsteps                         = 250000
   init-step                      = 0
   simulation-part                = 1
   mts                            = false
   comm-mode                      = Linear
   nstcomm                        = 100
   bd-fric                        = 0
   ld-seed                        = -440960265
   emtol                          = 10
   emstep                         = 0.01
   niter                          = 20
   fcstep                         = 0
   nstcgsteep                     = 1000
   nbfgscorr                      = 10
   rtpi                           = 0.05
   nstxout                        = 5000
   nstvout                        = 5000
   nstfout                        = 0
   nstlog                         = 5000
   nstcalcenergy                  = 100
   nstenergy                      = 2500
   nstxout-compressed             = 5000
   compressed-x-precision         = 1000
   cutoff-scheme                  = Verlet
   nstlist                        = 20
   pbc                            = xyz
   periodic-molecules             = false
   verlet-buffer-tolerance        = 0.001
   rlist                          = 1.073
   coulombtype                    = PME
   coulomb-modifier               = Potential-shift
   rcoulomb-switch                = 0
   rcoulomb                       = 1
   epsilon-r                      = 1
   epsilon-rf                     = 1
   vdw-type                       = Cut-off
   vdw-modifier                   = Potential-shift
   rvdw-switch                    = 0
   rvdw                           = 1
   DispCorr                       = No
   table-extension                = 1
   fourierspacing                 = 0.12
   fourier-nx                     = 72
   fourier-ny                     = 72
   fourier-nz                     = 72
   pme-order                      = 4
   ewald-rtol                     = 1e-05
   ewald-rtol-lj                  = 0.001
   lj-pme-comb-rule               = Geometric
   ewald-geometry                 = 3d
   epsilon-surface                = 0
   tcoupl                         = V-rescale
   nsttcouple                     = 10
   nh-chain-length                = 0
   print-nose-hoover-chain-variables = false
   pcoupl                         = C-rescale
   pcoupltype                     = Isotropic
   nstpcouple                     = 10
   tau-p                          = 5
   compressibility (3x3):
      compressibility[    0]={ 4.50000e-05,  0.00000e+00,  0.00000e+00}
      compressibility[    1]={ 0.00000e+00,  4.50000e-05,  0.00000e+00}
      compressibility[    2]={ 0.00000e+00,  0.00000e+00,  4.50000e-05}
   ref-p (3x3):
      ref-p[    0]={ 1.00000e+00,  0.00000e+00,  0.00000e+00}
      ref-p[    1]={ 0.00000e+00,  1.00000e+00,  0.00000e+00}
      ref-p[    2]={ 0.00000e+00,  0.00000e+00,  1.00000e+00}
   refcoord-scaling               = COM
   posres-com (3):
      posres-com[0]= 5.30327e-01
      posres-com[1]= 4.98482e-01
      posres-com[2]= 4.58028e-01
   posres-comB (3):
      posres-comB[0]= 5.30327e-01
      posres-comB[1]= 4.98482e-01
      posres-comB[2]= 4.58028e-01
   QMMM                           = false
qm-opts:
   ngQM                           = 0
   constraint-algorithm           = Lincs
   continuation                   = false
   Shake-SOR                      = false
   shake-tol                      = 0.0001
   lincs-order                    = 4
   lincs-iter                     = 1
   lincs-warnangle                = 30
   nwall                          = 0
   wall-type                      = 9-3
   wall-r-linpot                  = -1
   wall-atomtype[0]               = -1
   wall-atomtype[1]               = -1
   wall-density[0]                = 0
   wall-density[1]                = 0
   wall-ewald-zfac                = 3
   pull                           = false
   awh                            = false
   rotation                       = false
   interactiveMD                  = false
   disre                          = No
   disre-weighting                = Conservative
   disre-mixed                    = false
   dr-fc                          = 1000
   dr-tau                         = 0
   nstdisreout                    = 100
   orire-fc                       = 0
   orire-tau                      = 0
   nstorireout                    = 100
   free-energy                    = no
   cos-acceleration               = 0
   deform (3x3):
      deform[    0]={ 0.00000e+00,  0.00000e+00,  0.00000e+00}
      deform[    1]={ 0.00000e+00,  0.00000e+00,  0.00000e+00}
      deform[    2]={ 0.00000e+00,  0.00000e+00,  0.00000e+00}
   simulated-tempering            = false
   swapcoords                     = no
   userint1                       = 0
   userint2                       = 0
   userint3                       = 0
   userint4                       = 0
   userreal1                      = 0
   userreal2                      = 0
   userreal3                      = 0
   userreal4                      = 0
   applied-forces:
     electric-field:
       x:
         E0                       = 0
         omega                    = 0
         t0                       = 0
         sigma                    = 0
       y:
         E0                       = 0
         omega                    = 0
         t0                       = 0
         sigma                    = 0
       z:
         E0                       = 0
         omega                    = 0
         t0                       = 0
         sigma                    = 0
     density-guided-simulation:
       active                     = false
       group                      = protein
       similarity-measure         = inner-product
       atom-spreading-weight      = unity
       force-constant             = 1e+09
       gaussian-transform-spreading-width = 0.2
       gaussian-transform-spreading-range-in-multiples-of-width = 4
       reference-density-filename = reference.mrc
       nst                        = 1
       normalize-densities        = true
       adaptive-force-scaling     = false
       adaptive-force-scaling-time-constant = 4
       shift-vector               = 
       transformation-matrix      = 
     qmmm-cp2k:
       active                     = false
       qmgroup                    = System
       qmmethod                   = PBE
       qmfilenames                = 
       qmcharge                   = 0
       qmmultiplicity             = 1
grpopts:
   nrdf:       71785
   ref-t:         278
   tau-t:           1
annealing:          No
annealing-npoints:           0
   acc:	           0           0           0
   nfreeze:           N           N           N
   energygrp-flags[  0]: 0

Changing nstlist from 20 to 25, rlist from 1.073 to 1.099


Initializing Domain Decomposition on 1 ranks
Dynamic load balancing: auto
Using update groups, nr 12023, average size 3.0 atoms, max. radius 0.139 nm
Minimum cell size due to atom displacement: 0.273 nm
Initial maximum distances in bonded interactions:
    two-body bonded interactions: 0.426 nm, LJ-14, atoms 521 529
  multi-body bonded interactions: 0.455 nm, CMAP Dih., atoms 550 559
Minimum cell size due to bonded interactions: 0.501 nm
Using 0 separate PME ranks because: there are too few total ranks for efficient splitting
Optimizing the DD grid for 1 cells with a minimum initial size of 0.501 nm
The maximum allowed number of cells is: X 12 Y 12 Z 11
Domain decomposition grid 1 x 1 x 1, separate PME ranks 0
PME domain decomposition: 1 x 1 x 1

The initial number of communication pulses is:
The initial domain decomposition cell size is:

The maximum allowed distance for atom groups involved in interactions is:
                 non-bonded interactions           1.377 nm
(the following are initial values, they could change due to box deformation)
            two-body bonded interactions  (-rdd)   1.377 nm
          multi-body bonded interactions  (-rdd)   1.377 nm

When dynamic load balancing gets turned on, these settings will change to:
The maximum number of communication pulses is:
The minimum size for domain decomposition cells is 1.377 nm
The requested allowed shrink of DD cells (option -dds) is: 0.80
The allowed shrink of domain decomposition cells is:
The maximum allowed distance for atom groups involved in interactions is:
                 non-bonded interactions           1.377 nm
            two-body bonded interactions  (-rdd)   1.377 nm
          multi-body bonded interactions  (-rdd)   1.377 nm

This is simulation 31 out of 48 running as a composite GROMACS
multi-simulation job. Setup for this simulation:

Using 1 MPI process

Non-default thread affinity set, disabling internal thread affinity

Using 1 OpenMP thread 

System total charge: 0.000
Will do PME sum in reciprocal space for electrostatic interactions.

++++ PLEASE READ AND CITE THE FOLLOWING REFERENCE ++++
U. Essmann, L. Perera, M. L. Berkowitz, T. Darden, H. Lee and L. G. Pedersen 
A smooth particle mesh Ewald method
J. Chem. Phys. 103 (1995) pp. 8577-8592
-------- -------- --- Thank You --- -------- --------

Using a Gaussian width (1/beta) of 0.320163 nm for Ewald
Potential shift: LJ r^-12: -1.000e+00 r^-6: -1.000e+00, Ewald -1.000e-05
Initialized non-bonded Coulomb Ewald tables, spacing: 9.33e-04 size: 1073

Generated table with 4198 data points for 1-4 COUL.
Tabscale = 2000 points/nm
Generated table with 4198 data points for 1-4 LJ6.
Tabscale = 2000 points/nm
Generated table with 4198 data points for 1-4 LJ12.
Tabscale = 2000 points/nm


Using SIMD 4x8 nonbonded short-range kernels

Using a dual 4x8 pair-list setup updated with dynamic pruning:
  outer list: updated every 25 steps, buffer 0.099 nm, rlist 1.099 nm
  inner list: updated every  5 steps, buffer 0.003 nm, rlist 1.003 nm
At tolerance 0.001 kJ/mol/ps per atom, equivalent classical 1x1 list would be:
  outer list: updated every 25 steps, buffer 0.171 nm, rlist 1.171 nm
  inner list: updated every  5 steps, buffer 0.018 nm, rlist 1.018 nm

Using Lorentz-Berthelot Lennard-Jones combination rule
Removing pbc first time

Linking all bonded interactions to atoms


Initializing LINear Constraint Solver

++++ PLEASE READ AND CITE THE FOLLOWING REFERENCE ++++
B. Hess and H. Bekker and H. J. C. Berendsen and J. G. E. M. Fraaije
LINCS: A Linear Constraint Solver for molecular simulations
J. Comp. Chem. 18 (1997) pp. 1463-1472
-------- -------- --- Thank You --- -------- --------

The number of constraints is 308

++++ PLEASE READ AND CITE THE FOLLOWING REFERENCE ++++
S. Miyamoto and P. A. Kollman
SETTLE: An Analytical Version of the SHAKE and RATTLE Algorithms for Rigid
Water Models
J. Comp. Chem. 13 (1992) pp. 952-962
-------- -------- --- Thank You --- -------- --------


++++ PLEASE READ AND CITE THE FOLLOWING REFERENCE ++++
G. Bussi, D. Donadio and M. Parrinello
Canonical sampling through velocity rescaling
J. Chem. Phys. 126 (2007) pp. 014101
-------- -------- --- Thank You --- -------- --------


++++ PLEASE READ AND CITE THE FOLLOWING REFERENCE ++++
M. Bernetti, G. Bussi
Pressure control using stochastic cell rescaling
J. Chem. Phys. 153 (2020) pp. 114107
-------- -------- --- Thank You --- -------- --------

There are: 35733 Atoms

Atom distribution over 1 domains: av 35733 stddev 0 min 35733 max 35733

Constraining the starting coordinates (step 0)

Constraining the coordinates at t0-dt (step 0)
Center of mass motion removal mode is Linear
We have the following groups for center of mass motion removal:
  0:  rest
RMS relative constraint deviation after constraining: 2.04e-06
Initial temperature: 278.504 K

Started mdrun on rank 0 Sat Jul 22 21:08:37 2023

           Step           Time
              0        0.00000

   Energies (kJ/mol)
           Bond            U-B    Proper Dih.  Improper Dih.      CMAP Dih.
    4.51825e+02    1.29414e+03    2.00349e+02    7.33703e+01   -1.22093e+02
          LJ-14     Coulomb-14        LJ (SR)   Coulomb (SR)   Coul. recip.
    4.46088e+02    1.04800e+04    7.68398e+04   -5.75245e+05    2.72278e+03
 Position Rest.      Potential    Kinetic En.   Total Energy  Conserved En.
    1.39533e-04   -4.82858e+05    8.31656e+04   -3.99693e+05   -3.99713e+05
    Temperature Pressure (bar)   Constr. rmsd
    2.78680e+02    1.60919e+01    2.06216e-06

           Step           Time
           5000       10.00000

   Energies (kJ/mol)
           Bond            U-B    Proper Dih.  Improper Dih.      CMAP Dih.
    4.27406e+02    1.29241e+03    2.10771e+02    8.11258e+01   -1.31783e+02
          LJ-14     Coulomb-14        LJ (SR)   Coulomb (SR)   Coul. recip.
    4.28976e+02    1.05327e+04    7.77378e+04   -5.75524e+05    2.74419e+03
 Position Rest.      Potential    Kinetic En.   Total Energy  Conserved En.
    1.88389e+02   -4.82012e+05    8.30420e+04   -3.98970e+05   -3.99932e+05
    Temperature Pressure (bar)   Constr. rmsd
    2.78266e+02    5.24147e+01    2.61850e-06

           Step           Time
          10000       20.00000

   Energies (kJ/mol)
           Bond            U-B    Proper Dih.  Improper Dih.      CMAP Dih.
    5.08081e+02    1.28363e+03    1.95589e+02    7.63584e+01   -1.22197e+02
          LJ-14     Coulomb-14        LJ (SR)   Coulomb (SR)   Coul. recip.
    4.13499e+02    1.06086e+04    7.71032e+04   -5.75715e+05    2.81626e+03
 Position Rest.      Potential    Kinetic En.   Total Energy  Conserved En.
    2.05375e+02   -4.82627e+05    8.30650e+04   -3.99562e+05   -3.99936e+05
    Temperature Pressure (bar)   Constr. rmsd
    2.78343e+02   -9.05536e+01    2.16075e-06

Writing checkpoint, step 11700 at Sat Jul 22 21:23:38 2023


           Step           Time
          15000       30.00000

   Energies (kJ/mol)
           Bond            U-B    Proper Dih.  Improper Dih.      CMAP Dih.
    4.44041e+02    1.26598e+03    2.43672e+02    9.74561e+01   -1.26633e+02
          LJ-14     Coulomb-14        LJ (SR)   Coulomb (SR)   Coul. recip.
    4.57153e+02    1.06677e+04    7.77212e+04   -5.76011e+05    2.80190e+03
 Position Rest.      Potential    Kinetic En.   Total Energy  Conserved En.
    1.75751e+02   -4.82263e+05    8.30496e+04   -3.99213e+05   -3.99582e+05
    Temperature Pressure (bar)   Constr. rmsd
    2.78291e+02    1.53518e+02    1.18308e-06

           Step           Time
          20000       40.00000

   Energies (kJ/mol)
           Bond            U-B    Proper Dih.  Improper Dih.      CMAP Dih.
    4.28271e+02    1.26195e+03    2.12057e+02    8.36716e+01   -1.27886e+02
          LJ-14     Coulomb-14        LJ (SR)   Coulomb (SR)   Coul. recip.
    4.54674e+02    1.06487e+04    7.65594e+04   -5.75024e+05    2.79741e+03
 Position Rest.      Potential    Kinetic En.   Total Energy  Conserved En.
    1.85212e+02   -4.82520e+05    8.21874e+04   -4.00333e+05   -3.99820e+05
    Temperature Pressure (bar)   Constr. rmsd
    2.75402e+02   -9.57861e+01    1.93098e-06

Writing checkpoint, step 23425 at Sat Jul 22 21:38:38 2023


           Step           Time
          25000       50.00000

   Energies (kJ/mol)
           Bond            U-B    Proper Dih.  Improper Dih.      CMAP Dih.
    4.25130e+02    1.29131e+03    2.12735e+02    9.62355e+01   -1.19488e+02
          LJ-14     Coulomb-14        LJ (SR)   Coulomb (SR)   Coul. recip.
    4.42981e+02    1.05525e+04    7.65606e+04   -5.74074e+05    2.88580e+03
 Position Rest.      Potential    Kinetic En.   Total Energy  Conserved En.
    1.62374e+02   -4.81564e+05    8.36722e+04   -3.97891e+05   -3.99752e+05
    Temperature Pressure (bar)   Constr. rmsd
    2.80377e+02   -5.27992e+01    1.88045e-06

           Step           Time
          30000       60.00000

   Energies (kJ/mol)
           Bond            U-B    Proper Dih.  Improper Dih.      CMAP Dih.
    4.66304e+02    1.29412e+03    2.16786e+02    8.50831e+01   -1.32945e+02
          LJ-14     Coulomb-14        LJ (SR)   Coulomb (SR)   Coul. recip.
    4.43912e+02    1.05332e+04    7.65048e+04   -5.74076e+05    2.86793e+03
 Position Rest.      Potential    Kinetic En.   Total Energy  Conserved En.
    1.68914e+02   -4.81628e+05    8.35999e+04   -3.98028e+05   -3.99722e+05
    Temperature Pressure (bar)   Constr. rmsd
    2.80135e+02   -1.05834e+02    2.03541e-06

           Step           Time
          35000       70.00000

   Energies (kJ/mol)
           Bond            U-B    Proper Dih.  Improper Dih.      CMAP Dih.
    4.47619e+02    1.26884e+03    2.07923e+02    6.48175e+01   -1.29696e+02
          LJ-14     Coulomb-14        LJ (SR)   Coulomb (SR)   Coul. recip.
    4.40136e+02    1.05851e+04    7.71037e+04   -5.75273e+05    2.76567e+03
 Position Rest.      Potential    Kinetic En.   Total Energy  Conserved En.
    1.51965e+02   -4.82367e+05    8.26743e+04   -3.99693e+05   -3.99450e+05
    Temperature Pressure (bar)   Constr. rmsd
    2.77034e+02    5.90294e+01    2.27713e-06

Writing checkpoint, step 35125 at Sat Jul 22 21:53:39 2023


           Step           Time
          40000       80.00000

   Energies (kJ/mol)
           Bond            U-B    Proper Dih.  Improper Dih.      CMAP Dih.
    4.69299e+02    1.31067e+03    1.74561e+02    7.77340e+01   -1.26401e+02
          LJ-14     Coulomb-14        LJ (SR)   Coulomb (SR)   Coul. recip.
    3.96789e+02    1.05974e+04    7.78852e+04   -5.75966e+05    2.83629e+03
 Position Rest.      Potential    Kinetic En.   Total Energy  Conserved En.
    1.60841e+02   -4.82184e+05    8.26438e+04   -3.99540e+05   -3.99646e+05
    Temperature Pressure (bar)   Constr. rmsd
    2.76931e+02   -1.83107e+01    1.93101e-06

           Step           Time
          45000       90.00000

   Energies (kJ/mol)
           Bond            U-B    Proper Dih.  Improper Dih.      CMAP Dih.
    4.55339e+02    1.26482e+03    1.99560e+02    9.39207e+01   -1.26208e+02
          LJ-14     Coulomb-14        LJ (SR)   Coulomb (SR)   Coul. recip.
    4.65279e+02    1.07355e+04    7.67400e+04   -5.74581e+05    2.81799e+03
 Position Rest.      Potential    Kinetic En.   Total Energy  Conserved En.
    1.59628e+02   -4.81775e+05    8.24726e+04   -3.99302e+05   -3.99495e+05
    Temperature Pressure (bar)   Constr. rmsd
    2.76358e+02   -5.51567e+01    2.27203e-06

Writing checkpoint, step 46800 at Sat Jul 22 22:08:38 2023


           Step           Time
          50000      100.00000

   Energies (kJ/mol)
           Bond            U-B    Proper Dih.  Improper Dih.      CMAP Dih.
    4.43843e+02    1.31923e+03    2.33128e+02    7.35420e+01   -1.36152e+02
          LJ-14     Coulomb-14        LJ (SR)   Coulomb (SR)   Coul. recip.
    4.54632e+02    1.05127e+04    7.70874e+04   -5.74546e+05    2.78610e+03
 Position Rest.      Potential    Kinetic En.   Total Energy  Conserved En.
    1.73573e+02   -4.81598e+05    8.34909e+04   -3.98108e+05   -3.99641e+05
    Temperature Pressure (bar)   Constr. rmsd
    2.79770e+02   -3.26357e+01    2.12943e-06

           Step           Time
          55000      110.00000

   Energies (kJ/mol)
           Bond            U-B    Proper Dih.  Improper Dih.      CMAP Dih.
    4.86966e+02    1.35740e+03    2.07616e+02    6.90667e+01   -1.32308e+02
          LJ-14     Coulomb-14        LJ (SR)   Coulomb (SR)   Coul. recip.
    4.16595e+02    1.06193e+04    7.70262e+04   -5.74500e+05    2.83727e+03
 Position Rest.      Potential    Kinetic En.   Total Energy  Conserved En.
    1.58626e+02   -4.81453e+05    8.24663e+04   -3.98987e+05   -3.99278e+05
    Temperature Pressure (bar)   Constr. rmsd
    2.76337e+02   -4.91410e+01    2.42984e-06

Writing checkpoint, step 58525 at Sat Jul 22 22:23:38 2023


           Step           Time
          60000      120.00000

   Energies (kJ/mol)
           Bond            U-B    Proper Dih.  Improper Dih.      CMAP Dih.
    5.04061e+02    1.25337e+03    1.77031e+02    8.52640e+01   -1.23440e+02
          LJ-14     Coulomb-14        LJ (SR)   Coulomb (SR)   Coul. recip.
    4.35552e+02    1.04970e+04    7.66858e+04   -5.74290e+05    2.87482e+03
 Position Rest.      Potential    Kinetic En.   Total Energy  Conserved En.
    1.47483e+02   -4.81753e+05    8.35901e+04   -3.98162e+05   -3.99192e+05
    Temperature Pressure (bar)   Constr. rmsd
    2.80103e+02   -1.82422e+01    1.66019e-06

           Step           Time
          65000      130.00000

   Energies (kJ/mol)
           Bond            U-B    Proper Dih.  Improper Dih.      CMAP Dih.
    4.54351e+02    1.25451e+03    1.98653e+02    5.97770e+01   -1.21017e+02
          LJ-14     Coulomb-14        LJ (SR)   Coulomb (SR)   Coul. recip.
    4.01387e+02    1.05873e+04    7.78982e+04   -5.76020e+05    2.77767e+03
 Position Rest.      Potential    Kinetic En.   Total Energy  Conserved En.
    1.59743e+02   -4.82349e+05    8.25549e+04   -3.99794e+05   -3.99343e+05
    Temperature Pressure (bar)   Constr. rmsd
    2.76634e+02    4.14148e+01    1.72506e-06

           Step           Time
          70000      140.00000

   Energies (kJ/mol)
           Bond            U-B    Proper Dih.  Improper Dih.      CMAP Dih.
    4.40928e+02    1.18602e+03    1.67268e+02    7.61315e+01   -1.19896e+02
          LJ-14     Coulomb-14        LJ (SR)   Coulomb (SR)   Coul. recip.
    4.10091e+02    1.06305e+04    7.74831e+04   -5.75873e+05    2.77875e+03
 Position Rest.      Potential    Kinetic En.   Total Energy  Conserved En.
    1.72711e+02   -4.82647e+05    8.22849e+04   -4.00362e+05   -3.99277e+05
    Temperature Pressure (bar)   Constr. rmsd
    2.75729e+02   -2.66069e+01    2.88709e-06

Writing checkpoint, step 70175 at Sat Jul 22 22:38:38 2023


           Step           Time
          75000      150.00000

   Energies (kJ/mol)
           Bond            U-B    Proper Dih.  Improper Dih.      CMAP Dih.
    4.62943e+02    1.30622e+03    2.28474e+02    8.18312e+01   -1.21924e+02
          LJ-14     Coulomb-14        LJ (SR)   Coulomb (SR)   Coul. recip.
    4.51482e+02    1.05150e+04    7.60041e+04   -5.73235e+05    2.85690e+03
 Position Rest.      Potential    Kinetic En.   Total Energy  Conserved En.
    1.73960e+02   -4.81276e+05    8.32126e+04   -3.98064e+05   -3.99307e+05
    Temperature Pressure (bar)   Constr. rmsd
    2.78838e+02   -1.50308e+02    1.96413e-06

           Step           Time
          80000      160.00000

   Energies (kJ/mol)
           Bond            U-B    Proper Dih.  Improper Dih.      CMAP Dih.
    4.73578e+02    1.38523e+03    1.81062e+02    8.82612e+01   -1.19313e+02
          LJ-14     Coulomb-14        LJ (SR)   Coulomb (SR)   Coul. recip.
    4.05542e+02    1.06257e+04    7.59005e+04   -5.73569e+05    2.79036e+03
 Position Rest.      Potential    Kinetic En.   Total Energy  Conserved En.
    1.74806e+02   -4.81663e+05    8.34468e+04   -3.98216e+05   -3.99001e+05
    Temperature Pressure (bar)   Constr. rmsd
    2.79622e+02   -1.67925e+02    2.72168e-06

Writing checkpoint, step 81825 at Sat Jul 22 22:53:39 2023


           Step           Time
          85000      170.00000

   Energies (kJ/mol)
           Bond            U-B    Proper Dih.  Improper Dih.      CMAP Dih.
    4.33516e+02    1.31978e+03    2.05911e+02    7.13897e+01   -1.13166e+02
          LJ-14     Coulomb-14        LJ (SR)   Coulomb (SR)   Coul. recip.
    4.36372e+02    1.06068e+04    7.90064e+04   -5.76918e+05    2.74718e+03
 Position Rest.      Potential    Kinetic En.   Total Energy  Conserved En.
    1.50833e+02   -4.82053e+05    8.34316e+04   -3.98621e+05   -3.98964e+05
    Temperature Pressure (bar)   Constr. rmsd
    2.79571e+02    3.23918e+02    2.11565e-06

           Step           Time
          90000      180.00000

   Energies (kJ/mol)
           Bond            U-B    Proper Dih.  Improper Dih.      CMAP Dih.
    4.67431e+02    1.31101e+03    2.36679e+02    7.87010e+01   -1.24584e+02
          LJ-14     Coulomb-14        LJ (SR)   Coulomb (SR)   Coul. recip.
    4.39651e+02    1.05191e+04    7.70595e+04   -5.74919e+05    2.82590e+03
 Position Rest.      Potential    Kinetic En.   Total Energy  Conserved En.
    1.55363e+02   -4.81951e+05    8.26246e+04   -3.99326e+05   -3.99031e+05
    Temperature Pressure (bar)   Constr. rmsd
    2.76867e+02    4.17885e+01    1.69035e-06

Writing checkpoint, step 93475 at Sat Jul 22 23:08:38 2023


           Step           Time
          95000      190.00000

   Energies (kJ/mol)
           Bond            U-B    Proper Dih.  Improper Dih.      CMAP Dih.
    5.17482e+02    1.23507e+03    2.13551e+02    8.29970e+01   -1.26385e+02
          LJ-14     Coulomb-14        LJ (SR)   Coulomb (SR)   Coul. recip.
    4.00439e+02    1.05935e+04    7.72531e+04   -5.75639e+05    2.76248e+03
 Position Rest.      Potential    Kinetic En.   Total Energy  Conserved En.
    1.74940e+02   -4.82531e+05    8.34303e+04   -3.99101e+05   -3.98860e+05
    Temperature Pressure (bar)   Constr. rmsd
    2.79567e+02   -5.35128e+01    2.60305e-06

           Step           Time
         100000      200.00000

   Energies (kJ/mol)
           Bond            U-B    Proper Dih.  Improper Dih.      CMAP Dih.
    5.12410e+02    1.30523e+03    2.14756e+02    8.79585e+01   -1.36384e+02
          LJ-14     Coulomb-14        LJ (SR)   Coulomb (SR)   Coul. recip.
    4.13322e+02    1.05871e+04    7.71008e+04   -5.76353e+05    2.73369e+03
 Position Rest.      Potential    Kinetic En.   Total Energy  Conserved En.
    1.64185e+02   -4.83369e+05    8.26072e+04   -4.00762e+05   -3.98716e+05
    Temperature Pressure (bar)   Constr. rmsd
    2.76809e+02   -2.69703e+01    1.85918e-06

           Step           Time
         105000      210.00000

   Energies (kJ/mol)
           Bond            U-B    Proper Dih.  Improper Dih.      CMAP Dih.
    5.31690e+02    1.17893e+03    2.24350e+02    8.08201e+01   -1.19481e+02
          LJ-14     Coulomb-14        LJ (SR)   Coulomb (SR)   Coul. recip.
    4.30903e+02    1.05807e+04    7.74331e+04   -5.76399e+05    2.81749e+03
 Position Rest.      Potential    Kinetic En.   Total Energy  Conserved En.
    1.81627e+02   -4.83059e+05    8.25102e+04   -4.00549e+05   -3.98550e+05
    Temperature Pressure (bar)   Constr. rmsd
    2.76484e+02    3.61219e+01    1.95212e-06

Writing checkpoint, step 105075 at Sat Jul 22 23:23:39 2023


           Step           Time
         110000      220.00000

   Energies (kJ/mol)
           Bond            U-B    Proper Dih.  Improper Dih.      CMAP Dih.
    4.60359e+02    1.27956e+03    2.07597e+02    7.99655e+01   -1.23015e+02
          LJ-14     Coulomb-14        LJ (SR)   Coulomb (SR)   Coul. recip.
    4.34001e+02    1.05380e+04    7.63246e+04   -5.75070e+05    2.75576e+03
 Position Rest.      Potential    Kinetic En.   Total Energy  Conserved En.
    1.56185e+02   -4.82957e+05    8.32740e+04   -3.99683e+05   -3.98728e+05
    Temperature Pressure (bar)   Constr. rmsd
    2.79043e+02   -2.19452e+02    2.12054e-06

           Step           Time
         115000      230.00000

   Energies (kJ/mol)
           Bond            U-B    Proper Dih.  Improper Dih.      CMAP Dih.
    4.12857e+02    1.16427e+03    2.08050e+02    5.62733e+01   -1.27745e+02
          LJ-14     Coulomb-14        LJ (SR)   Coulomb (SR)   Coul. recip.
    4.67853e+02    1.06114e+04    7.76298e+04   -5.76276e+05    2.86779e+03
 Position Rest.      Potential    Kinetic En.   Total Energy  Conserved En.
    1.59509e+02   -4.82826e+05    8.30719e+04   -3.99754e+05   -3.98538e+05
    Temperature Pressure (bar)   Constr. rmsd
    2.78366e+02    1.38892e+02    1.56178e-06

Writing checkpoint, step 116725 at Sat Jul 22 23:38:38 2023


           Step           Time
         120000      240.00000

   Energies (kJ/mol)
           Bond            U-B    Proper Dih.  Improper Dih.      CMAP Dih.
    4.53865e+02    1.23145e+03    2.08737e+02    1.02037e+02   -1.24191e+02
          LJ-14     Coulomb-14        LJ (SR)   Coulomb (SR)   Coul. recip.
    4.48280e+02    1.05438e+04    7.70703e+04   -5.75654e+05    2.89255e+03
 Position Rest.      Potential    Kinetic En.   Total Energy  Conserved En.
    2.09907e+02   -4.82618e+05    8.35524e+04   -3.99065e+05   -3.98559e+05
    Temperature Pressure (bar)   Constr. rmsd
    2.79976e+02    3.25015e+01    2.06374e-06

           Step           Time
         125000      250.00000

   Energies (kJ/mol)
           Bond            U-B    Proper Dih.  Improper Dih.      CMAP Dih.
    4.54543e+02    1.27955e+03    1.71054e+02    7.72666e+01   -1.24124e+02
          LJ-14     Coulomb-14        LJ (SR)   Coulomb (SR)   Coul. recip.
    4.42657e+02    1.06603e+04    7.75999e+04   -5.75504e+05    2.69804e+03
 Position Rest.      Potential    Kinetic En.   Total Energy  Conserved En.
    1.66409e+02   -4.82078e+05    8.29319e+04   -3.99146e+05   -3.98641e+05
    Temperature Pressure (bar)   Constr. rmsd
    2.77897e+02    8.71697e+01    2.47503e-06

Writing checkpoint, step 128400 at Sat Jul 22 23:53:38 2023


           Step           Time
         130000      260.00000

   Energies (kJ/mol)
           Bond            U-B    Proper Dih.  Improper Dih.      CMAP Dih.
    4.55088e+02    1.16177e+03    2.27377e+02    8.34588e+01   -1.28069e+02
          LJ-14     Coulomb-14        LJ (SR)   Coulomb (SR)   Coul. recip.
    4.39805e+02    1.06597e+04    7.60986e+04   -5.73826e+05    2.73422e+03
 Position Rest.      Potential    Kinetic En.   Total Energy  Conserved En.
    1.67984e+02   -4.81926e+05    8.29872e+04   -3.98939e+05   -3.98709e+05
    Temperature Pressure (bar)   Constr. rmsd
    2.78082e+02   -2.46643e+02    2.18357e-06

           Step           Time
         135000      270.00000

   Energies (kJ/mol)
           Bond            U-B    Proper Dih.  Improper Dih.      CMAP Dih.
    4.90288e+02    1.23139e+03    2.21623e+02    8.93564e+01   -1.11518e+02
          LJ-14     Coulomb-14        LJ (SR)   Coulomb (SR)   Coul. recip.
    4.31061e+02    1.06262e+04    7.86909e+04   -5.77884e+05    2.76718e+03
 Position Rest.      Potential    Kinetic En.   Total Energy  Conserved En.
    2.03270e+02   -4.83244e+05    8.36049e+04   -3.99639e+05   -3.98515e+05
    Temperature Pressure (bar)   Constr. rmsd
    2.80152e+02    1.57312e+02    2.04409e-06

           Step           Time
         140000      280.00000

   Energies (kJ/mol)
           Bond            U-B    Proper Dih.  Improper Dih.      CMAP Dih.
    4.66138e+02    1.33152e+03    2.54912e+02    7.62641e+01   -1.32067e+02
          LJ-14     Coulomb-14        LJ (SR)   Coulomb (SR)   Coul. recip.
    4.32496e+02    1.05434e+04    7.81536e+04   -5.75951e+05    2.81513e+03
 Position Rest.      Potential    Kinetic En.   Total Energy  Conserved En.
    1.63858e+02   -4.81846e+05    8.34960e+04   -3.98350e+05   -3.98640e+05
    Temperature Pressure (bar)   Constr. rmsd
    2.79787e+02    1.30081e+02    2.15686e-06

Writing checkpoint, step 140100 at Sun Jul 23 00:08:38 2023


           Step           Time
         145000      290.00000

   Energies (kJ/mol)
           Bond            U-B    Proper Dih.  Improper Dih.      CMAP Dih.
    4.87797e+02    1.27403e+03    2.05607e+02    8.00396e+01   -1.32689e+02
          LJ-14     Coulomb-14        LJ (SR)   Coulomb (SR)   Coul. recip.
    4.03689e+02    1.06023e+04    7.67199e+04   -5.74897e+05    2.81422e+03
 Position Rest.      Potential    Kinetic En.   Total Energy  Conserved En.
    2.02267e+02   -4.82240e+05    8.30471e+04   -3.99192e+05   -3.98544e+05
    Temperature Pressure (bar)   Constr. rmsd
    2.78283e+02   -1.44847e+02    1.82488e-06

           Step           Time
         150000      300.00000

   Energies (kJ/mol)
           Bond            U-B    Proper Dih.  Improper Dih.      CMAP Dih.
    5.05095e+02    1.20444e+03    2.22416e+02    8.37432e+01   -1.18569e+02
          LJ-14     Coulomb-14        LJ (SR)   Coulomb (SR)   Coul. recip.
    3.95481e+02    1.05296e+04    7.72944e+04   -5.76666e+05    2.84781e+03
 Position Rest.      Potential    Kinetic En.   Total Energy  Conserved En.
    1.83928e+02   -4.83518e+05    8.29759e+04   -4.00542e+05   -3.98527e+05
    Temperature Pressure (bar)   Constr. rmsd
    2.78044e+02   -1.67855e+02    1.94712e-06

Writing checkpoint, step 151725 at Sun Jul 23 00:23:39 2023


           Step           Time
         155000      310.00000

   Energies (kJ/mol)
           Bond            U-B    Proper Dih.  Improper Dih.      CMAP Dih.
    4.41216e+02    1.33437e+03    2.16771e+02    8.48545e+01   -1.33387e+02
          LJ-14     Coulomb-14        LJ (SR)   Coulomb (SR)   Coul. recip.
    4.35925e+02    1.06167e+04    7.71567e+04   -5.74797e+05    2.78775e+03
 Position Rest.      Potential    Kinetic En.   Total Energy  Conserved En.
    1.59796e+02   -4.81696e+05    8.18694e+04   -3.99827e+05   -3.98455e+05
    Temperature Pressure (bar)   Constr. rmsd
    2.74337e+02   -6.96900e+01    2.46238e-06

           Step           Time
         160000      320.00000

   Energies (kJ/mol)
           Bond            U-B    Proper Dih.  Improper Dih.      CMAP Dih.
    5.03424e+02    1.35991e+03    2.33239e+02    7.39807e+01   -1.21754e+02
          LJ-14     Coulomb-14        LJ (SR)   Coulomb (SR)   Coul. recip.
    4.16295e+02    1.05105e+04    7.67968e+04   -5.74677e+05    2.74053e+03
 Position Rest.      Potential    Kinetic En.   Total Energy  Conserved En.
    1.75840e+02   -4.81988e+05    8.25186e+04   -3.99469e+05   -3.98306e+05
    Temperature Pressure (bar)   Constr. rmsd
    2.76512e+02   -3.71174e+01    2.19026e-06

Writing checkpoint, step 163400 at Sun Jul 23 00:38:38 2023


           Step           Time
         165000      330.00000

   Energies (kJ/mol)
           Bond            U-B    Proper Dih.  Improper Dih.      CMAP Dih.
    4.33326e+02    1.23186e+03    2.12517e+02    1.04455e+02   -1.22992e+02
          LJ-14     Coulomb-14        LJ (SR)   Coulomb (SR)   Coul. recip.
    4.37619e+02    1.05620e+04    7.69477e+04   -5.74426e+05    2.81840e+03
 Position Rest.      Potential    Kinetic En.   Total Energy  Conserved En.
    1.61895e+02   -4.81639e+05    8.27568e+04   -3.98882e+05   -3.98388e+05
    Temperature Pressure (bar)   Constr. rmsd
    2.77310e+02   -7.34130e+01    2.08978e-06

           Step           Time
         170000      340.00000

   Energies (kJ/mol)
           Bond            U-B    Proper Dih.  Improper Dih.      CMAP Dih.
    4.59449e+02    1.30218e+03    2.42744e+02    7.25427e+01   -1.22290e+02
          LJ-14     Coulomb-14        LJ (SR)   Coulomb (SR)   Coul. recip.
    4.45327e+02    1.06128e+04    7.61048e+04   -5.74949e+05    2.74514e+03
 Position Rest.      Potential    Kinetic En.   Total Energy  Conserved En.
    1.47087e+02   -4.82939e+05    8.22884e+04   -4.00651e+05   -3.97969e+05
    Temperature Pressure (bar)   Constr. rmsd
    2.75741e+02   -1.25565e+02    2.03807e-06

           Step           Time
         175000      350.00000

   Energies (kJ/mol)
           Bond            U-B    Proper Dih.  Improper Dih.      CMAP Dih.
    4.28933e+02    1.30431e+03    2.27904e+02    9.60121e+01   -1.24681e+02
          LJ-14     Coulomb-14        LJ (SR)   Coulomb (SR)   Coul. recip.
    4.17779e+02    1.04753e+04    7.78510e+04   -5.76393e+05    2.82459e+03
 Position Rest.      Potential    Kinetic En.   Total Energy  Conserved En.
    1.66657e+02   -4.82725e+05    8.32516e+04   -3.99473e+05   -3.97936e+05
    Temperature Pressure (bar)   Constr. rmsd
    2.78968e+02    1.04089e+02    2.76846e-06

Writing checkpoint, step 175075 at Sun Jul 23 00:53:39 2023


           Step           Time
         180000      360.00000

   Energies (kJ/mol)
           Bond            U-B    Proper Dih.  Improper Dih.      CMAP Dih.
    4.86934e+02    1.23423e+03    2.37858e+02    8.12671e+01   -1.20673e+02
          LJ-14     Coulomb-14        LJ (SR)   Coulomb (SR)   Coul. recip.
    4.14291e+02    1.05346e+04    7.85994e+04   -5.76492e+05    2.79103e+03
 Position Rest.      Potential    Kinetic En.   Total Energy  Conserved En.
    1.62839e+02   -4.82070e+05    8.30578e+04   -3.99013e+05   -3.97993e+05
    Temperature Pressure (bar)   Constr. rmsd
    2.78319e+02    1.47292e+02    3.46872e-06

           Step           Time
         185000      370.00000

   Energies (kJ/mol)
           Bond            U-B    Proper Dih.  Improper Dih.      CMAP Dih.
    4.93144e+02    1.27791e+03    2.02173e+02    5.17884e+01   -1.24013e+02
          LJ-14     Coulomb-14        LJ (SR)   Coulomb (SR)   Coul. recip.
    4.17553e+02    1.05890e+04    7.71607e+04   -5.74528e+05    2.71945e+03
 Position Rest.      Potential    Kinetic En.   Total Energy  Conserved En.
    1.59284e+02   -4.81581e+05    8.26997e+04   -3.98881e+05   -3.98154e+05
    Temperature Pressure (bar)   Constr. rmsd
    2.77119e+02   -3.56628e+01    2.37408e-06

Writing checkpoint, step 186775 at Sun Jul 23 01:08:38 2023


           Step           Time
         190000      380.00000

   Energies (kJ/mol)
           Bond            U-B    Proper Dih.  Improper Dih.      CMAP Dih.
    4.80707e+02    1.32976e+03    2.12233e+02    8.03662e+01   -1.15509e+02
          LJ-14     Coulomb-14        LJ (SR)   Coulomb (SR)   Coul. recip.
    4.02321e+02    1.04724e+04    7.55771e+04   -5.73002e+05    2.73454e+03
 Position Rest.      Potential    Kinetic En.   Total Energy  Conserved En.
    1.74363e+02   -4.81654e+05    8.38958e+04   -3.97758e+05   -3.97899e+05
    Temperature Pressure (bar)   Constr. rmsd
    2.81127e+02   -1.58940e+02    2.36390e-06

           Step           Time
         195000      390.00000

   Energies (kJ/mol)
           Bond            U-B    Proper Dih.  Improper Dih.      CMAP Dih.
    4.94492e+02    1.20979e+03    2.20622e+02    8.37329e+01   -1.21933e+02
          LJ-14     Coulomb-14        LJ (SR)   Coulomb (SR)   Coul. recip.
    4.06070e+02    1.06256e+04    7.74761e+04   -5.75176e+05    2.82500e+03
 Position Rest.      Potential    Kinetic En.   Total Energy  Conserved En.
    1.59006e+02   -4.81797e+05    8.26117e+04   -3.99185e+05   -3.97835e+05
    Temperature Pressure (bar)   Constr. rmsd
    2.76824e+02    5.49823e+01    1.83731e-06

Writing checkpoint, step 198425 at Sun Jul 23 01:23:38 2023


           Step           Time
         200000      400.00000

   Energies (kJ/mol)
           Bond            U-B    Proper Dih.  Improper Dih.      CMAP Dih.
    4.82191e+02    1.19884e+03    2.21801e+02    7.46615e+01   -1.17480e+02
          LJ-14     Coulomb-14        LJ (SR)   Coulomb (SR)   Coul. recip.
    4.05381e+02    1.06024e+04    7.76006e+04   -5.76406e+05    2.81991e+03
 Position Rest.      Potential    Kinetic En.   Total Energy  Conserved En.
    1.67140e+02   -4.82950e+05    8.28588e+04   -4.00091e+05   -3.97930e+05
    Temperature Pressure (bar)   Constr. rmsd
    2.77652e+02   -9.95296e+01    2.09139e-06

           Step           Time
         205000      410.00000

   Energies (kJ/mol)
           Bond            U-B    Proper Dih.  Improper Dih.      CMAP Dih.
    4.91705e+02    1.24864e+03    2.29954e+02    5.62980e+01   -1.22893e+02
          LJ-14     Coulomb-14        LJ (SR)   Coulomb (SR)   Coul. recip.
    4.15176e+02    1.06197e+04    7.77029e+04   -5.75726e+05    2.89471e+03
 Position Rest.      Potential    Kinetic En.   Total Energy  Conserved En.
    1.52543e+02   -4.82038e+05    8.27747e+04   -3.99263e+05   -3.97573e+05
    Temperature Pressure (bar)   Constr. rmsd
    2.77370e+02    8.38202e+01    2.45472e-06

           Step           Time
         210000      420.00000

   Energies (kJ/mol)
           Bond            U-B    Proper Dih.  Improper Dih.      CMAP Dih.
    4.78562e+02    1.29743e+03    2.44210e+02    7.34451e+01   -1.33389e+02
          LJ-14     Coulomb-14        LJ (SR)   Coulomb (SR)   Coul. recip.
    4.26345e+02    1.06145e+04    7.58023e+04   -5.73603e+05    2.75874e+03
 Position Rest.      Potential    Kinetic En.   Total Energy  Conserved En.
    1.49019e+02   -4.81892e+05    8.32321e+04   -3.98659e+05   -3.97600e+05
    Temperature Pressure (bar)   Constr. rmsd
    2.78903e+02   -1.29651e+02    1.93660e-06

Writing checkpoint, step 210075 at Sun Jul 23 01:38:38 2023


           Step           Time
         215000      430.00000

   Energies (kJ/mol)
           Bond            U-B    Proper Dih.  Improper Dih.      CMAP Dih.
    4.25984e+02    1.41896e+03    2.28492e+02    1.01294e+02   -1.24209e+02
          LJ-14     Coulomb-14        LJ (SR)   Coulomb (SR)   Coul. recip.
    4.26461e+02    1.06172e+04    7.82905e+04   -5.77502e+05    2.72494e+03
 Position Rest.      Potential    Kinetic En.   Total Energy  Conserved En.
    1.59788e+02   -4.83232e+05    8.25503e+04   -4.00682e+05   -3.97654e+05
    Temperature Pressure (bar)   Constr. rmsd
    2.76618e+02    1.52073e+02    1.60075e-06

           Step           Time
         220000      440.00000

   Energies (kJ/mol)
           Bond            U-B    Proper Dih.  Improper Dih.      CMAP Dih.
    4.49203e+02    1.36898e+03    1.72628e+02    7.03721e+01   -1.16576e+02
          LJ-14     Coulomb-14        LJ (SR)   Coulomb (SR)   Coul. recip.
    4.65034e+02    1.06009e+04    7.79772e+04   -5.75431e+05    2.79104e+03
 Position Rest.      Potential    Kinetic En.   Total Energy  Conserved En.
    1.38382e+02   -4.81514e+05    8.28322e+04   -3.98682e+05   -3.97731e+05
    Temperature Pressure (bar)   Constr. rmsd
    2.77563e+02    1.27034e+02    1.73178e-06

Writing checkpoint, step 221725 at Sun Jul 23 01:53:38 2023


           Step           Time
         225000      450.00000

   Energies (kJ/mol)
           Bond            U-B    Proper Dih.  Improper Dih.      CMAP Dih.
    4.24666e+02    1.18322e+03    2.44822e+02    7.74314e+01   -1.14275e+02
          LJ-14     Coulomb-14        LJ (SR)   Coulomb (SR)   Coul. recip.
    4.28580e+02    1.06741e+04    7.74392e+04   -5.76472e+05    2.75223e+03
 Position Rest.      Potential    Kinetic En.   Total Energy  Conserved En.
    1.74082e+02   -4.83188e+05    8.27035e+04   -4.00485e+05   -3.97669e+05
    Temperature Pressure (bar)   Constr. rmsd
    2.77131e+02   -5.25711e+01    3.24453e-06

           Step           Time
         230000      460.00000

   Energies (kJ/mol)
           Bond            U-B    Proper Dih.  Improper Dih.      CMAP Dih.
    5.12131e+02    1.17388e+03    1.73112e+02    7.19255e+01   -1.26637e+02
          LJ-14     Coulomb-14        LJ (SR)   Coulomb (SR)   Coul. recip.
    4.10129e+02    1.06001e+04    7.68780e+04   -5.74827e+05    2.75871e+03
 Position Rest.      Potential    Kinetic En.   Total Energy  Conserved En.
    1.59521e+02   -4.82216e+05    8.31184e+04   -3.99098e+05   -3.97427e+05
    Temperature Pressure (bar)   Constr. rmsd
    2.78522e+02   -1.98742e-01    2.96371e-06

Writing checkpoint, step 233375 at Sun Jul 23 02:08:39 2023


           Step           Time
         235000      470.00000

   Energies (kJ/mol)
           Bond            U-B    Proper Dih.  Improper Dih.      CMAP Dih.
    4.45688e+02    1.24042e+03    2.85152e+02    8.01814e+01   -1.20882e+02
          LJ-14     Coulomb-14        LJ (SR)   Coulomb (SR)   Coul. recip.
    4.07413e+02    1.05609e+04    7.86031e+04   -5.76537e+05    2.88972e+03
 Position Rest.      Potential    Kinetic En.   Total Energy  Conserved En.
    1.61097e+02   -4.81984e+05    8.34746e+04   -3.98510e+05   -3.97468e+05
    Temperature Pressure (bar)   Constr. rmsd
    2.79715e+02    1.72027e+02    1.93491e-06

           Step           Time
         240000      480.00000

   Energies (kJ/mol)
           Bond            U-B    Proper Dih.  Improper Dih.      CMAP Dih.
    4.34223e+02    1.37816e+03    2.37225e+02    7.03866e+01   -1.16961e+02
          LJ-14     Coulomb-14        LJ (SR)   Coulomb (SR)   Coul. recip.
    4.40018e+02    1.05051e+04    7.64659e+04   -5.74584e+05    2.78682e+03
 Position Rest.      Potential    Kinetic En.   Total Energy  Conserved En.
    1.51940e+02   -4.82231e+05    8.26904e+04   -3.99541e+05   -3.97503e+05
    Temperature Pressure (bar)   Constr. rmsd
    2.77088e+02   -1.50762e+02    2.06073e-06

           Step           Time
         245000      490.00000

   Energies (kJ/mol)
           Bond            U-B    Proper Dih.  Improper Dih.      CMAP Dih.
    5.16790e+02    1.20605e+03    2.04681e+02    7.65763e+01   -1.24885e+02
          LJ-14     Coulomb-14        LJ (SR)   Coulomb (SR)   Coul. recip.
    4.32322e+02    1.05178e+04    7.77483e+04   -5.75628e+05    2.76270e+03
 Position Rest.      Potential    Kinetic En.   Total Energy  Conserved En.
    1.81595e+02   -4.82106e+05    8.27331e+04   -3.99372e+05   -3.97417e+05
    Temperature Pressure (bar)   Constr. rmsd
    2.77231e+02    5.35504e+01    1.82225e-06

Writing checkpoint, step 245025 at Sun Jul 23 02:23:38 2023


           Step           Time
         250000      500.00000

Writing checkpoint, step 250000 at Sun Jul 23 02:30:09 2023


   Energies (kJ/mol)
           Bond            U-B    Proper Dih.  Improper Dih.      CMAP Dih.
    4.53315e+02    1.24697e+03    2.22485e+02    7.92986e+01   -1.27534e+02
          LJ-14     Coulomb-14        LJ (SR)   Coulomb (SR)   Coul. recip.
    4.34346e+02    1.06319e+04    7.48711e+04   -5.73083e+05    2.80962e+03
 Position Rest.      Potential    Kinetic En.   Total Energy  Conserved En.
    1.77522e+02   -4.82284e+05    8.33360e+04   -3.98948e+05   -3.97341e+05
    Temperature Pressure (bar)   Constr. rmsd
    2.79251e+02   -3.49579e+02    2.26619e-06


Energy conservation over simulation part #1 of length 500 ps, time 0 to 500 ps
  Conserved energy drift: 1.33e-04 kJ/mol/ps per atom


	<======  ###############  ==>
	<====  A V E R A G E S  ====>
	<==  ###############  ======>

	Statistics over 250001 steps using 2501 frames

   Energies (kJ/mol)
           Bond            U-B    Proper Dih.  Improper Dih.      CMAP Dih.
    4.70030e+02    1.26816e+03    2.19750e+02    8.18839e+01   -1.24807e+02
          LJ-14     Coulomb-14        LJ (SR)   Coulomb (SR)   Coul. recip.
    4.27089e+02    1.05848e+04    7.70928e+04   -5.75212e+05    2.79930e+03
 Position Rest.      Potential    Kinetic En.   Total Energy  Conserved En.
    1.65989e+02   -4.82227e+05    8.29715e+04   -3.99255e+05   -3.98634e+05
    Temperature Pressure (bar)   Constr. rmsd
    2.78030e+02   -1.86065e+01    0.00000e+00

          Box-X          Box-Y          Box-Z
    7.97451e+00    7.97451e+00    5.63883e+00

   Total Virial (kJ/mol)
    2.78506e+04    3.85975e+01   -5.97498e+01
    3.85975e+01    2.78716e+04   -1.37351e+01
   -5.97498e+01   -1.37351e+01    2.78549e+04

   Pressure (bar)
   -1.76016e+01   -4.95474e+00    4.46436e+00
   -4.95474e+00   -2.02452e+01    7.36940e-01
    4.46436e+00    7.36940e-01   -1.79725e+01


	M E G A - F L O P S   A C C O U N T I N G

 NB=Group-cutoff nonbonded kernels    NxN=N-by-N cluster Verlet kernels
 RF=Reaction-Field  VdW=Van der Waals  QSTab=quadratic-spline table
 W3=SPC/TIP3p  W4=TIP4p (single or pairs)
 V&F=Potential and force  V=Potential only  F=Force only

 Computing:                               M-Number         M-Flops  % Flops
-----------------------------------------------------------------------------
 Pair Search distance check          148803.739038     1339233.651     0.4
 NxN Ewald Elec. + LJ [F]           2540262.550704   167657328.346    47.1
 NxN Ewald Elec. + LJ [V&F]           25668.961824     2746578.915     0.8
 NxN Ewald Elec. [F]                2422202.272080   147754338.597    41.5
 NxN Ewald Elec. [V&F]                24476.364000     2056014.576     0.6
 1,4 nonbonded interactions             405.001620       36450.146     0.0
 Calc Weights                         26799.857199      964794.859     0.3
 Spread Q Bspline                    571730.286912     1143460.574     0.3
 Gather F Bspline                    571730.286912     3430381.721     1.0
 3D-FFT                             3454381.817472    27635054.540     7.8
 Solve PME                             1296.005184       82944.332     0.0
 Reset In Box                           357.365733        1072.097     0.0
 CG-CoM                                 357.401466        1072.204     0.0
 Bonds                                   81.250325        4793.769     0.0
 Propers                                435.751743       99787.149     0.0
 Impropers                               29.000116        6032.024     0.0
 Pos. Restr.                             79.750319        3987.516     0.0
 Virial                                 894.485778       16100.744     0.0
 Stop-CM                                 89.403966         894.040     0.0
 P-Coupling                             893.360733        5360.164     0.0
 Calc-Ekin                             3573.371466       96481.030     0.0
 Lincs                                   77.000924        4620.055     0.0
 Lincs-Mat                              417.005004        1668.020     0.0
 Constraint-V                          8929.821438       80368.393     0.0
 Constraint-Vir                         885.310411       21247.450     0.0
 Settle                                2925.285103     1082355.488     0.3
 CMAP                                     1.500006        2550.010     0.0
 Urey-Bradley                           284.501138       52063.708     0.0
-----------------------------------------------------------------------------
 Total                                               356327034.120   100.0
-----------------------------------------------------------------------------


    D O M A I N   D E C O M P O S I T I O N   S T A T I S T I C S

 av. #atoms communicated per step for force:  2 x 0.0


     R E A L   C Y C L E   A N D   T I M E   A C C O U N T I N G

On 1 MPI rank

 Computing:          Num   Num      Call    Wall time         Giga-Cycles
                     Ranks Threads  Count      (s)         total sum    %
-----------------------------------------------------------------------------
 Domain decomp.         1    1      10001      88.723        221.287   0.5
 Neighbor search        1    1      10001     692.440       1727.040   3.6
 Force                  1    1     250001   10728.583      26758.555  55.6
 PME mesh               1    1     250001    7201.338      17961.122  37.3
 NB X/F buffer ops.     1    1     490001      91.140        227.315   0.5
 Write traj.            1    1         72     185.360        462.313   1.0
 Update                 1    1     250001     124.591        310.746   0.6
 Constraints            1    1     250003     141.943        354.025   0.7
 Rest                                          47.943        119.577   0.2
-----------------------------------------------------------------------------
 Total                                      19302.060      48141.979 100.0
-----------------------------------------------------------------------------
 Breakdown of PME mesh computation
-----------------------------------------------------------------------------
 PME spread             1    1     250001    1580.817       3942.773   8.2
 PME gather             1    1     250001    1429.119       3564.419   7.4
 PME 3D-FFT             1    1     500002    3948.053       9846.985  20.5
 PME solve Elec         1    1     250001     241.995        603.570   1.3
-----------------------------------------------------------------------------

               Core t (s)   Wall t (s)        (%)
       Time:    19302.059    19302.060      100.0
                         5h21:42
                 (ns/day)    (hour/ns)
Performance:        2.238       10.723
Finished mdrun on rank 0 Sun Jul 23 02:30:19 2023

