                :-) GROMACS - gmx mdrun, 2022.5-plumed_2.9.0 (-:

Copyright 1991-2022 The GROMACS Authors.
GROMACS is free software; you can redistribute it and/or modify it
under the terms of the GNU Lesser General Public License
as published by the Free Software Foundation; either version 2.1
of the License, or (at your option) any later version.

                         Current GROMACS contributors:
       Mark Abraham           Andrey Alekseenko           Cathrine Bergh      
      Christian Blau            Eliane Briand               Kevin Boyd        
     Oliver Fleetwood         Stefan Fleischmann           Vytas Gapsys       
       Gaurav Garg           Gilles Gouaillardet            Alan Gray         
      Victor Holanda           M. Eric Irrgang              Joe Jordan        
    Christoph Junghans        Prashanth Kanduri           Sebastian Kehl      
     Sebastian Keller          Carsten Kutzner           Magnus Lundborg      
       Pascal Merz              Dmitry Morozov             Szilard Pall       
      Roland Schulz             Michael Shirts         David van der Spoel    
     Alessandra Villa      Sebastian Wingbermuehle        Artem Zhmurov       

                         Previous GROMACS contributors:
        Emile Apol             Rossen Apostolov           James Barnett       
  Herman J.C. Berendsen          Par Bjelkmar           Viacheslav Bolnykh    
    Aldert van Buuren          Carlo Camilloni           Rudi van Drunen      
      Anton Feenstra           Gerrit Groenhof            Bert de Groot       
      Anca Hamuraru           Vincent Hindriksen         Aleksei Iupinov      
   Dimitrios Karkoulis           Peter Kasson               Jiri Kraus        
       Per Larsson             Justin A. Lemkul           Viveca Lindahl      
      Erik Marklund           Pieter Meulenhoff           Vedran Miletic      
      Teemu Murtola              Sander Pronk            Alexey Shvetsov      
      Alfons Sijbers            Peter Tieleman             Jon Vincent        
     Teemu Virolainen         Christian Wennberg           Maarten Wolf       

                  Coordinated by the GROMACS project leaders:
                    Paul Bauer, Berk Hess, and Erik Lindahl

GROMACS:      gmx mdrun, version 2022.5-plumed_2.9.0
Executable:   /home/zcbtar9/software/gromacs-2022.5-plumed-2.9.0-sp/bin/gmx_mpi
Data prefix:  /home/zcbtar9/software/gromacs-2022.5-plumed-2.9.0-sp
Working dir:  /lustre/home/zcbtar9/projects/amyloid-beta-research/ab40/system/setup3
Process ID:   17470
Command line:
  gmx_mpi mdrun -deffnm 2-pr -v

GROMACS version:    2022.5-plumed_2.9.0
Precision:          mixed
Memory model:       64 bit
MPI library:        MPI
OpenMP support:     enabled (GMX_OPENMP_MAX_THREADS = 128)
GPU support:        disabled
SIMD instructions:  AVX_512
CPU FFT library:    fftw-3.3.8-sse2-avx-avx2-avx2_128-avx512
GPU FFT library:    none
RDTSCP usage:       enabled
TNG support:        enabled
Hwloc support:      disabled
Tracing support:    disabled
C compiler:         /shared/ucl/apps/gcc/10.2.0-p95889/bin/gcc GNU 10.2.0
C compiler flags:   -mavx512f -mfma -mavx512vl -mavx512dq -mavx512bw -Wno-missing-field-initializers -fexcess-precision=fast -funroll-all-loops -pthread -O3 -DNDEBUG
C++ compiler:       /shared/ucl/apps/gcc/10.2.0-p95889/bin/g++ GNU 10.2.0
C++ compiler flags: -mavx512f -mfma -mavx512vl -mavx512dq -mavx512bw -pthread -Wno-missing-field-initializers -fexcess-precision=fast -funroll-all-loops -pthread -fopenmp -O3 -DNDEBUG


Running on 2 nodes with total 80 cores, 80 processing units
  Cores per node:           40
  Logical processing units per node:   -40 - 40
  OS CPU Limit / recommended threads to start per node:   40
Hardware detected on host node-c11a-057 (the node of MPI rank 0):
  CPU info:
    Vendor: Intel
    Brand:  Intel(R) Xeon(R) Gold 6248 CPU @ 2.50GHz
    Family: 6   Model: 85   Stepping: 7
    Features: aes apic avx avx2 avx512f avx512cd avx512bw avx512vl avx512secondFMA clfsh cmov cx8 cx16 f16c fma hle htt intel lahf mmx msr nonstop_tsc pcid pclmuldq pdcm pdpe1gb popcnt pse rdrnd rdtscp rtm sse2 sse3 sse4.1 sse4.2 ssse3 tdt x2apic
    Number of AVX-512 FMA units: 2
  Hardware topology: Basic
    Packages, cores, and logical processors:
    [indices refer to OS logical processors]
      Package  0: [   0] [   1] [   2] [   3] [   4] [   5] [   6] [   7] [   8] [   9] [  10] [  11] [  12] [  13] [  14] [  15] [  16] [  17] [  18] [  19]
      Package  1: [  20] [  21] [  22] [  23] [  24] [  25] [  26] [  27] [  28] [  29] [  30] [  31] [  32] [  33] [  34] [  35] [  36] [  37] [  38] [  39]
    CPU limit set by OS: -1   Recommended max number of threads: 40


++++ PLEASE READ AND CITE THE FOLLOWING REFERENCE ++++
M. J. Abraham, T. Murtola, R. Schulz, S. Páll, J. C. Smith, B. Hess, E.
Lindahl
GROMACS: High performance molecular simulations through multi-level
parallelism from laptops to supercomputers
SoftwareX 1 (2015) pp. 19-25
-------- -------- --- Thank You --- -------- --------


++++ PLEASE READ AND CITE THE FOLLOWING REFERENCE ++++
S. Páll, M. J. Abraham, C. Kutzner, B. Hess, E. Lindahl
Tackling Exascale Software Challenges in Molecular Dynamics Simulations with
GROMACS
In S. Markidis & E. Laure (Eds.), Solving Software Challenges for Exascale 8759 (2015) pp. 3-27
-------- -------- --- Thank You --- -------- --------


++++ PLEASE READ AND CITE THE FOLLOWING REFERENCE ++++
S. Pronk, S. Páll, R. Schulz, P. Larsson, P. Bjelkmar, R. Apostolov, M. R.
Shirts, J. C. Smith, P. M. Kasson, D. van der Spoel, B. Hess, and E. Lindahl
GROMACS 4.5: a high-throughput and highly parallel open source molecular
simulation toolkit
Bioinformatics 29 (2013) pp. 845-54
-------- -------- --- Thank You --- -------- --------


++++ PLEASE READ AND CITE THE FOLLOWING REFERENCE ++++
B. Hess and C. Kutzner and D. van der Spoel and E. Lindahl
GROMACS 4: Algorithms for highly efficient, load-balanced, and scalable
molecular simulation
J. Chem. Theory Comput. 4 (2008) pp. 435-447
-------- -------- --- Thank You --- -------- --------


++++ PLEASE READ AND CITE THE FOLLOWING REFERENCE ++++
D. van der Spoel, E. Lindahl, B. Hess, G. Groenhof, A. E. Mark and H. J. C.
Berendsen
GROMACS: Fast, Flexible and Free
J. Comp. Chem. 26 (2005) pp. 1701-1719
-------- -------- --- Thank You --- -------- --------


++++ PLEASE READ AND CITE THE FOLLOWING REFERENCE ++++
E. Lindahl and B. Hess and D. van der Spoel
GROMACS 3.0: A package for molecular simulation and trajectory analysis
J. Mol. Mod. 7 (2001) pp. 306-317
-------- -------- --- Thank You --- -------- --------


++++ PLEASE READ AND CITE THE FOLLOWING REFERENCE ++++
H. J. C. Berendsen, D. van der Spoel and R. van Drunen
GROMACS: A message-passing parallel molecular dynamics implementation
Comp. Phys. Comm. 91 (1995) pp. 43-56
-------- -------- --- Thank You --- -------- --------


The number of OpenMP threads was set by environment variable OMP_NUM_THREADS to 1

Input Parameters:
   integrator                     = md
   tinit                          = 0
   dt                             = 0.002
   nsteps                         = 25000
   init-step                      = 0
   simulation-part                = 1
   mts                            = false
   comm-mode                      = Linear
   nstcomm                        = 100
   bd-fric                        = 0
   ld-seed                        = -619972768
   emtol                          = 10
   emstep                         = 0.01
   niter                          = 20
   fcstep                         = 0
   nstcgsteep                     = 1000
   nbfgscorr                      = 10
   rtpi                           = 0.05
   nstxout                        = 50000
   nstvout                        = 50000
   nstfout                        = 0
   nstlog                         = 10000
   nstcalcenergy                  = 20
   nstenergy                      = 2500
   nstxout-compressed             = 2500
   compressed-x-precision         = 1000
   cutoff-scheme                  = Verlet
   nstlist                        = 20
   pbc                            = xyz
   periodic-molecules             = false
   verlet-buffer-tolerance        = 0.001
   rlist                          = 1.224
   coulombtype                    = PME
   coulomb-modifier               = Potential-shift
   rcoulomb-switch                = 0
   rcoulomb                       = 1.2
   epsilon-r                      = 1
   epsilon-rf                     = 1
   vdw-type                       = Cut-off
   vdw-modifier                   = Potential-shift
   rvdw-switch                    = 0
   rvdw                           = 1.2
   DispCorr                       = No
   table-extension                = 1
   fourierspacing                 = 0.12
   fourier-nx                     = 60
   fourier-ny                     = 60
   fourier-nz                     = 60
   pme-order                      = 4
   ewald-rtol                     = 1e-05
   ewald-rtol-lj                  = 0.001
   lj-pme-comb-rule               = Geometric
   ewald-geometry                 = 3d
   epsilon-surface                = 0
   tcoupl                         = Berendsen
   nsttcouple                     = 10
   nh-chain-length                = 0
   print-nose-hoover-chain-variables = false
   pcoupl                         = No
   pcoupltype                     = Isotropic
   nstpcouple                     = -1
   tau-p                          = 0.5
   compressibility (3x3):
      compressibility[    0]={ 0.00000e+00,  0.00000e+00,  0.00000e+00}
      compressibility[    1]={ 0.00000e+00,  0.00000e+00,  0.00000e+00}
      compressibility[    2]={ 0.00000e+00,  0.00000e+00,  0.00000e+00}
   ref-p (3x3):
      ref-p[    0]={ 0.00000e+00,  0.00000e+00,  0.00000e+00}
      ref-p[    1]={ 0.00000e+00,  0.00000e+00,  0.00000e+00}
      ref-p[    2]={ 0.00000e+00,  0.00000e+00,  0.00000e+00}
   refcoord-scaling               = No
   posres-com (3):
      posres-com[0]= 0.00000e+00
      posres-com[1]= 0.00000e+00
      posres-com[2]= 0.00000e+00
   posres-comB (3):
      posres-comB[0]= 0.00000e+00
      posres-comB[1]= 0.00000e+00
      posres-comB[2]= 0.00000e+00
   QMMM                           = false
qm-opts:
   ngQM                           = 0
   constraint-algorithm           = Lincs
   continuation                   = false
   Shake-SOR                      = false
   shake-tol                      = 0.0001
   lincs-order                    = 6
   lincs-iter                     = 2
   lincs-warnangle                = 30
   nwall                          = 0
   wall-type                      = 9-3
   wall-r-linpot                  = -1
   wall-atomtype[0]               = -1
   wall-atomtype[1]               = -1
   wall-density[0]                = 0
   wall-density[1]                = 0
   wall-ewald-zfac                = 3
   pull                           = false
   awh                            = false
   rotation                       = false
   interactiveMD                  = false
   disre                          = No
   disre-weighting                = Conservative
   disre-mixed                    = false
   dr-fc                          = 1000
   dr-tau                         = 0
   nstdisreout                    = 100
   orire-fc                       = 0
   orire-tau                      = 0
   nstorireout                    = 100
   free-energy                    = no
   cos-acceleration               = 0
   deform (3x3):
      deform[    0]={ 0.00000e+00,  0.00000e+00,  0.00000e+00}
      deform[    1]={ 0.00000e+00,  0.00000e+00,  0.00000e+00}
      deform[    2]={ 0.00000e+00,  0.00000e+00,  0.00000e+00}
   simulated-tempering            = false
   swapcoords                     = no
   userint1                       = 0
   userint2                       = 0
   userint3                       = 0
   userint4                       = 0
   userreal1                      = 0
   userreal2                      = 0
   userreal3                      = 0
   userreal4                      = 0
   applied-forces:
     electric-field:
       x:
         E0                       = 0
         omega                    = 0
         t0                       = 0
         sigma                    = 0
       y:
         E0                       = 0
         omega                    = 0
         t0                       = 0
         sigma                    = 0
       z:
         E0                       = 0
         omega                    = 0
         t0                       = 0
         sigma                    = 0
     density-guided-simulation:
       active                     = false
       group                      = protein
       similarity-measure         = inner-product
       atom-spreading-weight      = unity
       force-constant             = 1e+09
       gaussian-transform-spreading-width = 0.2
       gaussian-transform-spreading-range-in-multiples-of-width = 4
       reference-density-filename = reference.mrc
       nst                        = 1
       normalize-densities        = true
       adaptive-force-scaling     = false
       adaptive-force-scaling-time-constant = 4
       shift-vector               = 
       transformation-matrix      = 
     qmmm-cp2k:
       active                     = false
       qmgroup                    = System
       qmmethod                   = PBE
       qmfilenames                = 
       qmcharge                   = 0
       qmmultiplicity             = 1
grpopts:
   nrdf:       43745
   ref-t:         278
   tau-t:         0.2
annealing:          No
annealing-npoints:           0
   acc:	           0           0           0
   nfreeze:           N           N           N
   energygrp-flags[  0]: 0

Changing nstlist from 20 to 50, rlist from 1.224 to 1.301

When checking whether update groups are usable:
  At least one moleculetype does not conform to the requirements for using update groups

Initializing Domain Decomposition on 42 ranks
Dynamic load balancing: auto
Minimum cell size due to atom displacement: 0.472 nm
Initial maximum distances in bonded interactions:
    two-body bonded interactions: 0.398 nm, LJ-14, atoms 420 429
  multi-body bonded interactions: 0.477 nm, CMAP Dih., atoms 382 391
Minimum cell size due to bonded interactions: 0.524 nm
Maximum distance for 7 constraints, at 120 deg. angles, all-trans: 1.097 nm
Estimated maximum distance required for P-LINCS: 1.097 nm
This distance will limit the DD cell size, you can override this with -rcon
Scaling the initial minimum size with 1/0.8 (option -dds) = 1.25
Guess for relative PME load: 0.24
Will use 32 particle-particle and 10 PME only ranks
This is a guess, check the performance at the end of the log file
Using 10 separate PME ranks, as guessed by mdrun
Optimizing the DD grid for 32 cells with a minimum initial size of 1.371 nm
The maximum allowed number of cells is: X 4 Y 4 Z 3
Domain decomposition grid 4 x 4 x 2, separate PME ranks 10
PME domain decomposition: 10 x 1 x 1
Interleaving PP and PME ranks
This rank does only particle-particle work.
Domain decomposition rank 0, coordinates 0 0 0

The initial number of communication pulses is: X 1 Y 1 Z 1
The initial domain decomposition cell size is: X 1.39 nm Y 1.39 nm Z 2.42 nm

The maximum allowed distance for atoms involved in interactions is:
                 non-bonded interactions           1.301 nm
            two-body bonded interactions  (-rdd)   1.301 nm
          multi-body bonded interactions  (-rdd)   1.301 nm
  atoms separated by up to 7 constraints  (-rcon)  1.394 nm

When dynamic load balancing gets turned on, these settings will change to:
The maximum number of communication pulses is: X 2 Y 2 Z 1
The minimum size for domain decomposition cells is 1.097 nm
The requested allowed shrink of DD cells (option -dds) is: 0.80
The allowed shrink of domain decomposition cells is: X 0.79 Y 0.79 Z 0.54
The maximum allowed distance for atoms involved in interactions is:
                 non-bonded interactions           1.301 nm
            two-body bonded interactions  (-rdd)   1.301 nm
          multi-body bonded interactions  (-rdd)   1.097 nm
  atoms separated by up to 7 constraints  (-rcon)  1.097 nm
Using two step summing over 2 groups of on average 16.0 ranks


Using 42 MPI processes

Non-default thread affinity set, disabling internal thread affinity

Using 1 OpenMP thread per MPI process

System total charge: -3.000
Will do PME sum in reciprocal space for electrostatic interactions.

++++ PLEASE READ AND CITE THE FOLLOWING REFERENCE ++++
U. Essmann, L. Perera, M. L. Berkowitz, T. Darden, H. Lee and L. G. Pedersen 
A smooth particle mesh Ewald method
J. Chem. Phys. 103 (1995) pp. 8577-8592
-------- -------- --- Thank You --- -------- --------

Using a Gaussian width (1/beta) of 0.384195 nm for Ewald
Potential shift: LJ r^-12: -1.122e-01 r^-6: -3.349e-01, Ewald -8.333e-06
Initialized non-bonded Coulomb Ewald tables, spacing: 1.02e-03 size: 1176

Generated table with 1150 data points for 1-4 COUL.
Tabscale = 500 points/nm
Generated table with 1150 data points for 1-4 LJ6.
Tabscale = 500 points/nm
Generated table with 1150 data points for 1-4 LJ12.
Tabscale = 500 points/nm


Using SIMD 4x8 nonbonded short-range kernels

Using a dual 4x8 pair-list setup updated with dynamic pruning:
  outer list: updated every 50 steps, buffer 0.101 nm, rlist 1.301 nm
  inner list: updated every  7 steps, buffer 0.001 nm, rlist 1.201 nm
At tolerance 0.001 kJ/mol/ps per atom, equivalent classical 1x1 list would be:
  outer list: updated every 50 steps, buffer 0.173 nm, rlist 1.373 nm
  inner list: updated every  7 steps, buffer 0.013 nm, rlist 1.213 nm

Using Lorentz-Berthelot Lennard-Jones combination rule
Removing pbc first time

Linking all bonded interactions to atoms


Initializing Parallel LINear Constraint Solver

++++ PLEASE READ AND CITE THE FOLLOWING REFERENCE ++++
B. Hess
P-LINCS: A Parallel Linear Constraint Solver for molecular simulation
J. Chem. Theory Comput. 4 (2008) pp. 116-122
-------- -------- --- Thank You --- -------- --------

The number of constraints is 604
There are constraints between atoms in different decomposition domains,
will communicate selected coordinates each lincs iteration

++++ PLEASE READ AND CITE THE FOLLOWING REFERENCE ++++
S. Miyamoto and P. A. Kollman
SETTLE: An Analytical Version of the SHAKE and RATTLE Algorithms for Rigid
Water Models
J. Comp. Chem. 13 (1992) pp. 952-962
-------- -------- --- Thank You --- -------- --------


Intra-simulation communication will occur every 10 steps.

++++ PLEASE READ AND CITE THE FOLLOWING REFERENCE ++++
H. J. C. Berendsen, J. P. M. Postma, A. DiNola and J. R. Haak
Molecular dynamics with coupling to an external bath
J. Chem. Phys. 81 (1984) pp. 3684-3690
-------- -------- --- Thank You --- -------- --------

There are: 21858 Atoms
Atom distribution over 32 domains: av 683 stddev 18 min 651 max 719

Constraining the starting coordinates (step 0)

Constraining the coordinates at t0-dt (step 0)
Center of mass motion removal mode is Linear
We have the following groups for center of mass motion removal:
  0:  rest
RMS relative constraint deviation after constraining: 5.13e-06
Initial temperature: 279.68 K

Started mdrun on rank 0 Sat Jun  8 22:36:00 2024

           Step           Time
              0        0.00000

   Energies (kJ/mol)
            U-B    Proper Dih.  Improper Dih.      CMAP Dih.          LJ-14
    7.32319e+02    2.94976e+02    2.83051e+01   -6.84050e+01    4.62408e+02
     Coulomb-14        LJ (SR)   Coulomb (SR)   Coul. recip. Position Rest.
    1.01940e+04    4.44777e+04   -3.97828e+05    1.95558e+03    5.75257e-01
      Potential    Kinetic En.   Total Energy  Conserved En.    Temperature
   -3.39751e+05    5.08727e+04   -2.88878e+05   -2.88878e+05    2.79738e+02
 Pressure (bar)   Constr. rmsd
   -5.02005e+03    6.80224e-06


DD  step 49 load imb.: force  6.5%  pme mesh/force 0.441
step 3300: timed with pme grid 60 60 60, coulomb cutoff 1.200: 116.0 M-cycles
step 3400: timed with pme grid 52 52 52, coulomb cutoff 1.314: 120.6 M-cycles
step 3500: timed with pme grid 48 48 48, coulomb cutoff 1.423: 159.8 M-cycles
step 3600: timed with pme grid 52 52 52, coulomb cutoff 1.314: 132.5 M-cycles
step 3700: timed with pme grid 56 56 56, coulomb cutoff 1.220: 126.9 M-cycles
step 3800: timed with pme grid 60 60 60, coulomb cutoff 1.200: 135.5 M-cycles
              optimal pme grid 60 60 60, coulomb cutoff 1.200

DD  step 9999 load imb.: force 12.0%  pme mesh/force 1.272
           Step           Time
          10000       20.00000

   Energies (kJ/mol)
            U-B    Proper Dih.  Improper Dih.      CMAP Dih.          LJ-14
    1.22319e+03    3.36350e+02    9.02007e+01   -6.39441e+01    5.30759e+02
     Coulomb-14        LJ (SR)   Coulomb (SR)   Coul. recip. Position Rest.
    1.04016e+04    4.59353e+04   -3.67205e+05    1.00108e+03    1.88852e+02
      Potential    Kinetic En.   Total Energy  Conserved En.    Temperature
   -3.07562e+05    5.06746e+04   -2.56887e+05   -2.88787e+05    2.78649e+02
 Pressure (bar)   Constr. rmsd
   -3.11762e+02    4.00335e-06


DD  step 19999 load imb.: force 10.8%  pme mesh/force 1.285
           Step           Time
          20000       40.00000

   Energies (kJ/mol)
            U-B    Proper Dih.  Improper Dih.      CMAP Dih.          LJ-14
    1.23310e+03    3.37503e+02    9.18086e+01   -6.18251e+01    5.53168e+02
     Coulomb-14        LJ (SR)   Coulomb (SR)   Coul. recip. Position Rest.
    1.03701e+04    4.47352e+04   -3.65599e+05    9.66925e+02    2.18963e+02
      Potential    Kinetic En.   Total Energy  Conserved En.    Temperature
   -3.07154e+05    5.05694e+04   -2.56584e+05   -2.88821e+05    2.78071e+02
 Pressure (bar)   Constr. rmsd
   -3.68387e+02    4.19711e-06


DD  step 24999 load imb.: force  8.9%  pme mesh/force 1.293
           Step           Time
          25000       50.00000

Writing checkpoint, step 25000 at Sat Jun  8 22:36:33 2024


   Energies (kJ/mol)
            U-B    Proper Dih.  Improper Dih.      CMAP Dih.          LJ-14
    1.24120e+03    3.39049e+02    9.94021e+01   -5.79558e+01    5.44227e+02
     Coulomb-14        LJ (SR)   Coulomb (SR)   Coul. recip. Position Rest.
    1.03383e+04    4.53717e+04   -3.66233e+05    1.00853e+03    2.24358e+02
      Potential    Kinetic En.   Total Energy  Conserved En.    Temperature
   -3.07124e+05    5.04696e+04   -2.56655e+05   -2.88839e+05    2.77522e+02
 Pressure (bar)   Constr. rmsd
   -5.16190e+02    4.76106e-06


Energy conservation over simulation part #1 of length 50 ps, time 0 to 50 ps
  Conserved energy drift: 3.63e-05 kJ/mol/ps per atom


	<======  ###############  ==>
	<====  A V E R A G E S  ====>
	<==  ###############  ======>

	Statistics over 25001 steps using 1251 frames

   Energies (kJ/mol)
            U-B    Proper Dih.  Improper Dih.      CMAP Dih.          LJ-14
    1.27344e+03    3.49400e+02    8.56652e+01   -6.16655e+01    5.40255e+02
     Coulomb-14        LJ (SR)   Coulomb (SR)   Coul. recip. Position Rest.
    1.03404e+04    4.51756e+04   -3.66364e+05    9.91778e+02    2.04093e+02
      Potential    Kinetic En.   Total Energy  Conserved En.    Temperature
   -3.07465e+05    5.04349e+04   -2.57030e+05   -2.88796e+05    2.77331e+02
 Pressure (bar)   Constr. rmsd
   -5.93964e+02    0.00000e+00

   Total Virial (kJ/mol)
    2.08329e+04    1.93308e+02   -1.01284e+02
    1.91136e+02    2.07155e+04   -5.94552e+01
   -1.01441e+02   -5.96717e+01    2.09784e+04

   Pressure (bar)
   -5.92522e+02   -2.98840e+01    1.34160e+01
   -2.95640e+01   -5.74548e+02    6.70079e+00
    1.34390e+01    6.73270e+00   -6.14821e+02


	M E G A - F L O P S   A C C O U N T I N G

 NB=Group-cutoff nonbonded kernels    NxN=N-by-N cluster Verlet kernels
 RF=Reaction-Field  VdW=Van der Waals  QSTab=quadratic-spline table
 W3=SPC/TIP3p  W4=TIP4p (single or pairs)
 V&F=Potential and force  V=Potential only  F=Force only

 Computing:                               M-Number         M-Flops  % Flops
-----------------------------------------------------------------------------
 Pair Search distance check            7443.988008       66995.892     0.2
 NxN Ewald Elec. + LJ [F]            274291.458800    18103236.281    47.2
 NxN Ewald Elec. + LJ [V&F]           14447.629424     1545896.348     4.0
 NxN Ewald Elec. [F]                 254970.982672    15553229.943    40.5
 NxN Ewald Elec. [V&F]                13430.382256     1128152.110     2.9
 1,4 nonbonded interactions              38.576543        3471.889     0.0
 Calc Weights                          1639.415574       59018.961     0.2
 Spread Q Bspline                     34974.198912       69948.398     0.2
 Gather F Bspline                     34974.198912      209845.193     0.5
 3D-FFT                              190273.115930     1522184.927     4.0
 Solve PME                               89.648400        5737.498     0.0
 Reset In Box                            10.950858          32.853     0.0
 CG-CoM                                  10.972716          32.918     0.0
 Propers                                 41.401656        9480.979     0.0
 Impropers                                2.800112         582.423     0.0
 Pos. Restr.                              7.650306         382.515     0.0
 Virial                                  29.145798         524.624     0.0
 Stop-CM                                  5.508216          55.082     0.0
 Calc-Ekin                              109.333716        2952.010     0.0
 Lincs                                   42.657432        2559.446     0.0
 Lincs-Mat                             1222.514944        4890.060     0.0
 Constraint-V                           698.730469        6288.574     0.0
 Constraint-Vir                          32.827056         787.849     0.0
 Settle                                 204.481129       75658.018     0.2
 CMAP                                     0.150006         255.010     0.0
 Urey-Bradley                            27.101084        4959.498     0.0
-----------------------------------------------------------------------------
 Total                                                38377159.301   100.0
-----------------------------------------------------------------------------


    D O M A I N   D E C O M P O S I T I O N   S T A T I S T I C S

 av. #atoms communicated per step for force:  2 x 90372.0
 av. #atoms communicated per step for LINCS:  3 x 4597.8


Dynamic load balancing report:
 DLB was off during the run due to low measured imbalance.
 Average load imbalance: 12.4%.
 The balanceable part of the MD step is 57%, load imbalance is computed from this.
 Part of the total run time spent waiting due to load imbalance: 7.1%.
 Average PME mesh/force load: 1.248
 Part of the total run time spent waiting due to PP/PME imbalance: 12.1 %

NOTE: 7.1 % of the available CPU time was lost due to load imbalance
      in the domain decomposition.
      Dynamic load balancing was automatically disabled, but it might be beneficial to manually turn it on (option -dlb yes.)
      You can also consider manually changing the decomposition (option -dd);
      e.g. by using fewer domains along the box dimension in which there is
      considerable inhomogeneity in the simulated system.
NOTE: 12.1 % performance was lost because the PME ranks
      had more work to do than the PP ranks.
      You might want to increase the number of PME ranks
      or increase the cut-off and the grid spacing.


     R E A L   C Y C L E   A N D   T I M E   A C C O U N T I N G

On 32 MPI ranks doing PP, and
on 10 MPI ranks doing PME

 Computing:          Num   Num      Call    Wall time         Giga-Cycles
                     Ranks Threads  Count      (s)         total sum    %
-----------------------------------------------------------------------------
 Domain decomp.        32    1        501       0.542         43.254   1.0
 DD comm. load         32    1        245       0.001          0.108   0.0
 Send X to PME         32    1      25001       0.125          9.969   0.2
 Neighbor search       32    1        501       1.452        115.854   2.6
 Comm. coord.          32    1      24500       0.736         58.728   1.3
 Force                 32    1      25001      17.254       1376.993  31.3
 Wait + Comm. F        32    1      25001       2.723        217.295   4.9
 PME mesh *            10    1      25001      25.496        635.876  14.5
 PME wait for PP *                             15.827        394.725   9.0
 Wait + Recv. PME F    32    1      25001       6.969        556.168  12.7
 NB X/F buffer ops.    32    1      74001       0.524         41.795   1.0
 Write traj.           32    1         11       0.277         22.079   0.5
 Update                32    1      25001       0.079          6.266   0.1
 Constraints           32    1      25003      11.392        909.178  20.7
 Comm. energies        32    1       2501       0.113          9.018   0.2
-----------------------------------------------------------------------------
 Total                                         41.935       4392.642 100.0
-----------------------------------------------------------------------------
(*) Note that with separate PME ranks, the walltime column actually sums to
    twice the total reported, but the cycle count total and % are correct.
-----------------------------------------------------------------------------
 Breakdown of PME mesh computation
-----------------------------------------------------------------------------
 PME redist. X/F       10    1      50002       3.078         76.758   1.7
 PME spread            10    1      25001       5.124        127.788   2.9
 PME gather            10    1      25001       5.340        133.185   3.0
 PME 3D-FFT            10    1      50002       6.102        152.174   3.5
 PME 3D-FFT Comm.      10    1      50002       4.600        114.713   2.6
 PME solve Elec        10    1      25001       1.230         30.665   0.7
-----------------------------------------------------------------------------

               Core t (s)   Wall t (s)        (%)
       Time:     1761.196       41.935     4199.8
                 (ns/day)    (hour/ns)
Performance:      103.021        0.233
Finished mdrun on rank 0 Sat Jun  8 22:36:42 2024

