      :-) GROMACS - gmx mdrun, 2022.5-plumed_2.9.0 (double precision) (-:

Copyright 1991-2022 The GROMACS Authors.
GROMACS is free software; you can redistribute it and/or modify it
under the terms of the GNU Lesser General Public License
as published by the Free Software Foundation; either version 2.1
of the License, or (at your option) any later version.

                         Current GROMACS contributors:
       Mark Abraham           Andrey Alekseenko           Cathrine Bergh      
      Christian Blau            Eliane Briand               Kevin Boyd        
     Oliver Fleetwood         Stefan Fleischmann           Vytas Gapsys       
       Gaurav Garg           Gilles Gouaillardet            Alan Gray         
      Victor Holanda           M. Eric Irrgang              Joe Jordan        
    Christoph Junghans        Prashanth Kanduri           Sebastian Kehl      
     Sebastian Keller          Carsten Kutzner           Magnus Lundborg      
       Pascal Merz              Dmitry Morozov             Szilard Pall       
      Roland Schulz             Michael Shirts         David van der Spoel    
     Alessandra Villa      Sebastian Wingbermuehle        Artem Zhmurov       

                         Previous GROMACS contributors:
        Emile Apol             Rossen Apostolov           James Barnett       
  Herman J.C. Berendsen          Par Bjelkmar           Viacheslav Bolnykh    
    Aldert van Buuren          Carlo Camilloni           Rudi van Drunen      
      Anton Feenstra           Gerrit Groenhof            Bert de Groot       
      Anca Hamuraru           Vincent Hindriksen         Aleksei Iupinov      
   Dimitrios Karkoulis           Peter Kasson               Jiri Kraus        
       Per Larsson             Justin A. Lemkul           Viveca Lindahl      
      Erik Marklund           Pieter Meulenhoff           Vedran Miletic      
      Teemu Murtola              Sander Pronk            Alexey Shvetsov      
      Alfons Sijbers            Peter Tieleman             Jon Vincent        
     Teemu Virolainen         Christian Wennberg           Maarten Wolf       

                  Coordinated by the GROMACS project leaders:
                    Paul Bauer, Berk Hess, and Erik Lindahl

GROMACS:      gmx mdrun, version 2022.5-plumed_2.9.0 (double precision)
Executable:   /home/zcbtar9/software/gromacs-2022.5-plumed-2.9.0/bin/gmx_mpi_d
Data prefix:  /home/zcbtar9/software/gromacs-2022.5-plumed-2.9.0
Working dir:  /lustre/home/zcbtar9/projects/amyloid-beta-research/AB42_WM/system/simulations/replica43
Process ID:   23878
Command line:
  gmx_mpi_d mdrun -s nvt_input.tpr -multidir system/simulations/replica0 system/simulations/replica1 system/simulations/replica2 system/simulations/replica3 system/simulations/replica4 system/simulations/replica5 system/simulations/replica6 system/simulations/replica7 system/simulations/replica8 system/simulations/replica9 system/simulations/replica10 system/simulations/replica11 system/simulations/replica12 system/simulations/replica13 system/simulations/replica14 system/simulations/replica15 system/simulations/replica16 system/simulations/replica17 system/simulations/replica18 system/simulations/replica19 system/simulations/replica20 system/simulations/replica21 system/simulations/replica22 system/simulations/replica23 system/simulations/replica24 system/simulations/replica25 system/simulations/replica26 system/simulations/replica27 system/simulations/replica28 system/simulations/replica29 system/simulations/replica30 system/simulations/replica31 system/simulations/replica32 system/simulations/replica33 system/simulations/replica34 system/simulations/replica35 system/simulations/replica36 system/simulations/replica37 system/simulations/replica38 system/simulations/replica39 system/simulations/replica40 system/simulations/replica41 system/simulations/replica42 system/simulations/replica43 system/simulations/replica44 system/simulations/replica45 system/simulations/replica46 system/simulations/replica47 -o nvt.trr -x nvt.xtc -c nvt_output.gro -g nvt.log -e nvt.edr -v -maxh 10 -ntomp 1

GROMACS version:    2022.5-plumed_2.9.0
Precision:          double
Memory model:       64 bit
MPI library:        MPI
OpenMP support:     enabled (GMX_OPENMP_MAX_THREADS = 128)
GPU support:        disabled
SIMD instructions:  AVX_512
CPU FFT library:    fftpack (built-in)
GPU FFT library:    none
RDTSCP usage:       enabled
TNG support:        enabled
Hwloc support:      disabled
Tracing support:    disabled
C compiler:         /shared/ucl/apps/gcc/10.2.0-p95889/bin/gcc GNU 10.2.0
C compiler flags:   -mavx512f -mfma -mavx512vl -mavx512dq -mavx512bw -Wno-missing-field-initializers -fexcess-precision=fast -funroll-all-loops -pthread -O3 -DNDEBUG
C++ compiler:       /shared/ucl/apps/gcc/10.2.0-p95889/bin/g++ GNU 10.2.0
C++ compiler flags: -mavx512f -mfma -mavx512vl -mavx512dq -mavx512bw -pthread -Wno-missing-field-initializers -fexcess-precision=fast -funroll-all-loops -pthread -fopenmp -O3 -DNDEBUG


Running on 2 nodes with total 80 cores, 80 processing units
  Cores per node:           40
  Logical processing units per node:   -40 - 40
  OS CPU Limit / recommended threads to start per node:   40
Hardware detected on host node-c11a-072 (the node of MPI rank 43):
  CPU info:
    Vendor: Intel
    Brand:  Intel(R) Xeon(R) Gold 6248 CPU @ 2.50GHz
    Family: 6   Model: 85   Stepping: 7
    Features: aes apic avx avx2 avx512f avx512cd avx512bw avx512vl avx512secondFMA clfsh cmov cx8 cx16 f16c fma hle htt intel lahf mmx msr nonstop_tsc pcid pclmuldq pdcm pdpe1gb popcnt pse rdrnd rdtscp rtm sse2 sse3 sse4.1 sse4.2 ssse3 tdt x2apic
    Number of AVX-512 FMA units: 2
  Hardware topology: Basic
    Packages, cores, and logical processors:
    [indices refer to OS logical processors]
      Package  0: [   0] [   1] [   2] [   3] [   4] [   5] [   6] [   7] [   8] [   9] [  10] [  11] [  12] [  13] [  14] [  15] [  16] [  17] [  18] [  19]
      Package  1: [  20] [  21] [  22] [  23] [  24] [  25] [  26] [  27] [  28] [  29] [  30] [  31] [  32] [  33] [  34] [  35] [  36] [  37] [  38] [  39]
    CPU limit set by OS: -1   Recommended max number of threads: 40


++++ PLEASE READ AND CITE THE FOLLOWING REFERENCE ++++
M. J. Abraham, T. Murtola, R. Schulz, S. Páll, J. C. Smith, B. Hess, E.
Lindahl
GROMACS: High performance molecular simulations through multi-level
parallelism from laptops to supercomputers
SoftwareX 1 (2015) pp. 19-25
-------- -------- --- Thank You --- -------- --------


++++ PLEASE READ AND CITE THE FOLLOWING REFERENCE ++++
S. Páll, M. J. Abraham, C. Kutzner, B. Hess, E. Lindahl
Tackling Exascale Software Challenges in Molecular Dynamics Simulations with
GROMACS
In S. Markidis & E. Laure (Eds.), Solving Software Challenges for Exascale 8759 (2015) pp. 3-27
-------- -------- --- Thank You --- -------- --------


++++ PLEASE READ AND CITE THE FOLLOWING REFERENCE ++++
S. Pronk, S. Páll, R. Schulz, P. Larsson, P. Bjelkmar, R. Apostolov, M. R.
Shirts, J. C. Smith, P. M. Kasson, D. van der Spoel, B. Hess, and E. Lindahl
GROMACS 4.5: a high-throughput and highly parallel open source molecular
simulation toolkit
Bioinformatics 29 (2013) pp. 845-54
-------- -------- --- Thank You --- -------- --------


++++ PLEASE READ AND CITE THE FOLLOWING REFERENCE ++++
B. Hess and C. Kutzner and D. van der Spoel and E. Lindahl
GROMACS 4: Algorithms for highly efficient, load-balanced, and scalable
molecular simulation
J. Chem. Theory Comput. 4 (2008) pp. 435-447
-------- -------- --- Thank You --- -------- --------


++++ PLEASE READ AND CITE THE FOLLOWING REFERENCE ++++
D. van der Spoel, E. Lindahl, B. Hess, G. Groenhof, A. E. Mark and H. J. C.
Berendsen
GROMACS: Fast, Flexible and Free
J. Comp. Chem. 26 (2005) pp. 1701-1719
-------- -------- --- Thank You --- -------- --------


++++ PLEASE READ AND CITE THE FOLLOWING REFERENCE ++++
E. Lindahl and B. Hess and D. van der Spoel
GROMACS 3.0: A package for molecular simulation and trajectory analysis
J. Mol. Mod. 7 (2001) pp. 306-317
-------- -------- --- Thank You --- -------- --------


++++ PLEASE READ AND CITE THE FOLLOWING REFERENCE ++++
H. J. C. Berendsen, D. van der Spoel and R. van Drunen
GROMACS: A message-passing parallel molecular dynamics implementation
Comp. Phys. Comm. 91 (1995) pp. 43-56
-------- -------- --- Thank You --- -------- --------


The number of OpenMP threads was set by environment variable OMP_NUM_THREADS to 1 (and the command-line setting agreed with that)

Input Parameters:
   integrator                     = md
   tinit                          = 0
   dt                             = 0.002
   nsteps                         = 250000
   init-step                      = 0
   simulation-part                = 1
   mts                            = false
   comm-mode                      = Linear
   nstcomm                        = 100
   bd-fric                        = 0
   ld-seed                        = -1224820003
   emtol                          = 10
   emstep                         = 0.01
   niter                          = 20
   fcstep                         = 0
   nstcgsteep                     = 1000
   nbfgscorr                      = 10
   rtpi                           = 0.05
   nstxout                        = 5000
   nstvout                        = 5000
   nstfout                        = 0
   nstlog                         = 5000
   nstcalcenergy                  = 100
   nstenergy                      = 2500
   nstxout-compressed             = 5000
   compressed-x-precision         = 1000
   cutoff-scheme                  = Verlet
   nstlist                        = 20
   pbc                            = xyz
   periodic-molecules             = false
   verlet-buffer-tolerance        = 0.001
   rlist                          = 1.073
   coulombtype                    = PME
   coulomb-modifier               = Potential-shift
   rcoulomb-switch                = 0
   rcoulomb                       = 1
   epsilon-r                      = 1
   epsilon-rf                     = 1
   vdw-type                       = Cut-off
   vdw-modifier                   = Potential-shift
   rvdw-switch                    = 0
   rvdw                           = 1
   DispCorr                       = No
   table-extension                = 1
   fourierspacing                 = 0.12
   fourier-nx                     = 72
   fourier-ny                     = 72
   fourier-nz                     = 72
   pme-order                      = 4
   ewald-rtol                     = 1e-05
   ewald-rtol-lj                  = 0.001
   lj-pme-comb-rule               = Geometric
   ewald-geometry                 = 3d
   epsilon-surface                = 0
   tcoupl                         = V-rescale
   nsttcouple                     = 10
   nh-chain-length                = 0
   print-nose-hoover-chain-variables = false
   pcoupl                         = No
   pcoupltype                     = Isotropic
   nstpcouple                     = -1
   tau-p                          = 1
   compressibility (3x3):
      compressibility[    0]={ 0.00000e+00,  0.00000e+00,  0.00000e+00}
      compressibility[    1]={ 0.00000e+00,  0.00000e+00,  0.00000e+00}
      compressibility[    2]={ 0.00000e+00,  0.00000e+00,  0.00000e+00}
   ref-p (3x3):
      ref-p[    0]={ 0.00000e+00,  0.00000e+00,  0.00000e+00}
      ref-p[    1]={ 0.00000e+00,  0.00000e+00,  0.00000e+00}
      ref-p[    2]={ 0.00000e+00,  0.00000e+00,  0.00000e+00}
   refcoord-scaling               = No
   posres-com (3):
      posres-com[0]= 0.00000e+00
      posres-com[1]= 0.00000e+00
      posres-com[2]= 0.00000e+00
   posres-comB (3):
      posres-comB[0]= 0.00000e+00
      posres-comB[1]= 0.00000e+00
      posres-comB[2]= 0.00000e+00
   QMMM                           = false
qm-opts:
   ngQM                           = 0
   constraint-algorithm           = Lincs
   continuation                   = false
   Shake-SOR                      = false
   shake-tol                      = 0.0001
   lincs-order                    = 4
   lincs-iter                     = 1
   lincs-warnangle                = 30
   nwall                          = 0
   wall-type                      = 9-3
   wall-r-linpot                  = -1
   wall-atomtype[0]               = -1
   wall-atomtype[1]               = -1
   wall-density[0]                = 0
   wall-density[1]                = 0
   wall-ewald-zfac                = 3
   pull                           = false
   awh                            = false
   rotation                       = false
   interactiveMD                  = false
   disre                          = No
   disre-weighting                = Conservative
   disre-mixed                    = false
   dr-fc                          = 1000
   dr-tau                         = 0
   nstdisreout                    = 100
   orire-fc                       = 0
   orire-tau                      = 0
   nstorireout                    = 100
   free-energy                    = no
   cos-acceleration               = 0
   deform (3x3):
      deform[    0]={ 0.00000e+00,  0.00000e+00,  0.00000e+00}
      deform[    1]={ 0.00000e+00,  0.00000e+00,  0.00000e+00}
      deform[    2]={ 0.00000e+00,  0.00000e+00,  0.00000e+00}
   simulated-tempering            = false
   swapcoords                     = no
   userint1                       = 0
   userint2                       = 0
   userint3                       = 0
   userint4                       = 0
   userreal1                      = 0
   userreal2                      = 0
   userreal3                      = 0
   userreal4                      = 0
   applied-forces:
     electric-field:
       x:
         E0                       = 0
         omega                    = 0
         t0                       = 0
         sigma                    = 0
       y:
         E0                       = 0
         omega                    = 0
         t0                       = 0
         sigma                    = 0
       z:
         E0                       = 0
         omega                    = 0
         t0                       = 0
         sigma                    = 0
     density-guided-simulation:
       active                     = false
       group                      = protein
       similarity-measure         = inner-product
       atom-spreading-weight      = unity
       force-constant             = 1e+09
       gaussian-transform-spreading-width = 0.2
       gaussian-transform-spreading-range-in-multiples-of-width = 4
       reference-density-filename = reference.mrc
       nst                        = 1
       normalize-densities        = true
       adaptive-force-scaling     = false
       adaptive-force-scaling-time-constant = 4
       shift-vector               = 
       transformation-matrix      = 
     qmmm-cp2k:
       active                     = false
       qmgroup                    = System
       qmmethod                   = PBE
       qmfilenames                = 
       qmcharge                   = 0
       qmmultiplicity             = 1
grpopts:
   nrdf:       71608
   ref-t:         278
   tau-t:           1
annealing:          No
annealing-npoints:           0
   acc:	           0           0           0
   nfreeze:           N           N           N
   energygrp-flags[  0]: 0

Changing nstlist from 20 to 25, rlist from 1.073 to 1.099


Initializing Domain Decomposition on 1 ranks
Dynamic load balancing: auto
Using update groups, nr 12023, average size 3.0 atoms, max. radius 0.139 nm
Minimum cell size due to atom displacement: 0.273 nm
Initial maximum distances in bonded interactions:
    two-body bonded interactions: 0.421 nm, LJ-14, atoms 521 529
  multi-body bonded interactions: 0.460 nm, CMAP Dih., atoms 436 445
Minimum cell size due to bonded interactions: 0.506 nm
Using 0 separate PME ranks because: there are too few total ranks for efficient splitting
Optimizing the DD grid for 1 cells with a minimum initial size of 0.506 nm
The maximum allowed number of cells is: X 12 Y 12 Z 11
Domain decomposition grid 1 x 1 x 1, separate PME ranks 0
PME domain decomposition: 1 x 1 x 1

The initial number of communication pulses is:
The initial domain decomposition cell size is:

The maximum allowed distance for atom groups involved in interactions is:
                 non-bonded interactions           1.377 nm
            two-body bonded interactions  (-rdd)   1.377 nm
          multi-body bonded interactions  (-rdd)   1.377 nm

When dynamic load balancing gets turned on, these settings will change to:
The maximum number of communication pulses is:
The minimum size for domain decomposition cells is 1.377 nm
The requested allowed shrink of DD cells (option -dds) is: 0.80
The allowed shrink of domain decomposition cells is:
The maximum allowed distance for atom groups involved in interactions is:
                 non-bonded interactions           1.377 nm
            two-body bonded interactions  (-rdd)   1.377 nm
          multi-body bonded interactions  (-rdd)   1.377 nm

This is simulation 43 out of 48 running as a composite GROMACS
multi-simulation job. Setup for this simulation:

Using 1 MPI process

Non-default thread affinity set, disabling internal thread affinity

Using 1 OpenMP thread 

System total charge: -3.000
Will do PME sum in reciprocal space for electrostatic interactions.

++++ PLEASE READ AND CITE THE FOLLOWING REFERENCE ++++
U. Essmann, L. Perera, M. L. Berkowitz, T. Darden, H. Lee and L. G. Pedersen 
A smooth particle mesh Ewald method
J. Chem. Phys. 103 (1995) pp. 8577-8592
-------- -------- --- Thank You --- -------- --------

Using a Gaussian width (1/beta) of 0.320163 nm for Ewald
Potential shift: LJ r^-12: -1.000e+00 r^-6: -1.000e+00, Ewald -1.000e-05
Initialized non-bonded Coulomb Ewald tables, spacing: 9.33e-04 size: 1073

Generated table with 4198 data points for 1-4 COUL.
Tabscale = 2000 points/nm
Generated table with 4198 data points for 1-4 LJ6.
Tabscale = 2000 points/nm
Generated table with 4198 data points for 1-4 LJ12.
Tabscale = 2000 points/nm


Using SIMD 4x8 nonbonded short-range kernels

Using a dual 4x8 pair-list setup updated with dynamic pruning:
  outer list: updated every 25 steps, buffer 0.099 nm, rlist 1.099 nm
  inner list: updated every  5 steps, buffer 0.003 nm, rlist 1.003 nm
At tolerance 0.001 kJ/mol/ps per atom, equivalent classical 1x1 list would be:
  outer list: updated every 25 steps, buffer 0.171 nm, rlist 1.171 nm
  inner list: updated every  5 steps, buffer 0.018 nm, rlist 1.018 nm

Using Lorentz-Berthelot Lennard-Jones combination rule
Removing pbc first time

Linking all bonded interactions to atoms


Initializing LINear Constraint Solver

++++ PLEASE READ AND CITE THE FOLLOWING REFERENCE ++++
B. Hess and H. Bekker and H. J. C. Berendsen and J. G. E. M. Fraaije
LINCS: A Linear Constraint Solver for molecular simulations
J. Comp. Chem. 18 (1997) pp. 1463-1472
-------- -------- --- Thank You --- -------- --------

The number of constraints is 308

++++ PLEASE READ AND CITE THE FOLLOWING REFERENCE ++++
S. Miyamoto and P. A. Kollman
SETTLE: An Analytical Version of the SHAKE and RATTLE Algorithms for Rigid
Water Models
J. Comp. Chem. 13 (1992) pp. 952-962
-------- -------- --- Thank You --- -------- --------


++++ PLEASE READ AND CITE THE FOLLOWING REFERENCE ++++
G. Bussi, D. Donadio and M. Parrinello
Canonical sampling through velocity rescaling
J. Chem. Phys. 126 (2007) pp. 014101
-------- -------- --- Thank You --- -------- --------

There are: 35615 Atoms

Atom distribution over 1 domains: av 35615 stddev 0 min 35615 max 35615

Constraining the starting coordinates (step 0)

Constraining the coordinates at t0-dt (step 0)
Center of mass motion removal mode is Linear
We have the following groups for center of mass motion removal:
  0:  rest
RMS relative constraint deviation after constraining: 2.28e-15
Initial temperature: 1.85032e-20 K

Started mdrun on rank 0 Thu Aug 17 18:01:40 2023

           Step           Time
              0        0.00000

   Energies (kJ/mol)
           Bond            U-B    Proper Dih.  Improper Dih.      CMAP Dih.
    1.42901e+02    4.07498e+02    7.43187e+01    9.88486e+00   -1.19618e+02
          LJ-14     Coulomb-14        LJ (SR)   Coulomb (SR)   Coul. recip.
    3.71039e+02    1.07886e+04    7.87915e+04   -6.56139e+05    2.08105e+03
 Position Rest.      Potential    Kinetic En.   Total Energy  Conserved En.
    2.31818e-04   -5.63592e+05    1.06856e+01   -5.63581e+05   -5.63581e+05
    Temperature Pressure (bar)   Constr. rmsd
    3.58951e-02   -5.04378e+03    7.02274e-11

           Step           Time
           5000       10.00000

   Energies (kJ/mol)
           Bond            U-B    Proper Dih.  Improper Dih.      CMAP Dih.
    4.40470e+02    1.16977e+03    2.25429e+02    8.28627e+01   -1.15700e+02
          LJ-14     Coulomb-14        LJ (SR)   Coulomb (SR)   Coul. recip.
    4.34874e+02    1.08824e+04    7.97839e+04   -6.03182e+05    2.87806e+03
 Position Rest.      Potential    Kinetic En.   Total Energy  Conserved En.
    1.59711e+02   -5.07240e+05    8.11289e+04   -4.26111e+05   -5.63207e+05
    Temperature Pressure (bar)   Constr. rmsd
    2.72527e+02   -8.90733e+01    1.25743e-06

           Step           Time
          10000       20.00000

   Energies (kJ/mol)
           Bond            U-B    Proper Dih.  Improper Dih.      CMAP Dih.
    4.18138e+02    1.27083e+03    2.16152e+02    5.99099e+01   -1.13191e+02
          LJ-14     Coulomb-14        LJ (SR)   Coulomb (SR)   Coul. recip.
    4.39362e+02    1.08341e+04    7.79085e+04   -5.98752e+05    2.89009e+03
 Position Rest.      Potential    Kinetic En.   Total Energy  Conserved En.
    1.45281e+02   -5.04683e+05    8.20818e+04   -4.22601e+05   -5.63189e+05
    Temperature Pressure (bar)   Constr. rmsd
    2.75728e+02   -1.44770e+02    2.34657e-06

           Step           Time
          15000       30.00000

   Energies (kJ/mol)
           Bond            U-B    Proper Dih.  Improper Dih.      CMAP Dih.
    5.32076e+02    1.24311e+03    2.51001e+02    8.30731e+01   -1.27142e+02
          LJ-14     Coulomb-14        LJ (SR)   Coulomb (SR)   Coul. recip.
    4.21072e+02    1.07805e+04    7.87989e+04   -5.98535e+05    2.91186e+03
 Position Rest.      Potential    Kinetic En.   Total Energy  Conserved En.
    1.55622e+02   -5.03485e+05    8.29366e+04   -4.20548e+05   -5.63163e+05
    Temperature Pressure (bar)   Constr. rmsd
    2.78599e+02    6.75591e+01    1.57292e-06

Writing checkpoint, step 16325 at Thu Aug 17 18:16:41 2023


           Step           Time
          20000       40.00000

   Energies (kJ/mol)
           Bond            U-B    Proper Dih.  Improper Dih.      CMAP Dih.
    4.75204e+02    1.36842e+03    2.14092e+02    6.41154e+01   -1.18238e+02
          LJ-14     Coulomb-14        LJ (SR)   Coulomb (SR)   Coul. recip.
    4.17364e+02    1.09569e+04    7.79070e+04   -5.98945e+05    2.94884e+03
 Position Rest.      Potential    Kinetic En.   Total Energy  Conserved En.
    1.79422e+02   -5.04532e+05    8.29616e+04   -4.21570e+05   -5.63125e+05
    Temperature Pressure (bar)   Constr. rmsd
    2.78684e+02   -2.68354e+02    1.57472e-06

           Step           Time
          25000       50.00000

   Energies (kJ/mol)
           Bond            U-B    Proper Dih.  Improper Dih.      CMAP Dih.
    5.08894e+02    1.26159e+03    2.39776e+02    6.10652e+01   -1.27070e+02
          LJ-14     Coulomb-14        LJ (SR)   Coulomb (SR)   Coul. recip.
    4.27972e+02    1.08560e+04    7.90320e+04   -6.00337e+05    2.95312e+03
 Position Rest.      Potential    Kinetic En.   Total Energy  Conserved En.
    1.38052e+02   -5.04986e+05    8.24004e+04   -4.22585e+05   -5.63091e+05
    Temperature Pressure (bar)   Constr. rmsd
    2.76798e+02   -6.48875e+01    1.96268e-06

           Step           Time
          30000       60.00000

   Energies (kJ/mol)
           Bond            U-B    Proper Dih.  Improper Dih.      CMAP Dih.
    5.16559e+02    1.33877e+03    2.52105e+02    7.65828e+01   -1.27229e+02
          LJ-14     Coulomb-14        LJ (SR)   Coulomb (SR)   Coul. recip.
    4.21471e+02    1.07795e+04    7.76264e+04   -5.97956e+05    2.87552e+03
 Position Rest.      Potential    Kinetic En.   Total Energy  Conserved En.
    1.64863e+02   -5.04032e+05    8.25078e+04   -4.21524e+05   -5.63087e+05
    Temperature Pressure (bar)   Constr. rmsd
    2.77159e+02   -1.63626e+02    2.85221e-06

Writing checkpoint, step 32525 at Thu Aug 17 18:31:40 2023


           Step           Time
          35000       70.00000

   Energies (kJ/mol)
           Bond            U-B    Proper Dih.  Improper Dih.      CMAP Dih.
    4.69215e+02    1.24551e+03    2.31396e+02    5.83245e+01   -1.19937e+02
          LJ-14     Coulomb-14        LJ (SR)   Coulomb (SR)   Coul. recip.
    4.58372e+02    1.08477e+04    7.86279e+04   -5.98973e+05    2.91668e+03
 Position Rest.      Potential    Kinetic En.   Total Energy  Conserved En.
    1.32363e+02   -5.04106e+05    8.31739e+04   -4.20932e+05   -5.63062e+05
    Temperature Pressure (bar)   Constr. rmsd
    2.79397e+02    6.72523e+01    1.50695e-06

           Step           Time
          40000       80.00000

   Energies (kJ/mol)
           Bond            U-B    Proper Dih.  Improper Dih.      CMAP Dih.
    4.82358e+02    1.37055e+03    2.18306e+02    1.01071e+02   -1.18887e+02
          LJ-14     Coulomb-14        LJ (SR)   Coulomb (SR)   Coul. recip.
    4.35221e+02    1.08366e+04    7.76248e+04   -5.97411e+05    2.91196e+03
 Position Rest.      Potential    Kinetic En.   Total Energy  Conserved En.
    1.39026e+02   -5.03410e+05    8.31199e+04   -4.20290e+05   -5.63038e+05
    Temperature Pressure (bar)   Constr. rmsd
    2.79215e+02   -5.85600e+01    1.98708e-06

           Step           Time
          45000       90.00000

   Energies (kJ/mol)
           Bond            U-B    Proper Dih.  Improper Dih.      CMAP Dih.
    5.29085e+02    1.27822e+03    2.06087e+02    8.01129e+01   -1.13292e+02
          LJ-14     Coulomb-14        LJ (SR)   Coulomb (SR)   Coul. recip.
    4.26883e+02    1.08265e+04    7.83100e+04   -5.97923e+05    2.93309e+03
 Position Rest.      Potential    Kinetic En.   Total Energy  Conserved En.
    1.42460e+02   -5.03304e+05    8.28433e+04   -4.20461e+05   -5.63008e+05
    Temperature Pressure (bar)   Constr. rmsd
    2.78286e+02   -5.60961e+01    1.91001e-06

Writing checkpoint, step 48850 at Thu Aug 17 18:46:40 2023


           Step           Time
          50000      100.00000

   Energies (kJ/mol)
           Bond            U-B    Proper Dih.  Improper Dih.      CMAP Dih.
    4.90493e+02    1.32668e+03    2.73660e+02    8.92397e+01   -1.25126e+02
          LJ-14     Coulomb-14        LJ (SR)   Coulomb (SR)   Coul. recip.
    4.31225e+02    1.07460e+04    7.88100e+04   -5.99317e+05    2.94289e+03
 Position Rest.      Potential    Kinetic En.   Total Energy  Conserved En.
    1.63017e+02   -5.04169e+05    8.29121e+04   -4.21257e+05   -5.62999e+05
    Temperature Pressure (bar)   Constr. rmsd
    2.78517e+02    2.37834e+01    2.26053e-06

           Step           Time
          55000      110.00000

   Energies (kJ/mol)
           Bond            U-B    Proper Dih.  Improper Dih.      CMAP Dih.
    5.27788e+02    1.27087e+03    2.20919e+02    9.22914e+01   -1.29353e+02
          LJ-14     Coulomb-14        LJ (SR)   Coulomb (SR)   Coul. recip.
    4.00429e+02    1.07831e+04    7.88127e+04   -5.99475e+05    2.89607e+03
 Position Rest.      Potential    Kinetic En.   Total Energy  Conserved En.
    1.61575e+02   -5.04438e+05    8.27499e+04   -4.21688e+05   -5.62966e+05
    Temperature Pressure (bar)   Constr. rmsd
    2.77973e+02   -1.48648e+02    2.36078e-06

           Step           Time
          60000      120.00000

   Energies (kJ/mol)
           Bond            U-B    Proper Dih.  Improper Dih.      CMAP Dih.
    4.15777e+02    1.29171e+03    2.73214e+02    8.87445e+01   -1.28003e+02
          LJ-14     Coulomb-14        LJ (SR)   Coulomb (SR)   Coul. recip.
    4.52479e+02    1.08840e+04    7.82670e+04   -5.99047e+05    2.92849e+03
 Position Rest.      Potential    Kinetic En.   Total Energy  Conserved En.
    1.59857e+02   -5.04414e+05    8.25459e+04   -4.21868e+05   -5.62928e+05
    Temperature Pressure (bar)   Constr. rmsd
    2.77287e+02   -2.32220e+01    2.12801e-06

           Step           Time
          65000      130.00000

   Energies (kJ/mol)
           Bond            U-B    Proper Dih.  Improper Dih.      CMAP Dih.
    4.97180e+02    1.24614e+03    2.88847e+02    6.56083e+01   -1.22649e+02
          LJ-14     Coulomb-14        LJ (SR)   Coulomb (SR)   Coul. recip.
    4.40125e+02    1.08492e+04    7.74731e+04   -5.97702e+05    3.02285e+03
 Position Rest.      Potential    Kinetic En.   Total Energy  Conserved En.
    1.52864e+02   -5.03788e+05    8.29186e+04   -4.20870e+05   -5.62918e+05
    Temperature Pressure (bar)   Constr. rmsd
    2.78539e+02   -1.41796e+01    1.93054e-06

Writing checkpoint, step 65125 at Thu Aug 17 19:01:40 2023


           Step           Time
          70000      140.00000

   Energies (kJ/mol)
           Bond            U-B    Proper Dih.  Improper Dih.      CMAP Dih.
    5.25262e+02    1.31088e+03    2.33915e+02    7.23494e+01   -1.12798e+02
          LJ-14     Coulomb-14        LJ (SR)   Coulomb (SR)   Coul. recip.
    4.26308e+02    1.07491e+04    7.78977e+04   -5.97444e+05    2.91419e+03
 Position Rest.      Potential    Kinetic En.   Total Energy  Conserved En.
    1.41431e+02   -5.03285e+05    8.22777e+04   -4.21008e+05   -5.62894e+05
    Temperature Pressure (bar)   Constr. rmsd
    2.76386e+02    2.86095e+02    1.65081e-06

           Step           Time
          75000      150.00000

   Energies (kJ/mol)
           Bond            U-B    Proper Dih.  Improper Dih.      CMAP Dih.
    5.09437e+02    1.23672e+03    2.32800e+02    8.38544e+01   -1.18263e+02
          LJ-14     Coulomb-14        LJ (SR)   Coulomb (SR)   Coul. recip.
    4.07234e+02    1.08136e+04    7.92606e+04   -5.98774e+05    2.92778e+03
 Position Rest.      Potential    Kinetic En.   Total Energy  Conserved En.
    1.37354e+02   -5.03283e+05    8.27413e+04   -4.20542e+05   -5.62870e+05
    Temperature Pressure (bar)   Constr. rmsd
    2.77944e+02    2.16155e+02    2.13688e-06

           Step           Time
          80000      160.00000

   Energies (kJ/mol)
           Bond            U-B    Proper Dih.  Improper Dih.      CMAP Dih.
    4.26684e+02    1.20442e+03    2.24919e+02    6.39018e+01   -1.26023e+02
          LJ-14     Coulomb-14        LJ (SR)   Coulomb (SR)   Coul. recip.
    4.26794e+02    1.08369e+04    7.86074e+04   -5.98620e+05    2.92429e+03
 Position Rest.      Potential    Kinetic En.   Total Energy  Conserved En.
    1.29906e+02   -5.03901e+05    8.27965e+04   -4.21104e+05   -5.62844e+05
    Temperature Pressure (bar)   Constr. rmsd
    2.78129e+02   -5.56877e+01    2.16370e-06

Writing checkpoint, step 80925 at Thu Aug 17 19:16:41 2023


           Step           Time
          85000      170.00000

   Energies (kJ/mol)
           Bond            U-B    Proper Dih.  Improper Dih.      CMAP Dih.
    5.13252e+02    1.28597e+03    1.97015e+02    7.86080e+01   -1.15615e+02
          LJ-14     Coulomb-14        LJ (SR)   Coulomb (SR)   Coul. recip.
    4.26200e+02    1.08166e+04    7.72718e+04   -5.96473e+05    2.93563e+03
 Position Rest.      Potential    Kinetic En.   Total Energy  Conserved En.
    1.69864e+02   -5.02894e+05    8.19575e+04   -4.20937e+05   -5.62805e+05
    Temperature Pressure (bar)   Constr. rmsd
    2.75311e+02   -1.17189e+02    1.90176e-06

           Step           Time
          90000      180.00000

   Energies (kJ/mol)
           Bond            U-B    Proper Dih.  Improper Dih.      CMAP Dih.
    5.16274e+02    1.29661e+03    2.56357e+02    8.54935e+01   -1.21919e+02
          LJ-14     Coulomb-14        LJ (SR)   Coulomb (SR)   Coul. recip.
    4.22704e+02    1.07441e+04    7.82316e+04   -5.97828e+05    2.95682e+03
 Position Rest.      Potential    Kinetic En.   Total Energy  Conserved En.
    1.53604e+02   -5.03286e+05    8.25683e+04   -4.20718e+05   -5.62786e+05
    Temperature Pressure (bar)   Constr. rmsd
    2.77362e+02   -6.64044e+01    2.09763e-06

           Step           Time
          95000      190.00000

   Energies (kJ/mol)
           Bond            U-B    Proper Dih.  Improper Dih.      CMAP Dih.
    4.55012e+02    1.25427e+03    2.41331e+02    7.72347e+01   -1.20879e+02
          LJ-14     Coulomb-14        LJ (SR)   Coulomb (SR)   Coul. recip.
    4.60404e+02    1.08569e+04    7.64000e+04   -5.96418e+05    2.91594e+03
 Position Rest.      Potential    Kinetic En.   Total Energy  Conserved En.
    1.45025e+02   -5.03733e+05    8.25021e+04   -4.21231e+05   -5.62778e+05
    Temperature Pressure (bar)   Constr. rmsd
    2.77140e+02   -1.90673e+02    1.92657e-06

Writing checkpoint, step 97200 at Thu Aug 17 19:31:41 2023


           Step           Time
         100000      200.00000

   Energies (kJ/mol)
           Bond            U-B    Proper Dih.  Improper Dih.      CMAP Dih.
    5.46727e+02    1.30197e+03    2.41861e+02    5.66843e+01   -1.24806e+02
          LJ-14     Coulomb-14        LJ (SR)   Coulomb (SR)   Coul. recip.
    3.99250e+02    1.07993e+04    7.65538e+04   -5.95781e+05    2.98279e+03
 Position Rest.      Potential    Kinetic En.   Total Energy  Conserved En.
    1.56767e+02   -5.02867e+05    8.30030e+04   -4.19864e+05   -5.62736e+05
    Temperature Pressure (bar)   Constr. rmsd
    2.78823e+02   -2.17871e+02    2.14130e-06

           Step           Time
         105000      210.00000

   Energies (kJ/mol)
           Bond            U-B    Proper Dih.  Improper Dih.      CMAP Dih.
    5.06876e+02    1.23236e+03    2.67982e+02    1.25492e+02   -1.15091e+02
          LJ-14     Coulomb-14        LJ (SR)   Coulomb (SR)   Coul. recip.
    4.04222e+02    1.08447e+04    7.89044e+04   -5.99174e+05    2.95218e+03
 Position Rest.      Potential    Kinetic En.   Total Energy  Conserved En.
    1.42088e+02   -5.03909e+05    8.31359e+04   -4.20773e+05   -5.62718e+05
    Temperature Pressure (bar)   Constr. rmsd
    2.79269e+02   -7.10618e+01    1.62372e-06

           Step           Time
         110000      220.00000

   Energies (kJ/mol)
           Bond            U-B    Proper Dih.  Improper Dih.      CMAP Dih.
    4.32642e+02    1.25754e+03    2.58600e+02    9.28040e+01   -1.17253e+02
          LJ-14     Coulomb-14        LJ (SR)   Coulomb (SR)   Coul. recip.
    4.09488e+02    1.07939e+04    7.70396e+04   -5.96984e+05    3.01404e+03
 Position Rest.      Potential    Kinetic En.   Total Energy  Conserved En.
    1.75324e+02   -5.03627e+05    8.30805e+04   -4.20547e+05   -5.62698e+05
    Temperature Pressure (bar)   Constr. rmsd
    2.79083e+02   -2.32602e+02    2.18309e-06

Writing checkpoint, step 113450 at Thu Aug 17 19:46:40 2023


           Step           Time
         115000      230.00000

   Energies (kJ/mol)
           Bond            U-B    Proper Dih.  Improper Dih.      CMAP Dih.
    4.72019e+02    1.34120e+03    2.41356e+02    6.45876e+01   -1.13468e+02
          LJ-14     Coulomb-14        LJ (SR)   Coulomb (SR)   Coul. recip.
    4.19618e+02    1.08381e+04    7.70846e+04   -5.96491e+05    2.91811e+03
 Position Rest.      Potential    Kinetic En.   Total Energy  Conserved En.
    1.20014e+02   -5.03105e+05    8.25955e+04   -4.20510e+05   -5.62657e+05
    Temperature Pressure (bar)   Constr. rmsd
    2.77454e+02   -1.24405e+02    2.13172e-06

           Step           Time
         120000      240.00000

   Energies (kJ/mol)
           Bond            U-B    Proper Dih.  Improper Dih.      CMAP Dih.
    4.74897e+02    1.32571e+03    2.24524e+02    7.99263e+01   -1.27485e+02
          LJ-14     Coulomb-14        LJ (SR)   Coulomb (SR)   Coul. recip.
    4.38608e+02    1.07270e+04    7.81571e+04   -5.98102e+05    2.90531e+03
 Position Rest.      Potential    Kinetic En.   Total Energy  Conserved En.
    1.29484e+02   -5.03767e+05    8.34840e+04   -4.20283e+05   -5.62647e+05
    Temperature Pressure (bar)   Constr. rmsd
    2.80438e+02   -1.36545e+02    1.97069e-06

           Step           Time
         125000      250.00000

   Energies (kJ/mol)
           Bond            U-B    Proper Dih.  Improper Dih.      CMAP Dih.
    4.68383e+02    1.24654e+03    2.43511e+02    9.13171e+01   -1.24209e+02
          LJ-14     Coulomb-14        LJ (SR)   Coulomb (SR)   Coul. recip.
    4.27434e+02    1.08278e+04    7.83029e+04   -5.98654e+05    2.90214e+03
 Position Rest.      Potential    Kinetic En.   Total Energy  Conserved En.
    1.55141e+02   -5.04113e+05    8.29383e+04   -4.21174e+05   -5.62615e+05
    Temperature Pressure (bar)   Constr. rmsd
    2.78605e+02   -7.56833e+01    1.72462e-06

Writing checkpoint, step 129700 at Thu Aug 17 20:01:41 2023


           Step           Time
         130000      260.00000

   Energies (kJ/mol)
           Bond            U-B    Proper Dih.  Improper Dih.      CMAP Dih.
    4.63077e+02    1.32672e+03    2.43553e+02    7.86763e+01   -1.21573e+02
          LJ-14     Coulomb-14        LJ (SR)   Coulomb (SR)   Coul. recip.
    3.84212e+02    1.07528e+04    7.81872e+04   -5.98292e+05    2.91513e+03
 Position Rest.      Potential    Kinetic En.   Total Energy  Conserved En.
    1.50847e+02   -5.03912e+05    8.32485e+04   -4.20663e+05   -5.62587e+05
    Temperature Pressure (bar)   Constr. rmsd
    2.79647e+02   -1.10219e+02    2.10691e-06

           Step           Time
         135000      270.00000

   Energies (kJ/mol)
           Bond            U-B    Proper Dih.  Improper Dih.      CMAP Dih.
    4.76658e+02    1.37514e+03    2.68986e+02    5.88520e+01   -1.22467e+02
          LJ-14     Coulomb-14        LJ (SR)   Coulomb (SR)   Coul. recip.
    4.32535e+02    1.07846e+04    7.88224e+04   -5.98464e+05    2.97795e+03
 Position Rest.      Potential    Kinetic En.   Total Energy  Conserved En.
    1.52316e+02   -5.03237e+05    8.28963e+04   -4.20340e+05   -5.62539e+05
    Temperature Pressure (bar)   Constr. rmsd
    2.78464e+02    1.72441e+01    2.19108e-06

           Step           Time
         140000      280.00000

   Energies (kJ/mol)
           Bond            U-B    Proper Dih.  Improper Dih.      CMAP Dih.
    4.96213e+02    1.34970e+03    2.37867e+02    6.26440e+01   -1.23438e+02
          LJ-14     Coulomb-14        LJ (SR)   Coulomb (SR)   Coul. recip.
    4.20145e+02    1.08215e+04    7.78120e+04   -5.98545e+05    2.85856e+03
 Position Rest.      Potential    Kinetic En.   Total Energy  Conserved En.
    1.57741e+02   -5.04452e+05    8.25776e+04   -4.21874e+05   -5.62530e+05
    Temperature Pressure (bar)   Constr. rmsd
    2.77394e+02   -2.54746e+02    2.04582e-06

           Step           Time
         145000      290.00000

   Energies (kJ/mol)
           Bond            U-B    Proper Dih.  Improper Dih.      CMAP Dih.
    5.47272e+02    1.27341e+03    2.42233e+02    8.37814e+01   -1.24860e+02
          LJ-14     Coulomb-14        LJ (SR)   Coulomb (SR)   Coul. recip.
    4.28968e+02    1.07251e+04    7.73742e+04   -5.97166e+05    2.91188e+03
 Position Rest.      Potential    Kinetic En.   Total Energy  Conserved En.
    1.53677e+02   -5.03550e+05    8.24569e+04   -4.21093e+05   -5.62508e+05
    Temperature Pressure (bar)   Constr. rmsd
    2.76988e+02   -1.97873e+02    1.98920e-06

Writing checkpoint, step 145875 at Thu Aug 17 20:16:41 2023


           Step           Time
         150000      300.00000

   Energies (kJ/mol)
           Bond            U-B    Proper Dih.  Improper Dih.      CMAP Dih.
    5.24318e+02    1.30577e+03    2.17956e+02    6.73119e+01   -1.27172e+02
          LJ-14     Coulomb-14        LJ (SR)   Coulomb (SR)   Coul. recip.
    4.12887e+02    1.08227e+04    7.83809e+04   -5.98409e+05    2.96740e+03
 Position Rest.      Potential    Kinetic En.   Total Energy  Conserved En.
    1.51027e+02   -5.03685e+05    8.31703e+04   -4.20515e+05   -5.62482e+05
    Temperature Pressure (bar)   Constr. rmsd
    2.79385e+02    1.17122e+02    2.24510e-06

           Step           Time
         155000      310.00000

   Energies (kJ/mol)
           Bond            U-B    Proper Dih.  Improper Dih.      CMAP Dih.
    4.83356e+02    1.25013e+03    1.94269e+02    8.73322e+01   -1.24555e+02
          LJ-14     Coulomb-14        LJ (SR)   Coulomb (SR)   Coul. recip.
    4.22257e+02    1.08466e+04    7.85571e+04   -5.99299e+05    2.94622e+03
 Position Rest.      Potential    Kinetic En.   Total Energy  Conserved En.
    1.63998e+02   -5.04472e+05    8.27518e+04   -4.21721e+05   -5.62470e+05
    Temperature Pressure (bar)   Constr. rmsd
    2.77979e+02    1.27541e+02    2.43475e-06

           Step           Time
         160000      320.00000

   Energies (kJ/mol)
           Bond            U-B    Proper Dih.  Improper Dih.      CMAP Dih.
    4.73817e+02    1.31372e+03    2.33293e+02    7.59795e+01   -1.11231e+02
          LJ-14     Coulomb-14        LJ (SR)   Coulomb (SR)   Coul. recip.
    4.35912e+02    1.07859e+04    7.79678e+04   -5.98563e+05    3.00758e+03
 Position Rest.      Potential    Kinetic En.   Total Energy  Conserved En.
    1.53882e+02   -5.04226e+05    8.32731e+04   -4.20953e+05   -5.62436e+05
    Temperature Pressure (bar)   Constr. rmsd
    2.79730e+02   -7.56434e+01    1.94065e-06

Writing checkpoint, step 162075 at Thu Aug 17 20:31:41 2023


           Step           Time
         165000      330.00000

   Energies (kJ/mol)
           Bond            U-B    Proper Dih.  Improper Dih.      CMAP Dih.
    4.82555e+02    1.36893e+03    2.36743e+02    9.01943e+01   -1.10908e+02
          LJ-14     Coulomb-14        LJ (SR)   Coulomb (SR)   Coul. recip.
    4.42819e+02    1.07218e+04    7.77672e+04   -5.97659e+05    2.95834e+03
 Position Rest.      Potential    Kinetic En.   Total Energy  Conserved En.
    1.53460e+02   -5.03548e+05    8.24026e+04   -4.21145e+05   -5.62400e+05
    Temperature Pressure (bar)   Constr. rmsd
    2.76806e+02    1.63205e+02    2.41862e-06

           Step           Time
         170000      340.00000

   Energies (kJ/mol)
           Bond            U-B    Proper Dih.  Improper Dih.      CMAP Dih.
    4.29075e+02    1.40523e+03    2.62808e+02    1.13895e+02   -1.22585e+02
          LJ-14     Coulomb-14        LJ (SR)   Coulomb (SR)   Coul. recip.
    4.48916e+02    1.08328e+04    7.75902e+04   -5.96218e+05    2.89564e+03
 Position Rest.      Potential    Kinetic En.   Total Energy  Conserved En.
    1.90400e+02   -5.02171e+05    8.27260e+04   -4.19445e+05   -5.62382e+05
    Temperature Pressure (bar)   Constr. rmsd
    2.77892e+02   -2.06098e+02    2.39135e-06

           Step           Time
         175000      350.00000

   Energies (kJ/mol)
           Bond            U-B    Proper Dih.  Improper Dih.      CMAP Dih.
    4.60993e+02    1.34723e+03    2.43303e+02    8.10361e+01   -1.21056e+02
          LJ-14     Coulomb-14        LJ (SR)   Coulomb (SR)   Coul. recip.
    4.65588e+02    1.07602e+04    7.82185e+04   -5.99090e+05    2.97081e+03
 Position Rest.      Potential    Kinetic En.   Total Energy  Conserved En.
    1.44057e+02   -5.04520e+05    8.36685e+04   -4.20851e+05   -5.62359e+05
    Temperature Pressure (bar)   Constr. rmsd
    2.81058e+02   -1.90505e+02    2.94091e-06

Writing checkpoint, step 178325 at Thu Aug 17 20:46:40 2023


           Step           Time
         180000      360.00000

   Energies (kJ/mol)
           Bond            U-B    Proper Dih.  Improper Dih.      CMAP Dih.
    4.41207e+02    1.37624e+03    2.28423e+02    1.00211e+02   -1.15257e+02
          LJ-14     Coulomb-14        LJ (SR)   Coulomb (SR)   Coul. recip.
    4.19010e+02    1.07727e+04    7.78201e+04   -5.97302e+05    2.88652e+03
 Position Rest.      Potential    Kinetic En.   Total Energy  Conserved En.
    1.34347e+02   -5.03239e+05    8.24286e+04   -4.20810e+05   -5.62331e+05
    Temperature Pressure (bar)   Constr. rmsd
    2.76893e+02   -2.29102e+02    1.93568e-06

           Step           Time
         185000      370.00000

   Energies (kJ/mol)
           Bond            U-B    Proper Dih.  Improper Dih.      CMAP Dih.
    4.88689e+02    1.29944e+03    2.48654e+02    9.43848e+01   -1.19892e+02
          LJ-14     Coulomb-14        LJ (SR)   Coulomb (SR)   Coul. recip.
    4.35918e+02    1.08075e+04    7.96388e+04   -6.00639e+05    2.96432e+03
 Position Rest.      Potential    Kinetic En.   Total Energy  Conserved En.
    1.19369e+02   -5.04662e+05    8.13833e+04   -4.23278e+05   -5.62302e+05
    Temperature Pressure (bar)   Constr. rmsd
    2.73382e+02   -6.08609e+00    2.26843e-06

           Step           Time
         190000      380.00000

   Energies (kJ/mol)
           Bond            U-B    Proper Dih.  Improper Dih.      CMAP Dih.
    5.49559e+02    1.35601e+03    2.39508e+02    8.14957e+01   -1.21213e+02
          LJ-14     Coulomb-14        LJ (SR)   Coulomb (SR)   Coul. recip.
    4.39304e+02    1.08425e+04    7.82796e+04   -5.99118e+05    2.92061e+03
 Position Rest.      Potential    Kinetic En.   Total Energy  Conserved En.
    1.34140e+02   -5.04397e+05    8.26541e+04   -4.21743e+05   -5.62284e+05
    Temperature Pressure (bar)   Constr. rmsd
    2.77651e+02   -4.72150e+01    1.75904e-06

Writing checkpoint, step 194575 at Thu Aug 17 21:01:40 2023


           Step           Time
         195000      390.00000

   Energies (kJ/mol)
           Bond            U-B    Proper Dih.  Improper Dih.      CMAP Dih.
    5.33940e+02    1.24700e+03    2.58213e+02    6.87139e+01   -1.28049e+02
          LJ-14     Coulomb-14        LJ (SR)   Coulomb (SR)   Coul. recip.
    4.31241e+02    1.08395e+04    7.78309e+04   -5.98079e+05    2.91335e+03
 Position Rest.      Potential    Kinetic En.   Total Energy  Conserved En.
    1.28271e+02   -5.03956e+05    8.28956e+04   -4.21061e+05   -5.62255e+05
    Temperature Pressure (bar)   Constr. rmsd
    2.78462e+02   -6.77686e+01    1.61798e-06

           Step           Time
         200000      400.00000

   Energies (kJ/mol)
           Bond            U-B    Proper Dih.  Improper Dih.      CMAP Dih.
    5.48471e+02    1.21082e+03    2.49127e+02    6.77171e+01   -1.19070e+02
          LJ-14     Coulomb-14        LJ (SR)   Coulomb (SR)   Coul. recip.
    4.30413e+02    1.08631e+04    7.70506e+04   -5.97385e+05    3.06031e+03
 Position Rest.      Potential    Kinetic En.   Total Energy  Conserved En.
    1.31842e+02   -5.03892e+05    8.32203e+04   -4.20671e+05   -5.62236e+05
    Temperature Pressure (bar)   Constr. rmsd
    2.79553e+02   -1.00600e+02    1.70375e-06

           Step           Time
         205000      410.00000

   Energies (kJ/mol)
           Bond            U-B    Proper Dih.  Improper Dih.      CMAP Dih.
    4.39768e+02    1.37604e+03    1.98850e+02    5.82524e+01   -1.28198e+02
          LJ-14     Coulomb-14        LJ (SR)   Coulomb (SR)   Coul. recip.
    4.12106e+02    1.07522e+04    7.78665e+04   -5.98806e+05    2.95331e+03
 Position Rest.      Potential    Kinetic En.   Total Energy  Conserved En.
    1.58359e+02   -5.04718e+05    8.28529e+04   -4.21865e+05   -5.62215e+05
    Temperature Pressure (bar)   Constr. rmsd
    2.78319e+02   -1.02311e+02    1.74782e-06

           Step           Time
         210000      420.00000

   Energies (kJ/mol)
           Bond            U-B    Proper Dih.  Improper Dih.      CMAP Dih.
    4.40525e+02    1.31423e+03    2.77101e+02    9.19049e+01   -1.26687e+02
          LJ-14     Coulomb-14        LJ (SR)   Coulomb (SR)   Coul. recip.
    4.06186e+02    1.08079e+04    7.62387e+04   -5.96987e+05    2.91110e+03
 Position Rest.      Potential    Kinetic En.   Total Energy  Conserved En.
    1.59764e+02   -5.04466e+05    8.27871e+04   -4.21679e+05   -5.62197e+05
    Temperature Pressure (bar)   Constr. rmsd
    2.78097e+02   -4.55355e+02    1.96305e-06

Writing checkpoint, step 210575 at Thu Aug 17 21:16:40 2023


           Step           Time
         215000      430.00000

   Energies (kJ/mol)
           Bond            U-B    Proper Dih.  Improper Dih.      CMAP Dih.
    5.31146e+02    1.24218e+03    2.25943e+02    9.25547e+01   -1.25903e+02
          LJ-14     Coulomb-14        LJ (SR)   Coulomb (SR)   Coul. recip.
    4.04487e+02    1.08184e+04    7.72458e+04   -5.97021e+05    2.95612e+03
 Position Rest.      Potential    Kinetic En.   Total Energy  Conserved En.
    1.60202e+02   -5.03470e+05    8.30304e+04   -4.20440e+05   -5.62167e+05
    Temperature Pressure (bar)   Constr. rmsd
    2.78915e+02   -1.88136e+02    2.34969e-06

           Step           Time
         220000      440.00000

   Energies (kJ/mol)
           Bond            U-B    Proper Dih.  Improper Dih.      CMAP Dih.
    5.68649e+02    1.34682e+03    2.25109e+02    7.71147e+01   -1.28785e+02
          LJ-14     Coulomb-14        LJ (SR)   Coulomb (SR)   Coul. recip.
    4.11293e+02    1.08230e+04    7.74313e+04   -5.97153e+05    2.90191e+03
 Position Rest.      Potential    Kinetic En.   Total Energy  Conserved En.
    1.51334e+02   -5.03345e+05    8.32491e+04   -4.20096e+05   -5.62138e+05
    Temperature Pressure (bar)   Constr. rmsd
    2.79649e+02   -2.51665e+02    2.43748e-06

           Step           Time
         225000      450.00000

   Energies (kJ/mol)
           Bond            U-B    Proper Dih.  Improper Dih.      CMAP Dih.
    4.19296e+02    1.35186e+03    2.16475e+02    1.10604e+02   -1.23571e+02
          LJ-14     Coulomb-14        LJ (SR)   Coulomb (SR)   Coul. recip.
    3.88617e+02    1.07710e+04    7.91072e+04   -5.98992e+05    2.87178e+03
 Position Rest.      Potential    Kinetic En.   Total Energy  Conserved En.
    1.32671e+02   -5.03746e+05    8.27841e+04   -4.20962e+05   -5.62101e+05
    Temperature Pressure (bar)   Constr. rmsd
    2.78087e+02    1.29629e+02    1.88798e-06

Writing checkpoint, step 226775 at Thu Aug 17 21:31:40 2023


           Step           Time
         230000      460.00000

   Energies (kJ/mol)
           Bond            U-B    Proper Dih.  Improper Dih.      CMAP Dih.
    4.88521e+02    1.34972e+03    1.87576e+02    6.25878e+01   -1.22893e+02
          LJ-14     Coulomb-14        LJ (SR)   Coulomb (SR)   Coul. recip.
    3.89191e+02    1.07879e+04    7.93428e+04   -5.98957e+05    2.94646e+03
 Position Rest.      Potential    Kinetic En.   Total Energy  Conserved En.
    1.42394e+02   -5.03383e+05    8.27889e+04   -4.20594e+05   -5.62091e+05
    Temperature Pressure (bar)   Constr. rmsd
    2.78103e+02    1.12146e+02    2.25340e-06

           Step           Time
         235000      470.00000

   Energies (kJ/mol)
           Bond            U-B    Proper Dih.  Improper Dih.      CMAP Dih.
    4.18087e+02    1.32197e+03    2.05801e+02    8.89610e+01   -1.20450e+02
          LJ-14     Coulomb-14        LJ (SR)   Coulomb (SR)   Coul. recip.
    4.30186e+02    1.07931e+04    7.81368e+04   -5.97812e+05    2.86082e+03
 Position Rest.      Potential    Kinetic En.   Total Energy  Conserved En.
    1.38171e+02   -5.03538e+05    8.21805e+04   -4.21358e+05   -5.62067e+05
    Temperature Pressure (bar)   Constr. rmsd
    2.76060e+02    2.36890e+02    1.78242e-06

           Step           Time
         240000      480.00000

   Energies (kJ/mol)
           Bond            U-B    Proper Dih.  Improper Dih.      CMAP Dih.
    4.45357e+02    1.27784e+03    2.01564e+02    6.32434e+01   -1.24393e+02
          LJ-14     Coulomb-14        LJ (SR)   Coulomb (SR)   Coul. recip.
    4.46265e+02    1.08692e+04    7.90469e+04   -5.99871e+05    2.94525e+03
 Position Rest.      Potential    Kinetic En.   Total Energy  Conserved En.
    1.29281e+02   -5.04571e+05    8.29005e+04   -4.21670e+05   -5.62039e+05
    Temperature Pressure (bar)   Constr. rmsd
    2.78478e+02    1.55623e+02    3.83367e-06

Writing checkpoint, step 242725 at Thu Aug 17 21:46:40 2023


           Step           Time
         245000      490.00000

   Energies (kJ/mol)
           Bond            U-B    Proper Dih.  Improper Dih.      CMAP Dih.
    5.43152e+02    1.29545e+03    2.69996e+02    8.27636e+01   -1.20389e+02
          LJ-14     Coulomb-14        LJ (SR)   Coulomb (SR)   Coul. recip.
    4.13371e+02    1.07522e+04    7.79609e+04   -5.97139e+05    2.95825e+03
 Position Rest.      Potential    Kinetic En.   Total Energy  Conserved En.
    1.51647e+02   -5.02832e+05    8.30241e+04   -4.19808e+05   -5.62015e+05
    Temperature Pressure (bar)   Constr. rmsd
    2.78894e+02   -1.19166e+02    1.80546e-06

           Step           Time
         250000      500.00000

Writing checkpoint, step 250000 at Thu Aug 17 21:53:28 2023


   Energies (kJ/mol)
           Bond            U-B    Proper Dih.  Improper Dih.      CMAP Dih.
    5.19787e+02    1.32401e+03    2.06688e+02    7.95257e+01   -1.18722e+02
          LJ-14     Coulomb-14        LJ (SR)   Coulomb (SR)   Coul. recip.
    4.00678e+02    1.08135e+04    7.79499e+04   -5.98022e+05    3.01346e+03
 Position Rest.      Potential    Kinetic En.   Total Energy  Conserved En.
    1.62698e+02   -5.03671e+05    8.27121e+04   -4.20959e+05   -5.61988e+05
    Temperature Pressure (bar)   Constr. rmsd
    2.77845e+02   -2.15647e+02    1.86358e-06


Energy conservation over simulation part #1 of length 500 ps, time 0 to 500 ps
  Conserved energy drift: 8.95e-05 kJ/mol/ps per atom


	<======  ###############  ==>
	<====  A V E R A G E S  ====>
	<==  ###############  ======>

	Statistics over 250001 steps using 2501 frames

   Energies (kJ/mol)
           Bond            U-B    Proper Dih.  Improper Dih.      CMAP Dih.
    4.76942e+02    1.29257e+03    2.35894e+02    7.88909e+01   -1.21212e+02
          LJ-14     Coulomb-14        LJ (SR)   Coulomb (SR)   Coul. recip.
    4.23594e+02    1.08085e+04    7.81937e+04   -5.98827e+05    2.92461e+03
 Position Rest.      Potential    Kinetic En.   Total Energy  Conserved En.
    1.49835e+02   -5.04364e+05    8.24450e+04   -4.21919e+05   -5.62612e+05
    Temperature Pressure (bar)   Constr. rmsd
    2.76948e+02   -9.78243e+01    0.00000e+00

   Total Virial (kJ/mol)
    2.85593e+04    2.64013e+01    7.56093e+00
    2.64013e+01    2.85051e+04   -3.15006e+01
    7.56093e+00   -3.15006e+01    2.85491e+04

   Pressure (bar)
   -1.00330e+02   -2.14233e+00   -1.31884e+00
   -2.14233e+00   -9.45043e+01    1.46260e+00
   -1.31884e+00    1.46260e+00   -9.86383e+01


	M E G A - F L O P S   A C C O U N T I N G

 NB=Group-cutoff nonbonded kernels    NxN=N-by-N cluster Verlet kernels
 RF=Reaction-Field  VdW=Van der Waals  QSTab=quadratic-spline table
 W3=SPC/TIP3p  W4=TIP4p (single or pairs)
 V&F=Potential and force  V=Potential only  F=Force only

 Computing:                               M-Number         M-Flops  % Flops
-----------------------------------------------------------------------------
 Pair Search distance check          147985.981228     1331873.831     0.4
 NxN Ewald Elec. + LJ [F]           2527249.972416   166798498.179    47.1
 NxN Ewald Elec. + LJ [V&F]           25537.733264     2732537.459     0.8
 NxN Ewald Elec. [F]                2406245.634048   146780983.677    41.4
 NxN Ewald Elec. [V&F]                24315.704816     2042519.205     0.6
 1,4 nonbonded interactions             405.001620       36450.146     0.0
 Calc Weights                         26711.356845      961608.846     0.3
 Spread Q Bspline                    569842.279360     1139684.559     0.3
 Gather F Bspline                    569842.279360     3419053.676     1.0
 3D-FFT                             3454381.817472    27635054.540     7.8
 Solve PME                             1296.005184       82944.332     0.0
 Reset In Box                           356.185615        1068.557     0.0
 CG-CoM                                 356.221230        1068.664     0.0
 Bonds                                   81.250325        4793.769     0.0
 Propers                                435.751743       99787.149     0.0
 Impropers                               29.000116        6032.024     0.0
 Pos. Restr.                             79.750319        3987.516     0.0
 Virial                                  89.185660        1605.342     0.0
 Stop-CM                                 89.108730         891.087     0.0
 Calc-Ekin                             3561.571230       96162.423     0.0
 Lincs                                   77.000924        4620.055     0.0
 Lincs-Mat                              417.005004        1668.020     0.0
 Constraint-V                          8885.571084       79970.140     0.0
 Constraint-Vir                          88.120234        2114.886     0.0
 Settle                                2910.534926     1076897.923     0.3
 CMAP                                     1.500006        2550.010     0.0
 Urey-Bradley                           284.501138       52063.708     0.0
-----------------------------------------------------------------------------
 Total                                               354396489.723   100.0
-----------------------------------------------------------------------------


    D O M A I N   D E C O M P O S I T I O N   S T A T I S T I C S

 av. #atoms communicated per step for force:  2 x 0.0


     R E A L   C Y C L E   A N D   T I M E   A C C O U N T I N G

On 1 MPI rank

 Computing:          Num   Num      Call    Wall time         Giga-Cycles
                     Ranks Threads  Count      (s)         total sum    %
-----------------------------------------------------------------------------
 Domain decomp.         1    1      10001      60.406        150.661   0.4
 Neighbor search        1    1      10001     525.333       1310.248   3.8
 Force                  1    1     250001    8084.243      20163.137  58.1
 PME mesh               1    1     250001    4778.526      11918.255  34.3
 NB X/F buffer ops.     1    1     490001      67.469        168.277   0.5
 Write traj.            1    1         66     180.345        449.804   1.3
 Update                 1    1     250001      88.220        220.033   0.6
 Constraints            1    1     250003     103.575        258.330   0.7
 Rest                                          24.559         61.253   0.2
-----------------------------------------------------------------------------
 Total                                      13912.677      34699.998 100.0
-----------------------------------------------------------------------------
 Breakdown of PME mesh computation
-----------------------------------------------------------------------------
 PME spread             1    1     250001    1068.556       2665.117   7.7
 PME gather             1    1     250001    1031.558       2572.838   7.4
 PME 3D-FFT             1    1     500002    2538.453       6331.228  18.2
 PME solve Elec         1    1     250001     139.001        346.687   1.0
-----------------------------------------------------------------------------

               Core t (s)   Wall t (s)        (%)
       Time:    13911.443    13912.677      100.0
                         3h51:52
                 (ns/day)    (hour/ns)
Performance:        3.105        7.729
Finished mdrun on rank 0 Thu Aug 17 21:53:36 2023

